*----------------------------------------------------------------------------------------
*	Innovus 15.23-s045_1 (64bit) 04/22/2016 12:32 (Linux 2.6.18-194.el5)
*	
*
* 	Date & Time:	2025-Mar-08 16:42:16 (2025-Mar-09 00:42:16 GMT)
*
*----------------------------------------------------------------------------------------
*
*	Design: sram_w8
*
*	Liberty Libraries used: 
*	        WC_VIEW: /home/linux/ieng6/ee260bwi25/public/PDKdata/lib/tcbn65gpluswc.lib
*
*	Power Domain used: 
*		Rail:        VDD 	Voltage:        0.9 
*
*       Power View : WC_VIEW
*
*       User-Defined Activity : N.A.
*
*       Activity File: N.A.
*
*       Hierarchical Global Activity: N.A.
*
*       Global Activity: N.A.
*
*       Sequential Element Activity: 0.200000
*
*       Primary Input Activity: 0.200000
*
*       Default icg ratio: N.A.
*
*       Global Comb ClockGate Ratio: N.A.
*
*	Power Units = 1mW
*
*	Time Units = 1e-09 secs 
*
*       report_power -outfile sram_w8.post_route.power.rpt
*
-----------------------------------------------------------------------------------------


Total Power 
-----------------------------------------------------------------------------------------
Total Internal Power:        4.68024554 	   79.4627%
Total Switching Power:       1.07229133 	   18.2057%
Total Leakage Power:         0.13733027 	    2.3316%
Total Power:                 5.88986711 
-----------------------------------------------------------------------------------------


Group                           Internal   Switching     Leakage       Total  Percentage 
                                Power      Power         Power         Power  (%)        
-----------------------------------------------------------------------------------------
Sequential                         4.375      0.1058     0.06632       4.547        77.2 
Macro                                  0           0     0.06058     0.06058       1.028 
IO                                     0           0           0           0           0 
Combinational                    0.06331      0.1762    0.007252      0.2468        4.19 
Clock (Combinational)             0.2419      0.7902    0.003182       1.035       17.58 
Clock (Sequential)                     0           0           0           0           0 
-----------------------------------------------------------------------------------------
Total                               4.68       1.072      0.1373        5.89         100 
-----------------------------------------------------------------------------------------


Rail                  Voltage   Internal   Switching     Leakage       Total  Percentage 
                                Power      Power         Power         Power  (%)        
-----------------------------------------------------------------------------------------
VDD                       0.9       4.68       1.072      0.1373        5.89         100 


Clock                           Internal   Switching     Leakage       Total  Percentage 
                                Power      Power         Power         Power  (%)        
-----------------------------------------------------------------------------------------
CLK                               0.2419      0.7902    0.003182       1.035       17.58 
-----------------------------------------------------------------------------------------
Total (excluding duplicates)      0.2419      0.7902    0.003182       1.035       17.58 
-----------------------------------------------------------------------------------------


-----------------------------------------------------------------------------------------
*	Power Distribution Summary: 
* 		Highest Average Power:   CTS_ccl_BUF_CLK_G0_L1_1 (CKBD16): 	   0.07027 
* 		Highest Leakage Power:   CTS_ccl_BUF_CLK_G0_L1_1 (CKBD16): 	 0.0002228 
* 		Total Cap: 	1.22656e-11 F
* 		Total instances in design:  6412
* 		Total instances in design with no power:     0
*          Total instances in design with no activity:     0
* 		Total Fillers and Decap:  4544
-----------------------------------------------------------------------------------------

