###############################################################
#  Generated by:      Cadence Innovus 15.23-s045_1
#  OS:                Linux x86_64(Host ID ieng6-ece-05.ucsd.edu)
#  Generated on:      Sat Mar  8 16:42:42 2025
#  Design:            sram_w8
#  Command:           verifyConnectivity
###############################################################
Verify Connectivity Report is created on Sat Mar  8 16:42:42 2025



Net VDD, Pin FE_OFC21_N206/VDD: has an unconnected terminal at (77.665, 82.835) (77.800, 83.165)
Net VDD, Pin FE_OFC18_N204/VDD: has an unconnected terminal at (39.325, 54.035) (39.400, 54.365)
Net VDD, Pin memory2_reg_125_/VDD: has an unconnected terminal at (148.345, 68.435) (150.400, 68.765)
Net VDD, Pin memory2_reg_108_/VDD: has an unconnected terminal at (119.545, 25.235) (121.600, 25.565)
Net VDD, Pin memory2_reg_38_/VDD: has an unconnected terminal at (53.545, 25.235) (55.600, 25.565)
Net VDD, Pin memory2_reg_14_/VDD: has an unconnected terminal at (12.745, 46.835) (14.800, 47.165)
Net VDD, Pin memory0_reg_120_/VDD: has an unconnected terminal at (143.545, 97.235) (145.600, 97.565)
Net VDD, Pin memory0_reg_118_/VDD: has an unconnected terminal at (156.345, 46.835) (158.400, 47.165)
Net VDD, Pin memory0_reg_116_/VDD: has an unconnected terminal at (142.745, 75.635) (144.800, 75.965)
Net VDD, Pin memory0_reg_111_/VDD: has an unconnected terminal at (143.945, 18.035) (146.000, 18.365)
Net VDD, Pin memory0_reg_75_/VDD: has an unconnected terminal at (83.745, 122.435) (85.800, 122.765)
Net VDD, Pin memory0_reg_18_/VDD: has an unconnected terminal at (38.145, 104.435) (40.200, 104.765)
Net VDD, Pin memory0_reg_10_/VDD: has an unconnected terminal at (29.345, 111.635) (31.400, 111.965)
Net VDD, Pin memory7_reg_119_/VDD: has an unconnected terminal at (143.145, 54.035) (145.200, 54.365)
Net VDD, Pin memory7_reg_114_/VDD: has an unconnected terminal at (137.545, 14.435) (139.600, 14.765)
Net VDD, Pin memory7_reg_97_/VDD: has an unconnected terminal at (110.345, 104.435) (112.400, 104.765)
Net VDD, Pin memory7_reg_70_/VDD: has an unconnected terminal at (88.745, 97.235) (90.800, 97.565)
Net VDD, Pin memory7_reg_69_/VDD: has an unconnected terminal at (82.745, 97.235) (84.800, 97.565)
Net VDD, Pin memory7_reg_65_/VDD: has an unconnected terminal at (84.945, 64.835) (87.000, 65.165)
Net VDD, Pin memory7_reg_63_/VDD: has an unconnected terminal at (93.545, 10.835) (95.600, 11.165)
Net VDD, Pin memory7_reg_58_/VDD: has an unconnected terminal at (77.145, 97.235) (79.200, 97.565)
Net VDD, Pin memory7_reg_39_/VDD: has an unconnected terminal at (63.345, 32.435) (65.400, 32.765)
Net VDD, Pin memory7_reg_37_/VDD: has an unconnected terminal at (65.545, 97.235) (67.600, 97.565)
Net VDD, Pin memory7_reg_23_/VDD: has an unconnected terminal at (56.545, 100.835) (58.600, 101.165)
Net VDD, Pin memory7_reg_21_/VDD: has an unconnected terminal at (13.745, 32.435) (15.800, 32.765)
Net VDD, Pin memory5_reg_118_/VDD: has an unconnected terminal at (145.745, 43.235) (147.800, 43.565)
Net VDD, Pin memory5_reg_73_/VDD: has an unconnected terminal at (85.145, 111.635) (87.200, 111.965)
Net VDD, Pin memory5_reg_31_/VDD: has an unconnected terminal at (66.145, 136.835) (68.200, 137.165)
Net VDD, Pin memory5_reg_1_/VDD: has an unconnected terminal at (19.345, 133.235) (21.400, 133.565)
Net VDD, Pin memory6_reg_123_/VDD: has an unconnected terminal at (149.345, 10.835) (151.400, 11.165)
Net VDD, Pin memory6_reg_117_/VDD: has an unconnected terminal at (155.345, 39.635) (157.400, 39.965)
Net VDD, Pin memory6_reg_101_/VDD: has an unconnected terminal at (100.945, 68.435) (103.000, 68.765)
Net VDD, Pin memory6_reg_91_/VDD: has an unconnected terminal at (122.745, 129.635) (124.800, 129.965)
Net VDD, Pin memory6_reg_77_/VDD: has an unconnected terminal at (99.545, 133.235) (101.600, 133.565)
Net VDD, Pin memory6_reg_52_/VDD: has an unconnected terminal at (51.345, 50.435) (53.400, 50.765)
Net VDD, Pin memory6_reg_50_/VDD: has an unconnected terminal at (80.145, 18.035) (82.200, 18.365)
Net VDD, Pin memory6_reg_45_/VDD: has an unconnected terminal at (51.545, 61.235) (53.600, 61.565)
Net VDD, Pin memory6_reg_34_/VDD: has an unconnected terminal at (21.345, 14.435) (23.400, 14.765)
Net VDD, Pin memory6_reg_19_/VDD: has an unconnected terminal at (37.145, 111.635) (39.200, 111.965)
Net VDD, Pin memory1_reg_125_/VDD: has an unconnected terminal at (156.745, 57.635) (158.800, 57.965)
Net VDD, Pin memory1_reg_104_/VDD: has an unconnected terminal at (111.345, 50.435) (113.400, 50.765)
Net VDD, Pin memory1_reg_44_/VDD: has an unconnected terminal at (47.745, 72.035) (49.800, 72.365)
Net VDD, Pin memory1_reg_13_/VDD: has an unconnected terminal at (26.745, 43.235) (28.800, 43.565)
Net VDD, Pin memory3_reg_113_/VDD: has an unconnected terminal at (131.545, 72.035) (133.600, 72.365)
Net VDD, Pin memory3_reg_94_/VDD: has an unconnected terminal at (115.345, 140.435) (117.400, 140.765)
Net VDD, Pin memory3_reg_74_/VDD: has an unconnected terminal at (92.745, 111.635) (94.800, 111.965)
Net VDD, Pin memory3_reg_61_/VDD: has an unconnected terminal at (73.945, 32.435) (76.000, 32.765)
Net VDD, Pin memory3_reg_36_/VDD: has an unconnected terminal at (48.145, 25.235) (50.200, 25.565)
Net VDD, Pin memory3_reg_34_/VDD: has an unconnected terminal at (26.145, 25.235) (28.200, 25.565)
Net VDD, Pin memory3_reg_31_/VDD: has an unconnected terminal at (71.545, 136.835) (73.600, 137.165)
Net VDD, Pin memory3_reg_26_/VDD: has an unconnected terminal at (55.945, 111.635) (58.000, 111.965)
Net VDD, Pin memory3_reg_20_/VDD: has an unconnected terminal at (49.545, 86.435) (51.600, 86.765)
Net VDD, Pin memory3_reg_2_/VDD: has an unconnected terminal at (17.745, 136.835) (19.800, 137.165)
Net VDD, Pin Q_reg_104_/VDD: has an unconnected terminal at (119.345, 57.635) (121.400, 57.965)
Net VDD, Pin Q_reg_94_/VDD: has an unconnected terminal at (112.545, 151.235) (114.600, 151.565)
Net VDD, Pin Q_reg_90_/VDD: has an unconnected terminal at (129.945, 147.635) (132.000, 147.965)
Net VDD, Pin Q_reg_84_/VDD: has an unconnected terminal at (135.745, 144.035) (137.800, 144.365)
Net VDD, Pin Q_reg_78_/VDD: has an unconnected terminal at (95.745, 154.835) (97.800, 155.165)
Net VDD, Pin Q_reg_75_/VDD: has an unconnected terminal at (85.545, 154.835) (87.600, 155.165)
Net VDD, Pin Q_reg_66_/VDD: has an unconnected terminal at (77.945, 154.835) (80.000, 155.165)
Net VDD, Pin Q_reg_61_/VDD: has an unconnected terminal at (71.945, 115.235) (74.000, 115.565)
Net VDD, Pin Q_reg_45_/VDD: has an unconnected terminal at (57.145, 79.235) (59.200, 79.565)
Net VDD, Pin Q_reg_39_/VDD: has an unconnected terminal at (62.945, 79.235) (65.000, 79.565)
Net VDD, Pin memory4_reg_28_/VDD: has an unconnected terminal at (42.545, 118.835) (44.600, 119.165)
Net VDD, Pin Q_reg_9_/VDD: has an unconnected terminal at (18.345, 144.035) (20.400, 144.365)
Net VDD, Pin memory4_reg_7_/VDD: has an unconnected terminal at (24.545, 82.835) (26.600, 83.165)
Net VDD, Pin memory4_reg_2_/VDD: has an unconnected terminal at (19.545, 140.435) (21.600, 140.765)
Net VDD, Pin U668/VDD: has an unconnected terminal at (24.400, 75.635) (25.800, 75.965)
Net VDD, Pin U670/VDD: has an unconnected terminal at (14.200, 54.035) (15.600, 54.365)
Net VDD, Pin U674/VDD: has an unconnected terminal at (38.800, 43.235) (40.200, 43.565)
Net VDD, Pin U686/VDD: has an unconnected terminal at (95.800, 111.635) (97.200, 111.965)
Net VDD, Pin U693/VDD: has an unconnected terminal at (130.200, 115.235) (131.600, 115.565)
Net VDD, Pin U697/VDD: has an unconnected terminal at (124.600, 46.835) (126.000, 47.165)
Net VDD, Pin U707/VDD: has an unconnected terminal at (104.625, 50.435) (104.800, 50.765)
Net VDD, Pin U745/VDD: has an unconnected terminal at (114.825, 28.835) (115.000, 29.165)
Net VDD, Pin U751/VDD: has an unconnected terminal at (129.000, 136.835) (130.400, 137.165)
Net VDD, Pin U754/VDD: has an unconnected terminal at (128.400, 129.635) (129.800, 129.965)
Net VDD, Pin U774/VDD: has an unconnected terminal at (72.200, 28.835) (73.600, 29.165)
Net VDD, Pin U781/VDD: has an unconnected terminal at (100.600, 97.235) (102.000, 97.565)
Net VDD, Pin U783/VDD: has an unconnected terminal at (99.600, 18.035) (101.000, 18.365)
Net VDD, Pin U791/VDD: has an unconnected terminal at (87.800, 111.635) (89.200, 111.965)
Net VDD, Pin U802/VDD: has an unconnected terminal at (62.800, 50.435) (64.200, 50.765)
Net VDD, Pin U814/VDD: has an unconnected terminal at (120.225, 21.635) (120.400, 21.965)
Net VDD, Pin U815/VDD: has an unconnected terminal at (71.800, 14.435) (73.200, 14.765)
Net VDD, Pin U837/VDD: has an unconnected terminal at (139.000, 122.435) (140.400, 122.765)
Net VDD, Pin U841/VDD: has an unconnected terminal at (70.800, 97.235) (72.200, 97.565)
Net VDD, Pin U852/VDD: has an unconnected terminal at (78.800, 122.435) (80.200, 122.765)
Net VDD, Pin U860/VDD: has an unconnected terminal at (23.400, 36.035) (24.800, 36.365)
Net VDD, Pin U890/VDD: has an unconnected terminal at (27.800, 79.235) (29.200, 79.565)
Net VDD, Pin U891/VDD: has an unconnected terminal at (26.400, 68.435) (27.800, 68.765)
Net VDD, Pin U895/VDD: has an unconnected terminal at (16.600, 111.635) (18.000, 111.965)
Net VDD, Pin U896/VDD: has an unconnected terminal at (11.200, 111.635) (12.600, 111.965)
Net VDD, Pin U898/VDD: has an unconnected terminal at (15.225, 111.635) (15.400, 111.965)
Net VDD, Pin U904/VDD: has an unconnected terminal at (57.800, 122.435) (59.200, 122.765)
Net VDD, Pin U921/VDD: has an unconnected terminal at (22.200, 90.035) (23.600, 90.365)
Net VDD, Pin U931/VDD: has an unconnected terminal at (12.800, 126.035) (14.200, 126.365)
Net VDD, Pin U939/VDD: has an unconnected terminal at (28.200, 86.435) (29.600, 86.765)
Net VDD, Pin U941/VDD: has an unconnected terminal at (28.000, 90.035) (29.400, 90.365)
Net VDD, Pin U947/VDD: has an unconnected terminal at (21.600, 111.635) (23.000, 111.965)
Net VDD, Pin U951/VDD: has an unconnected terminal at (23.625, 118.835) (23.800, 119.165)
Net VDD, Pin U952/VDD: has an unconnected terminal at (22.800, 79.235) (24.200, 79.565)
Net VDD, Pin U959/VDD: has an unconnected terminal at (40.800, 129.635) (42.200, 129.965)
Net VDD, Pin U961/VDD: has an unconnected terminal at (22.800, 133.235) (24.200, 133.565)
Net VDD, Pin U964/VDD: has an unconnected terminal at (23.400, 126.035) (24.800, 126.365)
Net VDD, Pin U965/VDD: has an unconnected terminal at (25.825, 133.235) (26.000, 133.565)
Net VDD, Pin U970/VDD: has an unconnected terminal at (49.025, 100.835) (49.200, 101.165)
Net VDD, Pin U972/VDD: has an unconnected terminal at (33.400, 118.835) (34.800, 119.165)
Net VDD, Pin U987/VDD: has an unconnected terminal at (16.000, 46.835) (17.400, 47.165)
Net VDD, Pin U992/VDD: has an unconnected terminal at (54.800, 129.635) (56.200, 129.965)
Net VDD, Pin U1003/VDD: has an unconnected terminal at (41.600, 122.435) (43.000, 122.765)
Net VDD, Pin U1004/VDD: has an unconnected terminal at (45.800, 118.835) (47.200, 119.165)
Net VDD, Pin U1005/VDD: has an unconnected terminal at (44.400, 104.435) (45.800, 104.765)
Net VDD, Pin U1009/VDD: has an unconnected terminal at (50.000, 136.835) (51.400, 137.165)
Net VDD, Pin U1012/VDD: has an unconnected terminal at (49.025, 136.835) (49.200, 137.165)
Net VDD, Pin U1025/VDD: has an unconnected terminal at (20.200, 18.035) (21.600, 18.365)
Net VDD, Pin U1029/VDD: has an unconnected terminal at (48.400, 21.635) (49.800, 21.965)
Net VDD, Pin U1031/VDD: has an unconnected terminal at (48.025, 21.635) (48.200, 21.965)
Net VDD, Pin U1038/VDD: has an unconnected terminal at (50.400, 36.035) (51.800, 36.365)
Net VDD, Pin U1043/VDD: has an unconnected terminal at (62.800, 25.235) (64.200, 25.565)
Net VDD, Pin U1051/VDD: has an unconnected terminal at (38.400, 36.035) (39.800, 36.365)
Net VDD, Pin U1057/VDD: has an unconnected terminal at (56.800, 82.835) (58.200, 83.165)
Net VDD, Pin U1071/VDD: has an unconnected terminal at (44.200, 21.635) (45.600, 21.965)
Net VDD, Pin U1072/VDD: has an unconnected terminal at (35.800, 18.035) (37.200, 18.365)
Net VDD, Pin U1081/VDD: has an unconnected terminal at (70.800, 46.835) (72.200, 47.165)
Net VDD, Pin U1082/VDD: has an unconnected terminal at (70.225, 46.835) (70.400, 47.165)
Net VDD, Pin U1091/VDD: has an unconnected terminal at (54.600, 68.435) (56.000, 68.765)
Net VDD, Pin U1094/VDD: has an unconnected terminal at (45.800, 50.435) (47.200, 50.765)
Net VDD, Pin U1097/VDD: has an unconnected terminal at (70.400, 61.235) (71.800, 61.565)
Net VDD, Pin U1114/VDD: has an unconnected terminal at (74.800, 39.635) (76.200, 39.965)
Net VDD, Pin U1116/VDD: has an unconnected terminal at (89.600, 36.035) (91.000, 36.365)
Net VDD, Pin U1117/VDD: has an unconnected terminal at (80.200, 36.035) (81.600, 36.365)
Net VDD, Pin U1151/VDD: has an unconnected terminal at (91.000, 97.235) (92.400, 97.565)
Net VDD, Pin U1159/VDD: has an unconnected terminal at (94.000, 115.235) (95.400, 115.565)
Net VDD, Pin U1164/VDD: has an unconnected terminal at (88.400, 122.435) (89.800, 122.765)
Net VDD, Pin U1167/VDD: has an unconnected terminal at (94.000, 133.235) (95.400, 133.565)
Net VDD, Pin U1168/VDD: has an unconnected terminal at (94.600, 122.435) (96.000, 122.765)
Net VDD, Pin U1171/VDD: has an unconnected terminal at (102.600, 133.235) (104.000, 133.565)
Net VDD, Pin U1179/VDD: has an unconnected terminal at (109.400, 122.435) (110.800, 122.765)
Net VDD, Pin U1180/VDD: has an unconnected terminal at (108.825, 122.435) (109.000, 122.765)
Net VDD, Pin U1182/VDD: has an unconnected terminal at (114.600, 108.035) (116.000, 108.365)
Net VDD, Pin U1187/VDD: has an unconnected terminal at (103.400, 75.635) (104.800, 75.965)
Net VDD, Pin U1190/VDD: has an unconnected terminal at (120.200, 90.035) (121.600, 90.365)
Net VDD, Pin U1200/VDD: has an unconnected terminal at (135.200, 90.035) (136.600, 90.365)
Net VDD, Pin U1205/VDD: has an unconnected terminal at (117.200, 118.835) (118.600, 119.165)
Net VDD, Pin U1218/VDD: has an unconnected terminal at (139.625, 111.635) (139.800, 111.965)
Net VDD, Pin U1228/VDD: has an unconnected terminal at (108.400, 18.035) (109.800, 18.365)
Net VDD, Pin U1247/VDD: has an unconnected terminal at (142.600, 133.235) (144.000, 133.565)
Net VDD, Pin U1250/VDD: has an unconnected terminal at (135.825, 133.235) (136.000, 133.565)
Net VDD, Pin U1254/VDD: has an unconnected terminal at (103.400, 68.435) (104.800, 68.765)
Net VDD, Pin U1267/VDD: has an unconnected terminal at (117.000, 61.235) (118.400, 61.565)
Net VDD, Pin U1272/VDD: has an unconnected terminal at (127.000, 32.435) (128.400, 32.765)
Net VDD, Pin U1275/VDD: has an unconnected terminal at (128.400, 18.035) (129.800, 18.365)
Net VDD, Pin U1300/VDD: has an unconnected terminal at (129.600, 50.435) (131.000, 50.765)
Net VDD, Pin U1315/VDD: has an unconnected terminal at (148.400, 43.235) (149.800, 43.565)
Net VDD, Pin U1319/VDD: has an unconnected terminal at (137.800, 46.835) (139.200, 47.165)
Net VDD, Pin U1322/VDD: has an unconnected terminal at (150.800, 90.035) (152.200, 90.365)
Net VDD, Pin U1329/VDD: has an unconnected terminal at (143.200, 14.435) (144.600, 14.765)
Net VDD, Pin U1337/VDD: has an unconnected terminal at (152.200, 21.635) (153.600, 21.965)
Net VDD, Pin U1342/VDD: has an unconnected terminal at (137.000, 140.435) (138.400, 140.765)
Net VDD, Pin U1347/VDD: has an unconnected terminal at (155.200, 61.235) (156.600, 61.565)
Net VDD, Pin U1350/VDD: has an unconnected terminal at (151.000, 82.835) (152.400, 83.165)
Net VDD, Pin FILLER_4/VDD: has an unconnected terminal at (16.465, 3.635) (16.800, 3.965)
Net VDD, Pin FILLER_5/VDD: has an unconnected terminal at (18.225, 3.635) (18.600, 3.965)
Net VDD, Pin FILLER_10/VDD: has an unconnected terminal at (34.225, 7.235) (34.600, 7.565)
Net VDD, Pin FILLER_13/VDD: has an unconnected terminal at (45.625, 3.635) (46.000, 3.965)
Net VDD, Pin FILLER_18/VDD: has an unconnected terminal at (61.825, 3.635) (62.200, 3.965)
Net VDD, Pin FILLER_19/VDD: has an unconnected terminal at (63.025, 3.635) (63.400, 3.965)
Net VDD, Pin FILLER_22/VDD: has an unconnected terminal at (75.665, 3.635) (76.000, 3.965)
Net VDD, Pin FILLER_35/VDD: has an unconnected terminal at (121.665, 7.235) (122.000, 7.565)
Net VDD, Pin FILLER_36/VDD: has an unconnected terminal at (127.465, 3.635) (127.800, 3.965)
Net VDD, Pin FILLER_37/VDD: has an unconnected terminal at (128.225, 3.635) (128.600, 3.965)
Net VDD, Pin FILLER_38/VDD: has an unconnected terminal at (129.825, 3.635) (130.200, 3.965)
Net VDD, Pin FILLER_39/VDD: has an unconnected terminal at (130.625, 3.635) (131.000, 3.965)
Net VDD, Pin FILLER_45/VDD: has an unconnected terminal at (145.465, 7.235) (145.800, 7.565)
Net VDD, Pin FILLER_52/VDD: has an unconnected terminal at (161.265, 3.635) (161.600, 3.965)
Net VDD, Pin FILLER_63/VDD: has an unconnected terminal at (44.065, 3.635) (44.400, 3.965)
Net VDD, Pin FILLER_70/VDD: has an unconnected terminal at (83.625, 3.635) (84.000, 3.965)
Net VDD, Pin FILLER_72/VDD: has an unconnected terminal at (91.825, 3.635) (92.200, 3.965)
Net VDD, Pin FILLER_83/VDD: has an unconnected terminal at (139.425, 3.635) (139.800, 3.965)
Net VDD, Pin FILLER_104/VDD: has an unconnected terminal at (36.265, 7.235) (36.600, 7.565)
Net VDD, Pin FILLER_105/VDD: has an unconnected terminal at (33.265, 7.235) (33.600, 7.565)
Net VDD, Pin FILLER_111/VDD: has an unconnected terminal at (53.265, 3.635) (53.600, 3.965)
Net VDD, Pin FILLER_117/VDD: has an unconnected terminal at (82.865, 3.635) (83.200, 3.965)
Net VDD, Pin FILLER_119/VDD: has an unconnected terminal at (90.465, 3.635) (90.800, 3.965)
Net VDD, Pin FILLER_122/VDD: has an unconnected terminal at (103.465, 7.235) (103.800, 7.565)
Net VDD, Pin FILLER_137/VDD: has an unconnected terminal at (149.265, 7.235) (149.600, 7.565)
Net VDD, Pin FILLER_142/VDD: has an unconnected terminal at (160.265, 3.635) (160.600, 3.965)
Net VDD, Pin FILLER_144/VDD: has an unconnected terminal at (161.425, 7.235) (161.800, 7.565)
Net VDD, Pin FILLER_161/VDD: has an unconnected terminal at (59.865, 3.635) (60.200, 3.965)
Net VDD, Pin FILLER_167/VDD: has an unconnected terminal at (105.265, 3.635) (105.600, 3.965)
Net VDD, Pin FILLER_186/VDD: has an unconnected terminal at (9.465, 10.835) (9.800, 11.165)
Net VDD, Pin FILLER_188/VDD: has an unconnected terminal at (12.065, 10.835) (12.400, 11.165)
Net VDD, Pin FILLER_193/VDD: has an unconnected terminal at (26.425, 10.835) (26.800, 11.165)
Net VDD, Pin FILLER_215/VDD: has an unconnected terminal at (96.865, 7.235) (97.200, 7.565)
Net VDD, Pin FILLER_224/VDD: has an unconnected terminal at (122.425, 7.235) (122.800, 7.565)
Net VDD, Pin FILLER_234/VDD: has an unconnected terminal at (142.065, 7.235) (142.400, 7.565)
Net VDD, Pin FILLER_240/VDD: has an unconnected terminal at (153.625, 10.835) (154.000, 11.165)
Net VDD, Pin FILLER_243/VDD: has an unconnected terminal at (159.065, 10.835) (159.400, 11.165)
Net VDD, Pin FILLER_248/VDD: has an unconnected terminal at (2.665, 10.835) (3.000, 11.165)
Net VDD, Pin FILLER_249/VDD: has an unconnected terminal at (17.465, 10.835) (17.800, 11.165)
Net VDD, Pin FILLER_252/VDD: has an unconnected terminal at (13.825, 10.835) (14.200, 11.165)
Net VDD, Pin FILLER_276/VDD: has an unconnected terminal at (98.025, 10.835) (98.400, 11.165)
Net VDD, Pin FILLER_290/VDD: has an unconnected terminal at (140.265, 7.235) (140.600, 7.565)
Net VDD, Pin FILLER_294/VDD: has an unconnected terminal at (152.465, 10.835) (152.800, 11.165)
Net VDD, Pin FILLER_297/VDD: has an unconnected terminal at (154.625, 10.835) (155.000, 11.165)
Net VDD, Pin FILLER_304/VDD: has an unconnected terminal at (17.665, 14.435) (18.000, 14.765)
Net VDD, Pin FILLER_307/VDD: has an unconnected terminal at (24.465, 10.835) (24.800, 11.165)
Net VDD, Pin FILLER_309/VDD: has an unconnected terminal at (25.665, 10.835) (26.000, 11.165)
Net VDD, Pin FILLER_316/VDD: has an unconnected terminal at (48.665, 18.035) (49.000, 18.365)
Net VDD, Pin FILLER_325/VDD: has an unconnected terminal at (85.625, 14.435) (86.000, 14.765)
Net VDD, Pin FILLER_327/VDD: has an unconnected terminal at (89.865, 10.835) (90.200, 11.165)
Net VDD, Pin FILLER_358/VDD: has an unconnected terminal at (9.865, 21.635) (10.200, 21.965)
Net VDD, Pin FILLER_365/VDD: has an unconnected terminal at (45.265, 18.035) (45.600, 18.365)
Net VDD, Pin FILLER_381/VDD: has an unconnected terminal at (89.825, 14.435) (90.200, 14.765)
Net VDD, Pin FILLER_382/VDD: has an unconnected terminal at (88.225, 14.435) (88.600, 14.765)
Net VDD, Pin FILLER_391/VDD: has an unconnected terminal at (114.065, 18.035) (114.400, 18.365)
Net VDD, Pin FILLER_394/VDD: has an unconnected terminal at (117.625, 21.635) (118.000, 21.965)
Net VDD, Pin FILLER_406/VDD: has an unconnected terminal at (148.065, 18.035) (148.400, 18.365)
Net VDD, Pin FILLER_412/VDD: has an unconnected terminal at (159.425, 18.035) (159.800, 18.365)
Net VDD, Pin FILLER_425/VDD: has an unconnected terminal at (40.025, 18.035) (40.400, 18.365)
Net VDD, Pin FILLER_441/VDD: has an unconnected terminal at (83.025, 18.035) (83.400, 18.365)
Net VDD, Pin FILLER_457/VDD: has an unconnected terminal at (132.625, 18.035) (133.000, 18.365)
Net VDD, Pin FILLER_471/VDD: has an unconnected terminal at (22.425, 18.035) (22.800, 18.365)
Net VDD, Pin FILLER_475/VDD: has an unconnected terminal at (41.865, 21.635) (42.200, 21.965)
Net VDD, Pin FILLER_487/VDD: has an unconnected terminal at (85.065, 18.035) (85.400, 18.365)
Net VDD, Pin FILLER_502/VDD: has an unconnected terminal at (101.825, 18.035) (102.200, 18.365)
Net VDD, Pin FILLER_525/VDD: has an unconnected terminal at (2.425, 21.635) (2.800, 21.965)
Net VDD, Pin FILLER_526/VDD: has an unconnected terminal at (3.225, 21.635) (3.600, 21.965)
Net VDD, Pin FILLER_529/VDD: has an unconnected terminal at (10.865, 21.635) (11.200, 21.965)
Net VDD, Pin FILLER_538/VDD: has an unconnected terminal at (27.225, 18.035) (27.600, 18.365)
Net VDD, Pin FILLER_545/VDD: has an unconnected terminal at (46.225, 21.635) (46.600, 21.965)
Net VDD, Pin FILLER_557/VDD: has an unconnected terminal at (96.425, 21.635) (96.800, 21.965)
Net VDD, Pin FILLER_599/VDD: has an unconnected terminal at (43.865, 25.235) (44.200, 25.565)
Net VDD, Pin FILLER_603/VDD: has an unconnected terminal at (52.065, 21.635) (52.400, 21.965)
Net VDD, Pin FILLER_614/VDD: has an unconnected terminal at (94.065, 21.635) (94.400, 21.965)
Net VDD, Pin FILLER_620/VDD: has an unconnected terminal at (112.065, 18.035) (112.400, 18.365)
Net VDD, Pin FILLER_632/VDD: has an unconnected terminal at (161.425, 25.235) (161.800, 25.565)
Net VDD, Pin FILLER_650/VDD: has an unconnected terminal at (34.425, 28.835) (34.800, 29.165)
Net VDD, Pin FILLER_713/VDD: has an unconnected terminal at (83.225, 28.835) (83.600, 29.165)
Net VDD, Pin FILLER_778/VDD: has an unconnected terminal at (122.265, 32.435) (122.600, 32.765)
Net VDD, Pin FILLER_785/VDD: has an unconnected terminal at (3.865, 32.435) (4.200, 32.765)
Net VDD, Pin FILLER_792/VDD: has an unconnected terminal at (16.465, 32.435) (16.800, 32.765)
Net VDD, Pin FILLER_800/VDD: has an unconnected terminal at (28.025, 32.435) (28.400, 32.765)
Net VDD, Pin FILLER_802/VDD: has an unconnected terminal at (35.225, 28.835) (35.600, 29.165)
Net VDD, Pin FILLER_816/VDD: has an unconnected terminal at (71.065, 28.835) (71.400, 29.165)
Net VDD, Pin FILLER_836/VDD: has an unconnected terminal at (143.265, 32.435) (143.600, 32.765)
Net VDD, Pin FILLER_847/VDD: has an unconnected terminal at (9.665, 32.435) (10.000, 32.765)
Net VDD, Pin FILLER_916/VDD: has an unconnected terminal at (52.465, 28.835) (52.800, 29.165)
Net VDD, Pin FILLER_934/VDD: has an unconnected terminal at (109.065, 36.035) (109.400, 36.365)
Net VDD, Pin FILLER_969/VDD: has an unconnected terminal at (34.425, 36.035) (34.800, 36.365)
Net VDD, Pin FILLER_971/VDD: has an unconnected terminal at (43.425, 36.035) (43.800, 36.365)
Net VDD, Pin FILLER_973/VDD: has an unconnected terminal at (41.225, 36.035) (41.600, 36.365)
Net VDD, Pin FILLER_983/VDD: has an unconnected terminal at (83.025, 36.035) (83.400, 36.365)
Net VDD, Pin FILLER_998/VDD: has an unconnected terminal at (119.425, 36.035) (119.800, 36.365)
Net VDD, Pin FILLER_1011/VDD: has an unconnected terminal at (159.065, 39.635) (159.400, 39.965)
Net VDD, Pin FILLER_1018/VDD: has an unconnected terminal at (10.625, 36.035) (11.000, 36.365)
Net VDD, Pin FILLER_1029/VDD: has an unconnected terminal at (36.865, 36.035) (37.200, 36.365)
Net VDD, Pin FILLER_1034/VDD: has an unconnected terminal at (54.225, 36.035) (54.600, 36.365)
Net VDD, Pin FILLER_1036/VDD: has an unconnected terminal at (63.465, 39.635) (63.800, 39.965)
Net VDD, Pin FILLER_1052/VDD: has an unconnected terminal at (136.865, 36.035) (137.200, 36.365)
Net VDD, Pin FILLER_1061/VDD: has an unconnected terminal at (7.625, 39.635) (8.000, 39.965)
Net VDD, Pin FILLER_1062/VDD: has an unconnected terminal at (8.825, 39.635) (9.200, 39.965)
Net VDD, Pin FILLER_1074/VDD: has an unconnected terminal at (46.065, 39.635) (46.400, 39.965)
Net VDD, Pin FILLER_1076/VDD: has an unconnected terminal at (47.625, 39.635) (48.000, 39.965)
Net VDD, Pin FILLER_1077/VDD: has an unconnected terminal at (57.265, 39.635) (57.600, 39.965)
Net VDD, Pin FILLER_1085/VDD: has an unconnected terminal at (72.465, 39.635) (72.800, 39.965)
Net VDD, Pin FILLER_1088/VDD: has an unconnected terminal at (79.425, 39.635) (79.800, 39.965)
Net VDD, Pin FILLER_1090/VDD: has an unconnected terminal at (80.425, 39.635) (80.800, 39.965)
Net VDD, Pin FILLER_1093/VDD: has an unconnected terminal at (106.265, 36.035) (106.600, 36.365)
Net VDD, Pin FILLER_1096/VDD: has an unconnected terminal at (123.665, 43.235) (124.000, 43.565)
Net VDD, Pin FILLER_1097/VDD: has an unconnected terminal at (124.825, 39.635) (125.200, 39.965)
Net VDD, Pin FILLER_1101/VDD: has an unconnected terminal at (135.265, 36.035) (135.600, 36.365)
Net VDD, Pin FILLER_1102/VDD: has an unconnected terminal at (138.065, 36.035) (138.400, 36.365)
Net VDD, Pin FILLER_1116/VDD: has an unconnected terminal at (16.865, 39.635) (17.200, 39.965)
Net VDD, Pin FILLER_1122/VDD: has an unconnected terminal at (36.425, 43.235) (36.800, 43.565)
Net VDD, Pin FILLER_1123/VDD: has an unconnected terminal at (37.665, 43.235) (38.000, 43.565)
Net VDD, Pin FILLER_1130/VDD: has an unconnected terminal at (58.265, 39.635) (58.600, 39.965)
Net VDD, Pin FILLER_1152/VDD: has an unconnected terminal at (125.465, 43.235) (125.800, 43.565)
Net VDD, Pin FILLER_1153/VDD: has an unconnected terminal at (126.865, 43.235) (127.200, 43.565)
Net VDD, Pin FILLER_1154/VDD: has an unconnected terminal at (128.025, 43.235) (128.400, 43.565)
Net VDD, Pin FILLER_1155/VDD: has an unconnected terminal at (128.825, 43.235) (129.200, 43.565)
Net VDD, Pin FILLER_1172/VDD: has an unconnected terminal at (14.425, 43.235) (14.800, 43.565)
Net VDD, Pin FILLER_1176/VDD: has an unconnected terminal at (21.825, 43.235) (22.200, 43.565)
Net VDD, Pin FILLER_1187/VDD: has an unconnected terminal at (54.425, 43.235) (54.800, 43.565)
Net VDD, Pin FILLER_1188/VDD: has an unconnected terminal at (60.865, 39.635) (61.200, 39.965)
Net VDD, Pin FILLER_1196/VDD: has an unconnected terminal at (78.065, 39.635) (78.400, 39.965)
Net VDD, Pin FILLER_1200/VDD: has an unconnected terminal at (101.265, 43.235) (101.600, 43.565)
Net VDD, Pin FILLER_1205/VDD: has an unconnected terminal at (107.265, 43.235) (107.600, 43.565)
Net VDD, Pin FILLER_1215/VDD: has an unconnected terminal at (141.065, 46.835) (141.400, 47.165)
Net VDD, Pin FILLER_1234/VDD: has an unconnected terminal at (53.265, 43.235) (53.600, 43.565)
Net VDD, Pin FILLER_1240/VDD: has an unconnected terminal at (66.065, 46.835) (66.400, 47.165)
Net VDD, Pin FILLER_1259/VDD: has an unconnected terminal at (121.065, 43.235) (121.400, 43.565)
Net VDD, Pin FILLER_1290/VDD: has an unconnected terminal at (49.425, 46.835) (49.800, 47.165)
Net VDD, Pin FILLER_1291/VDD: has an unconnected terminal at (56.065, 46.835) (56.400, 47.165)
Net VDD, Pin FILLER_1298/VDD: has an unconnected terminal at (97.865, 43.235) (98.200, 43.565)
Net VDD, Pin FILLER_1321/VDD: has an unconnected terminal at (161.025, 50.435) (161.400, 50.765)
Net VDD, Pin FILLER_1322/VDD: has an unconnected terminal at (161.265, 43.235) (161.600, 43.565)
Net VDD, Pin FILLER_1336/VDD: has an unconnected terminal at (44.665, 50.435) (45.000, 50.765)
Net VDD, Pin FILLER_1345/VDD: has an unconnected terminal at (57.425, 50.435) (57.800, 50.765)
Net VDD, Pin FILLER_1365/VDD: has an unconnected terminal at (92.865, 43.235) (93.200, 43.565)
Net VDD, Pin FILLER_1367/VDD: has an unconnected terminal at (103.665, 43.235) (104.000, 43.565)
Net VDD, Pin FILLER_1376/VDD: has an unconnected terminal at (126.825, 46.835) (127.200, 47.165)
Net VDD, Pin FILLER_1381/VDD: has an unconnected terminal at (144.465, 46.835) (144.800, 47.165)
Net VDD, Pin FILLER_1392/VDD: has an unconnected terminal at (32.625, 50.435) (33.000, 50.765)
Net VDD, Pin FILLER_1395/VDD: has an unconnected terminal at (42.625, 50.435) (43.000, 50.765)
Net VDD, Pin FILLER_1402/VDD: has an unconnected terminal at (61.265, 50.435) (61.600, 50.765)
Net VDD, Pin FILLER_1403/VDD: has an unconnected terminal at (67.665, 50.435) (68.000, 50.765)
Net VDD, Pin FILLER_1408/VDD: has an unconnected terminal at (87.865, 50.435) (88.200, 50.765)
Net VDD, Pin FILLER_1411/VDD: has an unconnected terminal at (94.465, 54.035) (94.800, 54.365)
Net VDD, Pin FILLER_1412/VDD: has an unconnected terminal at (96.825, 54.035) (97.200, 54.365)
Net VDD, Pin FILLER_1441/VDD: has an unconnected terminal at (25.865, 54.035) (26.200, 54.365)
Net VDD, Pin FILLER_1444/VDD: has an unconnected terminal at (34.465, 50.435) (34.800, 50.765)
Net VDD, Pin FILLER_1466/VDD: has an unconnected terminal at (99.065, 54.035) (99.400, 54.365)
Net VDD, Pin FILLER_1477/VDD: has an unconnected terminal at (128.625, 50.435) (129.000, 50.765)
Net VDD, Pin FILLER_1479/VDD: has an unconnected terminal at (135.065, 54.035) (135.400, 54.365)
Net VDD, Pin FILLER_1481/VDD: has an unconnected terminal at (139.465, 54.035) (139.800, 54.365)
Net VDD, Pin FILLER_1490/VDD: has an unconnected terminal at (151.825, 50.435) (152.200, 50.765)
Net VDD, Pin FILLER_1494/VDD: has an unconnected terminal at (2.225, 54.035) (2.600, 54.365)
Net VDD, Pin FILLER_1519/VDD: has an unconnected terminal at (59.625, 54.035) (60.000, 54.365)
Net VDD, Pin FILLER_1522/VDD: has an unconnected terminal at (63.225, 54.035) (63.600, 54.365)
Net VDD, Pin FILLER_1529/VDD: has an unconnected terminal at (85.065, 54.035) (85.400, 54.365)
Net VDD, Pin FILLER_1534/VDD: has an unconnected terminal at (100.825, 54.035) (101.200, 54.365)
Net VDD, Pin FILLER_1543/VDD: has an unconnected terminal at (158.865, 54.035) (159.200, 54.365)
Net VDD, Pin FILLER_1563/VDD: has an unconnected terminal at (42.665, 57.635) (43.000, 57.965)
Net VDD, Pin FILLER_1574/VDD: has an unconnected terminal at (108.625, 57.635) (109.000, 57.965)
Net VDD, Pin FILLER_1575/VDD: has an unconnected terminal at (116.225, 61.235) (116.600, 61.565)
Net VDD, Pin FILLER_1576/VDD: has an unconnected terminal at (121.825, 57.635) (122.200, 57.965)
Net VDD, Pin FILLER_1593/VDD: has an unconnected terminal at (160.265, 57.635) (160.600, 57.965)
Net VDD, Pin FILLER_1608/VDD: has an unconnected terminal at (39.825, 54.035) (40.200, 54.365)
Net VDD, Pin FILLER_1620/VDD: has an unconnected terminal at (95.625, 54.035) (96.000, 54.365)
Net VDD, Pin FILLER_1623/VDD: has an unconnected terminal at (115.425, 57.635) (115.800, 57.965)
Net VDD, Pin FILLER_1690/VDD: has an unconnected terminal at (139.225, 61.235) (139.600, 61.565)
Net VDD, Pin FILLER_1691/VDD: has an unconnected terminal at (140.025, 61.235) (140.400, 61.565)
Net VDD, Pin FILLER_1693/VDD: has an unconnected terminal at (154.065, 61.235) (154.400, 61.565)
Net VDD, Pin FILLER_1699/VDD: has an unconnected terminal at (3.225, 61.235) (3.600, 61.565)
Net VDD, Pin FILLER_1704/VDD: has an unconnected terminal at (22.065, 61.235) (22.400, 61.565)
Net VDD, Pin FILLER_1705/VDD: has an unconnected terminal at (26.465, 64.835) (26.800, 65.165)
Net VDD, Pin FILLER_1721/VDD: has an unconnected terminal at (54.825, 61.235) (55.200, 61.565)
Net VDD, Pin FILLER_1739/VDD: has an unconnected terminal at (105.065, 61.235) (105.400, 61.565)
Net VDD, Pin FILLER_1740/VDD: has an unconnected terminal at (108.265, 61.235) (108.600, 61.565)
Net VDD, Pin FILLER_1745/VDD: has an unconnected terminal at (119.225, 61.235) (119.600, 61.565)
Net VDD, Pin FILLER_1770/VDD: has an unconnected terminal at (34.825, 64.835) (35.200, 65.165)
Net VDD, Pin FILLER_1776/VDD: has an unconnected terminal at (62.625, 61.235) (63.000, 61.565)
Net VDD, Pin FILLER_1809/VDD: has an unconnected terminal at (161.025, 64.835) (161.400, 65.165)
Net VDD, Pin FILLER_1825/VDD: has an unconnected terminal at (68.865, 68.435) (69.200, 68.765)
Net VDD, Pin FILLER_1827/VDD: has an unconnected terminal at (69.025, 64.835) (69.400, 65.165)
Net VDD, Pin FILLER_1829/VDD: has an unconnected terminal at (80.265, 64.835) (80.600, 65.165)
Net VDD, Pin FILLER_1830/VDD: has an unconnected terminal at (77.665, 64.835) (78.000, 65.165)
Net VDD, Pin FILLER_1838/VDD: has an unconnected terminal at (97.425, 61.235) (97.800, 61.565)
Net VDD, Pin FILLER_1850/VDD: has an unconnected terminal at (156.465, 64.835) (156.800, 65.165)
Net VDD, Pin FILLER_1852/VDD: has an unconnected terminal at (152.625, 64.835) (153.000, 65.165)
Net VDD, Pin FILLER_1853/VDD: has an unconnected terminal at (151.825, 64.835) (152.200, 65.165)
Net VDD, Pin FILLER_1854/VDD: has an unconnected terminal at (159.665, 61.235) (160.000, 61.565)
Net VDD, Pin FILLER_1867/VDD: has an unconnected terminal at (22.225, 64.835) (22.600, 65.165)
Net VDD, Pin FILLER_1870/VDD: has an unconnected terminal at (34.065, 64.835) (34.400, 65.165)
Net VDD, Pin FILLER_1901/VDD: has an unconnected terminal at (105.665, 68.435) (106.000, 68.765)
Net VDD, Pin FILLER_1903/VDD: has an unconnected terminal at (109.225, 64.835) (109.600, 65.165)
Net VDD, Pin FILLER_1924/VDD: has an unconnected terminal at (160.065, 64.835) (160.400, 65.165)
Net VDD, Pin FILLER_1934/VDD: has an unconnected terminal at (24.265, 64.835) (24.600, 65.165)
Net VDD, Pin FILLER_1935/VDD: has an unconnected terminal at (25.425, 64.835) (25.800, 65.165)
Net VDD, Pin FILLER_1942/VDD: has an unconnected terminal at (43.025, 68.435) (43.400, 68.765)
Net VDD, Pin FILLER_1949/VDD: has an unconnected terminal at (51.825, 64.835) (52.200, 65.165)
Net VDD, Pin FILLER_1950/VDD: has an unconnected terminal at (53.225, 64.835) (53.600, 65.165)
Net VDD, Pin FILLER_1961/VDD: has an unconnected terminal at (90.665, 68.435) (91.000, 68.765)
Net VDD, Pin FILLER_1972/VDD: has an unconnected terminal at (123.865, 68.435) (124.200, 68.765)
Net VDD, Pin FILLER_1986/VDD: has an unconnected terminal at (14.465, 68.435) (14.800, 68.765)
Net VDD, Pin FILLER_1988/VDD: has an unconnected terminal at (23.065, 68.435) (23.400, 68.765)
Net VDD, Pin FILLER_1989/VDD: has an unconnected terminal at (25.625, 68.435) (26.000, 68.765)
Net VDD, Pin FILLER_1993/VDD: has an unconnected terminal at (42.025, 72.035) (42.400, 72.365)
Net VDD, Pin FILLER_2022/VDD: has an unconnected terminal at (160.665, 68.435) (161.000, 68.765)
Net VDD, Pin FILLER_2023/VDD: has an unconnected terminal at (159.425, 68.435) (159.800, 68.765)
Net VDD, Pin FILLER_2037/VDD: has an unconnected terminal at (24.865, 68.435) (25.200, 68.765)
Net VDD, Pin FILLER_2038/VDD: has an unconnected terminal at (30.065, 72.035) (30.400, 72.365)
Net VDD, Pin FILLER_2040/VDD: has an unconnected terminal at (50.625, 72.035) (51.000, 72.365)
Net VDD, Pin FILLER_2041/VDD: has an unconnected terminal at (51.825, 72.035) (52.200, 72.365)
Net VDD, Pin FILLER_2075/VDD: has an unconnected terminal at (11.225, 72.035) (11.600, 72.365)
Net VDD, Pin FILLER_2080/VDD: has an unconnected terminal at (26.065, 79.235) (26.400, 79.565)
Net VDD, Pin FILLER_2082/VDD: has an unconnected terminal at (33.265, 72.035) (33.600, 72.365)
Net VDD, Pin FILLER_2084/VDD: has an unconnected terminal at (34.025, 72.035) (34.400, 72.365)
Net VDD, Pin FILLER_2086/VDD: has an unconnected terminal at (43.865, 72.035) (44.200, 72.365)
Net VDD, Pin FILLER_2090/VDD: has an unconnected terminal at (46.825, 75.635) (47.200, 75.965)
Net VDD, Pin FILLER_2106/VDD: has an unconnected terminal at (85.065, 72.035) (85.400, 72.365)
Net VDD, Pin FILLER_2123/VDD: has an unconnected terminal at (7.465, 72.035) (7.800, 72.365)
Net VDD, Pin FILLER_2142/VDD: has an unconnected terminal at (47.625, 75.635) (48.000, 75.965)
Net VDD, Pin FILLER_2156/VDD: has an unconnected terminal at (76.825, 75.635) (77.200, 75.965)
Net VDD, Pin FILLER_2177/VDD: has an unconnected terminal at (138.625, 75.635) (139.000, 75.965)
Net VDD, Pin FILLER_2208/VDD: has an unconnected terminal at (95.025, 75.635) (95.400, 75.965)
Net VDD, Pin FILLER_2211/VDD: has an unconnected terminal at (100.025, 79.235) (100.400, 79.565)
Net VDD, Pin FILLER_2214/VDD: has an unconnected terminal at (110.265, 72.035) (110.600, 72.365)
Net VDD, Pin FILLER_2215/VDD: has an unconnected terminal at (109.465, 79.235) (109.800, 79.565)
Net VDD, Pin FILLER_2217/VDD: has an unconnected terminal at (118.265, 79.235) (118.600, 79.565)
Net VDD, Pin FILLER_2225/VDD: has an unconnected terminal at (148.625, 75.635) (149.000, 75.965)
Net VDD, Pin FILLER_2227/VDD: has an unconnected terminal at (149.825, 75.635) (150.200, 75.965)
Net VDD, Pin FILLER_2237/VDD: has an unconnected terminal at (10.865, 75.635) (11.200, 75.965)
Net VDD, Pin FILLER_2238/VDD: has an unconnected terminal at (18.225, 79.235) (18.600, 79.565)
Net VDD, Pin FILLER_2247/VDD: has an unconnected terminal at (53.265, 79.235) (53.600, 79.565)
Net VDD, Pin FILLER_2250/VDD: has an unconnected terminal at (59.865, 82.835) (60.200, 83.165)
Net VDD, Pin FILLER_2254/VDD: has an unconnected terminal at (71.665, 79.235) (72.000, 79.565)
Net VDD, Pin FILLER_2259/VDD: has an unconnected terminal at (73.025, 79.235) (73.400, 79.565)
Net VDD, Pin FILLER_2279/VDD: has an unconnected terminal at (116.865, 79.235) (117.200, 79.565)
Net VDD, Pin FILLER_2284/VDD: has an unconnected terminal at (133.265, 82.835) (133.600, 83.165)
Net VDD, Pin FILLER_2286/VDD: has an unconnected terminal at (147.065, 75.635) (147.400, 75.965)
Net VDD, Pin FILLER_2297/VDD: has an unconnected terminal at (17.065, 79.235) (17.400, 79.565)
Net VDD, Pin FILLER_2320/VDD: has an unconnected terminal at (108.425, 79.235) (108.800, 79.565)
Net VDD, Pin FILLER_2328/VDD: has an unconnected terminal at (138.625, 79.235) (139.000, 79.565)
Net VDD, Pin FILLER_2337/VDD: has an unconnected terminal at (161.425, 82.835) (161.800, 83.165)
Net VDD, Pin FILLER_2351/VDD: has an unconnected terminal at (27.425, 82.835) (27.800, 83.165)
Net VDD, Pin FILLER_2360/VDD: has an unconnected terminal at (68.465, 79.235) (68.800, 79.565)
Net VDD, Pin FILLER_2362/VDD: has an unconnected terminal at (68.625, 82.835) (69.000, 83.165)
Net VDD, Pin FILLER_2388/VDD: has an unconnected terminal at (149.825, 82.835) (150.200, 83.165)
Net VDD, Pin FILLER_2395/VDD: has an unconnected terminal at (155.065, 82.835) (155.400, 83.165)
Net VDD, Pin FILLER_2415/VDD: has an unconnected terminal at (35.865, 82.835) (36.200, 83.165)
Net VDD, Pin FILLER_2444/VDD: has an unconnected terminal at (110.425, 86.435) (110.800, 86.765)
Net VDD, Pin FILLER_2453/VDD: has an unconnected terminal at (148.865, 82.835) (149.200, 83.165)
Net VDD, Pin FILLER_2461/VDD: has an unconnected terminal at (2.225, 86.435) (2.600, 86.765)
Net VDD, Pin FILLER_2473/VDD: has an unconnected terminal at (31.265, 90.035) (31.600, 90.365)
Net VDD, Pin FILLER_2483/VDD: has an unconnected terminal at (45.865, 86.435) (46.200, 86.765)
Net VDD, Pin FILLER_2520/VDD: has an unconnected terminal at (148.265, 90.035) (148.600, 90.365)
Net VDD, Pin FILLER_2539/VDD: has an unconnected terminal at (33.465, 90.035) (33.800, 90.365)
Net VDD, Pin FILLER_2543/VDD: has an unconnected terminal at (42.065, 90.035) (42.400, 90.365)
Net VDD, Pin FILLER_2550/VDD: has an unconnected terminal at (52.625, 86.435) (53.000, 86.765)
Net VDD, Pin FILLER_2574/VDD: has an unconnected terminal at (131.225, 86.435) (131.600, 86.765)
Net VDD, Pin FILLER_2575/VDD: has an unconnected terminal at (160.065, 86.435) (160.400, 86.765)
Net VDD, Pin FILLER_2581/VDD: has an unconnected terminal at (4.425, 90.035) (4.800, 90.365)
Net VDD, Pin FILLER_2593/VDD: has an unconnected terminal at (27.265, 90.035) (27.600, 90.365)
Net VDD, Pin FILLER_2594/VDD: has an unconnected terminal at (27.065, 86.435) (27.400, 86.765)
Net VDD, Pin FILLER_2610/VDD: has an unconnected terminal at (76.225, 90.035) (76.600, 90.365)
Net VDD, Pin FILLER_2612/VDD: has an unconnected terminal at (77.425, 90.035) (77.800, 90.365)
Net VDD, Pin FILLER_2623/VDD: has an unconnected terminal at (125.425, 90.035) (125.800, 90.365)
Net VDD, Pin FILLER_2624/VDD: has an unconnected terminal at (128.065, 90.035) (128.400, 90.365)
Net VDD, Pin FILLER_2625/VDD: has an unconnected terminal at (130.425, 86.435) (130.800, 86.765)
Net VDD, Pin FILLER_2626/VDD: has an unconnected terminal at (139.825, 90.035) (140.200, 90.365)
Net VDD, Pin FILLER_2664/VDD: has an unconnected terminal at (104.225, 90.035) (104.600, 90.365)
Net VDD, Pin FILLER_2670/VDD: has an unconnected terminal at (119.225, 90.035) (119.600, 90.365)
Net VDD, Pin FILLER_2672/VDD: has an unconnected terminal at (123.865, 90.035) (124.200, 90.365)
Net VDD, Pin FILLER_2677/VDD: has an unconnected terminal at (138.865, 90.035) (139.200, 90.365)
Net VDD, Pin FILLER_2782/VDD: has an unconnected terminal at (139.865, 97.235) (140.200, 97.565)
Net VDD, Pin FILLER_2787/VDD: has an unconnected terminal at (161.065, 93.635) (161.400, 93.965)
Net VDD, Pin FILLER_2795/VDD: has an unconnected terminal at (14.465, 97.235) (14.800, 97.565)
Net VDD, Pin FILLER_2805/VDD: has an unconnected terminal at (61.265, 97.235) (61.600, 97.565)
Net VDD, Pin FILLER_2828/VDD: has an unconnected terminal at (160.065, 100.835) (160.400, 101.165)
Net VDD, Pin FILLER_2837/VDD: has an unconnected terminal at (34.865, 97.235) (35.200, 97.565)
Net VDD, Pin FILLER_2842/VDD: has an unconnected terminal at (41.825, 97.235) (42.200, 97.565)
Net VDD, Pin FILLER_2883/VDD: has an unconnected terminal at (8.465, 104.435) (8.800, 104.765)
Net VDD, Pin FILLER_2884/VDD: has an unconnected terminal at (3.665, 100.835) (4.000, 101.165)
Net VDD, Pin FILLER_2894/VDD: has an unconnected terminal at (31.465, 104.435) (31.800, 104.765)
Net VDD, Pin FILLER_2898/VDD: has an unconnected terminal at (41.665, 104.435) (42.000, 104.765)
Net VDD, Pin FILLER_2899/VDD: has an unconnected terminal at (42.665, 104.435) (43.000, 104.765)
Net VDD, Pin FILLER_2906/VDD: has an unconnected terminal at (63.625, 104.435) (64.000, 104.765)
Net VDD, Pin FILLER_2929/VDD: has an unconnected terminal at (127.665, 100.835) (128.000, 101.165)
Net VDD, Pin FILLER_2942/VDD: has an unconnected terminal at (156.625, 100.835) (157.000, 101.165)
Net VDD, Pin FILLER_2966/VDD: has an unconnected terminal at (56.225, 104.435) (56.600, 104.765)
Net VDD, Pin FILLER_2970/VDD: has an unconnected terminal at (73.225, 104.435) (73.600, 104.765)
Net VDD, Pin FILLER_2974/VDD: has an unconnected terminal at (102.265, 104.435) (102.600, 104.765)
Net VDD, Pin FILLER_2984/VDD: has an unconnected terminal at (135.465, 104.435) (135.800, 104.765)
Net VDD, Pin FILLER_2992/VDD: has an unconnected terminal at (161.425, 100.835) (161.800, 101.165)
Net VDD, Pin FILLER_3014/VDD: has an unconnected terminal at (48.625, 104.435) (49.000, 104.765)
Net VDD, Pin FILLER_3019/VDD: has an unconnected terminal at (78.025, 108.035) (78.400, 108.365)
Net VDD, Pin FILLER_3036/VDD: has an unconnected terminal at (142.425, 104.435) (142.800, 104.765)
Net VDD, Pin FILLER_3039/VDD: has an unconnected terminal at (159.665, 108.035) (160.000, 108.365)
Net VDD, Pin FILLER_3044/VDD: has an unconnected terminal at (9.265, 100.835) (9.600, 101.165)
Net VDD, Pin FILLER_3047/VDD: has an unconnected terminal at (11.225, 104.435) (11.600, 104.765)
Net VDD, Pin FILLER_3057/VDD: has an unconnected terminal at (84.425, 104.435) (84.800, 104.765)
Net VDD, Pin FILLER_3058/VDD: has an unconnected terminal at (83.625, 104.435) (84.000, 104.765)
Net VDD, Pin FILLER_3059/VDD: has an unconnected terminal at (85.225, 104.435) (85.600, 104.765)
Net VDD, Pin FILLER_3099/VDD: has an unconnected terminal at (72.465, 104.435) (72.800, 104.765)
Net VDD, Pin FILLER_3100/VDD: has an unconnected terminal at (78.825, 108.035) (79.200, 108.365)
Net VDD, Pin FILLER_3116/VDD: has an unconnected terminal at (122.425, 108.035) (122.800, 108.365)
Net VDD, Pin FILLER_3128/VDD: has an unconnected terminal at (141.665, 111.635) (142.000, 111.965)
Net VDD, Pin FILLER_3149/VDD: has an unconnected terminal at (48.025, 111.635) (48.400, 111.965)
Net VDD, Pin FILLER_3150/VDD: has an unconnected terminal at (48.825, 111.635) (49.200, 111.965)
Net VDD, Pin FILLER_3163/VDD: has an unconnected terminal at (95.425, 108.035) (95.800, 108.365)
Net VDD, Pin FILLER_3185/VDD: has an unconnected terminal at (148.865, 115.235) (149.200, 115.565)
Net VDD, Pin FILLER_3193/VDD: has an unconnected terminal at (2.625, 111.635) (3.000, 111.965)
Net VDD, Pin FILLER_3201/VDD: has an unconnected terminal at (19.425, 111.635) (19.800, 111.965)
Net VDD, Pin FILLER_3211/VDD: has an unconnected terminal at (50.865, 111.635) (51.200, 111.965)
Net VDD, Pin FILLER_3212/VDD: has an unconnected terminal at (51.825, 111.635) (52.200, 111.965)
Net VDD, Pin FILLER_3242/VDD: has an unconnected terminal at (122.425, 111.635) (122.800, 111.965)
Net VDD, Pin FILLER_3264/VDD: has an unconnected terminal at (46.825, 111.635) (47.200, 111.965)
Net VDD, Pin FILLER_3288/VDD: has an unconnected terminal at (160.065, 111.635) (160.400, 111.965)
Net VDD, Pin FILLER_3301/VDD: has an unconnected terminal at (39.825, 115.235) (40.200, 115.565)
Net VDD, Pin FILLER_3308/VDD: has an unconnected terminal at (61.465, 115.235) (61.800, 115.565)
Net VDD, Pin FILLER_3317/VDD: has an unconnected terminal at (105.825, 118.835) (106.200, 119.165)
Net VDD, Pin FILLER_3319/VDD: has an unconnected terminal at (111.265, 115.235) (111.600, 115.565)
Net VDD, Pin FILLER_3331/VDD: has an unconnected terminal at (157.865, 115.235) (158.200, 115.565)
Net VDD, Pin FILLER_3332/VDD: has an unconnected terminal at (160.065, 115.235) (160.400, 115.565)
Net VDD, Pin FILLER_3335/VDD: has an unconnected terminal at (3.465, 118.835) (3.800, 119.165)
Net VDD, Pin FILLER_3365/VDD: has an unconnected terminal at (134.025, 115.235) (134.400, 115.565)
Net VDD, Pin FILLER_3366/VDD: has an unconnected terminal at (133.265, 115.235) (133.600, 115.565)
Net VDD, Pin FILLER_3371/VDD: has an unconnected terminal at (158.825, 115.235) (159.200, 115.565)
Net VDD, Pin FILLER_3382/VDD: has an unconnected terminal at (20.225, 118.835) (20.600, 119.165)
Net VDD, Pin FILLER_3390/VDD: has an unconnected terminal at (36.825, 118.835) (37.200, 119.165)
Net VDD, Pin FILLER_3391/VDD: has an unconnected terminal at (38.225, 118.835) (38.600, 119.165)
Net VDD, Pin FILLER_3394/VDD: has an unconnected terminal at (63.665, 122.435) (64.000, 122.765)
Net VDD, Pin FILLER_3404/VDD: has an unconnected terminal at (103.825, 118.835) (104.200, 119.165)
Net VDD, Pin FILLER_3405/VDD: has an unconnected terminal at (106.625, 118.835) (107.000, 119.165)
Net VDD, Pin FILLER_3422/VDD: has an unconnected terminal at (159.225, 118.835) (159.600, 119.165)
Net VDD, Pin FILLER_3423/VDD: has an unconnected terminal at (160.425, 118.835) (160.800, 119.165)
Net VDD, Pin FILLER_3424/VDD: has an unconnected terminal at (161.225, 118.835) (161.600, 119.165)
Net VDD, Pin FILLER_3438/VDD: has an unconnected terminal at (59.425, 118.835) (59.800, 119.165)
Net VDD, Pin FILLER_3445/VDD: has an unconnected terminal at (93.065, 122.435) (93.400, 122.765)
Net VDD, Pin FILLER_3446/VDD: has an unconnected terminal at (96.865, 115.235) (97.200, 115.565)
Net VDD, Pin FILLER_3448/VDD: has an unconnected terminal at (102.425, 118.835) (102.800, 119.165)
Net VDD, Pin FILLER_3450/VDD: has an unconnected terminal at (105.065, 118.835) (105.400, 119.165)
Net VDD, Pin FILLER_3464/VDD: has an unconnected terminal at (145.865, 118.835) (146.200, 119.165)
Net VDD, Pin FILLER_3483/VDD: has an unconnected terminal at (19.425, 118.835) (19.800, 119.165)
Net VDD, Pin FILLER_3496/VDD: has an unconnected terminal at (58.665, 118.835) (59.000, 119.165)
Net VDD, Pin FILLER_3509/VDD: has an unconnected terminal at (87.025, 122.435) (87.400, 122.765)
Net VDD, Pin FILLER_3510/VDD: has an unconnected terminal at (86.225, 122.435) (86.600, 122.765)
Net VDD, Pin FILLER_3515/VDD: has an unconnected terminal at (99.825, 118.835) (100.200, 119.165)
Net VDD, Pin FILLER_3535/VDD: has an unconnected terminal at (2.225, 126.035) (2.600, 126.365)
Net VDD, Pin FILLER_3539/VDD: has an unconnected terminal at (10.625, 122.435) (11.000, 122.765)
Net VDD, Pin FILLER_3540/VDD: has an unconnected terminal at (13.225, 122.435) (13.600, 122.765)
Net VDD, Pin FILLER_3552/VDD: has an unconnected terminal at (43.865, 129.635) (44.200, 129.965)
Net VDD, Pin FILLER_3563/VDD: has an unconnected terminal at (56.865, 122.435) (57.200, 122.765)
Net VDD, Pin FILLER_3581/VDD: has an unconnected terminal at (116.865, 126.035) (117.200, 126.365)
Net VDD, Pin FILLER_3587/VDD: has an unconnected terminal at (126.625, 122.435) (127.000, 122.765)
Net VDD, Pin FILLER_3592/VDD: has an unconnected terminal at (143.665, 126.035) (144.000, 126.365)
Net VDD, Pin FILLER_3613/VDD: has an unconnected terminal at (20.625, 129.635) (21.000, 129.965)
Net VDD, Pin FILLER_3616/VDD: has an unconnected terminal at (27.625, 129.635) (28.000, 129.965)
Net VDD, Pin FILLER_3617/VDD: has an unconnected terminal at (29.865, 129.635) (30.200, 129.965)
Net VDD, Pin FILLER_3629/VDD: has an unconnected terminal at (66.225, 126.035) (66.600, 126.365)
Net VDD, Pin FILLER_3664/VDD: has an unconnected terminal at (21.465, 126.035) (21.800, 126.365)
Net VDD, Pin FILLER_3670/VDD: has an unconnected terminal at (40.065, 129.635) (40.400, 129.965)
Net VDD, Pin FILLER_3674/VDD: has an unconnected terminal at (106.425, 126.035) (106.800, 126.365)
Net VDD, Pin FILLER_3688/VDD: has an unconnected terminal at (8.465, 133.235) (8.800, 133.565)
Net VDD, Pin FILLER_3700/VDD: has an unconnected terminal at (31.225, 129.635) (31.600, 129.965)
Net VDD, Pin FILLER_3701/VDD: has an unconnected terminal at (46.225, 129.635) (46.600, 129.965)
Net VDD, Pin FILLER_3722/VDD: has an unconnected terminal at (118.665, 133.235) (119.000, 133.565)
Net VDD, Pin FILLER_3726/VDD: has an unconnected terminal at (126.265, 129.635) (126.600, 129.965)
Net VDD, Pin FILLER_3731/VDD: has an unconnected terminal at (151.865, 129.635) (152.200, 129.965)
Net VDD, Pin FILLER_3732/VDD: has an unconnected terminal at (150.025, 129.635) (150.400, 129.965)
Net VDD, Pin FILLER_3740/VDD: has an unconnected terminal at (11.065, 133.235) (11.400, 133.565)
Net VDD, Pin FILLER_3750/VDD: has an unconnected terminal at (26.825, 129.635) (27.200, 129.965)
Net VDD, Pin FILLER_3758/VDD: has an unconnected terminal at (58.625, 133.235) (59.000, 133.565)
Net VDD, Pin FILLER_3791/VDD: has an unconnected terminal at (148.025, 129.635) (148.400, 129.965)
Net VDD, Pin FILLER_3815/VDD: has an unconnected terminal at (62.065, 133.235) (62.400, 133.565)
Net VDD, Pin FILLER_3840/VDD: has an unconnected terminal at (120.465, 133.235) (120.800, 133.565)
Net VDD, Pin FILLER_3842/VDD: has an unconnected terminal at (130.665, 129.635) (131.000, 129.965)
Net VDD, Pin FILLER_3853/VDD: has an unconnected terminal at (161.225, 133.235) (161.600, 133.565)
Net VDD, Pin FILLER_3854/VDD: has an unconnected terminal at (4.265, 140.435) (4.600, 140.765)
Net VDD, Pin FILLER_3855/VDD: has an unconnected terminal at (3.865, 133.235) (4.200, 133.565)
Net VDD, Pin FILLER_3858/VDD: has an unconnected terminal at (31.465, 136.835) (31.800, 137.165)
Net VDD, Pin FILLER_3873/VDD: has an unconnected terminal at (61.065, 133.235) (61.400, 133.565)
Net VDD, Pin FILLER_3884/VDD: has an unconnected terminal at (110.665, 133.235) (111.000, 133.565)
Net VDD, Pin FILLER_3896/VDD: has an unconnected terminal at (140.065, 140.435) (140.400, 140.765)
Net VDD, Pin FILLER_3921/VDD: has an unconnected terminal at (47.265, 136.835) (47.600, 137.165)
Net VDD, Pin FILLER_3928/VDD: has an unconnected terminal at (72.665, 133.235) (73.000, 133.565)
Net VDD, Pin FILLER_3954/VDD: has an unconnected terminal at (143.465, 140.435) (143.800, 140.765)
Net VDD, Pin FILLER_3961/VDD: has an unconnected terminal at (158.065, 136.835) (158.400, 137.165)
Net VDD, Pin FILLER_3983/VDD: has an unconnected terminal at (45.625, 140.435) (46.000, 140.765)
Net VDD, Pin FILLER_3999/VDD: has an unconnected terminal at (80.065, 144.035) (80.400, 144.365)
Net VDD, Pin FILLER_4016/VDD: has an unconnected terminal at (159.865, 136.835) (160.200, 137.165)
Net VDD, Pin FILLER_4023/VDD: has an unconnected terminal at (6.225, 140.435) (6.600, 140.765)
Net VDD, Pin FILLER_4034/VDD: has an unconnected terminal at (22.025, 144.035) (22.400, 144.365)
Net VDD, Pin FILLER_4043/VDD: has an unconnected terminal at (36.225, 140.435) (36.600, 140.765)
Net VDD, Pin FILLER_4061/VDD: has an unconnected terminal at (88.265, 144.035) (88.600, 144.365)
Net VDD, Pin FILLER_4066/VDD: has an unconnected terminal at (116.465, 147.635) (116.800, 147.965)
Net VDD, Pin FILLER_4070/VDD: has an unconnected terminal at (128.665, 144.035) (129.000, 144.365)
Net VDD, Pin FILLER_4078/VDD: has an unconnected terminal at (147.465, 144.035) (147.800, 144.365)
Net VDD, Pin FILLER_4082/VDD: has an unconnected terminal at (159.665, 140.435) (160.000, 140.765)
Net VDD, Pin FILLER_4084/VDD: has an unconnected terminal at (161.425, 140.435) (161.800, 140.765)
Net VDD, Pin FILLER_4085/VDD: has an unconnected terminal at (5.865, 144.035) (6.200, 144.365)
Net VDD, Pin FILLER_4090/VDD: has an unconnected terminal at (13.865, 144.035) (14.200, 144.365)
Net VDD, Pin FILLER_4093/VDD: has an unconnected terminal at (15.425, 140.435) (15.800, 140.765)
Net VDD, Pin FILLER_4096/VDD: has an unconnected terminal at (21.225, 144.035) (21.600, 144.365)
Net VDD, Pin FILLER_4116/VDD: has an unconnected terminal at (57.825, 144.035) (58.200, 144.365)
Net VDD, Pin FILLER_4118/VDD: has an unconnected terminal at (59.425, 144.035) (59.800, 144.365)
Net VDD, Pin FILLER_4135/VDD: has an unconnected terminal at (92.865, 144.035) (93.200, 144.365)
Net VDD, Pin FILLER_4140/VDD: has an unconnected terminal at (105.625, 144.035) (106.000, 144.365)
Net VDD, Pin FILLER_4141/VDD: has an unconnected terminal at (106.425, 144.035) (106.800, 144.365)
Net VDD, Pin FILLER_4142/VDD: has an unconnected terminal at (110.265, 144.035) (110.600, 144.365)
Net VDD, Pin FILLER_4207/VDD: has an unconnected terminal at (141.865, 144.035) (142.200, 144.365)
Net VDD, Pin FILLER_4216/VDD: has an unconnected terminal at (12.665, 144.035) (13.000, 144.365)
Net VDD, Pin FILLER_4221/VDD: has an unconnected terminal at (38.865, 147.635) (39.200, 147.965)
Net VDD, Pin FILLER_4230/VDD: has an unconnected terminal at (71.625, 147.635) (72.000, 147.965)
Net VDD, Pin FILLER_4232/VDD: has an unconnected terminal at (73.225, 147.635) (73.600, 147.965)
Net VDD, Pin FILLER_4246/VDD: has an unconnected terminal at (132.065, 144.035) (132.400, 144.365)
Net VDD, Pin FILLER_4257/VDD: has an unconnected terminal at (8.265, 151.235) (8.600, 151.565)
Net VDD, Pin FILLER_4263/VDD: has an unconnected terminal at (25.025, 147.635) (25.400, 147.965)
Net VDD, Pin FILLER_4264/VDD: has an unconnected terminal at (27.625, 147.635) (28.000, 147.965)
Net VDD, Pin FILLER_4284/VDD: has an unconnected terminal at (117.065, 144.035) (117.400, 144.365)
Net VDD, Pin FILLER_4294/VDD: has an unconnected terminal at (159.265, 147.635) (159.600, 147.965)
Net VDD, Pin FILLER_4297/VDD: has an unconnected terminal at (161.425, 147.635) (161.800, 147.965)
Net VDD, Pin FILLER_4305/VDD: has an unconnected terminal at (30.265, 147.635) (30.600, 147.965)
Net VDD, Pin FILLER_4306/VDD: has an unconnected terminal at (31.265, 147.635) (31.600, 147.965)
Net VDD, Pin FILLER_4313/VDD: has an unconnected terminal at (51.625, 151.235) (52.000, 151.565)
Net VDD, Pin FILLER_4318/VDD: has an unconnected terminal at (69.025, 151.235) (69.400, 151.565)
Net VDD, Pin FILLER_4322/VDD: has an unconnected terminal at (81.265, 151.235) (81.600, 151.565)
Net VDD, Pin FILLER_4329/VDD: has an unconnected terminal at (108.265, 151.235) (108.600, 151.565)
Net VDD, Pin FILLER_4347/VDD: has an unconnected terminal at (20.225, 151.235) (20.600, 151.565)
Net VDD, Pin FILLER_4353/VDD: has an unconnected terminal at (40.265, 151.235) (40.600, 151.565)
Net VDD, Pin FILLER_4354/VDD: has an unconnected terminal at (42.065, 151.235) (42.400, 151.565)
Net VDD, Pin FILLER_4358/VDD: has an unconnected terminal at (54.465, 154.835) (54.800, 155.165)
Net VDD, Pin FILLER_4359/VDD: has an unconnected terminal at (61.665, 151.235) (62.000, 151.565)
Net VDD, Pin FILLER_4361/VDD: has an unconnected terminal at (58.025, 151.235) (58.400, 151.565)
Net VDD, Pin FILLER_4364/VDD: has an unconnected terminal at (82.465, 147.635) (82.800, 147.965)
Net VDD, Pin FILLER_4372/VDD: has an unconnected terminal at (126.825, 151.235) (127.200, 151.565)
Net VDD, Pin FILLER_4379/VDD: has an unconnected terminal at (158.065, 151.235) (158.400, 151.565)
Net VDD, Pin FILLER_4381/VDD: has an unconnected terminal at (161.425, 151.235) (161.800, 151.565)
Net VDD, Pin FILLER_4385/VDD: has an unconnected terminal at (11.425, 151.235) (11.800, 151.565)
Net VDD, Pin FILLER_4390/VDD: has an unconnected terminal at (20.625, 154.835) (21.000, 155.165)
Net VDD, Pin FILLER_4391/VDD: has an unconnected terminal at (19.825, 154.835) (20.200, 155.165)
Net VDD, Pin FILLER_4403/VDD: has an unconnected terminal at (81.665, 154.835) (82.000, 155.165)
Net VDD, Pin FILLER_4413/VDD: has an unconnected terminal at (128.465, 154.835) (128.800, 155.165)
Net VDD, Pin FILLER_4414/VDD: has an unconnected terminal at (121.065, 154.835) (121.400, 155.165)
Net VDD, Pin FILLER_4415/VDD: has an unconnected terminal at (130.065, 154.835) (130.400, 155.165)
Net VDD, Pin FILLER_4418/VDD: has an unconnected terminal at (154.065, 151.235) (154.400, 151.565)
Net VDD, Pin FILLER_4436/VDD: has an unconnected terminal at (46.665, 154.835) (47.000, 155.165)
Net VDD, Pin FILLER_4447/VDD: has an unconnected terminal at (91.865, 154.835) (92.200, 155.165)
Net VDD, Pin FILLER_4449/VDD: has an unconnected terminal at (88.025, 154.835) (88.400, 155.165)
Net VDD, Pin FILLER_4451/VDD: has an unconnected terminal at (104.465, 154.835) (104.800, 155.165)
Net VDD, Pin FILLER_4463/VDD: has an unconnected terminal at (159.865, 154.835) (160.200, 155.165)
Net VDD, Pin FILLER_4470/VDD: has an unconnected terminal at (27.465, 158.435) (27.800, 158.765)
Net VDD, Pin FILLER_4478/VDD: has an unconnected terminal at (60.265, 158.435) (60.600, 158.765)
Net VDD, Pin FILLER_4491/VDD: has an unconnected terminal at (92.425, 158.435) (92.800, 158.765)
Net VDD, Pin FILLER_4492/VDD: has an unconnected terminal at (93.225, 158.435) (93.600, 158.765)
Net VDD, Pin FILLER_4493/VDD: has an unconnected terminal at (99.665, 158.435) (100.000, 158.765)
Net VDD, Pin FILLER_4502/VDD: has an unconnected terminal at (134.665, 158.435) (135.000, 158.765)
Net VDD, Pin FILLER_4515/VDD: has an unconnected terminal at (34.265, 158.435) (34.600, 158.765)
Net VDD, Pin FILLER_4521/VDD: has an unconnected terminal at (62.065, 158.435) (62.400, 158.765)
Net VDD, Pin FILLER_4530/VDD: has an unconnected terminal at (95.025, 158.435) (95.400, 158.765)
Net VDD, Pin FILLER_4536/VDD: has an unconnected terminal at (142.065, 158.435) (142.400, 158.765)
Net VDD, Pin FILLER_4539/VDD: has an unconnected terminal at (144.225, 158.435) (144.600, 158.765)
Net VDD: has special routes with opens at (2.000, 1.835) (161.800, 158.600)
Net VDD: has regular routing with opens at (146.000, 157.870) (161.600, 158.765)
Net VDD: has regular routing with opens at (131.200, 154.285) (144.000, 155.165)
Net VDD: has regular routing with opens at (108.000, 157.870) (128.400, 158.765)
Net VDD: has regular routing with opens at (100.800, 157.885) (107.800, 158.765)
Net VDD: has regular routing with opens at (84.600, 157.870) (91.600, 158.765)
Net VDD: has regular routing with opens at (62.800, 157.885) (82.400, 158.765)
Net VDD: has regular routing with opens at (82.800, 158.130) (84.000, 158.765)
Net VDD: has regular routing with opens at (34.800, 157.885) (54.000, 158.765)
Net VDD: has regular routing with opens at (12.400, 154.270) (19.200, 155.165)
Net VDD: has regular routing with opens at (2.200, 157.885) (21.200, 158.765)
Net VDD: has regular routing with opens at (61.600, 154.270) (74.200, 155.165)
Net VDD: has regular routing with opens at (70.000, 150.670) (78.000, 151.565)
Net VDD: has regular routing with opens at (55.000, 154.285) (61.400, 155.165)
Net VDD: has regular routing with opens at (160.600, 154.530) (161.800, 155.165)
Net VDD: has regular routing with opens at (149.000, 154.270) (158.400, 155.165)
Net VDD: has regular routing with opens at (21.200, 154.530) (32.200, 155.165)
Net VDD: has regular routing with opens at (2.000, 154.270) (12.200, 155.165)
Net VDD: has regular routing with opens at (82.200, 150.685) (104.800, 151.565)
Net VDD: has regular routing with opens at (43.200, 150.670) (51.000, 151.565)
Net VDD: has regular routing with opens at (32.600, 154.270) (45.200, 155.165)
Net VDD: has regular routing with opens at (9.200, 150.930) (11.000, 151.565)
Net VDD: has regular routing with opens at (158.600, 150.670) (160.800, 151.565)
Net VDD: has regular routing with opens at (140.200, 150.685) (147.800, 151.565)
Net VDD: has regular routing with opens at (127.800, 150.685) (139.800, 151.565)
Net VDD: has regular routing with opens at (105.200, 154.285) (116.000, 155.165)
Net VDD: has regular routing with opens at (39.800, 147.085) (51.800, 147.965)
Net VDD: has regular routing with opens at (21.200, 150.670) (29.800, 151.565)
Net VDD: has regular routing with opens at (30.000, 150.670) (38.600, 151.565)
Net VDD: has regular routing with opens at (19.200, 150.930) (19.800, 151.565)
Net VDD: has regular routing with opens at (119.400, 147.085) (125.800, 147.965)
Net VDD: has regular routing with opens at (115.200, 150.685) (126.400, 151.565)
Net VDD: has regular routing with opens at (111.600, 147.070) (113.400, 147.965)
Net VDD: has regular routing with opens at (109.600, 147.070) (111.000, 147.965)
Net VDD: has regular routing with opens at (62.600, 150.670) (68.600, 151.565)
Net VDD: has regular routing with opens at (52.200, 150.670) (57.600, 151.565)
Net VDD: has regular routing with opens at (44.000, 143.470) (51.800, 144.365)
Net VDD: has regular routing with opens at (32.000, 147.330) (38.200, 147.965)
Net VDD: has regular routing with opens at (2.200, 147.085) (18.600, 147.965)
Net VDD: has regular routing with opens at (12.000, 150.670) (18.800, 151.565)
Net VDD: has regular routing with opens at (159.800, 147.330) (161.000, 147.965)
Net VDD: has regular routing with opens at (143.200, 147.070) (157.200, 147.965)
Net VDD: has regular routing with opens at (117.000, 147.070) (119.200, 147.965)
Net VDD: has regular routing with opens at (98.200, 143.485) (105.200, 144.365)
Net VDD: has regular routing with opens at (96.000, 147.085) (109.000, 147.965)
Net VDD: has regular routing with opens at (83.400, 147.070) (95.800, 147.965)
Net VDD: has regular routing with opens at (74.600, 147.070) (75.400, 147.965)
Net VDD: has regular routing with opens at (69.000, 147.070) (71.200, 147.965)
Net VDD: has regular routing with opens at (56.200, 147.085) (63.000, 147.965)
Net VDD: has regular routing with opens at (53.400, 143.470) (57.400, 144.365)
Net VDD: has regular routing with opens at (19.000, 147.070) (23.800, 147.965)
Net VDD: has regular routing with opens at (155.800, 143.470) (161.600, 144.365)
Net VDD: has regular routing with opens at (140.800, 147.330) (141.800, 147.965)
Net VDD: has regular routing with opens at (117.600, 143.470) (123.000, 144.365)
Net VDD: has regular routing with opens at (72.200, 147.330) (72.800, 147.965)
Net VDD: has regular routing with opens at (63.600, 147.070) (68.400, 147.965)
Net VDD: has regular routing with opens at (22.800, 143.470) (40.000, 144.365)
Net VDD: has regular routing with opens at (123.400, 143.470) (127.200, 144.365)
Net VDD: has regular routing with opens at (93.400, 143.470) (95.600, 144.365)
Net VDD: has regular routing with opens at (8.000, 139.870) (11.800, 140.765)
Net VDD: has regular routing with opens at (148.200, 143.470) (155.400, 144.365)
Net VDD: has regular routing with opens at (146.600, 139.885) (153.400, 140.765)
Net VDD: has regular routing with opens at (64.000, 143.470) (73.400, 144.365)
Net VDD: has regular routing with opens at (60.800, 143.470) (63.600, 144.365)
Net VDD: has regular routing with opens at (58.400, 143.730) (59.000, 144.365)
Net VDD: has regular routing with opens at (52.000, 143.730) (53.000, 144.365)
Net VDD: has regular routing with opens at (40.400, 143.470) (43.800, 144.365)
Net VDD: has regular routing with opens at (12.000, 139.870) (15.000, 140.765)
Net VDD: has regular routing with opens at (2.800, 143.730) (3.600, 144.365)
Net VDD: has regular routing with opens at (144.400, 143.470) (145.600, 144.365)
Net VDD: has regular routing with opens at (142.600, 143.730) (143.600, 144.365)
Net VDD: has regular routing with opens at (132.400, 147.070) (140.000, 147.965)
Net VDD: has regular routing with opens at (111.000, 143.470) (115.600, 144.365)
Net VDD: has regular routing with opens at (95.800, 143.470) (97.400, 144.365)
Net VDD: has regular routing with opens at (80.800, 143.470) (87.600, 144.365)
Net VDD: has regular routing with opens at (74.600, 139.870) (82.200, 140.765)
Net VDD: has regular routing with opens at (57.200, 139.870) (74.200, 140.765)
Net VDD: has regular routing with opens at (37.600, 140.130) (45.000, 140.765)
Net VDD: has regular routing with opens at (22.000, 139.870) (27.400, 140.765)
Net VDD: has regular routing with opens at (2.000, 136.270) (5.200, 137.165)
Net VDD: has regular routing with opens at (160.600, 136.270) (161.600, 137.165)
Net VDD: has regular routing with opens at (119.800, 139.870) (136.200, 140.765)
Net VDD: has regular routing with opens at (102.600, 139.870) (111.800, 140.765)
Net VDD: has regular routing with opens at (76.200, 136.530) (86.800, 137.165)
Net VDD: has regular routing with opens at (73.600, 143.730) (79.200, 144.365)
Net VDD: has regular routing with opens at (28.200, 139.870) (34.200, 140.765)
Net VDD: has regular routing with opens at (140.200, 136.270) (146.600, 137.165)
Net VDD: has regular routing with opens at (106.400, 136.530) (116.800, 137.165)
Net VDD: has regular routing with opens at (87.000, 136.270) (106.200, 137.165)
Net VDD: has regular routing with opens at (79.000, 129.070) (86.600, 129.965)
Net VDD: has regular routing with opens at (70.200, 132.930) (71.800, 133.565)
Net VDD: has regular routing with opens at (51.600, 136.530) (62.800, 137.165)
Net VDD: has regular routing with opens at (45.400, 132.670) (58.000, 133.565)
Net VDD: has regular routing with opens at (32.600, 136.270) (39.800, 137.165)
Net VDD: has regular routing with opens at (28.800, 136.270) (30.000, 137.165)
Net VDD: has regular routing with opens at (21.600, 136.270) (27.600, 137.165)
Net VDD: has regular routing with opens at (5.400, 136.270) (7.000, 137.165)
Net VDD: has regular routing with opens at (147.200, 136.285) (154.000, 137.165)
Net VDD: has regular routing with opens at (147.200, 132.670) (155.800, 133.565)
Net VDD: has regular routing with opens at (138.400, 129.070) (147.600, 129.965)
Net VDD: has regular routing with opens at (137.200, 136.460) (139.200, 137.165)
Net VDD: has regular routing with opens at (121.000, 132.670) (134.200, 133.565)
Net VDD: has regular routing with opens at (113.200, 132.670) (117.200, 133.565)
Net VDD: has regular routing with opens at (81.000, 132.670) (93.400, 133.565)
Net VDD: has regular routing with opens at (73.200, 132.670) (79.800, 133.565)
Net VDD: has regular routing with opens at (62.800, 132.930) (63.600, 133.565)
Net VDD: has regular routing with opens at (32.200, 132.670) (45.200, 133.565)
Net VDD: has regular routing with opens at (27.800, 136.530) (28.600, 137.165)
Net VDD: has regular routing with opens at (159.600, 132.670) (160.800, 133.565)
Net VDD: has regular routing with opens at (156.200, 132.670) (159.400, 133.565)
Net VDD: has regular routing with opens at (148.800, 129.070) (149.600, 129.965)
Net VDD: has regular routing with opens at (107.800, 132.930) (109.000, 133.565)
Net VDD: has regular routing with opens at (104.400, 132.670) (107.600, 133.565)
Net VDD: has regular routing with opens at (72.800, 129.070) (78.800, 129.965)
Net VDD: has regular routing with opens at (63.800, 132.670) (69.600, 133.565)
Net VDD: has regular routing with opens at (20.200, 136.530) (21.400, 137.165)
Net VDD: has regular routing with opens at (7.200, 136.270) (14.000, 137.165)
Net VDD: has regular routing with opens at (117.200, 136.285) (127.800, 137.165)
Net VDD: has regular routing with opens at (111.600, 132.930) (112.800, 133.565)
Net VDD: has regular routing with opens at (67.200, 125.470) (73.200, 126.365)
Net VDD: has regular routing with opens at (26.200, 132.930) (31.600, 133.565)
Net VDD: has regular routing with opens at (25.200, 129.330) (26.200, 129.965)
Net VDD: has regular routing with opens at (21.400, 129.070) (24.800, 129.965)
Net VDD: has regular routing with opens at (11.600, 132.670) (15.400, 133.565)
Net VDD: has regular routing with opens at (160.800, 129.330) (161.600, 129.965)
Net VDD: has regular routing with opens at (153.600, 129.070) (160.400, 129.965)
Net VDD: has regular routing with opens at (145.800, 125.470) (149.000, 126.365)
Net VDD: has regular routing with opens at (131.200, 129.330) (138.000, 129.965)
Net VDD: has regular routing with opens at (118.200, 129.070) (119.200, 129.965)
Net VDD: has regular routing with opens at (96.400, 129.260) (117.800, 129.965)
Net VDD: has regular routing with opens at (97.200, 121.870) (100.000, 122.765)
Net VDD: has regular routing with opens at (87.200, 129.085) (96.200, 129.965)
Net VDD: has regular routing with opens at (64.000, 125.470) (65.400, 126.365)
Net VDD: has regular routing with opens at (59.000, 125.470) (63.800, 126.365)
Net VDD: has regular routing with opens at (48.400, 129.070) (54.400, 129.965)
Net VDD: has regular routing with opens at (32.200, 129.070) (39.200, 129.965)
Net VDD: has regular routing with opens at (2.000, 129.070) (13.000, 129.965)
Net VDD: has regular routing with opens at (105.200, 125.730) (106.000, 126.365)
Net VDD: has regular routing with opens at (160.600, 125.730) (161.800, 126.365)
Net VDD: has regular routing with opens at (149.600, 125.470) (160.000, 126.365)
Net VDD: has regular routing with opens at (132.800, 125.730) (142.800, 126.365)
Net VDD: has regular routing with opens at (125.200, 125.470) (131.600, 126.365)
Net VDD: has regular routing with opens at (119.000, 125.730) (124.800, 126.365)
Net VDD: has regular routing with opens at (117.600, 125.470) (118.600, 126.365)
Net VDD: has regular routing with opens at (97.800, 125.470) (104.600, 126.365)
Net VDD: has regular routing with opens at (80.400, 125.730) (81.000, 126.365)
Net VDD: has regular routing with opens at (74.200, 125.730) (79.400, 126.365)
Net VDD: has regular routing with opens at (64.400, 121.870) (68.400, 122.765)
Net VDD: has regular routing with opens at (2.800, 125.470) (12.400, 126.365)
Net VDD: has regular routing with opens at (148.200, 121.870) (161.400, 122.765)
Net VDD: has regular routing with opens at (127.400, 121.870) (138.400, 122.765)
Net VDD: has regular routing with opens at (118.800, 121.870) (126.000, 122.765)
Net VDD: has regular routing with opens at (112.000, 122.060) (118.400, 122.765)
Net VDD: has regular routing with opens at (107.000, 125.470) (112.800, 126.365)
Net VDD: has regular routing with opens at (75.200, 118.270) (98.600, 119.165)
Net VDD: has regular routing with opens at (100.200, 121.870) (107.400, 122.765)
Net VDD: has regular routing with opens at (81.600, 125.730) (97.600, 126.365)
Net VDD: has regular routing with opens at (68.600, 121.885) (75.400, 122.765)
Net VDD: has regular routing with opens at (54.200, 122.130) (55.400, 122.765)
Net VDD: has regular routing with opens at (48.400, 121.870) (54.000, 122.765)
Net VDD: has regular routing with opens at (44.000, 121.870) (46.800, 122.765)
Net VDD: has regular routing with opens at (34.000, 121.870) (39.800, 122.765)
Net VDD: has regular routing with opens at (26.400, 125.470) (58.000, 126.365)
Net VDD: has regular routing with opens at (15.200, 125.470) (20.400, 126.365)
Net VDD: has regular routing with opens at (2.200, 121.870) (9.800, 122.765)
Net VDD: has regular routing with opens at (136.400, 118.270) (142.400, 119.165)
Net VDD: has regular routing with opens at (90.200, 122.130) (91.600, 122.765)
Net VDD: has regular routing with opens at (47.200, 121.870) (48.200, 122.765)
Net VDD: has regular routing with opens at (32.200, 121.870) (33.600, 122.765)
Net VDD: has regular routing with opens at (20.800, 118.270) (21.800, 119.165)
Net VDD: has regular routing with opens at (146.600, 118.270) (158.600, 119.165)
Net VDD: has regular routing with opens at (129.600, 118.270) (136.200, 119.165)
Net VDD: has regular routing with opens at (123.200, 118.270) (129.000, 119.165)
Net VDD: has regular routing with opens at (107.200, 118.270) (116.800, 119.165)
Net VDD: has regular routing with opens at (60.200, 118.270) (67.600, 119.165)
Net VDD: has regular routing with opens at (119.600, 118.270) (121.400, 119.165)
Net VDD: has regular routing with opens at (72.400, 118.270) (74.800, 119.165)
Net VDD: has regular routing with opens at (24.200, 118.530) (24.800, 119.165)
Net VDD: has regular routing with opens at (13.000, 118.270) (19.000, 119.165)
Net VDD: has regular routing with opens at (4.200, 118.270) (12.400, 119.165)
Net VDD: has regular routing with opens at (2.200, 118.530) (2.800, 119.165)
Net VDD: has regular routing with opens at (160.600, 114.930) (161.800, 115.565)
Net VDD: has regular routing with opens at (134.600, 114.670) (147.400, 115.565)
Net VDD: has regular routing with opens at (122.600, 114.685) (129.000, 115.565)
Net VDD: has regular routing with opens at (97.400, 114.670) (110.600, 115.565)
Net VDD: has regular routing with opens at (6.600, 114.670) (31.200, 115.565)
Net VDD: has regular routing with opens at (149.600, 114.685) (156.000, 115.565)
Net VDD: has regular routing with opens at (112.400, 114.670) (122.400, 115.565)
Net VDD: has regular routing with opens at (118.400, 111.330) (119.800, 111.965)
Net VDD: has regular routing with opens at (117.000, 111.070) (118.200, 111.965)
Net VDD: has regular routing with opens at (85.200, 114.670) (93.000, 115.565)
Net VDD: has regular routing with opens at (62.600, 114.930) (68.400, 115.565)
Net VDD: has regular routing with opens at (31.800, 114.670) (39.400, 115.565)
Net VDD: has regular routing with opens at (3.400, 111.070) (6.800, 111.965)
Net VDD: has regular routing with opens at (160.800, 111.070) (161.600, 111.965)
Net VDD: has regular routing with opens at (109.400, 111.070) (116.400, 111.965)
Net VDD: has regular routing with opens at (98.000, 111.070) (109.200, 111.965)
Net VDD: has regular routing with opens at (73.200, 111.070) (81.600, 111.965)
Net VDD: has regular routing with opens at (58.400, 111.070) (73.000, 111.965)
Net VDD: has regular routing with opens at (39.600, 111.070) (46.000, 111.965)
Net VDD: has regular routing with opens at (2.200, 114.670) (5.800, 115.565)
Net VDD: has regular routing with opens at (149.000, 111.070) (158.200, 111.965)
Net VDD: has regular routing with opens at (134.000, 111.070) (137.200, 111.965)
Net VDD: has regular routing with opens at (120.000, 111.070) (122.000, 111.965)
Net VDD: has regular routing with opens at (98.400, 107.470) (102.200, 108.365)
Net VDD: has regular routing with opens at (74.600, 114.670) (84.800, 115.565)
Net VDD: has regular routing with opens at (63.800, 107.470) (74.200, 108.365)
Net VDD: has regular routing with opens at (42.800, 107.485) (58.200, 108.365)
Net VDD: has regular routing with opens at (12.400, 107.470) (17.000, 108.365)
Net VDD: has regular routing with opens at (13.000, 111.330) (13.600, 111.965)
Net VDD: has regular routing with opens at (141.800, 107.470) (157.400, 108.365)
Net VDD: has regular routing with opens at (142.800, 111.330) (148.000, 111.965)
Net VDD: has regular routing with opens at (123.200, 111.070) (133.400, 111.965)
Net VDD: has regular routing with opens at (130.400, 107.470) (132.000, 108.365)
Net VDD: has regular routing with opens at (123.000, 107.470) (130.200, 108.365)
Net VDD: has regular routing with opens at (97.000, 107.470) (97.800, 108.365)
Net VDD: has regular routing with opens at (26.000, 107.470) (42.200, 108.365)
Net VDD: has regular routing with opens at (24.800, 111.330) (26.000, 111.965)
Net VDD: has regular routing with opens at (160.200, 107.730) (161.800, 108.365)
Net VDD: has regular routing with opens at (140.800, 107.730) (141.600, 108.365)
Net VDD: has regular routing with opens at (145.200, 103.870) (147.600, 104.765)
Net VDD: has regular routing with opens at (132.400, 107.470) (140.600, 108.365)
Net VDD: has regular routing with opens at (117.000, 107.470) (121.600, 108.365)
Net VDD: has regular routing with opens at (112.600, 103.870) (119.800, 104.765)
Net VDD: has regular routing with opens at (102.800, 107.485) (113.800, 108.365)
Net VDD: has regular routing with opens at (79.400, 107.470) (80.600, 108.365)
Net VDD: has regular routing with opens at (69.000, 103.870) (71.000, 104.765)
Net VDD: has regular routing with opens at (19.200, 107.470) (25.600, 108.365)
Net VDD: has regular routing with opens at (17.400, 107.470) (19.000, 108.365)
Net VDD: has regular routing with opens at (2.200, 107.470) (12.200, 108.365)
Net VDD: has regular routing with opens at (147.800, 103.870) (161.400, 104.765)
Net VDD: has regular routing with opens at (143.400, 104.130) (144.000, 104.765)
Net VDD: has regular routing with opens at (102.800, 103.870) (106.600, 104.765)
Net VDD: has regular routing with opens at (80.800, 107.470) (94.800, 108.365)
Net VDD: has regular routing with opens at (49.200, 104.130) (55.000, 104.765)
Net VDD: has regular routing with opens at (46.800, 104.130) (48.000, 104.765)
Net VDD: has regular routing with opens at (136.000, 104.130) (141.600, 104.765)
Net VDD: has regular routing with opens at (121.600, 103.870) (134.000, 104.765)
Net VDD: has regular routing with opens at (85.800, 103.870) (88.000, 104.765)
Net VDD: has regular routing with opens at (25.400, 100.270) (45.400, 101.165)
Net VDD: has regular routing with opens at (32.200, 103.870) (33.600, 104.765)
Net VDD: has regular routing with opens at (13.800, 103.870) (27.200, 104.765)
Net VDD: has regular routing with opens at (5.400, 100.270) (6.800, 101.165)
Net VDD: has regular routing with opens at (152.200, 96.670) (161.600, 97.565)
Net VDD: has regular routing with opens at (131.400, 100.270) (156.200, 101.165)
Net VDD: has regular routing with opens at (116.400, 100.270) (124.600, 101.165)
Net VDD: has regular routing with opens at (59.000, 100.270) (83.000, 101.165)
Net VDD: has regular routing with opens at (46.000, 100.270) (47.400, 101.165)
Net VDD: has regular routing with opens at (9.800, 100.270) (15.000, 101.165)
Net VDD: has regular routing with opens at (129.600, 100.270) (131.000, 101.165)
Net VDD: has regular routing with opens at (102.400, 100.270) (115.600, 101.165)
Net VDD: has regular routing with opens at (74.000, 103.885) (80.600, 104.765)
Net VDD: has regular routing with opens at (56.800, 103.870) (63.200, 104.765)
Net VDD: has regular routing with opens at (15.200, 100.270) (24.800, 101.165)
Net VDD: has regular routing with opens at (150.400, 93.070) (160.200, 93.965)
Net VDD: has regular routing with opens at (121.800, 96.670) (136.200, 97.565)
Net VDD: has regular routing with opens at (92.600, 96.670) (99.200, 97.565)
Net VDD: has regular routing with opens at (42.400, 96.670) (51.200, 97.565)
Net VDD: has regular routing with opens at (35.400, 96.930) (41.000, 97.565)
Net VDD: has regular routing with opens at (148.400, 96.930) (149.600, 97.565)
Net VDD: has regular routing with opens at (146.000, 96.930) (147.800, 97.565)
Net VDD: has regular routing with opens at (150.200, 96.670) (151.600, 97.565)
Net VDD: has regular routing with opens at (105.600, 93.070) (118.400, 93.965)
Net VDD: has regular routing with opens at (88.200, 100.270) (101.600, 101.165)
Net VDD: has regular routing with opens at (53.400, 96.670) (59.800, 97.565)
Net VDD: has regular routing with opens at (15.000, 96.670) (31.400, 97.565)
Net VDD: has regular routing with opens at (4.800, 96.930) (6.000, 97.565)
Net VDD: has regular routing with opens at (2.200, 96.670) (4.200, 97.565)
Net VDD: has regular routing with opens at (133.400, 93.070) (149.400, 93.965)
Net VDD: has regular routing with opens at (98.800, 93.070) (105.400, 93.965)
Net VDD: has regular routing with opens at (68.800, 93.085) (85.400, 93.965)
Net VDD: has regular routing with opens at (67.800, 96.640) (70.200, 97.565)
Net VDD: has regular routing with opens at (59.600, 93.070) (68.600, 93.965)
Net VDD: has regular routing with opens at (53.400, 93.070) (59.400, 93.965)
Net VDD: has regular routing with opens at (2.200, 93.070) (6.600, 93.965)
Net VDD: has regular routing with opens at (118.800, 93.330) (124.200, 93.965)
Net VDD: has regular routing with opens at (125.800, 93.070) (133.200, 93.965)
Net VDD: has regular routing with opens at (124.600, 93.330) (125.400, 93.965)
Net VDD: has regular routing with opens at (89.000, 89.470) (103.800, 90.365)
Net VDD: has regular routing with opens at (93.200, 93.330) (98.600, 93.965)
Net VDD: has regular routing with opens at (85.800, 93.260) (93.000, 93.965)
Net VDD: has regular routing with opens at (78.600, 89.470) (88.600, 90.365)
Net VDD: has regular routing with opens at (69.200, 89.470) (75.600, 90.365)
Net VDD: has regular routing with opens at (36.200, 93.070) (53.000, 93.965)
Net VDD: has regular routing with opens at (28.600, 93.260) (35.600, 93.965)
Net VDD: has regular routing with opens at (6.800, 93.085) (26.200, 93.965)
Net VDD: has regular routing with opens at (155.000, 85.870) (158.200, 86.765)
Net VDD: has regular routing with opens at (105.200, 89.470) (118.800, 90.365)
Net VDD: has regular routing with opens at (42.600, 89.730) (68.600, 90.365)
Net VDD: has regular routing with opens at (34.200, 89.470) (38.600, 90.365)
Net VDD: has regular routing with opens at (3.400, 85.870) (7.400, 86.765)
Net VDD: has regular routing with opens at (160.800, 86.130) (161.800, 86.765)
Net VDD: has regular routing with opens at (154.800, 89.470) (161.800, 90.365)
Net VDD: has regular routing with opens at (141.000, 89.730) (146.400, 90.365)
Net VDD: has regular routing with opens at (118.400, 85.885) (129.200, 86.765)
Net VDD: has regular routing with opens at (30.200, 86.130) (31.200, 86.765)
Net VDD: has regular routing with opens at (7.600, 85.840) (10.000, 86.765)
Net VDD: has regular routing with opens at (9.000, 89.730) (10.000, 90.365)
Net VDD: has regular routing with opens at (6.400, 89.470) (8.800, 90.365)
Net VDD: has regular routing with opens at (2.000, 89.470) (3.800, 90.365)
Net VDD: has regular routing with opens at (116.400, 85.870) (118.000, 86.765)
Net VDD: has regular routing with opens at (111.000, 85.870) (116.200, 86.765)
Net VDD: has regular routing with opens at (106.200, 85.870) (109.600, 86.765)
Net VDD: has regular routing with opens at (68.600, 86.130) (83.200, 86.765)
Net VDD: has regular routing with opens at (64.400, 82.270) (68.200, 83.165)
Net VDD: has regular routing with opens at (10.200, 86.060) (25.600, 86.765)
Net VDD: has regular routing with opens at (5.200, 89.730) (6.200, 90.365)
Net VDD: has regular routing with opens at (155.800, 82.270) (161.000, 83.165)
Net VDD: has regular routing with opens at (149.000, 89.730) (149.800, 90.365)
Net VDD: has regular routing with opens at (141.400, 85.870) (142.200, 86.765)
Net VDD: has regular routing with opens at (133.800, 85.885) (140.200, 86.765)
Net VDD: has regular routing with opens at (86.000, 85.870) (92.000, 86.765)
Net VDD: has regular routing with opens at (36.600, 82.270) (51.200, 83.165)
Net VDD: has regular routing with opens at (33.600, 82.530) (34.800, 83.165)
Net VDD: has regular routing with opens at (31.600, 86.130) (32.400, 86.765)
Net VDD: has regular routing with opens at (144.000, 86.130) (154.400, 86.765)
Net VDD: has regular routing with opens at (92.400, 85.870) (106.000, 86.765)
Net VDD: has regular routing with opens at (105.000, 82.270) (121.600, 83.165)
Net VDD: has regular routing with opens at (81.800, 82.530) (82.800, 83.165)
Net VDD: has regular routing with opens at (78.400, 82.270) (81.600, 83.165)
Net VDD: has regular routing with opens at (60.800, 82.270) (61.800, 83.165)
Net VDD: has regular routing with opens at (53.400, 82.270) (55.600, 83.165)
Net VDD: has regular routing with opens at (52.200, 82.270) (53.000, 83.165)
Net VDD: has regular routing with opens at (38.600, 85.870) (44.800, 86.765)
Net VDD: has regular routing with opens at (31.000, 78.670) (33.000, 79.565)
Net VDD: has regular routing with opens at (32.800, 85.870) (38.000, 86.765)
Net VDD: has regular routing with opens at (10.400, 82.530) (11.000, 83.165)
Net VDD: has regular routing with opens at (2.000, 82.270) (5.200, 83.165)
Net VDD: has regular routing with opens at (6.000, 82.270) (9.200, 83.165)
Net VDD: has regular routing with opens at (157.800, 78.670) (161.600, 79.565)
Net VDD: has regular routing with opens at (139.400, 78.670) (157.200, 79.565)
Net VDD: has regular routing with opens at (134.800, 82.285) (146.000, 83.165)
Net VDD: has regular routing with opens at (122.000, 78.670) (124.600, 79.565)
Net VDD: has regular routing with opens at (96.600, 82.530) (103.400, 83.165)
Net VDD: has regular routing with opens at (69.200, 82.270) (75.000, 83.165)
Net VDD: has regular routing with opens at (42.200, 78.670) (52.600, 79.565)
Net VDD: has regular routing with opens at (19.000, 78.670) (21.200, 79.565)
Net VDD: has regular routing with opens at (12.000, 82.270) (21.200, 83.165)
Net VDD: has regular routing with opens at (124.800, 78.670) (138.000, 79.565)
Net VDD: has regular routing with opens at (122.000, 82.270) (130.200, 83.165)
Net VDD: has regular routing with opens at (100.600, 78.670) (108.000, 79.565)
Net VDD: has regular routing with opens at (86.600, 78.670) (95.200, 79.565)
Net VDD: has regular routing with opens at (59.000, 75.070) (76.000, 75.965)
Net VDD: has regular routing with opens at (63.400, 82.270) (64.200, 83.165)
Net VDD: has regular routing with opens at (35.200, 78.670) (42.000, 79.565)
Net VDD: has regular routing with opens at (27.600, 75.070) (40.400, 75.965)
Net VDD: has regular routing with opens at (2.400, 78.670) (8.200, 79.565)
Net VDD: has regular routing with opens at (118.800, 78.930) (119.800, 79.565)
Net VDD: has regular routing with opens at (95.800, 78.670) (97.800, 79.565)
Net VDD: has regular routing with opens at (88.000, 75.070) (94.200, 75.965)
Net VDD: has regular routing with opens at (86.000, 82.530) (96.000, 83.165)
Net VDD: has regular routing with opens at (83.400, 82.270) (85.400, 83.165)
Net VDD: has regular routing with opens at (33.200, 78.670) (35.000, 79.565)
Net VDD: has regular routing with opens at (155.200, 75.085) (161.600, 75.965)
Net VDD: has regular routing with opens at (105.800, 75.070) (138.000, 75.965)
Net VDD: has regular routing with opens at (96.000, 75.070) (103.200, 75.965)
Net VDD: has regular routing with opens at (77.400, 75.070) (87.800, 75.965)
Net VDD: has regular routing with opens at (48.400, 75.070) (58.800, 75.965)
Net VDD: has regular routing with opens at (12.000, 78.930) (13.200, 79.565)
Net VDD: has regular routing with opens at (8.400, 78.670) (11.800, 79.565)
Net VDD: has regular routing with opens at (2.400, 75.085) (9.400, 75.965)
Net VDD: has regular routing with opens at (159.000, 71.470) (161.600, 72.365)
Net VDD: has regular routing with opens at (150.800, 75.070) (154.600, 75.965)
Net VDD: has regular routing with opens at (120.800, 71.470) (122.200, 72.365)
Net VDD: has regular routing with opens at (120.000, 78.670) (121.600, 79.565)
Net VDD: has regular routing with opens at (99.600, 71.470) (107.200, 72.365)
Net VDD: has regular routing with opens at (65.600, 71.470) (72.400, 72.365)
Net VDD: has regular routing with opens at (42.400, 75.070) (46.000, 75.965)
Net VDD: has regular routing with opens at (35.200, 71.470) (41.600, 72.365)
Net VDD: has regular routing with opens at (21.600, 78.670) (22.400, 79.565)
Net VDD: has regular routing with opens at (17.000, 75.330) (22.400, 75.965)
Net VDD: has regular routing with opens at (150.600, 71.470) (158.600, 72.365)
Net VDD: has regular routing with opens at (122.600, 71.470) (126.600, 72.365)
Net VDD: has regular routing with opens at (53.400, 71.470) (59.200, 72.365)
Net VDD: has regular routing with opens at (11.800, 71.440) (21.800, 72.365)
Net VDD: has regular routing with opens at (15.000, 67.870) (21.400, 68.765)

Begin Summary
    624 Problem(s) (IMPVFC-96): Terminal(s) are not connected.
    1 Problem(s) (IMPVFC-200): Special Wires: Pieces of the net are not connected together.
    375 Problem(s) (IMPVFC-92): Pieces of the net are not connected together.
    1000 total info(s) created.
End Summary
