Warning: Design 'core' has '1' unresolved references. For more detailed information, use the "link" command. (UID-341)
 
****************************************
Report : reference
Design : core
Version: K-2015.06-SP2
Date   : Sat Mar  8 12:04:19 2025
****************************************

Attributes:
    b - black box (unknown)
   bo - allows boundary optimization
    d - dont_touch
   mo - map_only
    h - hierarchical
    n - noncombinational
    r - removable
    s - synthetic operator
    u - contains unmapped logic

Reference          Library       Unit Area   Count    Total Area   Attributes
-----------------------------------------------------------------------------
AO22D0             tcbn65gplustc
                                  2.880000     160    460.800018  
EDFQD1             tcbn65gplustc
                                  9.360000     160   1497.599945  n
INVD0              tcbn65gplustc
                                  1.080000       6      6.480000  
INVD2              tcbn65gplustc
                                  1.440000       1      1.440000  
MUX2D0             tcbn65gplustc
                                  3.240000      64    207.360001  
OR2D0              tcbn65gplustc
                                  2.160000       3      6.480000  
mac_array_col8_bw8_bw_psum20_pr16
                              46037.879772       1  46037.879772  h, n
ofifo_col8_bw20               33854.399950       1  33854.399950  h, n
sfp_row                           0.000000       1      0.000000  b
sram_w8                           0.000000       1      0.000000  b
sram_w8                           0.000000       2      0.000000  b
-----------------------------------------------------------------------------
Total 11 references                                 82072.439687
1
