Warning: Design 'core' has '1' unresolved references. For more detailed information, use the "link" command. (UID-341)
 
****************************************
Report : area
Design : core
Version: K-2015.06-SP2
Date   : Sat Mar  8 13:30:25 2025
****************************************

Library(s) Used:

    tcbn65gplustc (File: /home/linux/ieng6/ee260bwi25/public/PDKdata/db/tcbn65gplustc.db)

Number of ports:                        18814
Number of nets:                         38322
Number of cells:                        19052
Number of combinational cells:          13549
Number of sequential cells:              5333
Number of macros/black boxes:               0
Number of buf/inv:                       1620
Number of references:                      10

Combinational area:              51806.159842
Buf/Inv area:                     1771.920070
Noncombinational area:           28768.679900
Macro/Black Box area:                0.000000
Net Interconnect area:      undefined  (Wire load has zero net area)

Total cell area:                 80574.839742
Total area:                 undefined

Information: This design contains black box (unknown) components. (RPT-8)
1
