###############################################################
#  Generated by:      Cadence Innovus 15.23-s045_1
#  OS:                Linux x86_64(Host ID ieng6-ece-06.ucsd.edu)
#  Generated on:      Fri Mar 21 12:58:14 2025
#  Design:            fullchip
#  Command:           verifyGeometry
###############################################################

SHORT: Special Wire of Net VSS & Blockage of Cell core_instance_2  ( M5 )
Bounds : ( 775.000, 452.085 ) ( 1446.600, 452.375 )


SHORT: Special Wire of Net VSS & Blockage of Cell core_instance_2  ( M5 )
Bounds : ( 775.620, 452.085 ) ( 1446.600, 453.085 )


SHORT: Special Wire of Net VSS & Blockage of Cell core_instance_2  ( M5 )
Bounds : ( 775.000, 452.675 ) ( 1446.600, 453.085 )


SHORT: Special Wire of Net VSS & Pin of Cell core_instance_2  ( M5 )
Bounds : ( 775.000, 452.475 ) ( 775.520, 452.575 )


SHORT: Special Wire of Net VDD & Blockage of Cell core_instance_2  ( M5 )
Bounds : ( 775.000, 450.085 ) ( 1446.600, 451.085 )


SHORT: Special Wire of Net VSS & Blockage of Cell core_instance_2  ( M5 )
Bounds : ( 775.000, 389.930 ) ( 784.840, 390.930 )


SHORT: Special Wire of Net VSS & Pin of Cell core_instance_2  ( M5 )
Bounds : ( 785.000, 389.930 ) ( 1436.600, 390.415 )


SHORT: Special Wire of Net VSS & Blockage of Cell core_instance_2  ( M5 )
Bounds : ( 775.000, 390.575 ) ( 1446.600, 390.930 )


SHORT: Special Wire of Net VDD & Blockage of Cell core_instance_2  ( M5 )
Bounds : ( 775.000, 387.930 ) ( 1446.600, 388.930 )


SHORT: Special Wire of Net VSS & Blockage of Cell core_instance_2  ( M5 )
Bounds : ( 1436.760, 389.930 ) ( 1446.600, 390.930 )


SHORT: Special Wire of Net VSS & Blockage of Cell core_instance_2  ( M5 )
Bounds : ( 775.000, 638.550 ) ( 1446.600, 639.550 )


SHORT: Special Wire of Net VDD & Blockage of Cell core_instance_2  ( M5 )
Bounds : ( 775.000, 636.550 ) ( 1446.600, 637.550 )


SHORT: Special Wire of Net VSS & Blockage of Cell core_instance_2  ( M5 )
Bounds : ( 775.000, 576.395 ) ( 1446.600, 576.965 )


SHORT: Special Wire of Net VSS & Blockage of Cell core_instance_2  ( M5 )
Bounds : ( 775.000, 576.395 ) ( 784.840, 577.395 )


SHORT: Special Wire of Net VDD & Blockage of Cell core_instance_2  ( M5 )
Bounds : ( 775.000, 574.395 ) ( 1446.600, 574.965 )


SHORT: Special Wire of Net VDD & Blockage of Cell core_instance_2  ( M5 )
Bounds : ( 775.000, 574.395 ) ( 784.840, 575.395 )


SHORT: Special Wire of Net VSS & Blockage of Cell core_instance_2  ( M5 )
Bounds : ( 775.000, 514.240 ) ( 1446.600, 515.240 )


SHORT: Special Wire of Net VDD & Blockage of Cell core_instance_2  ( M5 )
Bounds : ( 775.000, 512.675 ) ( 1446.600, 513.240 )


SHORT: Special Wire of Net VDD & Blockage of Cell core_instance_2  ( M5 )
Bounds : ( 775.000, 512.240 ) ( 1446.600, 512.375 )


SHORT: Special Wire of Net VDD & Pin of Cell core_instance_2  ( M5 )
Bounds : ( 775.000, 512.475 ) ( 775.520, 512.575 )


SHORT: Special Wire of Net VDD & Blockage of Cell core_instance_2  ( M5 )
Bounds : ( 775.620, 512.240 ) ( 1446.600, 513.240 )


SPACING: Special Wire of Net VSS & Pin of Cell core_instance_2  ( M5 )
Bounds : ( 785.000, 576.125 ) ( 1436.600, 576.395 )
Actual:     0.27     Min:     0.5     Type: ParallelRun


SHORT: Special Wire of Net VSS & Blockage of Cell core_instance_2  ( M5 )
Bounds : ( 1436.760, 576.395 ) ( 1446.600, 577.395 )


SHORT: Special Wire of Net VDD & Blockage of Cell core_instance_2  ( M5 )
Bounds : ( 1436.760, 574.395 ) ( 1446.600, 575.395 )


SHORT: Special Wire of Net VDD & Blockage of Cell core_instance_2  ( M5 )
Bounds : ( 775.000, 698.705 ) ( 1446.600, 699.325 )


SHORT: Special Wire of Net VSS & Pin of Cell core_instance_2  ( M5 )
Bounds : ( 1446.080, 142.075 ) ( 1446.600, 142.175 )


SHORT: Special Wire of Net VDD & Pin of Cell core_instance_2  ( M5 )
Bounds : ( 1446.080, 77.475 ) ( 1446.600, 77.575 )


SHORT: Special Wire of Net VSS & Pin of Cell core_instance_2  ( M5 )
Bounds : ( 1446.080, 328.275 ) ( 1446.600, 328.375 )


SHORT: Special Wire of Net VDD & Pin of Cell core_instance_2  ( M5 )
Bounds : ( 1446.080, 263.675 ) ( 1446.600, 263.775 )


SHORT: Special Wire of Net VSS & Blockage of Cell core_instance_2  ( M5 )
Bounds : ( 1436.760, 203.465 ) ( 1446.600, 204.465 )


SPACING: Special Wire of Net VDD & Blockage of Cell core_instance_2  ( M5 )
Bounds : ( 1445.980, 263.575 ) ( 1446.600, 263.620 )
Actual:     0.045     Min:     0.16     Type: ParallelRun


SHORT: Special Wire of Net VSS & Blockage of Cell core_instance_2  ( M5 )
Bounds : ( 775.000, 203.465 ) ( 784.840, 204.465 )


SHORT: Special Wire of Net VDD & Blockage of Cell core_instance_2  ( M5 )
Bounds : ( 775.000, 139.310 ) ( 1446.600, 140.310 )


SHORT: Special Wire of Net VSS & Blockage of Cell core_instance_2  ( M5 )
Bounds : ( 775.000, 141.310 ) ( 1446.600, 141.975 )


SHORT: Special Wire of Net VSS & Blockage of Cell core_instance_2  ( M5 )
Bounds : ( 775.000, 141.310 ) ( 1445.980, 142.310 )


SHORT: Special Wire of Net VSS & Blockage of Cell core_instance_2  ( M5 )
Bounds : ( 775.000, 142.275 ) ( 1446.600, 142.310 )


SHORT: Special Wire of Net VSS & Blockage of Cell core_instance_2  ( M5 )
Bounds : ( 775.000, 79.155 ) ( 1446.600, 80.155 )


SHORT: Special Wire of Net VDD & Blockage of Cell core_instance_2  ( M5 )
Bounds : ( 775.000, 77.155 ) ( 1446.600, 77.375 )


SHORT: Special Wire of Net VDD & Blockage of Cell core_instance_2  ( M5 )
Bounds : ( 775.000, 77.155 ) ( 1445.980, 78.155 )


SHORT: Special Wire of Net VDD & Blockage of Cell core_instance_2  ( M5 )
Bounds : ( 775.000, 77.675 ) ( 1446.600, 78.155 )


SHORT: Special Wire of Net VSS & Blockage of Cell core_instance_2  ( M5 )
Bounds : ( 775.000, 327.775 ) ( 1446.600, 328.175 )


SHORT: Special Wire of Net VSS & Blockage of Cell core_instance_2  ( M5 )
Bounds : ( 775.000, 327.775 ) ( 1445.980, 328.775 )


SHORT: Special Wire of Net VSS & Blockage of Cell core_instance_2  ( M5 )
Bounds : ( 775.000, 328.475 ) ( 1446.600, 328.775 )


SHORT: Special Wire of Net VDD & Blockage of Cell core_instance_2  ( M5 )
Bounds : ( 775.000, 325.775 ) ( 1446.600, 326.775 )


SHORT: Special Wire of Net VSS & Blockage of Cell core_instance_2  ( M5 )
Bounds : ( 775.000, 265.620 ) ( 1446.600, 266.620 )


SHORT: Special Wire of Net VDD & Blockage of Cell core_instance_2  ( M5 )
Bounds : ( 775.000, 263.620 ) ( 1445.980, 264.620 )


SHORT: Special Wire of Net VDD & Blockage of Cell core_instance_2  ( M5 )
Bounds : ( 775.000, 263.875 ) ( 1446.600, 264.620 )


SHORT: Special Wire of Net VSS & Blockage of Cell core_instance_2  ( M5 )
Bounds : ( 775.000, 203.465 ) ( 1446.600, 203.545 )


SHORT: Special Wire of Net VSS & Pin of Cell core_instance_2  ( M5 )
Bounds : ( 785.000, 203.705 ) ( 1436.600, 204.465 )


SHORT: Special Wire of Net VDD & Blockage of Cell core_instance_2  ( M5 )
Bounds : ( 775.000, 201.465 ) ( 1446.600, 202.465 )


SHORT: Special Wire of Net VSS & Blockage of Cell core_instance_1  ( M5 )
Bounds : ( 45.560, 452.085 ) ( 717.160, 452.375 )


SHORT: Special Wire of Net VSS & Blockage of Cell core_instance_1  ( M5 )
Bounds : ( 45.560, 452.085 ) ( 716.540, 453.085 )


SHORT: Special Wire of Net VSS & Blockage of Cell core_instance_1  ( M5 )
Bounds : ( 45.560, 452.675 ) ( 717.160, 453.085 )


SHORT: Special Wire of Net VDD & Blockage of Cell core_instance_1  ( M5 )
Bounds : ( 45.560, 450.085 ) ( 717.160, 451.085 )


SHORT: Special Wire of Net VSS & Blockage of Cell core_instance_1  ( M5 )
Bounds : ( 45.560, 389.930 ) ( 55.400, 390.930 )


SHORT: Special Wire of Net VSS & Pin of Cell core_instance_1  ( M5 )
Bounds : ( 55.560, 389.930 ) ( 707.160, 390.415 )


SHORT: Special Wire of Net VSS & Blockage of Cell core_instance_1  ( M5 )
Bounds : ( 45.560, 390.575 ) ( 717.160, 390.930 )


SHORT: Special Wire of Net VDD & Blockage of Cell core_instance_1  ( M5 )
Bounds : ( 45.560, 387.930 ) ( 717.160, 388.930 )


SHORT: Special Wire of Net VSS & Pin of Cell core_instance_1  ( M5 )
Bounds : ( 716.640, 452.475 ) ( 717.160, 452.575 )


SHORT: Special Wire of Net VSS & Blockage of Cell core_instance_1  ( M5 )
Bounds : ( 707.320, 389.930 ) ( 717.160, 390.930 )


SHORT: Special Wire of Net VSS & Blockage of Cell core_instance_1  ( M5 )
Bounds : ( 45.560, 638.550 ) ( 717.160, 639.550 )


SHORT: Special Wire of Net VDD & Blockage of Cell core_instance_1  ( M5 )
Bounds : ( 45.560, 636.550 ) ( 717.160, 637.550 )


SHORT: Special Wire of Net VSS & Blockage of Cell core_instance_1  ( M5 )
Bounds : ( 45.560, 576.395 ) ( 717.160, 576.965 )


SHORT: Special Wire of Net VSS & Blockage of Cell core_instance_1  ( M5 )
Bounds : ( 45.560, 576.395 ) ( 55.400, 577.395 )


SHORT: Special Wire of Net VDD & Blockage of Cell core_instance_1  ( M5 )
Bounds : ( 45.560, 574.395 ) ( 717.160, 574.965 )


SHORT: Special Wire of Net VDD & Blockage of Cell core_instance_1  ( M5 )
Bounds : ( 45.560, 574.395 ) ( 55.400, 575.395 )


SHORT: Special Wire of Net VSS & Blockage of Cell core_instance_1  ( M5 )
Bounds : ( 45.560, 514.240 ) ( 717.160, 515.240 )


SHORT: Special Wire of Net VDD & Blockage of Cell core_instance_1  ( M5 )
Bounds : ( 45.560, 512.240 ) ( 717.160, 512.375 )


SHORT: Special Wire of Net VDD & Blockage of Cell core_instance_1  ( M5 )
Bounds : ( 45.560, 512.675 ) ( 717.160, 513.240 )


SHORT: Special Wire of Net VDD & Blockage of Cell core_instance_1  ( M5 )
Bounds : ( 45.560, 512.240 ) ( 716.540, 513.240 )


SPACING: Special Wire of Net VSS & Pin of Cell core_instance_1  ( M5 )
Bounds : ( 55.560, 576.125 ) ( 707.160, 576.395 )
Actual:     0.27     Min:     0.5     Type: ParallelRun


SHORT: Special Wire of Net VSS & Blockage of Cell core_instance_1  ( M5 )
Bounds : ( 707.320, 576.395 ) ( 717.160, 577.395 )


SHORT: Special Wire of Net VDD & Blockage of Cell core_instance_1  ( M5 )
Bounds : ( 707.320, 574.395 ) ( 717.160, 575.395 )


SHORT: Special Wire of Net VDD & Pin of Cell core_instance_1  ( M5 )
Bounds : ( 716.640, 512.475 ) ( 717.160, 512.575 )


SHORT: Special Wire of Net VDD & Blockage of Cell core_instance_1  ( M5 )
Bounds : ( 45.560, 698.705 ) ( 717.160, 699.325 )


SHORT: Special Wire of Net VSS & Blockage of Cell core_instance_1  ( M5 )
Bounds : ( 707.320, 203.465 ) ( 717.160, 204.465 )


SHORT: Special Wire of Net VSS & Pin of Cell core_instance_1  ( M5 )
Bounds : ( 45.560, 142.075 ) ( 46.080, 142.175 )


SHORT: Special Wire of Net VDD & Pin of Cell core_instance_1  ( M5 )
Bounds : ( 45.560, 77.475 ) ( 46.080, 77.575 )


SHORT: Special Wire of Net VSS & Pin of Cell core_instance_1  ( M5 )
Bounds : ( 45.560, 328.275 ) ( 46.080, 328.375 )


SHORT: Special Wire of Net VDD & Pin of Cell core_instance_1  ( M5 )
Bounds : ( 45.560, 263.675 ) ( 46.080, 263.775 )


SHORT: Special Wire of Net VSS & Blockage of Cell core_instance_1  ( M5 )
Bounds : ( 45.560, 203.465 ) ( 55.400, 204.465 )


SPACING: Special Wire of Net VDD & Blockage of Cell core_instance_1  ( M5 )
Bounds : ( 45.560, 263.575 ) ( 46.180, 263.620 )
Actual:     0.045     Min:     0.16     Type: ParallelRun


SHORT: Special Wire of Net VDD & Blockage of Cell core_instance_1  ( M5 )
Bounds : ( 45.560, 139.310 ) ( 717.160, 140.310 )


SHORT: Special Wire of Net VSS & Blockage of Cell core_instance_1  ( M5 )
Bounds : ( 45.560, 141.310 ) ( 717.160, 141.975 )


SHORT: Special Wire of Net VSS & Blockage of Cell core_instance_1  ( M5 )
Bounds : ( 46.180, 141.310 ) ( 717.160, 142.310 )


SHORT: Special Wire of Net VSS & Blockage of Cell core_instance_1  ( M5 )
Bounds : ( 45.560, 142.275 ) ( 717.160, 142.310 )


SHORT: Special Wire of Net VSS & Blockage of Cell core_instance_1  ( M5 )
Bounds : ( 45.560, 79.155 ) ( 717.160, 80.155 )


SHORT: Special Wire of Net VDD & Blockage of Cell core_instance_1  ( M5 )
Bounds : ( 45.560, 77.155 ) ( 717.160, 77.375 )


SHORT: Special Wire of Net VDD & Blockage of Cell core_instance_1  ( M5 )
Bounds : ( 46.180, 77.155 ) ( 717.160, 78.155 )


SHORT: Special Wire of Net VDD & Blockage of Cell core_instance_1  ( M5 )
Bounds : ( 45.560, 77.675 ) ( 717.160, 78.155 )


SHORT: Special Wire of Net VSS & Blockage of Cell core_instance_1  ( M5 )
Bounds : ( 45.560, 327.775 ) ( 717.160, 328.175 )


SHORT: Special Wire of Net VSS & Blockage of Cell core_instance_1  ( M5 )
Bounds : ( 46.180, 327.775 ) ( 717.160, 328.775 )


SHORT: Special Wire of Net VSS & Blockage of Cell core_instance_1  ( M5 )
Bounds : ( 45.560, 328.475 ) ( 717.160, 328.775 )


SHORT: Special Wire of Net VDD & Blockage of Cell core_instance_1  ( M5 )
Bounds : ( 45.560, 325.775 ) ( 717.160, 326.775 )


SHORT: Special Wire of Net VSS & Blockage of Cell core_instance_1  ( M5 )
Bounds : ( 45.560, 265.620 ) ( 717.160, 266.620 )


SHORT: Special Wire of Net VDD & Blockage of Cell core_instance_1  ( M5 )
Bounds : ( 46.180, 263.620 ) ( 717.160, 264.620 )


SHORT: Special Wire of Net VDD & Blockage of Cell core_instance_1  ( M5 )
Bounds : ( 45.560, 263.875 ) ( 717.160, 264.620 )


SHORT: Special Wire of Net VSS & Blockage of Cell core_instance_1  ( M5 )
Bounds : ( 45.560, 203.465 ) ( 717.160, 203.545 )


SHORT: Special Wire of Net VSS & Pin of Cell core_instance_1  ( M5 )
Bounds : ( 55.560, 203.705 ) ( 707.160, 204.465 )


SHORT: Special Wire of Net VDD & Blockage of Cell core_instance_1  ( M5 )
Bounds : ( 45.560, 201.465 ) ( 717.160, 202.465 )



Begin Summary ...
  Cells       : 0
  SameNet     : 2
  Wiring      : 2
  Antenna     : 0
  Short       : 96
  Overlap     : 0
End Summary

  Total Violations : 100 Viols.
