*----------------------------------------------------------------------------------------
*	Innovus 15.23-s045_1 (64bit) 04/22/2016 12:32 (Linux 2.6.18-194.el5)
*	
*
* 	Date & Time:	2025-Mar-19 18:40:26 (2025-Mar-20 01:40:26 GMT)
*
*----------------------------------------------------------------------------------------
*
*	Design: sram_w8_160b
*
*	Liberty Libraries used: 
*	        WC_VIEW: /home/linux/ieng6/ee260bwi25/public/PDKdata/lib/tcbn65gpluswc.lib
*
*	Power Domain used: 
*		Rail:        VDD 	Voltage:        0.9 
*
*       Power View : WC_VIEW
*
*       User-Defined Activity : N.A.
*
*       Activity File: N.A.
*
*       Hierarchical Global Activity: N.A.
*
*       Global Activity: N.A.
*
*       Sequential Element Activity: 0.200000
*
*       Primary Input Activity: 0.200000
*
*       Default icg ratio: N.A.
*
*       Global Comb ClockGate Ratio: N.A.
*
*	Power Units = 1mW
*
*	Time Units = 1e-09 secs 
*
*       report_power -outfile sram_w8_160b.post_route.power.rpt
*
-----------------------------------------------------------------------------------------


Total Power 
-----------------------------------------------------------------------------------------
Total Internal Power:       11.70565672 	   80.5634%
Total Switching Power:       2.72552416 	   18.7582%
Total Leakage Power:         0.09856359 	    0.6784%
Total Power:                14.52974460 
-----------------------------------------------------------------------------------------


Group                           Internal   Switching     Leakage       Total  Percentage 
                                Power      Power         Power         Power  (%)        
-----------------------------------------------------------------------------------------
Sequential                         10.93      0.2646      0.0829       11.28       77.63 
Macro                                  0           0           0           0           0 
IO                                     0           0           0           0           0 
Combinational                      0.169      0.4789      0.0117      0.6596        4.54 
Clock (Combinational)             0.6053       1.982    0.003965       2.591       17.83 
Clock (Sequential)                     0           0           0           0           0 
-----------------------------------------------------------------------------------------
Total                              11.71       2.726     0.09856       14.53         100 
-----------------------------------------------------------------------------------------


Rail                  Voltage   Internal   Switching     Leakage       Total  Percentage 
                                Power      Power         Power         Power  (%)        
-----------------------------------------------------------------------------------------
VDD                       0.9      11.71       2.726     0.09856       14.53         100 


Clock                           Internal   Switching     Leakage       Total  Percentage 
                                Power      Power         Power         Power  (%)        
-----------------------------------------------------------------------------------------
CLK                               0.6053       1.982    0.003965       2.591       17.83 
-----------------------------------------------------------------------------------------
Total (excluding duplicates)      0.6053       1.982    0.003965       2.591       17.83 
-----------------------------------------------------------------------------------------


-----------------------------------------------------------------------------------------
*	Power Distribution Summary: 
* 		Highest Average Power:  CTS_ccl_BUF_CLK_G0_L2_13 (CKBD12): 	    0.1293 
* 		Highest Leakage Power:             FE_OFC47_N236 (BUFFD16): 	 0.0002562 
* 		Total Cap: 	1.60294e-11 F
* 		Total instances in design:  2352
* 		Total instances in design with no power:     0
*          Total instances in design with no activity:     0
* 		Total Fillers and Decap:     0
-----------------------------------------------------------------------------------------

