Information: Variable 'hdlin_enable_vpp' is obsolete and is being ignored. (INFO-100)
Running PRESTO HDLC
Compiling source file ./verilog/core.v
Warning:  ./verilog/core.v:80: the undeclared symbol 'fifo_valid' assumed to have the default net type, which is 'wire'. (VER-936)
Warning:  ./verilog/core.v:130: Invalid escape sequence '\x' in call to '$display'. (VER-941)
Warning:  ./verilog/core.v:130: Invalid escape sequence '\x' in call to '$display'. (VER-941)
Presto compilation completed successfully.
Loading db file '/home/linux/ieng6/ee260bwi25/public/PDKdata/db/tcbn65gplustc.db'
Running PRESTO HDLC
Compiling source file ./verilog/mac_8in.v
Presto compilation completed successfully.
Running PRESTO HDLC
Compiling source file ./verilog/mac_array.v
Presto compilation completed successfully.
Running PRESTO HDLC
Compiling source file ./verilog/mac_col.v
Presto compilation completed successfully.
Running PRESTO HDLC
Compiling source file ./verilog/fifo_depth16.v
Warning:  ./verilog/fifo_depth16.v:20: The construct 'declaration initial assignment' is not supported in synthesis; it is ignored. (VER-708)
Warning:  ./verilog/fifo_depth16.v:21: The construct 'declaration initial assignment' is not supported in synthesis; it is ignored. (VER-708)
Presto compilation completed successfully.
Running PRESTO HDLC
Compiling source file ./verilog/fifo_mux_16_1.v
Presto compilation completed successfully.
Running PRESTO HDLC
Compiling source file ./verilog/fifo_mux_2_1.v
Presto compilation completed successfully.
Running PRESTO HDLC
Compiling source file ./verilog/fifo_mux_8_1.v
Presto compilation completed successfully.
Running PRESTO HDLC
Compiling source file ./verilog/ofifo.v
Presto compilation completed successfully.
Running PRESTO HDLC
Compiling source file ./verilog/sfp_row.v
Warning:  ./verilog/sfp_row.v:79: the undeclared symbol 'reset' assumed to have the default net type, which is 'wire'. (VER-936)
Presto compilation completed successfully.
Warning: Detected use of obsolete/unsupported feature.  The following
	will not be available in a future release of the application:
	elaborate -update. Use plain elaborate instead (CMD-100)
Loading db file '/software/nonrdist64/dc-2015.06-64/libraries/syn/gtech.db'
Loading db file '/software/nonrdist64/dc-2015.06-64/libraries/syn/standard.sldb'
  Loading link library 'tcbn65gplustc'
  Loading link library 'gtech'
Running PRESTO HDLC
Warning:  ./verilog/core.v:130: Invalid escape sequence '\x' in call to '$display'. (VER-941)
Warning:  ./verilog/core.v:130: Invalid escape sequence '\x' in call to '$display'. (VER-941)
$display output: Memory write to PSUM mem add   ??????

Inferred memory devices in process
	in routine core line 126 in file
		'./verilog/core.v'.
===============================================================================
|    Register Name    |   Type    | Width | Bus | MB | AR | AS | SR | SS | ST |
===============================================================================
|    sfp_out_q_reg    | Flip-flop |  160  |  Y  | N  | N  | N  | N  | N  | N  |
===============================================================================
Presto compilation completed successfully.
Elaborated 1 design.
Current design is now 'core'.
Information: Building the design 'mac_array' instantiated from design 'core' with
	the parameters "bw=8,bw_psum=20,col=8,pr=16". (HDL-193)
Presto compilation completed successfully.
Information: Building the design 'ofifo' instantiated from design 'core' with
	the parameters "bw=20,col=8". (HDL-193)
Presto compilation completed successfully.
Warning: Cannot find the design 'sram_w8' in the library 'WORK'. (LBR-1)
Information: Building the design 'sram_w8' instantiated from design 'core' with
	the parameters "sram_bit=128". (HDL-193)
Warning: Cannot find the design 'sram_w8' in the library 'WORK'. (LBR-1)
Warning: Cannot find the design 'sram_w8' in the library 'WORK'. (LBR-1)
Information: Building the design 'sram_w8' instantiated from design 'core' with
	the parameters "sram_bit=160". (HDL-193)
Warning: Cannot find the design 'sram_w8' in the library 'WORK'. (LBR-1)
Information: Building the design 'sfp_row' instantiated from design 'core' with
	the parameters "bw=8,bw_psum=20,col=8". (HDL-193)
Warning:  ./verilog/sfp_row.v:41: unsigned to signed assignment occurs. (VER-318)
Warning:  ./verilog/sfp_row.v:42: unsigned to signed assignment occurs. (VER-318)
Warning:  ./verilog/sfp_row.v:43: unsigned to signed assignment occurs. (VER-318)
Warning:  ./verilog/sfp_row.v:44: unsigned to signed assignment occurs. (VER-318)
Warning:  ./verilog/sfp_row.v:45: unsigned to signed assignment occurs. (VER-318)
Warning:  ./verilog/sfp_row.v:46: unsigned to signed assignment occurs. (VER-318)
Warning:  ./verilog/sfp_row.v:47: unsigned to signed assignment occurs. (VER-318)
Warning:  ./verilog/sfp_row.v:48: unsigned to signed assignment occurs. (VER-318)
Warning:  ./verilog/sfp_row.v:51: signed to unsigned assignment occurs. (VER-318)
Warning:  ./verilog/sfp_row.v:52: signed to unsigned assignment occurs. (VER-318)
Warning:  ./verilog/sfp_row.v:53: signed to unsigned assignment occurs. (VER-318)
Warning:  ./verilog/sfp_row.v:54: signed to unsigned assignment occurs. (VER-318)
Warning:  ./verilog/sfp_row.v:55: signed to unsigned assignment occurs. (VER-318)
Warning:  ./verilog/sfp_row.v:56: signed to unsigned assignment occurs. (VER-318)
Warning:  ./verilog/sfp_row.v:57: signed to unsigned assignment occurs. (VER-318)
Warning:  ./verilog/sfp_row.v:58: signed to unsigned assignment occurs. (VER-318)
Warning:  ./verilog/sfp_row.v:61: unsigned to signed assignment occurs. (VER-318)

Inferred memory devices in process
	in routine sfp_row_col8_bw8_bw_psum20 line 92 in file
		'./verilog/sfp_row.v'.
===============================================================================
|    Register Name    |   Type    | Width | Bus | MB | AR | AS | SR | SS | ST |
===============================================================================
|  sfp_out_sign0_reg  | Flip-flop |  20   |  Y  | N  | N  | N  | N  | N  | N  |
|  sfp_out_sign2_reg  | Flip-flop |  20   |  Y  | N  | N  | N  | N  | N  | N  |
|  sfp_out_sign4_reg  | Flip-flop |  20   |  Y  | N  | N  | N  | N  | N  | N  |
|  sfp_out_sign1_reg  | Flip-flop |  20   |  Y  | N  | N  | N  | N  | N  | N  |
|  sfp_out_sign3_reg  | Flip-flop |  20   |  Y  | N  | N  | N  | N  | N  | N  |
|  sfp_out_sign5_reg  | Flip-flop |  20   |  Y  | N  | N  | N  | N  | N  | N  |
|     fifo_wr_reg     | Flip-flop |   1   |  N  | N  | N  | N  | N  | N  | N  |
|      div_q_reg      | Flip-flop |   1   |  N  | N  | N  | N  | N  | N  | N  |
|  sfp_out_sign6_reg  | Flip-flop |  20   |  Y  | N  | N  | N  | N  | N  | N  |
|      sum_q_reg      | Flip-flop |  24   |  Y  | N  | N  | N  | N  | N  | N  |
|  sfp_out_sign7_reg  | Flip-flop |  20   |  Y  | N  | N  | N  | N  | N  | N  |
===============================================================================
Presto compilation completed successfully.
Error: Width mismatch on port 'sum_in' of reference to 'sfp_row' in 'core'. (LINK-3)
Error: Unable to match ports of cell sfp_row_instance ('sfp_row') to 'sfp_row_col8_bw8_bw_psum20'. (LINK-25)
Information: Building the design 'mac_col' instantiated from design 'mac_array_col8_bw8_bw_psum20_pr16' with
	the parameters "bw=8,bw_psum=20,pr=16,col_id=1". (HDL-193)
Warning:  ./verilog/mac_col.v:51: signed to unsigned conversion occurs. (VER-318)

Inferred memory devices in process
	in routine mac_col_bw8_bw_psum20_pr16_col_id1 line 39 in file
		'./verilog/mac_col.v'.
===============================================================================
|    Register Name    |   Type    | Width | Bus | MB | AR | AS | SR | SS | ST |
===============================================================================
|  load_ready_q_reg   | Flip-flop |   1   |  N  | N  | N  | N  | N  | N  | N  |
|     inst_q_reg      | Flip-flop |   2   |  Y  | N  | N  | N  | N  | N  | N  |
|     inst_2q_reg     | Flip-flop |   1   |  N  | N  | N  | N  | N  | N  | N  |
|     query_q_reg     | Flip-flop |  128  |  Y  | N  | N  | N  | N  | N  | N  |
|      key_q_reg      | Flip-flop |  128  |  Y  | N  | N  | N  | N  | N  | N  |
|      cnt_q_reg      | Flip-flop |   4   |  Y  | N  | N  | N  | N  | N  | N  |
===============================================================================
Presto compilation completed successfully.
Information: Building the design 'mac_col' instantiated from design 'mac_array_col8_bw8_bw_psum20_pr16' with
	the parameters "bw=8,bw_psum=20,pr=16,col_id=2". (HDL-193)
Warning:  ./verilog/mac_col.v:51: signed to unsigned conversion occurs. (VER-318)

Inferred memory devices in process
	in routine mac_col_bw8_bw_psum20_pr16_col_id2 line 39 in file
		'./verilog/mac_col.v'.
===============================================================================
|    Register Name    |   Type    | Width | Bus | MB | AR | AS | SR | SS | ST |
===============================================================================
|  load_ready_q_reg   | Flip-flop |   1   |  N  | N  | N  | N  | N  | N  | N  |
|     inst_q_reg      | Flip-flop |   2   |  Y  | N  | N  | N  | N  | N  | N  |
|     inst_2q_reg     | Flip-flop |   1   |  N  | N  | N  | N  | N  | N  | N  |
|     query_q_reg     | Flip-flop |  128  |  Y  | N  | N  | N  | N  | N  | N  |
|      key_q_reg      | Flip-flop |  128  |  Y  | N  | N  | N  | N  | N  | N  |
|      cnt_q_reg      | Flip-flop |   4   |  Y  | N  | N  | N  | N  | N  | N  |
===============================================================================
Presto compilation completed successfully.
Information: Building the design 'mac_col' instantiated from design 'mac_array_col8_bw8_bw_psum20_pr16' with
	the parameters "bw=8,bw_psum=20,pr=16,col_id=3". (HDL-193)
Warning:  ./verilog/mac_col.v:51: signed to unsigned conversion occurs. (VER-318)

Inferred memory devices in process
	in routine mac_col_bw8_bw_psum20_pr16_col_id3 line 39 in file
		'./verilog/mac_col.v'.
===============================================================================
|    Register Name    |   Type    | Width | Bus | MB | AR | AS | SR | SS | ST |
===============================================================================
|  load_ready_q_reg   | Flip-flop |   1   |  N  | N  | N  | N  | N  | N  | N  |
|     inst_q_reg      | Flip-flop |   2   |  Y  | N  | N  | N  | N  | N  | N  |
|     inst_2q_reg     | Flip-flop |   1   |  N  | N  | N  | N  | N  | N  | N  |
|     query_q_reg     | Flip-flop |  128  |  Y  | N  | N  | N  | N  | N  | N  |
|      key_q_reg      | Flip-flop |  128  |  Y  | N  | N  | N  | N  | N  | N  |
|      cnt_q_reg      | Flip-flop |   4   |  Y  | N  | N  | N  | N  | N  | N  |
===============================================================================
Presto compilation completed successfully.
Information: Building the design 'mac_col' instantiated from design 'mac_array_col8_bw8_bw_psum20_pr16' with
	the parameters "bw=8,bw_psum=20,pr=16,col_id=4". (HDL-193)
Warning:  ./verilog/mac_col.v:51: signed to unsigned conversion occurs. (VER-318)

Inferred memory devices in process
	in routine mac_col_bw8_bw_psum20_pr16_col_id4 line 39 in file
		'./verilog/mac_col.v'.
===============================================================================
|    Register Name    |   Type    | Width | Bus | MB | AR | AS | SR | SS | ST |
===============================================================================
|  load_ready_q_reg   | Flip-flop |   1   |  N  | N  | N  | N  | N  | N  | N  |
|     inst_q_reg      | Flip-flop |   2   |  Y  | N  | N  | N  | N  | N  | N  |
|     inst_2q_reg     | Flip-flop |   1   |  N  | N  | N  | N  | N  | N  | N  |
|     query_q_reg     | Flip-flop |  128  |  Y  | N  | N  | N  | N  | N  | N  |
|      key_q_reg      | Flip-flop |  128  |  Y  | N  | N  | N  | N  | N  | N  |
|      cnt_q_reg      | Flip-flop |   4   |  Y  | N  | N  | N  | N  | N  | N  |
===============================================================================
Presto compilation completed successfully.
Information: Building the design 'mac_col' instantiated from design 'mac_array_col8_bw8_bw_psum20_pr16' with
	the parameters "bw=8,bw_psum=20,pr=16,col_id=5". (HDL-193)
Warning:  ./verilog/mac_col.v:51: signed to unsigned conversion occurs. (VER-318)

Inferred memory devices in process
	in routine mac_col_bw8_bw_psum20_pr16_col_id5 line 39 in file
		'./verilog/mac_col.v'.
===============================================================================
|    Register Name    |   Type    | Width | Bus | MB | AR | AS | SR | SS | ST |
===============================================================================
|  load_ready_q_reg   | Flip-flop |   1   |  N  | N  | N  | N  | N  | N  | N  |
|     inst_q_reg      | Flip-flop |   2   |  Y  | N  | N  | N  | N  | N  | N  |
|     inst_2q_reg     | Flip-flop |   1   |  N  | N  | N  | N  | N  | N  | N  |
|     query_q_reg     | Flip-flop |  128  |  Y  | N  | N  | N  | N  | N  | N  |
|      key_q_reg      | Flip-flop |  128  |  Y  | N  | N  | N  | N  | N  | N  |
|      cnt_q_reg      | Flip-flop |   4   |  Y  | N  | N  | N  | N  | N  | N  |
===============================================================================
Presto compilation completed successfully.
Information: Building the design 'mac_col' instantiated from design 'mac_array_col8_bw8_bw_psum20_pr16' with
	the parameters "bw=8,bw_psum=20,pr=16,col_id=6". (HDL-193)
Warning:  ./verilog/mac_col.v:51: signed to unsigned conversion occurs. (VER-318)

Inferred memory devices in process
	in routine mac_col_bw8_bw_psum20_pr16_col_id6 line 39 in file
		'./verilog/mac_col.v'.
===============================================================================
|    Register Name    |   Type    | Width | Bus | MB | AR | AS | SR | SS | ST |
===============================================================================
|  load_ready_q_reg   | Flip-flop |   1   |  N  | N  | N  | N  | N  | N  | N  |
|     inst_q_reg      | Flip-flop |   2   |  Y  | N  | N  | N  | N  | N  | N  |
|     inst_2q_reg     | Flip-flop |   1   |  N  | N  | N  | N  | N  | N  | N  |
|     query_q_reg     | Flip-flop |  128  |  Y  | N  | N  | N  | N  | N  | N  |
|      key_q_reg      | Flip-flop |  128  |  Y  | N  | N  | N  | N  | N  | N  |
|      cnt_q_reg      | Flip-flop |   4   |  Y  | N  | N  | N  | N  | N  | N  |
===============================================================================
Presto compilation completed successfully.
Information: Building the design 'mac_col' instantiated from design 'mac_array_col8_bw8_bw_psum20_pr16' with
	the parameters "bw=8,bw_psum=20,pr=16,col_id=7". (HDL-193)
Warning:  ./verilog/mac_col.v:51: signed to unsigned conversion occurs. (VER-318)

Inferred memory devices in process
	in routine mac_col_bw8_bw_psum20_pr16_col_id7 line 39 in file
		'./verilog/mac_col.v'.
===============================================================================
|    Register Name    |   Type    | Width | Bus | MB | AR | AS | SR | SS | ST |
===============================================================================
|  load_ready_q_reg   | Flip-flop |   1   |  N  | N  | N  | N  | N  | N  | N  |
|     inst_q_reg      | Flip-flop |   2   |  Y  | N  | N  | N  | N  | N  | N  |
|     inst_2q_reg     | Flip-flop |   1   |  N  | N  | N  | N  | N  | N  | N  |
|     query_q_reg     | Flip-flop |  128  |  Y  | N  | N  | N  | N  | N  | N  |
|      key_q_reg      | Flip-flop |  128  |  Y  | N  | N  | N  | N  | N  | N  |
|      cnt_q_reg      | Flip-flop |   4   |  Y  | N  | N  | N  | N  | N  | N  |
===============================================================================
Presto compilation completed successfully.
Information: Building the design 'mac_col' instantiated from design 'mac_array_col8_bw8_bw_psum20_pr16' with
	the parameters "bw=8,bw_psum=20,pr=16,col_id=8". (HDL-193)
Warning:  ./verilog/mac_col.v:51: signed to unsigned conversion occurs. (VER-318)

Inferred memory devices in process
	in routine mac_col_bw8_bw_psum20_pr16_col_id8 line 39 in file
		'./verilog/mac_col.v'.
===============================================================================
|    Register Name    |   Type    | Width | Bus | MB | AR | AS | SR | SS | ST |
===============================================================================
|  load_ready_q_reg   | Flip-flop |   1   |  N  | N  | N  | N  | N  | N  | N  |
|     inst_q_reg      | Flip-flop |   2   |  Y  | N  | N  | N  | N  | N  | N  |
|     inst_2q_reg     | Flip-flop |   1   |  N  | N  | N  | N  | N  | N  | N  |
|     query_q_reg     | Flip-flop |  128  |  Y  | N  | N  | N  | N  | N  | N  |
|      key_q_reg      | Flip-flop |  128  |  Y  | N  | N  | N  | N  | N  | N  |
|      cnt_q_reg      | Flip-flop |   4   |  Y  | N  | N  | N  | N  | N  | N  |
===============================================================================
Presto compilation completed successfully.
Information: Building the design 'fifo_depth16' instantiated from design 'ofifo_col8_bw20' with
	the parameters "bw=20,simd=1". (HDL-193)

Statistics for case statements in always block at line 63 in file
	'./verilog/fifo_depth16.v'
===============================================
|           Line           |  full/ parallel  |
===============================================
|            73            |    auto/auto     |
===============================================

Inferred memory devices in process
	in routine fifo_depth16_bw20_simd1 line 53 in file
		'./verilog/fifo_depth16.v'.
===============================================================================
|    Register Name    |   Type    | Width | Bus | MB | AR | AS | SR | SS | ST |
===============================================================================
|     rd_ptr_reg      | Flip-flop |   5   |  Y  | N  | N  | N  | N  | N  | N  |
===============================================================================

Inferred memory devices in process
	in routine fifo_depth16_bw20_simd1 line 63 in file
		'./verilog/fifo_depth16.v'.
===============================================================================
|    Register Name    |   Type    | Width | Bus | MB | AR | AS | SR | SS | ST |
===============================================================================
|       q6_reg        | Flip-flop |  20   |  Y  | N  | N  | N  | N  | N  | N  |
|       q10_reg       | Flip-flop |  20   |  Y  | N  | N  | N  | N  | N  | N  |
|       q7_reg        | Flip-flop |  20   |  Y  | N  | N  | N  | N  | N  | N  |
|       q8_reg        | Flip-flop |  20   |  Y  | N  | N  | N  | N  | N  | N  |
|       q9_reg        | Flip-flop |  20   |  Y  | N  | N  | N  | N  | N  | N  |
|       q11_reg       | Flip-flop |  20   |  Y  | N  | N  | N  | N  | N  | N  |
|     wr_ptr_reg      | Flip-flop |   5   |  Y  | N  | N  | N  | N  | N  | N  |
|       q12_reg       | Flip-flop |  20   |  Y  | N  | N  | N  | N  | N  | N  |
|       q13_reg       | Flip-flop |  20   |  Y  | N  | N  | N  | N  | N  | N  |
|       q14_reg       | Flip-flop |  20   |  Y  | N  | N  | N  | N  | N  | N  |
|       q15_reg       | Flip-flop |  20   |  Y  | N  | N  | N  | N  | N  | N  |
|       q0_reg        | Flip-flop |  20   |  Y  | N  | N  | N  | N  | N  | N  |
|       q1_reg        | Flip-flop |  20   |  Y  | N  | N  | N  | N  | N  | N  |
|       q2_reg        | Flip-flop |  20   |  Y  | N  | N  | N  | N  | N  | N  |
|       q3_reg        | Flip-flop |  20   |  Y  | N  | N  | N  | N  | N  | N  |
|       q4_reg        | Flip-flop |  20   |  Y  | N  | N  | N  | N  | N  | N  |
|       q5_reg        | Flip-flop |  20   |  Y  | N  | N  | N  | N  | N  | N  |
===============================================================================
Presto compilation completed successfully.
Information: Building the design 'mac_8in' instantiated from design 'mac_col_bw8_bw_psum20_pr16_col_id1' with
	the parameters "bw=8,bw_psum=20,pr=16". (HDL-193)
Presto compilation completed successfully.
Information: Building the design 'fifo_mux_16_1' instantiated from design 'fifo_depth16_bw20_simd1' with
	the parameters "bw=20,simd=1". (HDL-193)
Presto compilation completed successfully.
Information: Building the design 'fifo_mux_8_1' instantiated from design 'fifo_mux_16_1_bw20_simd1' with
	the parameters "bw=20,simd=1". (HDL-193)
Presto compilation completed successfully.
Information: Building the design 'fifo_mux_2_1' instantiated from design 'fifo_mux_16_1_bw20_simd1' with
	the parameters "bw=20,simd=1". (HDL-193)
Presto compilation completed successfully.
Warning: Design 'core' has '1' unresolved references. For more detailed information, use the "link" command. (UID-341)
Current design is 'core'.

  Linking design 'core'
  Using the following designs and libraries:
  --------------------------------------------------------------------------
  * (17 designs)              /home/linux/ieng6/ee260bwi25/shchopra/project/single_core/synth_without_sram/core.db, etc
  tcbn65gplustc (library)     /home/linux/ieng6/ee260bwi25/public/PDKdata/db/tcbn65gplustc.db

Information: Building the design 'sram_w8' instantiated from design 'core' with
	the parameters "sram_bit=128". (HDL-193)
Warning: Cannot find the design 'sram_w8' in the library 'WORK'. (LBR-1)
Information: Building the design 'sram_w8' instantiated from design 'core' with
	the parameters "sram_bit=160". (HDL-193)
Warning: Cannot find the design 'sram_w8' in the library 'WORK'. (LBR-1)
Error: Width mismatch on port 'sum_in' of reference to 'sfp_row' in 'core'. (LINK-3)
Error: Unable to match ports of cell sfp_row_instance ('sfp_row') to 'sfp_row_col8_bw8_bw_psum20'. (LINK-25)
Warning: Unable to resolve reference 'sram_w8' in 'core'. (LINK-5)

Reading SDC version 2.0...
Warning: Design 'core' has '1' unresolved references. For more detailed information, use the "link" command. (UID-341)
Warning: Design 'core' has '1' unresolved references. For more detailed information, use the "link" command. (UID-341)
Warning: Design 'core' has '1' unresolved references. For more detailed information, use the "link" command. (UID-341)
Error: Invalid delay direction for port 'sum_out[23]'. (UID-254)
Warning: Design 'core' has '1' unresolved references. For more detailed information, use the "link" command. (UID-341)
Warning: Design 'core' has '1' unresolved references. For more detailed information, use the "link" command. (UID-341)
Error: Invalid delay direction for port 'mem_in[127]'. (UID-254)
Warning: Design 'core' has '1' unresolved references. For more detailed information, use the "link" command. (UID-341)

#   Propagate Constraints from cell ofifo_inst/ (ofifo_col8_bw20) #

#   Propagate Constraints from cell ofifo_inst/col_idx[7].fifo_instance/ (fifo_depth16_bw20_simd1) #

#   Propagate Constraints from cell ofifo_inst/col_idx[7].fifo_instance/fifo_mux_16_1a/ (fifo_mux_16_1_bw20_simd1) #

#   Propagate Constraints from cell ofifo_inst/col_idx[7].fifo_instance/fifo_mux_16_1a/mux_2_1a/ (fifo_mux_2_1_bw20_simd1) #

#   Propagate Constraints from cell ofifo_inst/col_idx[7].fifo_instance/fifo_mux_16_1a/mux_8_1b/ (fifo_mux_8_1_bw20_simd1) #

#   Propagate Constraints from cell ofifo_inst/col_idx[7].fifo_instance/fifo_mux_16_1a/mux_8_1b/fifo_mux_2_1g/ (fifo_mux_2_1_bw20_simd1) #

#   Propagate Constraints from cell ofifo_inst/col_idx[7].fifo_instance/fifo_mux_16_1a/mux_8_1b/fifo_mux_2_1f/ (fifo_mux_2_1_bw20_simd1) #

#   Propagate Constraints from cell ofifo_inst/col_idx[7].fifo_instance/fifo_mux_16_1a/mux_8_1b/fifo_mux_2_1e/ (fifo_mux_2_1_bw20_simd1) #

#   Propagate Constraints from cell ofifo_inst/col_idx[7].fifo_instance/fifo_mux_16_1a/mux_8_1b/fifo_mux_2_1d/ (fifo_mux_2_1_bw20_simd1) #

#   Propagate Constraints from cell ofifo_inst/col_idx[7].fifo_instance/fifo_mux_16_1a/mux_8_1b/fifo_mux_2_1c/ (fifo_mux_2_1_bw20_simd1) #

#   Propagate Constraints from cell ofifo_inst/col_idx[7].fifo_instance/fifo_mux_16_1a/mux_8_1b/fifo_mux_2_1b/ (fifo_mux_2_1_bw20_simd1) #

#   Propagate Constraints from cell ofifo_inst/col_idx[7].fifo_instance/fifo_mux_16_1a/mux_8_1b/fifo_mux_2_1a/ (fifo_mux_2_1_bw20_simd1) #

#   Propagate Constraints from cell ofifo_inst/col_idx[7].fifo_instance/fifo_mux_16_1a/mux_8_1a/ (fifo_mux_8_1_bw20_simd1) #

#   Propagate Constraints from cell ofifo_inst/col_idx[7].fifo_instance/fifo_mux_16_1a/mux_8_1a/fifo_mux_2_1g/ (fifo_mux_2_1_bw20_simd1) #

#   Propagate Constraints from cell ofifo_inst/col_idx[7].fifo_instance/fifo_mux_16_1a/mux_8_1a/fifo_mux_2_1f/ (fifo_mux_2_1_bw20_simd1) #

#   Propagate Constraints from cell ofifo_inst/col_idx[7].fifo_instance/fifo_mux_16_1a/mux_8_1a/fifo_mux_2_1e/ (fifo_mux_2_1_bw20_simd1) #

#   Propagate Constraints from cell ofifo_inst/col_idx[7].fifo_instance/fifo_mux_16_1a/mux_8_1a/fifo_mux_2_1d/ (fifo_mux_2_1_bw20_simd1) #

#   Propagate Constraints from cell ofifo_inst/col_idx[7].fifo_instance/fifo_mux_16_1a/mux_8_1a/fifo_mux_2_1c/ (fifo_mux_2_1_bw20_simd1) #

#   Propagate Constraints from cell ofifo_inst/col_idx[7].fifo_instance/fifo_mux_16_1a/mux_8_1a/fifo_mux_2_1b/ (fifo_mux_2_1_bw20_simd1) #

#   Propagate Constraints from cell ofifo_inst/col_idx[7].fifo_instance/fifo_mux_16_1a/mux_8_1a/fifo_mux_2_1a/ (fifo_mux_2_1_bw20_simd1) #

#   Propagate Constraints from cell ofifo_inst/col_idx[6].fifo_instance/ (fifo_depth16_bw20_simd1) #

#   Propagate Constraints from cell ofifo_inst/col_idx[6].fifo_instance/fifo_mux_16_1a/ (fifo_mux_16_1_bw20_simd1) #

#   Propagate Constraints from cell ofifo_inst/col_idx[6].fifo_instance/fifo_mux_16_1a/mux_2_1a/ (fifo_mux_2_1_bw20_simd1) #

#   Propagate Constraints from cell ofifo_inst/col_idx[6].fifo_instance/fifo_mux_16_1a/mux_8_1b/ (fifo_mux_8_1_bw20_simd1) #

#   Propagate Constraints from cell ofifo_inst/col_idx[6].fifo_instance/fifo_mux_16_1a/mux_8_1b/fifo_mux_2_1g/ (fifo_mux_2_1_bw20_simd1) #

#   Propagate Constraints from cell ofifo_inst/col_idx[6].fifo_instance/fifo_mux_16_1a/mux_8_1b/fifo_mux_2_1f/ (fifo_mux_2_1_bw20_simd1) #

#   Propagate Constraints from cell ofifo_inst/col_idx[6].fifo_instance/fifo_mux_16_1a/mux_8_1b/fifo_mux_2_1e/ (fifo_mux_2_1_bw20_simd1) #

#   Propagate Constraints from cell ofifo_inst/col_idx[6].fifo_instance/fifo_mux_16_1a/mux_8_1b/fifo_mux_2_1d/ (fifo_mux_2_1_bw20_simd1) #

#   Propagate Constraints from cell ofifo_inst/col_idx[6].fifo_instance/fifo_mux_16_1a/mux_8_1b/fifo_mux_2_1c/ (fifo_mux_2_1_bw20_simd1) #

#   Propagate Constraints from cell ofifo_inst/col_idx[6].fifo_instance/fifo_mux_16_1a/mux_8_1b/fifo_mux_2_1b/ (fifo_mux_2_1_bw20_simd1) #

#   Propagate Constraints from cell ofifo_inst/col_idx[6].fifo_instance/fifo_mux_16_1a/mux_8_1b/fifo_mux_2_1a/ (fifo_mux_2_1_bw20_simd1) #

#   Propagate Constraints from cell ofifo_inst/col_idx[6].fifo_instance/fifo_mux_16_1a/mux_8_1a/ (fifo_mux_8_1_bw20_simd1) #

#   Propagate Constraints from cell ofifo_inst/col_idx[6].fifo_instance/fifo_mux_16_1a/mux_8_1a/fifo_mux_2_1g/ (fifo_mux_2_1_bw20_simd1) #

#   Propagate Constraints from cell ofifo_inst/col_idx[6].fifo_instance/fifo_mux_16_1a/mux_8_1a/fifo_mux_2_1f/ (fifo_mux_2_1_bw20_simd1) #

#   Propagate Constraints from cell ofifo_inst/col_idx[6].fifo_instance/fifo_mux_16_1a/mux_8_1a/fifo_mux_2_1e/ (fifo_mux_2_1_bw20_simd1) #

#   Propagate Constraints from cell ofifo_inst/col_idx[6].fifo_instance/fifo_mux_16_1a/mux_8_1a/fifo_mux_2_1d/ (fifo_mux_2_1_bw20_simd1) #

#   Propagate Constraints from cell ofifo_inst/col_idx[6].fifo_instance/fifo_mux_16_1a/mux_8_1a/fifo_mux_2_1c/ (fifo_mux_2_1_bw20_simd1) #

#   Propagate Constraints from cell ofifo_inst/col_idx[6].fifo_instance/fifo_mux_16_1a/mux_8_1a/fifo_mux_2_1b/ (fifo_mux_2_1_bw20_simd1) #

#   Propagate Constraints from cell ofifo_inst/col_idx[6].fifo_instance/fifo_mux_16_1a/mux_8_1a/fifo_mux_2_1a/ (fifo_mux_2_1_bw20_simd1) #

#   Propagate Constraints from cell ofifo_inst/col_idx[5].fifo_instance/ (fifo_depth16_bw20_simd1) #

#   Propagate Constraints from cell ofifo_inst/col_idx[5].fifo_instance/fifo_mux_16_1a/ (fifo_mux_16_1_bw20_simd1) #

#   Propagate Constraints from cell ofifo_inst/col_idx[5].fifo_instance/fifo_mux_16_1a/mux_2_1a/ (fifo_mux_2_1_bw20_simd1) #

#   Propagate Constraints from cell ofifo_inst/col_idx[5].fifo_instance/fifo_mux_16_1a/mux_8_1b/ (fifo_mux_8_1_bw20_simd1) #

#   Propagate Constraints from cell ofifo_inst/col_idx[5].fifo_instance/fifo_mux_16_1a/mux_8_1b/fifo_mux_2_1g/ (fifo_mux_2_1_bw20_simd1) #

#   Propagate Constraints from cell ofifo_inst/col_idx[5].fifo_instance/fifo_mux_16_1a/mux_8_1b/fifo_mux_2_1f/ (fifo_mux_2_1_bw20_simd1) #

#   Propagate Constraints from cell ofifo_inst/col_idx[5].fifo_instance/fifo_mux_16_1a/mux_8_1b/fifo_mux_2_1e/ (fifo_mux_2_1_bw20_simd1) #

#   Propagate Constraints from cell ofifo_inst/col_idx[5].fifo_instance/fifo_mux_16_1a/mux_8_1b/fifo_mux_2_1d/ (fifo_mux_2_1_bw20_simd1) #

#   Propagate Constraints from cell ofifo_inst/col_idx[5].fifo_instance/fifo_mux_16_1a/mux_8_1b/fifo_mux_2_1c/ (fifo_mux_2_1_bw20_simd1) #

#   Propagate Constraints from cell ofifo_inst/col_idx[5].fifo_instance/fifo_mux_16_1a/mux_8_1b/fifo_mux_2_1b/ (fifo_mux_2_1_bw20_simd1) #

#   Propagate Constraints from cell ofifo_inst/col_idx[5].fifo_instance/fifo_mux_16_1a/mux_8_1b/fifo_mux_2_1a/ (fifo_mux_2_1_bw20_simd1) #

#   Propagate Constraints from cell ofifo_inst/col_idx[5].fifo_instance/fifo_mux_16_1a/mux_8_1a/ (fifo_mux_8_1_bw20_simd1) #

#   Propagate Constraints from cell ofifo_inst/col_idx[5].fifo_instance/fifo_mux_16_1a/mux_8_1a/fifo_mux_2_1g/ (fifo_mux_2_1_bw20_simd1) #

#   Propagate Constraints from cell ofifo_inst/col_idx[5].fifo_instance/fifo_mux_16_1a/mux_8_1a/fifo_mux_2_1f/ (fifo_mux_2_1_bw20_simd1) #

#   Propagate Constraints from cell ofifo_inst/col_idx[5].fifo_instance/fifo_mux_16_1a/mux_8_1a/fifo_mux_2_1e/ (fifo_mux_2_1_bw20_simd1) #

#   Propagate Constraints from cell ofifo_inst/col_idx[5].fifo_instance/fifo_mux_16_1a/mux_8_1a/fifo_mux_2_1d/ (fifo_mux_2_1_bw20_simd1) #

#   Propagate Constraints from cell ofifo_inst/col_idx[5].fifo_instance/fifo_mux_16_1a/mux_8_1a/fifo_mux_2_1c/ (fifo_mux_2_1_bw20_simd1) #

#   Propagate Constraints from cell ofifo_inst/col_idx[5].fifo_instance/fifo_mux_16_1a/mux_8_1a/fifo_mux_2_1b/ (fifo_mux_2_1_bw20_simd1) #

#   Propagate Constraints from cell ofifo_inst/col_idx[5].fifo_instance/fifo_mux_16_1a/mux_8_1a/fifo_mux_2_1a/ (fifo_mux_2_1_bw20_simd1) #

#   Propagate Constraints from cell ofifo_inst/col_idx[4].fifo_instance/ (fifo_depth16_bw20_simd1) #

#   Propagate Constraints from cell ofifo_inst/col_idx[4].fifo_instance/fifo_mux_16_1a/ (fifo_mux_16_1_bw20_simd1) #

#   Propagate Constraints from cell ofifo_inst/col_idx[4].fifo_instance/fifo_mux_16_1a/mux_2_1a/ (fifo_mux_2_1_bw20_simd1) #

#   Propagate Constraints from cell ofifo_inst/col_idx[4].fifo_instance/fifo_mux_16_1a/mux_8_1b/ (fifo_mux_8_1_bw20_simd1) #

#   Propagate Constraints from cell ofifo_inst/col_idx[4].fifo_instance/fifo_mux_16_1a/mux_8_1b/fifo_mux_2_1g/ (fifo_mux_2_1_bw20_simd1) #

#   Propagate Constraints from cell ofifo_inst/col_idx[4].fifo_instance/fifo_mux_16_1a/mux_8_1b/fifo_mux_2_1f/ (fifo_mux_2_1_bw20_simd1) #

#   Propagate Constraints from cell ofifo_inst/col_idx[4].fifo_instance/fifo_mux_16_1a/mux_8_1b/fifo_mux_2_1e/ (fifo_mux_2_1_bw20_simd1) #

#   Propagate Constraints from cell ofifo_inst/col_idx[4].fifo_instance/fifo_mux_16_1a/mux_8_1b/fifo_mux_2_1d/ (fifo_mux_2_1_bw20_simd1) #

#   Propagate Constraints from cell ofifo_inst/col_idx[4].fifo_instance/fifo_mux_16_1a/mux_8_1b/fifo_mux_2_1c/ (fifo_mux_2_1_bw20_simd1) #

#   Propagate Constraints from cell ofifo_inst/col_idx[4].fifo_instance/fifo_mux_16_1a/mux_8_1b/fifo_mux_2_1b/ (fifo_mux_2_1_bw20_simd1) #

#   Propagate Constraints from cell ofifo_inst/col_idx[4].fifo_instance/fifo_mux_16_1a/mux_8_1b/fifo_mux_2_1a/ (fifo_mux_2_1_bw20_simd1) #

#   Propagate Constraints from cell ofifo_inst/col_idx[4].fifo_instance/fifo_mux_16_1a/mux_8_1a/ (fifo_mux_8_1_bw20_simd1) #

#   Propagate Constraints from cell ofifo_inst/col_idx[4].fifo_instance/fifo_mux_16_1a/mux_8_1a/fifo_mux_2_1g/ (fifo_mux_2_1_bw20_simd1) #

#   Propagate Constraints from cell ofifo_inst/col_idx[4].fifo_instance/fifo_mux_16_1a/mux_8_1a/fifo_mux_2_1f/ (fifo_mux_2_1_bw20_simd1) #

#   Propagate Constraints from cell ofifo_inst/col_idx[4].fifo_instance/fifo_mux_16_1a/mux_8_1a/fifo_mux_2_1e/ (fifo_mux_2_1_bw20_simd1) #

#   Propagate Constraints from cell ofifo_inst/col_idx[4].fifo_instance/fifo_mux_16_1a/mux_8_1a/fifo_mux_2_1d/ (fifo_mux_2_1_bw20_simd1) #

#   Propagate Constraints from cell ofifo_inst/col_idx[4].fifo_instance/fifo_mux_16_1a/mux_8_1a/fifo_mux_2_1c/ (fifo_mux_2_1_bw20_simd1) #

#   Propagate Constraints from cell ofifo_inst/col_idx[4].fifo_instance/fifo_mux_16_1a/mux_8_1a/fifo_mux_2_1b/ (fifo_mux_2_1_bw20_simd1) #

#   Propagate Constraints from cell ofifo_inst/col_idx[4].fifo_instance/fifo_mux_16_1a/mux_8_1a/fifo_mux_2_1a/ (fifo_mux_2_1_bw20_simd1) #

#   Propagate Constraints from cell ofifo_inst/col_idx[3].fifo_instance/ (fifo_depth16_bw20_simd1) #

#   Propagate Constraints from cell ofifo_inst/col_idx[3].fifo_instance/fifo_mux_16_1a/ (fifo_mux_16_1_bw20_simd1) #

#   Propagate Constraints from cell ofifo_inst/col_idx[3].fifo_instance/fifo_mux_16_1a/mux_2_1a/ (fifo_mux_2_1_bw20_simd1) #

#   Propagate Constraints from cell ofifo_inst/col_idx[3].fifo_instance/fifo_mux_16_1a/mux_8_1b/ (fifo_mux_8_1_bw20_simd1) #

#   Propagate Constraints from cell ofifo_inst/col_idx[3].fifo_instance/fifo_mux_16_1a/mux_8_1b/fifo_mux_2_1g/ (fifo_mux_2_1_bw20_simd1) #

#   Propagate Constraints from cell ofifo_inst/col_idx[3].fifo_instance/fifo_mux_16_1a/mux_8_1b/fifo_mux_2_1f/ (fifo_mux_2_1_bw20_simd1) #

#   Propagate Constraints from cell ofifo_inst/col_idx[3].fifo_instance/fifo_mux_16_1a/mux_8_1b/fifo_mux_2_1e/ (fifo_mux_2_1_bw20_simd1) #

#   Propagate Constraints from cell ofifo_inst/col_idx[3].fifo_instance/fifo_mux_16_1a/mux_8_1b/fifo_mux_2_1d/ (fifo_mux_2_1_bw20_simd1) #

#   Propagate Constraints from cell ofifo_inst/col_idx[3].fifo_instance/fifo_mux_16_1a/mux_8_1b/fifo_mux_2_1c/ (fifo_mux_2_1_bw20_simd1) #

#   Propagate Constraints from cell ofifo_inst/col_idx[3].fifo_instance/fifo_mux_16_1a/mux_8_1b/fifo_mux_2_1b/ (fifo_mux_2_1_bw20_simd1) #

#   Propagate Constraints from cell ofifo_inst/col_idx[3].fifo_instance/fifo_mux_16_1a/mux_8_1b/fifo_mux_2_1a/ (fifo_mux_2_1_bw20_simd1) #

#   Propagate Constraints from cell ofifo_inst/col_idx[3].fifo_instance/fifo_mux_16_1a/mux_8_1a/ (fifo_mux_8_1_bw20_simd1) #

#   Propagate Constraints from cell ofifo_inst/col_idx[3].fifo_instance/fifo_mux_16_1a/mux_8_1a/fifo_mux_2_1g/ (fifo_mux_2_1_bw20_simd1) #

#   Propagate Constraints from cell ofifo_inst/col_idx[3].fifo_instance/fifo_mux_16_1a/mux_8_1a/fifo_mux_2_1f/ (fifo_mux_2_1_bw20_simd1) #

#   Propagate Constraints from cell ofifo_inst/col_idx[3].fifo_instance/fifo_mux_16_1a/mux_8_1a/fifo_mux_2_1e/ (fifo_mux_2_1_bw20_simd1) #

#   Propagate Constraints from cell ofifo_inst/col_idx[3].fifo_instance/fifo_mux_16_1a/mux_8_1a/fifo_mux_2_1d/ (fifo_mux_2_1_bw20_simd1) #

#   Propagate Constraints from cell ofifo_inst/col_idx[3].fifo_instance/fifo_mux_16_1a/mux_8_1a/fifo_mux_2_1c/ (fifo_mux_2_1_bw20_simd1) #

#   Propagate Constraints from cell ofifo_inst/col_idx[3].fifo_instance/fifo_mux_16_1a/mux_8_1a/fifo_mux_2_1b/ (fifo_mux_2_1_bw20_simd1) #

#   Propagate Constraints from cell ofifo_inst/col_idx[3].fifo_instance/fifo_mux_16_1a/mux_8_1a/fifo_mux_2_1a/ (fifo_mux_2_1_bw20_simd1) #

#   Propagate Constraints from cell ofifo_inst/col_idx[2].fifo_instance/ (fifo_depth16_bw20_simd1) #

#   Propagate Constraints from cell ofifo_inst/col_idx[2].fifo_instance/fifo_mux_16_1a/ (fifo_mux_16_1_bw20_simd1) #

#   Propagate Constraints from cell ofifo_inst/col_idx[2].fifo_instance/fifo_mux_16_1a/mux_2_1a/ (fifo_mux_2_1_bw20_simd1) #

#   Propagate Constraints from cell ofifo_inst/col_idx[2].fifo_instance/fifo_mux_16_1a/mux_8_1b/ (fifo_mux_8_1_bw20_simd1) #

#   Propagate Constraints from cell ofifo_inst/col_idx[2].fifo_instance/fifo_mux_16_1a/mux_8_1b/fifo_mux_2_1g/ (fifo_mux_2_1_bw20_simd1) #

#   Propagate Constraints from cell ofifo_inst/col_idx[2].fifo_instance/fifo_mux_16_1a/mux_8_1b/fifo_mux_2_1f/ (fifo_mux_2_1_bw20_simd1) #

#   Propagate Constraints from cell ofifo_inst/col_idx[2].fifo_instance/fifo_mux_16_1a/mux_8_1b/fifo_mux_2_1e/ (fifo_mux_2_1_bw20_simd1) #

#   Propagate Constraints from cell ofifo_inst/col_idx[2].fifo_instance/fifo_mux_16_1a/mux_8_1b/fifo_mux_2_1d/ (fifo_mux_2_1_bw20_simd1) #

#   Propagate Constraints from cell ofifo_inst/col_idx[2].fifo_instance/fifo_mux_16_1a/mux_8_1b/fifo_mux_2_1c/ (fifo_mux_2_1_bw20_simd1) #

#   Propagate Constraints from cell ofifo_inst/col_idx[2].fifo_instance/fifo_mux_16_1a/mux_8_1b/fifo_mux_2_1b/ (fifo_mux_2_1_bw20_simd1) #

#   Propagate Constraints from cell ofifo_inst/col_idx[2].fifo_instance/fifo_mux_16_1a/mux_8_1b/fifo_mux_2_1a/ (fifo_mux_2_1_bw20_simd1) #

#   Propagate Constraints from cell ofifo_inst/col_idx[2].fifo_instance/fifo_mux_16_1a/mux_8_1a/ (fifo_mux_8_1_bw20_simd1) #

#   Propagate Constraints from cell ofifo_inst/col_idx[2].fifo_instance/fifo_mux_16_1a/mux_8_1a/fifo_mux_2_1g/ (fifo_mux_2_1_bw20_simd1) #

#   Propagate Constraints from cell ofifo_inst/col_idx[2].fifo_instance/fifo_mux_16_1a/mux_8_1a/fifo_mux_2_1f/ (fifo_mux_2_1_bw20_simd1) #

#   Propagate Constraints from cell ofifo_inst/col_idx[2].fifo_instance/fifo_mux_16_1a/mux_8_1a/fifo_mux_2_1e/ (fifo_mux_2_1_bw20_simd1) #

#   Propagate Constraints from cell ofifo_inst/col_idx[2].fifo_instance/fifo_mux_16_1a/mux_8_1a/fifo_mux_2_1d/ (fifo_mux_2_1_bw20_simd1) #

#   Propagate Constraints from cell ofifo_inst/col_idx[2].fifo_instance/fifo_mux_16_1a/mux_8_1a/fifo_mux_2_1c/ (fifo_mux_2_1_bw20_simd1) #

#   Propagate Constraints from cell ofifo_inst/col_idx[2].fifo_instance/fifo_mux_16_1a/mux_8_1a/fifo_mux_2_1b/ (fifo_mux_2_1_bw20_simd1) #

#   Propagate Constraints from cell ofifo_inst/col_idx[2].fifo_instance/fifo_mux_16_1a/mux_8_1a/fifo_mux_2_1a/ (fifo_mux_2_1_bw20_simd1) #

#   Propagate Constraints from cell ofifo_inst/col_idx[1].fifo_instance/ (fifo_depth16_bw20_simd1) #

#   Propagate Constraints from cell ofifo_inst/col_idx[1].fifo_instance/fifo_mux_16_1a/ (fifo_mux_16_1_bw20_simd1) #

#   Propagate Constraints from cell ofifo_inst/col_idx[1].fifo_instance/fifo_mux_16_1a/mux_2_1a/ (fifo_mux_2_1_bw20_simd1) #

#   Propagate Constraints from cell ofifo_inst/col_idx[1].fifo_instance/fifo_mux_16_1a/mux_8_1b/ (fifo_mux_8_1_bw20_simd1) #

#   Propagate Constraints from cell ofifo_inst/col_idx[1].fifo_instance/fifo_mux_16_1a/mux_8_1b/fifo_mux_2_1g/ (fifo_mux_2_1_bw20_simd1) #

#   Propagate Constraints from cell ofifo_inst/col_idx[1].fifo_instance/fifo_mux_16_1a/mux_8_1b/fifo_mux_2_1f/ (fifo_mux_2_1_bw20_simd1) #

#   Propagate Constraints from cell ofifo_inst/col_idx[1].fifo_instance/fifo_mux_16_1a/mux_8_1b/fifo_mux_2_1e/ (fifo_mux_2_1_bw20_simd1) #

#   Propagate Constraints from cell ofifo_inst/col_idx[1].fifo_instance/fifo_mux_16_1a/mux_8_1b/fifo_mux_2_1d/ (fifo_mux_2_1_bw20_simd1) #

#   Propagate Constraints from cell ofifo_inst/col_idx[1].fifo_instance/fifo_mux_16_1a/mux_8_1b/fifo_mux_2_1c/ (fifo_mux_2_1_bw20_simd1) #

#   Propagate Constraints from cell ofifo_inst/col_idx[1].fifo_instance/fifo_mux_16_1a/mux_8_1b/fifo_mux_2_1b/ (fifo_mux_2_1_bw20_simd1) #

#   Propagate Constraints from cell ofifo_inst/col_idx[1].fifo_instance/fifo_mux_16_1a/mux_8_1b/fifo_mux_2_1a/ (fifo_mux_2_1_bw20_simd1) #

#   Propagate Constraints from cell ofifo_inst/col_idx[1].fifo_instance/fifo_mux_16_1a/mux_8_1a/ (fifo_mux_8_1_bw20_simd1) #

#   Propagate Constraints from cell ofifo_inst/col_idx[1].fifo_instance/fifo_mux_16_1a/mux_8_1a/fifo_mux_2_1g/ (fifo_mux_2_1_bw20_simd1) #

#   Propagate Constraints from cell ofifo_inst/col_idx[1].fifo_instance/fifo_mux_16_1a/mux_8_1a/fifo_mux_2_1f/ (fifo_mux_2_1_bw20_simd1) #

#   Propagate Constraints from cell ofifo_inst/col_idx[1].fifo_instance/fifo_mux_16_1a/mux_8_1a/fifo_mux_2_1e/ (fifo_mux_2_1_bw20_simd1) #

#   Propagate Constraints from cell ofifo_inst/col_idx[1].fifo_instance/fifo_mux_16_1a/mux_8_1a/fifo_mux_2_1d/ (fifo_mux_2_1_bw20_simd1) #

#   Propagate Constraints from cell ofifo_inst/col_idx[1].fifo_instance/fifo_mux_16_1a/mux_8_1a/fifo_mux_2_1c/ (fifo_mux_2_1_bw20_simd1) #

#   Propagate Constraints from cell ofifo_inst/col_idx[1].fifo_instance/fifo_mux_16_1a/mux_8_1a/fifo_mux_2_1b/ (fifo_mux_2_1_bw20_simd1) #

#   Propagate Constraints from cell ofifo_inst/col_idx[1].fifo_instance/fifo_mux_16_1a/mux_8_1a/fifo_mux_2_1a/ (fifo_mux_2_1_bw20_simd1) #

#   Propagate Constraints from cell ofifo_inst/col_idx[0].fifo_instance/ (fifo_depth16_bw20_simd1) #

#   Propagate Constraints from cell ofifo_inst/col_idx[0].fifo_instance/fifo_mux_16_1a/ (fifo_mux_16_1_bw20_simd1) #

#   Propagate Constraints from cell ofifo_inst/col_idx[0].fifo_instance/fifo_mux_16_1a/mux_2_1a/ (fifo_mux_2_1_bw20_simd1) #

#   Propagate Constraints from cell ofifo_inst/col_idx[0].fifo_instance/fifo_mux_16_1a/mux_8_1b/ (fifo_mux_8_1_bw20_simd1) #

#   Propagate Constraints from cell ofifo_inst/col_idx[0].fifo_instance/fifo_mux_16_1a/mux_8_1b/fifo_mux_2_1g/ (fifo_mux_2_1_bw20_simd1) #

#   Propagate Constraints from cell ofifo_inst/col_idx[0].fifo_instance/fifo_mux_16_1a/mux_8_1b/fifo_mux_2_1f/ (fifo_mux_2_1_bw20_simd1) #

#   Propagate Constraints from cell ofifo_inst/col_idx[0].fifo_instance/fifo_mux_16_1a/mux_8_1b/fifo_mux_2_1e/ (fifo_mux_2_1_bw20_simd1) #

#   Propagate Constraints from cell ofifo_inst/col_idx[0].fifo_instance/fifo_mux_16_1a/mux_8_1b/fifo_mux_2_1d/ (fifo_mux_2_1_bw20_simd1) #

#   Propagate Constraints from cell ofifo_inst/col_idx[0].fifo_instance/fifo_mux_16_1a/mux_8_1b/fifo_mux_2_1c/ (fifo_mux_2_1_bw20_simd1) #

#   Propagate Constraints from cell ofifo_inst/col_idx[0].fifo_instance/fifo_mux_16_1a/mux_8_1b/fifo_mux_2_1b/ (fifo_mux_2_1_bw20_simd1) #

#   Propagate Constraints from cell ofifo_inst/col_idx[0].fifo_instance/fifo_mux_16_1a/mux_8_1b/fifo_mux_2_1a/ (fifo_mux_2_1_bw20_simd1) #

#   Propagate Constraints from cell ofifo_inst/col_idx[0].fifo_instance/fifo_mux_16_1a/mux_8_1a/ (fifo_mux_8_1_bw20_simd1) #

#   Propagate Constraints from cell ofifo_inst/col_idx[0].fifo_instance/fifo_mux_16_1a/mux_8_1a/fifo_mux_2_1g/ (fifo_mux_2_1_bw20_simd1) #

#   Propagate Constraints from cell ofifo_inst/col_idx[0].fifo_instance/fifo_mux_16_1a/mux_8_1a/fifo_mux_2_1f/ (fifo_mux_2_1_bw20_simd1) #

#   Propagate Constraints from cell ofifo_inst/col_idx[0].fifo_instance/fifo_mux_16_1a/mux_8_1a/fifo_mux_2_1e/ (fifo_mux_2_1_bw20_simd1) #

#   Propagate Constraints from cell ofifo_inst/col_idx[0].fifo_instance/fifo_mux_16_1a/mux_8_1a/fifo_mux_2_1d/ (fifo_mux_2_1_bw20_simd1) #

#   Propagate Constraints from cell ofifo_inst/col_idx[0].fifo_instance/fifo_mux_16_1a/mux_8_1a/fifo_mux_2_1c/ (fifo_mux_2_1_bw20_simd1) #

#   Propagate Constraints from cell ofifo_inst/col_idx[0].fifo_instance/fifo_mux_16_1a/mux_8_1a/fifo_mux_2_1b/ (fifo_mux_2_1_bw20_simd1) #

#   Propagate Constraints from cell ofifo_inst/col_idx[0].fifo_instance/fifo_mux_16_1a/mux_8_1a/fifo_mux_2_1a/ (fifo_mux_2_1_bw20_simd1) #

#   Propagate Constraints from cell mac_array_instance/ (mac_array_col8_bw8_bw_psum20_pr16) #

#   Propagate Constraints from cell mac_array_instance/col_idx[8].mac_col_inst/ (mac_col_bw8_bw_psum20_pr16_col_id8) #

#   Propagate Constraints from cell mac_array_instance/col_idx[8].mac_col_inst/mac_16in_instance/ (mac_8in_bw8_bw_psum20_pr16) #

#   Propagate Constraints from cell mac_array_instance/col_idx[7].mac_col_inst/ (mac_col_bw8_bw_psum20_pr16_col_id7) #

#   Propagate Constraints from cell mac_array_instance/col_idx[7].mac_col_inst/mac_16in_instance/ (mac_8in_bw8_bw_psum20_pr16) #

#   Propagate Constraints from cell mac_array_instance/col_idx[6].mac_col_inst/ (mac_col_bw8_bw_psum20_pr16_col_id6) #

#   Propagate Constraints from cell mac_array_instance/col_idx[6].mac_col_inst/mac_16in_instance/ (mac_8in_bw8_bw_psum20_pr16) #

#   Propagate Constraints from cell mac_array_instance/col_idx[5].mac_col_inst/ (mac_col_bw8_bw_psum20_pr16_col_id5) #

#   Propagate Constraints from cell mac_array_instance/col_idx[5].mac_col_inst/mac_16in_instance/ (mac_8in_bw8_bw_psum20_pr16) #

#   Propagate Constraints from cell mac_array_instance/col_idx[4].mac_col_inst/ (mac_col_bw8_bw_psum20_pr16_col_id4) #

#   Propagate Constraints from cell mac_array_instance/col_idx[4].mac_col_inst/mac_16in_instance/ (mac_8in_bw8_bw_psum20_pr16) #

#   Propagate Constraints from cell mac_array_instance/col_idx[3].mac_col_inst/ (mac_col_bw8_bw_psum20_pr16_col_id3) #

#   Propagate Constraints from cell mac_array_instance/col_idx[3].mac_col_inst/mac_16in_instance/ (mac_8in_bw8_bw_psum20_pr16) #

#   Propagate Constraints from cell mac_array_instance/col_idx[2].mac_col_inst/ (mac_col_bw8_bw_psum20_pr16_col_id2) #

#   Propagate Constraints from cell mac_array_instance/col_idx[2].mac_col_inst/mac_16in_instance/ (mac_8in_bw8_bw_psum20_pr16) #

#   Propagate Constraints from cell mac_array_instance/col_idx[1].mac_col_inst/ (mac_col_bw8_bw_psum20_pr16_col_id1) #

#   Propagate Constraints from cell mac_array_instance/col_idx[1].mac_col_inst/mac_16in_instance/ (mac_8in_bw8_bw_psum20_pr16) #
Current design is 'core'.
Warning: Design 'core' has '1' unresolved references. For more detailed information, use the "link" command. (UID-341)
Warning: Design 'core' has '1' unresolved references. For more detailed information, use the "link" command. (UID-341)
Warning: Design 'core' has '1' unresolved references. For more detailed information, use the "link" command. (UID-341)
Warning: Design 'core' has '1' unresolved references. For more detailed information, use the "link" command. (UID-341)
Warning: Design rule attributes from the driving cell will be
	set on the port. (UID-401)
Warning: Design rule attributes from the driving cell will be
	set on the port. (UID-401)
Warning: Design rule attributes from the driving cell will be
	set on the port. (UID-401)
Warning: Design rule attributes from the driving cell will be
	set on the port. (UID-401)
Warning: Design rule attributes from the driving cell will be
	set on the port. (UID-401)
Warning: Design rule attributes from the driving cell will be
	set on the port. (UID-401)
Warning: Design rule attributes from the driving cell will be
	set on the port. (UID-401)
Warning: Design rule attributes from the driving cell will be
	set on the port. (UID-401)
Warning: Design rule attributes from the driving cell will be
	set on the port. (UID-401)
Warning: Design rule attributes from the driving cell will be
	set on the port. (UID-401)
Warning: Design rule attributes from the driving cell will be
	set on the port. (UID-401)
Warning: Design rule attributes from the driving cell will be
	set on the port. (UID-401)
Warning: Design rule attributes from the driving cell will be
	set on the port. (UID-401)
Warning: Design rule attributes from the driving cell will be
	set on the port. (UID-401)
Warning: Design rule attributes from the driving cell will be
	set on the port. (UID-401)
Warning: Design rule attributes from the driving cell will be
	set on the port. (UID-401)
Warning: Design rule attributes from the driving cell will be
	set on the port. (UID-401)
Warning: Design rule attributes from the driving cell will be
	set on the port. (UID-401)
Warning: Design rule attributes from the driving cell will be
	set on the port. (UID-401)
Warning: Design rule attributes from the driving cell will be
	set on the port. (UID-401)
Warning: Design rule attributes from the driving cell will be
	set on the port. (UID-401)
Warning: Design rule attributes from the driving cell will be
	set on the port. (UID-401)
Warning: Design rule attributes from the driving cell will be
	set on the port. (UID-401)
Warning: Design rule attributes from the driving cell will be
	set on the port. (UID-401)
Warning: Design rule attributes from the driving cell will be
	set on the port. (UID-401)
Warning: Design rule attributes from the driving cell will be
	set on the port. (UID-401)
Warning: Design rule attributes from the driving cell will be
	set on the port. (UID-401)
Warning: Design rule attributes from the driving cell will be
	set on the port. (UID-401)
Warning: Design rule attributes from the driving cell will be
	set on the port. (UID-401)
Warning: Design rule attributes from the driving cell will be
	set on the port. (UID-401)
Warning: Design rule attributes from the driving cell will be
	set on the port. (UID-401)
Warning: Design rule attributes from the driving cell will be
	set on the port. (UID-401)
Warning: Design rule attributes from the driving cell will be
	set on the port. (UID-401)
Warning: Design rule attributes from the driving cell will be
	set on the port. (UID-401)
Warning: Design rule attributes from the driving cell will be
	set on the port. (UID-401)
Warning: Design rule attributes from the driving cell will be
	set on the port. (UID-401)
Warning: Design rule attributes from the driving cell will be
	set on the port. (UID-401)
Warning: Design rule attributes from the driving cell will be
	set on the port. (UID-401)
Warning: Design rule attributes from the driving cell will be
	set on the port. (UID-401)
Warning: Design rule attributes from the driving cell will be
	set on the port. (UID-401)
Warning: Design rule attributes from the driving cell will be
	set on the port. (UID-401)
Warning: Design rule attributes from the driving cell will be
	set on the port. (UID-401)
Warning: Design rule attributes from the driving cell will be
	set on the port. (UID-401)
Warning: Design rule attributes from the driving cell will be
	set on the port. (UID-401)
Warning: Design rule attributes from the driving cell will be
	set on the port. (UID-401)
Warning: Design rule attributes from the driving cell will be
	set on the port. (UID-401)
Warning: Design rule attributes from the driving cell will be
	set on the port. (UID-401)
Warning: Design rule attributes from the driving cell will be
	set on the port. (UID-401)
Warning: Design rule attributes from the driving cell will be
	set on the port. (UID-401)
Warning: Design rule attributes from the driving cell will be
	set on the port. (UID-401)
Warning: Design rule attributes from the driving cell will be
	set on the port. (UID-401)
Warning: Design rule attributes from the driving cell will be
	set on the port. (UID-401)
Warning: Design rule attributes from the driving cell will be
	set on the port. (UID-401)
Warning: Design rule attributes from the driving cell will be
	set on the port. (UID-401)
Warning: Design rule attributes from the driving cell will be
	set on the port. (UID-401)
Warning: Design rule attributes from the driving cell will be
	set on the port. (UID-401)
Warning: Design rule attributes from the driving cell will be
	set on the port. (UID-401)
Warning: Design rule attributes from the driving cell will be
	set on the port. (UID-401)
Warning: Design rule attributes from the driving cell will be
	set on the port. (UID-401)
Warning: Design rule attributes from the driving cell will be
	set on the port. (UID-401)
Warning: Design rule attributes from the driving cell will be
	set on the port. (UID-401)
Warning: Design rule attributes from the driving cell will be
	set on the port. (UID-401)
Warning: Design rule attributes from the driving cell will be
	set on the port. (UID-401)
Warning: Design rule attributes from the driving cell will be
	set on the port. (UID-401)
Warning: Design rule attributes from the driving cell will be
	set on the port. (UID-401)
Warning: Design rule attributes from the driving cell will be
	set on the port. (UID-401)
Warning: Design rule attributes from the driving cell will be
	set on the port. (UID-401)
Warning: Design rule attributes from the driving cell will be
	set on the port. (UID-401)
Warning: Design rule attributes from the driving cell will be
	set on the port. (UID-401)
Warning: Design rule attributes from the driving cell will be
	set on the port. (UID-401)
Warning: Design rule attributes from the driving cell will be
	set on the port. (UID-401)
Warning: Design rule attributes from the driving cell will be
	set on the port. (UID-401)
Warning: Design rule attributes from the driving cell will be
	set on the port. (UID-401)
Warning: Design rule attributes from the driving cell will be
	set on the port. (UID-401)
Warning: Design rule attributes from the driving cell will be
	set on the port. (UID-401)
Warning: Design rule attributes from the driving cell will be
	set on the port. (UID-401)
Warning: Design rule attributes from the driving cell will be
	set on the port. (UID-401)
Warning: Design rule attributes from the driving cell will be
	set on the port. (UID-401)
Warning: Design rule attributes from the driving cell will be
	set on the port. (UID-401)
Warning: Design rule attributes from the driving cell will be
	set on the port. (UID-401)
Warning: Design rule attributes from the driving cell will be
	set on the port. (UID-401)
Warning: Design rule attributes from the driving cell will be
	set on the port. (UID-401)
Warning: Design rule attributes from the driving cell will be
	set on the port. (UID-401)
Warning: Design rule attributes from the driving cell will be
	set on the port. (UID-401)
Warning: Design rule attributes from the driving cell will be
	set on the port. (UID-401)
Warning: Design rule attributes from the driving cell will be
	set on the port. (UID-401)
Warning: Design rule attributes from the driving cell will be
	set on the port. (UID-401)
Warning: Design rule attributes from the driving cell will be
	set on the port. (UID-401)
Warning: Design rule attributes from the driving cell will be
	set on the port. (UID-401)
Warning: Design rule attributes from the driving cell will be
	set on the port. (UID-401)
Warning: Design rule attributes from the driving cell will be
	set on the port. (UID-401)
Warning: Design rule attributes from the driving cell will be
	set on the port. (UID-401)
Warning: Design rule attributes from the driving cell will be
	set on the port. (UID-401)
Warning: Design rule attributes from the driving cell will be
	set on the port. (UID-401)
Warning: Design rule attributes from the driving cell will be
	set on the port. (UID-401)
Warning: Design rule attributes from the driving cell will be
	set on the port. (UID-401)
Warning: Design rule attributes from the driving cell will be
	set on the port. (UID-401)
Warning: Design rule attributes from the driving cell will be
	set on the port. (UID-401)
Warning: Design rule attributes from the driving cell will be
	set on the port. (UID-401)
Warning: Design rule attributes from the driving cell will be
	set on the port. (UID-401)
Warning: Design rule attributes from the driving cell will be
	set on the port. (UID-401)
Warning: Design rule attributes from the driving cell will be
	set on the port. (UID-401)
Warning: Design rule attributes from the driving cell will be
	set on the port. (UID-401)
Warning: Design rule attributes from the driving cell will be
	set on the port. (UID-401)
Warning: Design rule attributes from the driving cell will be
	set on the port. (UID-401)
Warning: Design rule attributes from the driving cell will be
	set on the port. (UID-401)
Warning: Design rule attributes from the driving cell will be
	set on the port. (UID-401)
Warning: Design rule attributes from the driving cell will be
	set on the port. (UID-401)
Warning: Design rule attributes from the driving cell will be
	set on the port. (UID-401)
Warning: Design rule attributes from the driving cell will be
	set on the port. (UID-401)
Warning: Design rule attributes from the driving cell will be
	set on the port. (UID-401)
Warning: Design rule attributes from the driving cell will be
	set on the port. (UID-401)
Warning: Design rule attributes from the driving cell will be
	set on the port. (UID-401)
Warning: Design rule attributes from the driving cell will be
	set on the port. (UID-401)
Warning: Design rule attributes from the driving cell will be
	set on the port. (UID-401)
Warning: Design rule attributes from the driving cell will be
	set on the port. (UID-401)
Warning: Design rule attributes from the driving cell will be
	set on the port. (UID-401)
Warning: Design rule attributes from the driving cell will be
	set on the port. (UID-401)
Warning: Design rule attributes from the driving cell will be
	set on the port. (UID-401)
Warning: Design rule attributes from the driving cell will be
	set on the port. (UID-401)
Warning: Design rule attributes from the driving cell will be
	set on the port. (UID-401)
Warning: Design rule attributes from the driving cell will be
	set on the port. (UID-401)
Warning: Design rule attributes from the driving cell will be
	set on the port. (UID-401)
Warning: Design rule attributes from the driving cell will be
	set on the port. (UID-401)
Warning: Design rule attributes from the driving cell will be
	set on the port. (UID-401)
Warning: Design rule attributes from the driving cell will be
	set on the port. (UID-401)
Warning: Design rule attributes from the driving cell will be
	set on the port. (UID-401)
Warning: Design rule attributes from the driving cell will be
	set on the port. (UID-401)
Warning: Design rule attributes from the driving cell will be
	set on the port. (UID-401)
Warning: Design rule attributes from the driving cell will be
	set on the port. (UID-401)
Warning: Design rule attributes from the driving cell will be
	set on the port. (UID-401)
Warning: Design rule attributes from the driving cell will be
	set on the port. (UID-401)
Warning: Design rule attributes from the driving cell will be
	set on the port. (UID-401)
Warning: Design rule attributes from the driving cell will be
	set on the port. (UID-401)
Warning: Design rule attributes from the driving cell will be
	set on the port. (UID-401)
Warning: Design rule attributes from the driving cell will be
	set on the port. (UID-401)
Warning: Design rule attributes from the driving cell will be
	set on the port. (UID-401)
Warning: Design rule attributes from the driving cell will be
	set on the port. (UID-401)
Warning: Design rule attributes from the driving cell will be
	set on the port. (UID-401)
Warning: Design rule attributes from the driving cell will be
	set on the port. (UID-401)
Warning: Design rule attributes from the driving cell will be
	set on the port. (UID-401)
Warning: Design rule attributes from the driving cell will be
	set on the port. (UID-401)
Warning: Design rule attributes from the driving cell will be
	set on the port. (UID-401)
Warning: Design rule attributes from the driving cell will be
	set on the port. (UID-401)
Warning: Design rule attributes from the driving cell will be
	set on the port. (UID-401)
Warning: Design rule attributes from the driving cell will be
	set on the port. (UID-401)
Warning: Design rule attributes from the driving cell will be
	set on the port. (UID-401)
Warning: Design rule attributes from the driving cell will be
	set on the port. (UID-401)
Warning: Design rule attributes from the driving cell will be
	set on the port. (UID-401)
Warning: Design 'core' has '1' unresolved references. For more detailed information, use the "link" command. (UID-341)
Current design is 'core'.
Current design is 'mac_array_col8_bw8_bw_psum20_pr16'.
Current design is 'ofifo_col8_bw20'.
Current design is 'sfp_row_col8_bw8_bw_psum20'.
Current design is 'mac_col_bw8_bw_psum20_pr16_col_id1'.
Current design is 'mac_col_bw8_bw_psum20_pr16_col_id2'.
Current design is 'mac_col_bw8_bw_psum20_pr16_col_id3'.
Current design is 'mac_col_bw8_bw_psum20_pr16_col_id4'.
Current design is 'mac_col_bw8_bw_psum20_pr16_col_id5'.
Current design is 'mac_col_bw8_bw_psum20_pr16_col_id6'.
Current design is 'mac_col_bw8_bw_psum20_pr16_col_id7'.
Current design is 'mac_col_bw8_bw_psum20_pr16_col_id8'.
Current design is 'fifo_depth16_bw20_simd1'.
Current design is 'mac_8in_bw8_bw_psum20_pr16'.
Current design is 'fifo_mux_16_1_bw20_simd1'.
Current design is 'fifo_mux_8_1_bw20_simd1'.
Current design is 'fifo_mux_2_1_bw20_simd1'.
Current design is 'core'.
Information: Building the design 'sram_w8' instantiated from design 'core' with
	the parameters "sram_bit=128". (HDL-193)
Warning: Cannot find the design 'sram_w8' in the library 'WORK'. (LBR-1)
Information: Building the design 'sram_w8' instantiated from design 'core' with
	the parameters "sram_bit=160". (HDL-193)
Warning: Cannot find the design 'sram_w8' in the library 'WORK'. (LBR-1)
Error: Width mismatch on port 'sum_in' of reference to 'sfp_row' in 'core'. (LINK-3)
Error: Unable to match ports of cell sfp_row_instance ('sfp_row') to 'sfp_row_col8_bw8_bw_psum20'. (LINK-25)
Warning: Unable to resolve reference 'sram_w8' in 'core'. (LINK-5)
Warning: The -timing_high_effort_script option is ignored.  (OPT-1342)
Information: Performing power optimization. (PWR-850)
Analyzing: "/home/linux/ieng6/ee260bwi25/public/PDKdata/db/tcbn65gplustc.db"
Library analysis succeeded.
Loading db file '/software/nonrdist64/dc-2015.06-64/libraries/syn/dw_foundation.sldb'
Warning: DesignWare synthetic library dw_foundation.sldb is added to the synthetic_library in the current command. (UISN-40)
Information: Evaluating DesignWare library utilization. (UISN-27)

============================================================================
| DesignWare Building Block Library  |         Version         | Available |
============================================================================
| Basic DW Building Blocks           | K-2015.06-DWBB_201506.2 |     *     |
| Licensed DW Building Blocks        | K-2015.06-DWBB_201506.2 |     *     |
============================================================================


Information: There are 591 potential problems in your design. Please run 'check_design' for more information. (LINT-99)

Information: Uniquified 8 instances of design 'fifo_depth16_bw20_simd1'. (OPT-1056)
Information: Uniquified 8 instances of design 'mac_8in_bw8_bw_psum20_pr16'. (OPT-1056)
Information: Uniquified 8 instances of design 'fifo_mux_16_1_bw20_simd1'. (OPT-1056)
Information: Uniquified 16 instances of design 'fifo_mux_8_1_bw20_simd1'. (OPT-1056)
Information: Uniquified 120 instances of design 'fifo_mux_2_1_bw20_simd1'. (OPT-1056)
  Simplifying Design 'core'

Information: Building the design 'sram_w8' instantiated from design 'core' with
	the parameters "sram_bit=128". (HDL-193)
Warning: Cannot find the design 'sram_w8' in the library 'WORK'. (LBR-1)
Information: Building the design 'sram_w8' instantiated from design 'core' with
	the parameters "sram_bit=160". (HDL-193)
Warning: Cannot find the design 'sram_w8' in the library 'WORK'. (LBR-1)
Error: Width mismatch on port 'sum_in' of reference to 'sfp_row' in 'core'. (LINK-3)
Error: Unable to match ports of cell sfp_row_instance ('sfp_row') to 'sfp_row_col8_bw8_bw_psum20'. (LINK-25)
Warning: Unable to resolve reference 'sram_w8' in 'core'. (LINK-5)
Loaded alib file './alib-52/tcbn65gplustc.db.alib'
Information: State dependent leakage is now switched from on to off.

  Beginning Pass 1 Mapping
  ------------------------
  Processing 'mac_col_bw8_bw_psum20_pr16_col_id8'
Information: Added key list 'DesignWare' to design 'mac_col_bw8_bw_psum20_pr16_col_id8'. (DDB-72)
  Processing 'mac_col_bw8_bw_psum20_pr16_col_id5'
Information: Added key list 'DesignWare' to design 'mac_col_bw8_bw_psum20_pr16_col_id5'. (DDB-72)
  Processing 'mac_col_bw8_bw_psum20_pr16_col_id1'
Information: Added key list 'DesignWare' to design 'mac_col_bw8_bw_psum20_pr16_col_id1'. (DDB-72)
  Processing 'core'
  Processing 'mac_array_col8_bw8_bw_psum20_pr16'
  Processing 'mac_col_bw8_bw_psum20_pr16_col_id2'
Information: Added key list 'DesignWare' to design 'mac_col_bw8_bw_psum20_pr16_col_id2'. (DDB-72)
  Processing 'fifo_mux_16_1_bw20_simd1_7'
  Processing 'ofifo_col8_bw20'
  Processing 'mac_col_bw8_bw_psum20_pr16_col_id7'
Information: Added key list 'DesignWare' to design 'mac_col_bw8_bw_psum20_pr16_col_id7'. (DDB-72)
  Processing 'mac_col_bw8_bw_psum20_pr16_col_id4'
Information: Added key list 'DesignWare' to design 'mac_col_bw8_bw_psum20_pr16_col_id4'. (DDB-72)
  Processing 'mac_8in_bw8_bw_psum20_pr16_0'
 Implement Synthetic for 'mac_8in_bw8_bw_psum20_pr16_0'.
  Processing 'fifo_mux_2_1_bw20_simd1_112'
  Processing 'fifo_depth16_bw20_simd1_0'
Information: Added key list 'DesignWare' to design 'fifo_depth16_bw20_simd1_0'. (DDB-72)
 Implement Synthetic for 'fifo_depth16_bw20_simd1_0'.
  Processing 'fifo_depth16_bw20_simd1_7'
Information: Added key list 'DesignWare' to design 'fifo_depth16_bw20_simd1_7'. (DDB-72)
 Implement Synthetic for 'fifo_depth16_bw20_simd1_7'.
  Processing 'mac_col_bw8_bw_psum20_pr16_col_id6'
Information: Added key list 'DesignWare' to design 'mac_col_bw8_bw_psum20_pr16_col_id6'. (DDB-72)
  Processing 'mac_col_bw8_bw_psum20_pr16_col_id3'
Information: Added key list 'DesignWare' to design 'mac_col_bw8_bw_psum20_pr16_col_id3'. (DDB-72)
  Processing 'fifo_mux_16_1_bw20_simd1_0'
  Processing 'fifo_mux_8_1_bw20_simd1_0'
Information: Building the design 'sram_w8' instantiated from design 'core' with
	the parameters "sram_bit=128". (HDL-193)
Warning: Cannot find the design 'sram_w8' in the library 'WORK'. (LBR-1)
Information: Building the design 'sram_w8' instantiated from design 'core' with
	the parameters "sram_bit=160". (HDL-193)
Warning: Cannot find the design 'sram_w8' in the library 'WORK'. (LBR-1)
Error: Width mismatch on port 'sum_in' of reference to 'sfp_row' in 'core'. (LINK-3)
Error: Unable to match ports of cell sfp_row_instance ('sfp_row') to 'sfp_row_col8_bw8_bw_psum20'. (LINK-25)
Warning: Unable to resolve reference 'sram_w8' in 'core'. (LINK-5)

  Updating timing information
Information: Updating design information... (UID-85)
Information: The library cell 'TIEL' in the library 'tcbn65gplustc' is not characterized for internal power. (PWR-536)
Information: The library cell 'TIEH' in the library 'tcbn65gplustc' is not characterized for internal power. (PWR-536)
Information: The target library(s) contains cell(s), other than black boxes, that are not characterized for internal power. (PWR-24)

  Beginning Mapping Optimizations  (Ultra High effort)
  -------------------------------
  Mapping Optimization (Phase 1)
  Mapping Optimization (Phase 2)
  Mapping Optimization (Phase 3)

  Beginning Constant Register Removal
  -----------------------------------

  Beginning Global Optimizations
  ------------------------------
  Numerical Synthesis (Phase 1)
  Numerical Synthesis (Phase 2)
  Global Optimization (Phase 1)
  Global Optimization (Phase 2)
  Global Optimization (Phase 3)
  Global Optimization (Phase 4)
  Global Optimization (Phase 5)
  Global Optimization (Phase 6)
  Global Optimization (Phase 7)
  Global Optimization (Phase 8)
  Global Optimization (Phase 9)
  Global Optimization (Phase 10)
  Global Optimization (Phase 11)
  Global Optimization (Phase 12)
  Global Optimization (Phase 13)
  Global Optimization (Phase 14)
  Global Optimization (Phase 15)
  Global Optimization (Phase 16)
  Global Optimization (Phase 17)
  Global Optimization (Phase 18)
  Global Optimization (Phase 19)
  Global Optimization (Phase 20)
  Global Optimization (Phase 21)
  Global Optimization (Phase 22)
  Global Optimization (Phase 23)
  Global Optimization (Phase 24)
  Global Optimization (Phase 25)
  Global Optimization (Phase 26)
  Global Optimization (Phase 27)
  Global Optimization (Phase 28)
  Global Optimization (Phase 29)
  Global Optimization (Phase 30)
  Global Optimization (Phase 31)
  Mapping 'mac_8in_bw8_bw_psum20_pr16_2_DP_OP_38J4_122_9219_2'
Information: Added key list 'DesignWare' to design 'mac_8in_bw8_bw_psum20_pr16_7'. (DDB-72)
Information: Added key list 'DesignWare' to design 'mac_8in_bw8_bw_psum20_pr16_6'. (DDB-72)
Information: Added key list 'DesignWare' to design 'mac_8in_bw8_bw_psum20_pr16_5'. (DDB-72)
Information: Added key list 'DesignWare' to design 'mac_8in_bw8_bw_psum20_pr16_4'. (DDB-72)
Information: Added key list 'DesignWare' to design 'mac_8in_bw8_bw_psum20_pr16_3'. (DDB-72)
Information: Added key list 'DesignWare' to design 'mac_8in_bw8_bw_psum20_pr16_2'. (DDB-72)
Information: Added key list 'DesignWare' to design 'mac_8in_bw8_bw_psum20_pr16_1'. (DDB-72)
Information: Added key list 'DesignWare' to design 'mac_8in_bw8_bw_psum20_pr16_0'. (DDB-72)

  Beginning Isolate Ports
  -----------------------

  Beginning Delay Optimization
  ----------------------------

                                  TOTAL                                                            
   ELAPSED            WORST NEG   SETUP    DESIGN                              LEAKAGE   MIN DELAY 
    TIME      AREA      SLACK     COST    RULE COST         ENDPOINT            POWER      COST    
  --------- --------- --------- --------- --------- ------------------------- --------- -----------
    0:01:09   90277.9      0.21     261.0       7.4                           518571.8750      0.00  
    0:01:49   94129.6      0.07      89.6       7.4                           563880.7500      0.00  
    0:01:49   94129.6      0.07      89.6       7.4                           563880.7500      0.00  
    0:01:49   94129.6      0.07      89.6       7.4                           563880.7500      0.00  

  Beginning WLM Backend Optimization
  --------------------------------------
    0:01:59   93201.8      0.07      87.6       7.4                           556668.1875      0.00  
    0:02:00   93358.8      0.07      85.0       7.4                           559566.3125      0.00  
    0:02:03   93243.6      0.07      84.6       7.4                           555032.0000      0.00  
    0:02:03   93243.6      0.07      84.6       7.4                           555032.0000      0.00  
    0:02:21   94497.5      0.07      77.4       9.3                           562917.8125      0.00  
    0:02:21   94497.5      0.07      77.4       9.3                           562917.8125      0.00  
    0:02:21   94497.5      0.07      77.4       9.3                           562917.8125      0.00  
    0:02:21   94497.5      0.07      77.4       9.3                           562917.8125      0.00  
    0:02:22   94497.5      0.07      77.4       9.3                           562917.8125      0.00  
    0:02:22   94497.5      0.07      77.4       9.3                           562917.8125      0.00  
    0:02:44   96048.4      0.05      52.6       8.9                           577376.4375      0.00  
    0:02:44   96048.4      0.05      52.6       8.9                           577376.4375      0.00  
    0:02:48   96145.9      0.05      51.7       8.9                           577903.7500      0.00  
    0:02:48   96145.9      0.05      51.7       8.9                           577903.7500      0.00  
    0:02:50   96172.9      0.05      51.1       8.9                           578301.3125      0.00  
    0:02:50   96172.9      0.05      51.1       8.9                           578301.3125      0.00  
    0:02:50   96172.9      0.05      51.1       8.9                           578301.3125      0.00  
    0:02:50   96172.9      0.05      51.1       8.9                           578301.3125      0.00  
    0:02:50   96172.9      0.05      51.1       8.9                           578301.3125      0.00  
    0:02:50   96172.9      0.05      51.1       8.9                           578301.3125      0.00  
    0:02:51   96172.9      0.05      51.1       8.9                           578301.3125      0.00  


  Beginning Design Rule Fixing  (max_transition)  (max_capacitance)
  ----------------------------

                                  TOTAL                                                            
   ELAPSED            WORST NEG   SETUP    DESIGN                              LEAKAGE   MIN DELAY 
    TIME      AREA      SLACK     COST    RULE COST         ENDPOINT            POWER      COST    
  --------- --------- --------- --------- --------- ------------------------- --------- -----------
    0:02:51   96172.9      0.05      51.1       8.9                           578301.3125      0.00  
  Global Optimization (Phase 32)
  Global Optimization (Phase 33)
  Global Optimization (Phase 34)
    0:02:53   96394.7      0.04      49.1       0.0 ofifo_inst/col_idx[4].fifo_instance/q5_reg[12]/D 580701.5625      0.00  
    0:02:53   96422.8      0.04      48.9       0.0                           581115.6250      0.00  
    0:03:01   96665.4      0.04      47.8       0.0                           582453.8750      0.00  


  Beginning Leakage Power Optimization  (max_leakage_power 0)
  ------------------------------------

                                  TOTAL                                                            
   ELAPSED            WORST NEG   SETUP    DESIGN                              LEAKAGE   MIN DELAY 
    TIME      AREA      SLACK     COST    RULE COST         ENDPOINT            POWER      COST    
  --------- --------- --------- --------- --------- ------------------------- --------- -----------
    0:03:01   96665.4      0.04      47.8       0.0                           582453.8750      0.00  
  Global Optimization (Phase 35)
  Global Optimization (Phase 36)
  Global Optimization (Phase 37)
  Global Optimization (Phase 38)
  Global Optimization (Phase 39)
  Global Optimization (Phase 40)
  Global Optimization (Phase 41)
  Global Optimization (Phase 42)
  Global Optimization (Phase 43)
  Global Optimization (Phase 44)
  Global Optimization (Phase 45)
  Global Optimization (Phase 46)
  Global Optimization (Phase 47)
  Global Optimization (Phase 48)
  Global Optimization (Phase 49)
  Global Optimization (Phase 50)
  Global Optimization (Phase 51)
  Global Optimization (Phase 52)
  Global Optimization (Phase 53)
  Global Optimization (Phase 54)
  Global Optimization (Phase 55)
  Global Optimization (Phase 56)
    0:03:19   95991.5      0.03      36.1       0.0 ofifo_inst/col_idx[6].fifo_instance/q0_reg[13]/D 568741.0000      0.00  
    0:03:19   95989.0      0.03      36.0       0.0                           568741.8125      0.00  
    0:03:24   96238.4      0.03      34.7       0.4                           570031.8750      0.00  
    0:03:25   96238.4      0.03      34.7       0.4                           570031.8750      0.00  
    0:03:27   95882.4      0.03      34.2       0.0                           566563.0625      0.00  
    0:03:27   95882.4      0.03      34.2       0.0                           566563.0625      0.00  
    0:03:30   96015.2      0.03      33.3       0.0                           567341.1250      0.00  
    0:03:30   96015.2      0.03      33.3       0.0                           567341.1250      0.00  
    0:03:30   96015.2      0.03      33.3       0.0                           567341.1250      0.00  
    0:03:30   96015.2      0.03      33.3       0.0                           567341.1250      0.00  
    0:03:31   96015.2      0.03      33.3       0.0                           567341.1250      0.00  
    0:03:31   96015.2      0.03      33.3       0.0                           567341.1250      0.00  
    0:04:09   97257.2      0.02      20.5       0.3                           577276.7500      0.00  
    0:04:09   97257.2      0.02      20.5       0.3                           577276.7500      0.00  
    0:04:11   97251.8      0.02      20.4       0.3                           577232.5625      0.00  
    0:04:11   97251.8      0.02      20.4       0.3                           577232.5625      0.00  
    0:04:11   97251.8      0.02      20.4       0.3                           577235.5000      0.00  
    0:04:11   97251.8      0.02      20.4       0.3                           577235.5000      0.00  
    0:04:13   97251.8      0.02      20.4       0.3                           577232.5625      0.00  
    0:04:13   97251.8      0.02      20.4       0.3                           577232.5625      0.00  
    0:04:13   97251.8      0.02      20.4       0.3                           577235.5000      0.00  
    0:04:13   97251.8      0.02      20.4       0.3                           577235.5000      0.00  
    0:04:15   97251.8      0.02      20.4       0.3                           577232.5625      0.00  

                                  TOTAL                                                            
   ELAPSED            WORST NEG   SETUP    DESIGN                              LEAKAGE   MIN DELAY 
    TIME      AREA      SLACK     COST    RULE COST         ENDPOINT            POWER      COST    
  --------- --------- --------- --------- --------- ------------------------- --------- -----------
    0:04:16   96698.9      0.02      20.4       0.3                           576374.9375      0.00  
    0:04:20   95439.6      0.02      19.7       0.3                           560585.1250      0.00  
    0:04:21   95428.4      0.02      18.7       0.3                           560638.3750      0.00  
    0:04:21   95428.4      0.02      18.7       0.3                           560638.3750      0.00  
    0:04:23   95290.6      0.02      18.4       0.3                           558481.8125      0.00  
    0:04:25   94975.2      0.02      18.2       0.0 ofifo_inst/col_idx[1].fifo_instance/q5_reg[17]/D 555650.3750      0.00  
    0:04:27   95117.4      0.02      15.4       0.0 ofifo_inst/col_idx[2].fifo_instance/q5_reg[17]/D 557060.8750      0.00  
    0:04:28   95197.3      0.02      13.7       0.0 ofifo_inst/col_idx[1].fifo_instance/q5_reg[17]/D 557619.0625      0.00  
    0:04:30   95252.8      0.02      12.5       0.0 ofifo_inst/col_idx[0].fifo_instance/q5_reg[15]/D 558185.7500      0.00  
    0:04:31   95361.8      0.01      11.1       0.0 ofifo_inst/col_idx[1].fifo_instance/q5_reg[16]/D 559149.0000      0.00  
    0:04:32   95408.3      0.01      10.4       0.0 ofifo_inst/col_idx[6].fifo_instance/q0_reg[12]/D 559453.5625      0.00  
    0:04:34   95506.6      0.01       8.9       0.0 ofifo_inst/col_idx[2].fifo_instance/q5_reg[17]/D 560574.2500      0.00  
    0:04:36   95582.9      0.01       8.0       0.0 ofifo_inst/col_idx[1].fifo_instance/q11_reg[15]/D 561193.7500      0.00  
    0:04:37   95638.3      0.01       7.2       0.0 ofifo_inst/col_idx[4].fifo_instance/q10_reg[15]/D 561778.2500      0.00  
    0:04:38   95688.0      0.01       6.4       0.0 ofifo_inst/col_idx[5].fifo_instance/q5_reg[14]/D 562116.2500      0.00  
    0:04:39   95725.8      0.01       6.0       0.0                           562478.0000      0.00  
    0:04:54   95892.5      0.01       3.9       0.0                           564060.1875      0.00  
    0:04:54   95890.0      0.01       3.9       0.0                           563992.7500      0.00  
    0:04:55   95905.8      0.01       3.8       0.0                           564187.2500      0.00  
    0:04:59   95101.2      0.01       3.4       0.0                           553121.5625      0.00  
Loading db file '/home/linux/ieng6/ee260bwi25/public/PDKdata/db/tcbn65gplustc.db'


Note: Symbol # after min delay cost means estimated hold TNS across all active scenarios 


  Optimization Complete
  ---------------------
Warning: Design 'core' contains 1 high-fanout nets. A fanout number of 1000 will be used for delay calculations involving these nets. (TIM-134)
     Net 'ofifo_inst/col_idx[2].fifo_instance/wr_clk': 3888 load(s), 1 driver(s), 4 inout(s)
Information: Building the design 'sram_w8' instantiated from design 'core' with
	the parameters "sram_bit=128". (HDL-193)
Warning: Cannot find the design 'sram_w8' in the library 'WORK'. (LBR-1)
Information: Building the design 'sram_w8' instantiated from design 'core' with
	the parameters "sram_bit=160". (HDL-193)
Warning: Cannot find the design 'sram_w8' in the library 'WORK'. (LBR-1)
Error: Width mismatch on port 'sum_in' of reference to 'sfp_row' in 'core'. (LINK-3)
Error: Unable to match ports of cell sfp_row_instance ('sfp_row') to 'sfp_row_col8_bw8_bw_psum20'. (LINK-25)
Warning: Unable to resolve reference 'sram_w8' in 'core'. (LINK-5)
Information: State dependent leakage is now switched from off to on.
Information: Propagating switching activity (low effort zero delay simulation). (PWR-6)
Warning: Design has unannotated black box outputs. (PWR-428)
Current design is 'core'.
Information: Building the design 'sram_w8' instantiated from design 'core' with
	the parameters "sram_bit=128". (HDL-193)
Warning: Cannot find the design 'sram_w8' in the library 'WORK'. (LBR-1)
Information: Building the design 'sram_w8' instantiated from design 'core' with
	the parameters "sram_bit=160". (HDL-193)
Warning: Cannot find the design 'sram_w8' in the library 'WORK'. (LBR-1)
Error: Width mismatch on port 'sum_in' of reference to 'sfp_row' in 'core'. (LINK-3)
Error: Unable to match ports of cell sfp_row_instance ('sfp_row') to 'sfp_row_col8_bw8_bw_psum20'. (LINK-25)
Warning: Unable to resolve reference 'sram_w8' in 'core'. (LINK-5)
Warning: The specified replacement character (_) is conflicting with the specified allowed or restricted character.   (UCN-4)
Warning: Design 'core' has '1' unresolved references. For more detailed information, use the "link" command. (UID-341)
Writing verilog file '/home/linux/ieng6/ee260bwi25/shchopra/project/single_core/synth_without_sram/core.out.v'.
Error: couldn't open "log/core_area.rep": no such file or directory
	Use error_info for more info. (CMD-013)
Error: can't read "inFile": no such variable
	Use error_info for more info. (CMD-013)
Error: can't read "inFile": no such variable
	Use error_info for more info. (CMD-013)
Warning: Design 'core' has '1' unresolved references. For more detailed information, use the "link" command. (UID-341)
run.scr completed successfully
