*----------------------------------------------------------------------------------------
*	Innovus 15.23-s045_1 (64bit) 04/22/2016 12:32 (Linux 2.6.18-194.el5)
*	
*
* 	Date & Time:	2025-Mar-17 17:53:42 (2025-Mar-18 00:53:42 GMT)
*
*----------------------------------------------------------------------------------------
*
*	Design: core
*
*	Liberty Libraries used: 
*	        WC_VIEW: /home/linux/ieng6/ee260bwi25/public/PDKdata/lib/tcbn65gpluswc.lib
*	        WC_VIEW: ./subckt/sram_w8_160b_WC.lib
*	        WC_VIEW: ./subckt/sram_w8_64b_WC.lib
*
*	Power Domain used: 
*		Rail:        VDD 	Voltage:        0.9 
*
*       Power View : WC_VIEW
*
*       User-Defined Activity : N.A.
*
*       Activity File: N.A.
*
*       Hierarchical Global Activity: N.A.
*
*       Global Activity: N.A.
*
*       Sequential Element Activity: 0.200000
*
*       Primary Input Activity: 0.200000
*
*       Default icg ratio: N.A.
*
*       Global Comb ClockGate Ratio: N.A.
*
*	Power Units = 1mW
*
*	Time Units = 1e-09 secs 
*
*       report_power -outfile core.post_route.power.rpt
*
-----------------------------------------------------------------------------------------


Total Power 
-----------------------------------------------------------------------------------------
Total Internal Power:       28.94331978 	   52.4713%
Total Switching Power:      24.56704577 	   44.5376%
Total Leakage Power:         1.64987289 	    2.9911%
Total Power:                55.16023859 
-----------------------------------------------------------------------------------------


Group                           Internal   Switching     Leakage       Total  Percentage 
                                Power      Power         Power         Power  (%)        
-----------------------------------------------------------------------------------------
Sequential                         10.07      0.5582      0.2509       10.88       19.73 
Macro                                  0      0.1899           0      0.1899      0.3442 
IO                                     0           0     7.6e-07     7.6e-07   1.378e-06 
Combinational                       18.2       22.15       1.381       41.73       75.65 
Clock (Combinational)             0.6739       1.668     0.01801        2.36       4.279 
Clock (Sequential)                     0           0           0           0           0 
-----------------------------------------------------------------------------------------
Total                              28.94       24.57        1.65       55.16         100 
-----------------------------------------------------------------------------------------


Rail                  Voltage   Internal   Switching     Leakage       Total  Percentage 
                                Power      Power         Power         Power  (%)        
-----------------------------------------------------------------------------------------
VDD                       0.9      28.94       24.57        1.65       55.16         100 


Clock                           Internal   Switching     Leakage       Total  Percentage 
                                Power      Power         Power         Power  (%)        
-----------------------------------------------------------------------------------------
clk                               0.6739       1.668     0.01801        2.36       4.279 
-----------------------------------------------------------------------------------------
Total (excluding duplicates)      0.6739       1.668     0.01801        2.36       4.279 
-----------------------------------------------------------------------------------------


-----------------------------------------------------------------------------------------
*	Power Distribution Summary: 
* 		Highest Average Power:         psum_mem_instance (sram_w8_160b): 	    0.1445 
* 		Highest Leakage Power:   sfp_row_instance/U13030 (ND3D8): 	 0.0003024 
* 		Total Cap: 	3.79789e-10 F
* 		Total instances in design: 52035
* 		Total instances in design with no power:     0
*          Total instances in design with no activity:     0
* 		Total Fillers and Decap:     0
-----------------------------------------------------------------------------------------

