###############################################################
#  Generated by:      Cadence Innovus 15.23-s045_1
#  OS:                Linux x86_64(Host ID ieng6-ece-09.ucsd.edu)
#  Generated on:      Wed Mar 19 19:54:44 2025
#  Design:            core
#  Command:           verifyGeometry
###############################################################

SHORT: Regular Via of Net mac_array_instance/col_idx_1__mac_col_inst/mac_8in_instance/n526 & Blockage of Cell mac_array_instance/col_idx_1__mac_col_inst/mac_8in_instance/FE_RC_404_0  ( M1 )
Bounds : ( 182.650, 244.710 ) ( 182.750, 244.890 )


SHORT: Regular Via of Net out[113] & Blockage of Cell FE_OCPC4341_out_113_  ( M1 )
Bounds : ( 524.810, 81.350 ) ( 524.990, 81.450 )


SPACING: Regular Wire of Net pmem_in[18] & Special Wire of Net VSS  ( M2 )
Bounds : ( 428.950, 265.560 ) ( 428.970, 265.650 )
Actual:     0.02     Min:     0.1     Type: ParallelRun


SHORT: Regular Via of Net mac_array_instance/col_idx_3__mac_col_inst/mac_8in_instance/n691 & Blockage of Cell mac_array_instance/col_idx_3__mac_col_inst/mac_8in_instance/FE_RC_3643_0  ( M1 )
Bounds : ( 182.250, 428.510 ) ( 182.350, 428.690 )


SHORT: Regular Via of Net mac_array_instance/col_idx_4__mac_col_inst/mac_8in_instance/n311 & Blockage of Cell mac_array_instance/col_idx_4__mac_col_inst/mac_8in_instance/FE_RC_1810_0  ( M1 )
Bounds : ( 289.010, 433.500 ) ( 289.190, 433.600 )


SHORT: Regular Via of Net mac_array_instance/col_idx_4__mac_col_inst/mac_8in_instance/n1681 & Blockage of Cell mac_array_instance/col_idx_4__mac_col_inst/mac_8in_instance/U1007  ( M1 )
Bounds : ( 201.210, 448.420 ) ( 201.390, 448.520 )


SHORT: Regular Via of Net sfp_row_instance/n623 & Blockage of Cell sfp_row_instance/U1271  ( M1 )
Bounds : ( 542.650, 409.910 ) ( 542.750, 410.330 )



Begin Summary ...
  Cells       : 0
  SameNet     : 0
  Wiring      : 1
  Antenna     : 0
  Short       : 6
  Overlap     : 0
End Summary

  Total Violations : 7 Viols.
