###############################################################
#  Generated by:      Cadence Innovus 15.23-s045_1
#  OS:                Linux x86_64(Host ID ieng6-ece-09.ucsd.edu)
#  Generated on:      Fri Mar 21 17:44:56 2025
#  Design:            sram_w8_160b
#  Command:           verifyConnectivity
###############################################################
Verify Connectivity Report is created on Fri Mar 21 17:44:56 2025



Net VDD: dangling Wire at (2.000, 149.600) (2.000, 149.600) on layer: M1
Net VDD: dangling Wire at (179.400, 149.600) (179.400, 149.600) on layer: M1
Net VDD: dangling Wire at (2.000, 153.200) (2.000, 153.200) on layer: M1
Net VDD: dangling Wire at (179.400, 153.200) (179.400, 153.200) on layer: M1
Net VDD: dangling Wire at (2.000, 156.800) (2.000, 156.800) on layer: M1
Net VDD: dangling Wire at (179.400, 156.800) (179.400, 156.800) on layer: M1
Net VDD: dangling Wire at (2.000, 160.400) (2.000, 160.400) on layer: M1
Net VDD: dangling Wire at (179.400, 160.400) (179.400, 160.400) on layer: M1
Net VDD: dangling Wire at (2.000, 164.000) (2.000, 164.000) on layer: M1
Net VDD: dangling Wire at (179.400, 164.000) (179.400, 164.000) on layer: M1
Net VDD: dangling Wire at (2.000, 167.600) (2.000, 167.600) on layer: M1
Net VDD: dangling Wire at (179.400, 167.600) (179.400, 167.600) on layer: M1
Net VDD: dangling Wire at (2.000, 171.200) (2.000, 171.200) on layer: M1
Net VDD: dangling Wire at (179.400, 171.200) (179.400, 171.200) on layer: M1
Net VDD: dangling Wire at (2.000, 174.800) (2.000, 174.800) on layer: M1
Net VDD: dangling Wire at (179.400, 174.800) (179.400, 174.800) on layer: M1
Net VDD: dangling Wire at (2.000, 178.400) (2.000, 178.400) on layer: M1
Net VDD: dangling Wire at (179.400, 178.400) (179.400, 178.400) on layer: M1
Net VDD: dangling Wire at (2.000, 138.800) (2.000, 138.800) on layer: M1
Net VDD: dangling Wire at (179.400, 138.800) (179.400, 138.800) on layer: M1
Net VDD: dangling Wire at (2.000, 142.400) (2.000, 142.400) on layer: M1
Net VDD: dangling Wire at (179.400, 142.400) (179.400, 142.400) on layer: M1
Net VDD: dangling Wire at (2.000, 146.000) (2.000, 146.000) on layer: M1
Net VDD: dangling Wire at (179.400, 146.000) (179.400, 146.000) on layer: M1
Net VDD: dangling Wire at (179.400, 92.000) (179.400, 92.000) on layer: M1
Net VDD: dangling Wire at (2.000, 95.600) (2.000, 95.600) on layer: M1
Net VDD: dangling Wire at (179.400, 95.600) (179.400, 95.600) on layer: M1
Net VDD: dangling Wire at (2.000, 99.200) (2.000, 99.200) on layer: M1
Net VDD: dangling Wire at (179.400, 99.200) (179.400, 99.200) on layer: M1
Net VDD: dangling Wire at (179.400, 102.800) (179.400, 102.800) on layer: M1
Net VDD: dangling Wire at (2.000, 106.400) (2.000, 106.400) on layer: M1
Net VDD: dangling Wire at (179.400, 106.400) (179.400, 106.400) on layer: M1
Net VDD: dangling Wire at (2.000, 110.000) (2.000, 110.000) on layer: M1
Net VDD: dangling Wire at (179.400, 110.000) (179.400, 110.000) on layer: M1
Net VDD: dangling Wire at (2.000, 113.600) (2.000, 113.600) on layer: M1
Net VDD: dangling Wire at (179.400, 113.600) (179.400, 113.600) on layer: M1
Net VDD: dangling Wire at (2.000, 117.200) (2.000, 117.200) on layer: M1
Net VDD: dangling Wire at (179.400, 117.200) (179.400, 117.200) on layer: M1
Net VDD: dangling Wire at (2.000, 120.800) (2.000, 120.800) on layer: M1
Net VDD: dangling Wire at (179.400, 120.800) (179.400, 120.800) on layer: M1
Net VDD: dangling Wire at (2.000, 124.400) (2.000, 124.400) on layer: M1
Net VDD: dangling Wire at (179.400, 124.400) (179.400, 124.400) on layer: M1
Net VDD: dangling Wire at (2.000, 128.000) (2.000, 128.000) on layer: M1
Net VDD: dangling Wire at (179.400, 128.000) (179.400, 128.000) on layer: M1
Net VDD: dangling Wire at (2.000, 131.600) (2.000, 131.600) on layer: M1
Net VDD: dangling Wire at (179.400, 131.600) (179.400, 131.600) on layer: M1
Net VDD: dangling Wire at (2.000, 135.200) (2.000, 135.200) on layer: M1
Net VDD: dangling Wire at (179.400, 135.200) (179.400, 135.200) on layer: M1
Net VDD: dangling Wire at (2.000, 45.200) (2.000, 45.200) on layer: M1
Net VDD: dangling Wire at (179.400, 45.200) (179.400, 45.200) on layer: M1
Net VDD: dangling Wire at (2.000, 63.200) (2.000, 63.200) on layer: M1
Net VDD: dangling Wire at (179.400, 63.200) (179.400, 63.200) on layer: M1
Net VDD: dangling Wire at (2.000, 66.800) (2.000, 66.800) on layer: M1
Net VDD: dangling Wire at (179.400, 66.800) (179.400, 66.800) on layer: M1
Net VDD: dangling Wire at (2.000, 70.400) (2.000, 70.400) on layer: M1
Net VDD: dangling Wire at (179.400, 70.400) (179.400, 70.400) on layer: M1
Net VDD: dangling Wire at (2.000, 74.000) (2.000, 74.000) on layer: M1
Net VDD: dangling Wire at (179.400, 74.000) (179.400, 74.000) on layer: M1
Net VDD: dangling Wire at (179.400, 77.600) (179.400, 77.600) on layer: M1
Net VDD: dangling Wire at (2.000, 81.200) (2.000, 81.200) on layer: M1
Net VDD: dangling Wire at (179.400, 81.200) (179.400, 81.200) on layer: M1
Net VDD: dangling Wire at (2.000, 84.800) (2.000, 84.800) on layer: M1
Net VDD: dangling Wire at (179.400, 84.800) (179.400, 84.800) on layer: M1
Net VDD: dangling Wire at (2.000, 88.400) (2.000, 88.400) on layer: M1
Net VDD: dangling Wire at (179.400, 88.400) (179.400, 88.400) on layer: M1
Net VDD: dangling Wire at (2.000, 52.400) (2.000, 52.400) on layer: M1
Net VDD: dangling Wire at (179.400, 52.400) (179.400, 52.400) on layer: M1
Net VDD: dangling Wire at (2.000, 48.800) (2.000, 48.800) on layer: M1
Net VDD: dangling Wire at (179.400, 48.800) (179.400, 48.800) on layer: M1
Net VDD: dangling Wire at (2.000, 59.600) (2.000, 59.600) on layer: M1
Net VDD: dangling Wire at (179.400, 59.600) (179.400, 59.600) on layer: M1
Net VDD: dangling Wire at (2.000, 56.000) (2.000, 56.000) on layer: M1
Net VDD: dangling Wire at (179.400, 56.000) (179.400, 56.000) on layer: M1
Net VDD: dangling Wire at (2.000, 30.800) (2.000, 30.800) on layer: M1
Net VDD: dangling Wire at (179.400, 30.800) (179.400, 30.800) on layer: M1
Net VDD: dangling Wire at (2.000, 27.200) (2.000, 27.200) on layer: M1
Net VDD: dangling Wire at (179.400, 27.200) (179.400, 27.200) on layer: M1
Net VDD: dangling Wire at (2.000, 23.600) (2.000, 23.600) on layer: M1
Net VDD: dangling Wire at (179.400, 23.600) (179.400, 23.600) on layer: M1
Net VDD: dangling Wire at (2.000, 41.600) (2.000, 41.600) on layer: M1
Net VDD: dangling Wire at (179.400, 41.600) (179.400, 41.600) on layer: M1
Net VDD: dangling Wire at (2.000, 38.000) (2.000, 38.000) on layer: M1
Net VDD: dangling Wire at (179.400, 38.000) (179.400, 38.000) on layer: M1
Net VDD: dangling Wire at (2.000, 34.400) (2.000, 34.400) on layer: M1
Net VDD: dangling Wire at (179.400, 34.400) (179.400, 34.400) on layer: M1
Net VDD: dangling Wire at (2.000, 12.800) (2.000, 12.800) on layer: M1
Net VDD: dangling Wire at (179.400, 12.800) (179.400, 12.800) on layer: M1
Net VDD: dangling Wire at (2.000, 9.200) (2.000, 9.200) on layer: M1
Net VDD: dangling Wire at (179.400, 9.200) (179.400, 9.200) on layer: M1
Net VDD: dangling Wire at (2.000, 5.600) (2.000, 5.600) on layer: M1
Net VDD: dangling Wire at (179.400, 5.600) (179.400, 5.600) on layer: M1
Net VDD: dangling Wire at (2.000, 20.000) (2.000, 20.000) on layer: M1
Net VDD: dangling Wire at (179.400, 20.000) (179.400, 20.000) on layer: M1
Net VDD: dangling Wire at (2.000, 16.400) (2.000, 16.400) on layer: M1
Net VDD: dangling Wire at (179.400, 16.400) (179.400, 16.400) on layer: M1
Net VDD: dangling Wire at (2.000, 2.000) (2.000, 2.000) on layer: M1
Net VDD: dangling Wire at (179.400, 2.000) (179.400, 2.000) on layer: M1
Net VSS: dangling Wire at (2.000, 147.800) (2.000, 147.800) on layer: M1
Net VSS: dangling Wire at (179.400, 147.800) (179.400, 147.800) on layer: M1
Net VSS: dangling Wire at (2.000, 144.200) (2.000, 144.200) on layer: M1
Net VSS: dangling Wire at (179.400, 144.200) (179.400, 144.200) on layer: M1
Net VSS: dangling Wire at (2.000, 140.600) (2.000, 140.600) on layer: M1
Net VSS: dangling Wire at (179.400, 140.600) (179.400, 140.600) on layer: M1
Net VSS: dangling Wire at (2.000, 137.000) (2.000, 137.000) on layer: M1
Net VSS: dangling Wire at (179.400, 137.000) (179.400, 137.000) on layer: M1
Net VSS: dangling Wire at (2.000, 176.600) (2.000, 176.600) on layer: M1
Net VSS: dangling Wire at (179.400, 176.600) (179.400, 176.600) on layer: M1
Net VSS: dangling Wire at (2.000, 173.000) (2.000, 173.000) on layer: M1
Net VSS: dangling Wire at (179.400, 173.000) (179.400, 173.000) on layer: M1
Net VSS: dangling Wire at (2.000, 169.400) (2.000, 169.400) on layer: M1
Net VSS: dangling Wire at (179.400, 169.400) (179.400, 169.400) on layer: M1
Net VSS: dangling Wire at (2.000, 165.800) (2.000, 165.800) on layer: M1
Net VSS: dangling Wire at (179.400, 165.800) (179.400, 165.800) on layer: M1
Net VSS: dangling Wire at (2.000, 162.200) (2.000, 162.200) on layer: M1
Net VSS: dangling Wire at (179.400, 162.200) (179.400, 162.200) on layer: M1
Net VSS: dangling Wire at (2.000, 158.600) (2.000, 158.600) on layer: M1
Net VSS: dangling Wire at (179.400, 158.600) (179.400, 158.600) on layer: M1
Net VSS: dangling Wire at (2.000, 155.000) (2.000, 155.000) on layer: M1
Net VSS: dangling Wire at (179.400, 155.000) (179.400, 155.000) on layer: M1
Net VSS: dangling Wire at (2.000, 151.400) (2.000, 151.400) on layer: M1
Net VSS: dangling Wire at (179.400, 151.400) (179.400, 151.400) on layer: M1
Net VSS: dangling Wire at (2.000, 133.400) (2.000, 133.400) on layer: M1
Net VSS: dangling Wire at (179.400, 133.400) (179.400, 133.400) on layer: M1
Net VSS: dangling Wire at (2.000, 129.800) (2.000, 129.800) on layer: M1
Net VSS: dangling Wire at (179.400, 129.800) (179.400, 129.800) on layer: M1
Net VSS: dangling Wire at (2.000, 126.200) (2.000, 126.200) on layer: M1
Net VSS: dangling Wire at (179.400, 126.200) (179.400, 126.200) on layer: M1
Net VSS: dangling Wire at (2.000, 122.600) (2.000, 122.600) on layer: M1
Net VSS: dangling Wire at (179.400, 122.600) (179.400, 122.600) on layer: M1
Net VSS: dangling Wire at (2.000, 119.000) (2.000, 119.000) on layer: M1
Net VSS: dangling Wire at (179.400, 119.000) (179.400, 119.000) on layer: M1
Net VSS: dangling Wire at (2.000, 115.400) (2.000, 115.400) on layer: M1
Net VSS: dangling Wire at (179.400, 115.400) (179.400, 115.400) on layer: M1
Net VSS: dangling Wire at (2.000, 111.800) (2.000, 111.800) on layer: M1
Net VSS: dangling Wire at (179.400, 111.800) (179.400, 111.800) on layer: M1
Net VSS: dangling Wire at (179.400, 93.800) (179.400, 93.800) on layer: M1
Net VSS: dangling Wire at (2.000, 97.400) (2.000, 97.400) on layer: M1
Net VSS: dangling Wire at (179.400, 97.400) (179.400, 97.400) on layer: M1
Net VSS: dangling Wire at (179.400, 101.000) (179.400, 101.000) on layer: M1
Net VSS: dangling Wire at (2.000, 104.600) (2.000, 104.600) on layer: M1
Net VSS: dangling Wire at (179.400, 104.600) (179.400, 104.600) on layer: M1
Net VSS: dangling Wire at (2.000, 108.200) (2.000, 108.200) on layer: M1
Net VSS: dangling Wire at (179.400, 108.200) (179.400, 108.200) on layer: M1
Net VSS: dangling Wire at (2.000, 54.200) (2.000, 54.200) on layer: M1
Net VSS: dangling Wire at (179.400, 54.200) (179.400, 54.200) on layer: M1
Net VSS: dangling Wire at (2.000, 57.800) (2.000, 57.800) on layer: M1
Net VSS: dangling Wire at (179.400, 57.800) (179.400, 57.800) on layer: M1
Net VSS: dangling Wire at (2.000, 61.400) (2.000, 61.400) on layer: M1
Net VSS: dangling Wire at (179.400, 61.400) (179.400, 61.400) on layer: M1
Net VSS: dangling Wire at (2.000, 47.000) (2.000, 47.000) on layer: M1
Net VSS: dangling Wire at (179.400, 47.000) (179.400, 47.000) on layer: M1
Net VSS: dangling Wire at (2.000, 50.600) (2.000, 50.600) on layer: M1
Net VSS: dangling Wire at (179.400, 50.600) (179.400, 50.600) on layer: M1
Net VSS: dangling Wire at (2.000, 86.600) (2.000, 86.600) on layer: M1
Net VSS: dangling Wire at (179.400, 86.600) (179.400, 86.600) on layer: M1
Net VSS: dangling Wire at (2.000, 83.000) (2.000, 83.000) on layer: M1
Net VSS: dangling Wire at (179.400, 83.000) (179.400, 83.000) on layer: M1
Net VSS: dangling Wire at (179.400, 79.400) (179.400, 79.400) on layer: M1
Net VSS: dangling Wire at (2.000, 75.800) (2.000, 75.800) on layer: M1
Net VSS: dangling Wire at (179.400, 75.800) (179.400, 75.800) on layer: M1
Net VSS: dangling Wire at (2.000, 72.200) (2.000, 72.200) on layer: M1
Net VSS: dangling Wire at (179.400, 72.200) (179.400, 72.200) on layer: M1
Net VSS: dangling Wire at (2.000, 68.600) (2.000, 68.600) on layer: M1
Net VSS: dangling Wire at (179.400, 68.600) (179.400, 68.600) on layer: M1
Net VSS: dangling Wire at (2.000, 65.000) (2.000, 65.000) on layer: M1
Net VSS: dangling Wire at (179.400, 65.000) (179.400, 65.000) on layer: M1
Net VSS: dangling Wire at (2.000, 14.600) (2.000, 14.600) on layer: M1
Net VSS: dangling Wire at (179.400, 14.600) (179.400, 14.600) on layer: M1
Net VSS: dangling Wire at (2.000, 18.200) (2.000, 18.200) on layer: M1
Net VSS: dangling Wire at (179.400, 18.200) (179.400, 18.200) on layer: M1
Net VSS: dangling Wire at (2.000, 21.800) (2.000, 21.800) on layer: M1
Net VSS: dangling Wire at (179.400, 21.800) (179.400, 21.800) on layer: M1
Net VSS: dangling Wire at (2.000, 3.800) (2.000, 3.800) on layer: M1
Net VSS: dangling Wire at (179.400, 3.800) (179.400, 3.800) on layer: M1
Net VSS: dangling Wire at (2.000, 7.400) (2.000, 7.400) on layer: M1
Net VSS: dangling Wire at (179.400, 7.400) (179.400, 7.400) on layer: M1
Net VSS: dangling Wire at (2.000, 11.000) (2.000, 11.000) on layer: M1
Net VSS: dangling Wire at (179.400, 11.000) (179.400, 11.000) on layer: M1
Net VSS: dangling Wire at (2.000, 36.200) (2.000, 36.200) on layer: M1
Net VSS: dangling Wire at (179.400, 36.200) (179.400, 36.200) on layer: M1
Net VSS: dangling Wire at (2.000, 32.600) (2.000, 32.600) on layer: M1
Net VSS: dangling Wire at (179.400, 32.600) (179.400, 32.600) on layer: M1
Net VSS: dangling Wire at (2.000, 29.000) (2.000, 29.000) on layer: M1
Net VSS: dangling Wire at (179.400, 29.000) (179.400, 29.000) on layer: M1
Net VSS: dangling Wire at (2.000, 25.400) (2.000, 25.400) on layer: M1
Net VSS: dangling Wire at (179.400, 25.400) (179.400, 25.400) on layer: M1
Net VSS: dangling Wire at (2.000, 43.400) (2.000, 43.400) on layer: M1
Net VSS: dangling Wire at (179.400, 43.400) (179.400, 43.400) on layer: M1
Net VSS: dangling Wire at (2.000, 39.800) (2.000, 39.800) on layer: M1
Net VSS: dangling Wire at (179.400, 39.800) (179.400, 39.800) on layer: M1
Net VSS: dangling Wire at (2.000, 90.200) (2.000, 90.200) on layer: M1
Net VSS: dangling Wire at (179.400, 90.200) (179.400, 90.200) on layer: M1
Net VSS: dangling Wire at (142.760, 2.000) (142.760, 2.000) on layer: M4
Net VSS: dangling Wire at (142.760, 178.400) (142.760, 178.400) on layer: M4
Net VSS: dangling Wire at (158.980, 2.000) (158.980, 2.000) on layer: M4
Net VSS: dangling Wire at (158.980, 178.400) (158.980, 178.400) on layer: M4
Net VSS: dangling Wire at (94.100, 2.000) (94.100, 2.000) on layer: M4
Net VSS: dangling Wire at (94.100, 178.400) (94.100, 178.400) on layer: M4
Net VSS: dangling Wire at (110.320, 2.000) (110.320, 2.000) on layer: M4
Net VSS: dangling Wire at (110.320, 178.400) (110.320, 178.400) on layer: M4
Net VSS: dangling Wire at (126.540, 2.000) (126.540, 2.000) on layer: M4
Net VSS: dangling Wire at (126.540, 178.400) (126.540, 178.400) on layer: M4
Net VSS: dangling Wire at (61.660, 2.000) (61.660, 2.000) on layer: M4
Net VSS: dangling Wire at (61.660, 178.400) (61.660, 178.400) on layer: M4
Net VSS: dangling Wire at (77.880, 2.000) (77.880, 2.000) on layer: M4
Net VSS: dangling Wire at (77.880, 178.400) (77.880, 178.400) on layer: M4
Net VSS: dangling Wire at (13.000, 2.000) (13.000, 2.000) on layer: M4
Net VSS: dangling Wire at (13.000, 178.400) (13.000, 178.400) on layer: M4
Net VSS: dangling Wire at (29.220, 2.000) (29.220, 2.000) on layer: M4
Net VSS: dangling Wire at (29.220, 178.400) (29.220, 178.400) on layer: M4
Net VSS: dangling Wire at (45.440, 2.000) (45.440, 2.000) on layer: M4
Net VSS: dangling Wire at (45.440, 178.400) (45.440, 178.400) on layer: M4

Begin Summary
    212 Problem(s) (IMPVFC-94): The net has dangling wire(s).
    212 total info(s) created.
End Summary
