*----------------------------------------------------------------------------------------
*	Innovus 15.23-s045_1 (64bit) 04/22/2016 12:32 (Linux 2.6.18-194.el5)
*	
*
* 	Date & Time:	2025-Mar-21 17:44:21 (2025-Mar-22 00:44:21 GMT)
*
*----------------------------------------------------------------------------------------
*
*	Design: sram_w8_160b
*
*	Liberty Libraries used: 
*	        WC_VIEW: /home/linux/ieng6/ee260bwi25/public/PDKdata/lib/tcbn65gpluswc.lib
*
*	Power Domain used: 
*		Rail:        VDD 	Voltage:        0.9 
*
*       Power View : WC_VIEW
*
*       User-Defined Activity : N.A.
*
*       Activity File: N.A.
*
*       Hierarchical Global Activity: N.A.
*
*       Global Activity: N.A.
*
*       Sequential Element Activity: 0.200000
*
*       Primary Input Activity: 0.200000
*
*       Default icg ratio: N.A.
*
*       Global Comb ClockGate Ratio: N.A.
*
*	Power Units = 1mW
*
*	Time Units = 1e-09 secs 
*
*       report_power -outfile sram_w8_160b.post_route.power.rpt
*
-----------------------------------------------------------------------------------------


Total Power 
-----------------------------------------------------------------------------------------
Total Internal Power:       11.73357850 	   80.3765%
Total Switching Power:       2.76430316 	   18.9358%
Total Leakage Power:         0.10039312 	    0.6877%
Total Power:                14.59827492 
-----------------------------------------------------------------------------------------


Group                           Internal   Switching     Leakage       Total  Percentage 
                                Power      Power         Power         Power  (%)        
-----------------------------------------------------------------------------------------
Sequential                         10.93      0.2513      0.0829       11.26       77.15 
Macro                                  0           0           0           0           0 
IO                                     0           0           0           0           0 
Combinational                     0.1826      0.5059     0.01342      0.7019       4.808 
Clock (Combinational)              0.622       2.007    0.004075       2.633       18.04 
Clock (Sequential)                     0           0           0           0           0 
-----------------------------------------------------------------------------------------
Total                              11.73       2.764      0.1004        14.6         100 
-----------------------------------------------------------------------------------------


Rail                  Voltage   Internal   Switching     Leakage       Total  Percentage 
                                Power      Power         Power         Power  (%)        
-----------------------------------------------------------------------------------------
VDD                       0.9      11.73       2.764      0.1004        14.6         100 


Clock                           Internal   Switching     Leakage       Total  Percentage 
                                Power      Power         Power         Power  (%)        
-----------------------------------------------------------------------------------------
CLK                                0.622       2.007    0.004075       2.633       18.04 
-----------------------------------------------------------------------------------------
Total (excluding duplicates)       0.622       2.007    0.004075       2.633       18.04 
-----------------------------------------------------------------------------------------


-----------------------------------------------------------------------------------------
*	Power Distribution Summary: 
* 		Highest Average Power:  CTS_ccl_BUF_CLK_G0_L2_17 (CKBD12): 	    0.1259 
* 		Highest Leakage Power:   CTS_ccl_BUF_CLK_G0_L1_1 (CKBD16): 	 0.0002228 
* 		Total Cap: 	1.61047e-11 F
* 		Total instances in design:  2366
* 		Total instances in design with no power:     0
*          Total instances in design with no activity:     0
* 		Total Fillers and Decap:     0
-----------------------------------------------------------------------------------------

