*----------------------------------------------------------------------------------------
*	Innovus 15.23-s045_1 (64bit) 04/22/2016 12:32 (Linux 2.6.18-194.el5)
*	
*
* 	Date & Time:	2025-Mar-19 18:39:00 (2025-Mar-20 01:39:00 GMT)
*
*----------------------------------------------------------------------------------------
*
*	Design: sram_w8_64b
*
*	Liberty Libraries used: 
*	        WC_VIEW: /home/linux/ieng6/ee260bwi25/public/PDKdata/lib/tcbn65gpluswc.lib
*
*	Power Domain used: 
*		Rail:        VDD 	Voltage:        0.9 
*
*       Power View : WC_VIEW
*
*       User-Defined Activity : N.A.
*
*       Activity File: N.A.
*
*       Hierarchical Global Activity: N.A.
*
*       Global Activity: N.A.
*
*       Sequential Element Activity: 0.200000
*
*       Primary Input Activity: 0.200000
*
*       Default icg ratio: N.A.
*
*       Global Comb ClockGate Ratio: N.A.
*
*	Power Units = 1mW
*
*	Time Units = 1e-09 secs 
*
*       report_power -outfile sram_w8_64b.post_route.power.rpt
*
-----------------------------------------------------------------------------------------


Total Power 
-----------------------------------------------------------------------------------------
Total Internal Power:        4.75258926 	   81.9429%
Total Switching Power:       1.00756682 	   17.3722%
Total Leakage Power:         0.03972543 	    0.6849%
Total Power:                 5.79988157 
-----------------------------------------------------------------------------------------


Group                           Internal   Switching     Leakage       Total  Percentage 
                                Power      Power         Power         Power  (%)        
-----------------------------------------------------------------------------------------
Sequential                         4.374     0.08136     0.03316       4.488       77.38 
Macro                                  0           0           0           0           0 
IO                                     0           0           0           0           0 
Combinational                     0.0686      0.1933     0.00456      0.2664       4.594 
Clock (Combinational)             0.3103      0.7329    0.002005       1.045       18.02 
Clock (Sequential)                     0           0           0           0           0 
-----------------------------------------------------------------------------------------
Total                              4.753       1.008     0.03973         5.8         100 
-----------------------------------------------------------------------------------------


Rail                  Voltage   Internal   Switching     Leakage       Total  Percentage 
                                Power      Power         Power         Power  (%)        
-----------------------------------------------------------------------------------------
VDD                       0.9      4.753       1.008     0.03973         5.8         100 


Clock                           Internal   Switching     Leakage       Total  Percentage 
                                Power      Power         Power         Power  (%)        
-----------------------------------------------------------------------------------------
CLK                               0.3103      0.7329    0.002005       1.045       18.02 
-----------------------------------------------------------------------------------------
Total (excluding duplicates)      0.3103      0.7329    0.002005       1.045       18.02 
-----------------------------------------------------------------------------------------


-----------------------------------------------------------------------------------------
*	Power Distribution Summary: 
* 		Highest Average Power:   CTS_ccl_BUF_CLK_G0_L1_4 (CKBD16): 	    0.1207 
* 		Highest Leakage Power:   CTS_ccl_BUF_CLK_G0_L1_1 (CKBD16): 	 0.0002228 
* 		Total Cap: 	5.93508e-12 F
* 		Total instances in design:   957
* 		Total instances in design with no power:     0
*          Total instances in design with no activity:     0
* 		Total Fillers and Decap:     0
-----------------------------------------------------------------------------------------

