###############################################################
#  Generated by:      Cadence Innovus 15.23-s045_1
#  OS:                Linux x86_64(Host ID ieng6-ece-09.ucsd.edu)
#  Generated on:      Wed Mar 19 18:39:16 2025
#  Design:            sram_w8_64b
#  Command:           verifyConnectivity
###############################################################
Verify Connectivity Report is created on Wed Mar 19 18:39:16 2025



Net VDD: dangling Wire at (2.000, 88.400) (2.000, 88.400) on layer: M1
Net VDD: dangling Wire at (114.400, 88.400) (114.400, 88.400) on layer: M1
Net VDD: dangling Wire at (2.000, 102.800) (2.000, 102.800) on layer: M1
Net VDD: dangling Wire at (114.400, 102.800) (114.400, 102.800) on layer: M1
Net VDD: dangling Wire at (2.000, 106.400) (2.000, 106.400) on layer: M1
Net VDD: dangling Wire at (114.400, 106.400) (114.400, 106.400) on layer: M1
Net VDD: dangling Wire at (2.000, 110.000) (2.000, 110.000) on layer: M1
Net VDD: dangling Wire at (114.400, 110.000) (114.400, 110.000) on layer: M1
Net VDD: dangling Wire at (2.000, 113.600) (2.000, 113.600) on layer: M1
Net VDD: dangling Wire at (114.400, 113.600) (114.400, 113.600) on layer: M1
Net VDD: dangling Wire at (2.000, 92.000) (2.000, 92.000) on layer: M1
Net VDD: dangling Wire at (114.400, 92.000) (114.400, 92.000) on layer: M1
Net VDD: dangling Wire at (2.000, 95.600) (2.000, 95.600) on layer: M1
Net VDD: dangling Wire at (114.400, 95.600) (114.400, 95.600) on layer: M1
Net VDD: dangling Wire at (2.000, 99.200) (2.000, 99.200) on layer: M1
Net VDD: dangling Wire at (114.400, 99.200) (114.400, 99.200) on layer: M1
Net VDD: dangling Wire at (2.000, 81.200) (2.000, 81.200) on layer: M1
Net VDD: dangling Wire at (114.400, 81.200) (114.400, 81.200) on layer: M1
Net VDD: dangling Wire at (2.000, 84.800) (2.000, 84.800) on layer: M1
Net VDD: dangling Wire at (114.400, 84.800) (114.400, 84.800) on layer: M1
Net VDD: dangling Wire at (2.000, 70.400) (2.000, 70.400) on layer: M1
Net VDD: dangling Wire at (114.400, 70.400) (114.400, 70.400) on layer: M1
Net VDD: dangling Wire at (2.000, 74.000) (2.000, 74.000) on layer: M1
Net VDD: dangling Wire at (114.400, 74.000) (114.400, 74.000) on layer: M1
Net VDD: dangling Wire at (2.000, 77.600) (2.000, 77.600) on layer: M1
Net VDD: dangling Wire at (114.400, 77.600) (114.400, 77.600) on layer: M1
Net VDD: dangling Wire at (2.000, 59.600) (2.000, 59.600) on layer: M1
Net VDD: dangling Wire at (114.400, 59.600) (114.400, 59.600) on layer: M1
Net VDD: dangling Wire at (2.000, 63.200) (2.000, 63.200) on layer: M1
Net VDD: dangling Wire at (114.400, 63.200) (114.400, 63.200) on layer: M1
Net VDD: dangling Wire at (2.000, 66.800) (2.000, 66.800) on layer: M1
Net VDD: dangling Wire at (114.400, 66.800) (114.400, 66.800) on layer: M1
Net VDD: dangling Wire at (2.000, 41.600) (2.000, 41.600) on layer: M1
Net VDD: dangling Wire at (114.400, 41.600) (114.400, 41.600) on layer: M1
Net VDD: dangling Wire at (2.000, 45.200) (2.000, 45.200) on layer: M1
Net VDD: dangling Wire at (114.400, 45.200) (114.400, 45.200) on layer: M1
Net VDD: dangling Wire at (2.000, 48.800) (2.000, 48.800) on layer: M1
Net VDD: dangling Wire at (114.400, 48.800) (114.400, 48.800) on layer: M1
Net VDD: dangling Wire at (2.000, 30.800) (2.000, 30.800) on layer: M1
Net VDD: dangling Wire at (114.400, 30.800) (114.400, 30.800) on layer: M1
Net VDD: dangling Wire at (2.000, 34.400) (2.000, 34.400) on layer: M1
Net VDD: dangling Wire at (114.400, 34.400) (114.400, 34.400) on layer: M1
Net VDD: dangling Wire at (2.000, 38.000) (2.000, 38.000) on layer: M1
Net VDD: dangling Wire at (114.400, 38.000) (114.400, 38.000) on layer: M1
Net VDD: dangling Wire at (2.000, 52.400) (2.000, 52.400) on layer: M1
Net VDD: dangling Wire at (114.400, 52.400) (114.400, 52.400) on layer: M1
Net VDD: dangling Wire at (2.000, 56.000) (2.000, 56.000) on layer: M1
Net VDD: dangling Wire at (114.400, 56.000) (114.400, 56.000) on layer: M1
Net VDD: dangling Wire at (2.000, 16.400) (2.000, 16.400) on layer: M1
Net VDD: dangling Wire at (114.400, 16.400) (114.400, 16.400) on layer: M1
Net VDD: dangling Wire at (2.000, 12.800) (2.000, 12.800) on layer: M1
Net VDD: dangling Wire at (114.400, 12.800) (114.400, 12.800) on layer: M1
Net VDD: dangling Wire at (2.000, 9.200) (2.000, 9.200) on layer: M1
Net VDD: dangling Wire at (114.400, 9.200) (114.400, 9.200) on layer: M1
Net VDD: dangling Wire at (2.000, 5.600) (2.000, 5.600) on layer: M1
Net VDD: dangling Wire at (114.400, 5.600) (114.400, 5.600) on layer: M1
Net VDD: dangling Wire at (2.000, 2.000) (2.000, 2.000) on layer: M1
Net VDD: dangling Wire at (114.400, 2.000) (114.400, 2.000) on layer: M1
Net VDD: dangling Wire at (2.000, 27.200) (2.000, 27.200) on layer: M1
Net VDD: dangling Wire at (114.400, 27.200) (114.400, 27.200) on layer: M1
Net VDD: dangling Wire at (2.000, 23.600) (2.000, 23.600) on layer: M1
Net VDD: dangling Wire at (114.400, 23.600) (114.400, 23.600) on layer: M1
Net VDD: dangling Wire at (2.000, 20.000) (2.000, 20.000) on layer: M1
Net VDD: dangling Wire at (114.400, 20.000) (114.400, 20.000) on layer: M1
Net VSS: dangling Wire at (2.000, 90.200) (2.000, 90.200) on layer: M1
Net VSS: dangling Wire at (114.400, 90.200) (114.400, 90.200) on layer: M1
Net VSS: dangling Wire at (2.000, 104.600) (2.000, 104.600) on layer: M1
Net VSS: dangling Wire at (114.400, 104.600) (114.400, 104.600) on layer: M1
Net VSS: dangling Wire at (2.000, 108.200) (2.000, 108.200) on layer: M1
Net VSS: dangling Wire at (114.400, 108.200) (114.400, 108.200) on layer: M1
Net VSS: dangling Wire at (2.000, 111.800) (2.000, 111.800) on layer: M1
Net VSS: dangling Wire at (114.400, 111.800) (114.400, 111.800) on layer: M1
Net VSS: dangling Wire at (2.000, 93.800) (2.000, 93.800) on layer: M1
Net VSS: dangling Wire at (114.400, 93.800) (114.400, 93.800) on layer: M1
Net VSS: dangling Wire at (2.000, 97.400) (2.000, 97.400) on layer: M1
Net VSS: dangling Wire at (114.400, 97.400) (114.400, 97.400) on layer: M1
Net VSS: dangling Wire at (2.000, 101.000) (2.000, 101.000) on layer: M1
Net VSS: dangling Wire at (114.400, 101.000) (114.400, 101.000) on layer: M1
Net VSS: dangling Wire at (2.000, 68.600) (2.000, 68.600) on layer: M1
Net VSS: dangling Wire at (114.400, 68.600) (114.400, 68.600) on layer: M1
Net VSS: dangling Wire at (2.000, 83.000) (2.000, 83.000) on layer: M1
Net VSS: dangling Wire at (114.400, 83.000) (114.400, 83.000) on layer: M1
Net VSS: dangling Wire at (2.000, 86.600) (2.000, 86.600) on layer: M1
Net VSS: dangling Wire at (114.400, 86.600) (114.400, 86.600) on layer: M1
Net VSS: dangling Wire at (2.000, 72.200) (2.000, 72.200) on layer: M1
Net VSS: dangling Wire at (114.400, 72.200) (114.400, 72.200) on layer: M1
Net VSS: dangling Wire at (2.000, 75.800) (2.000, 75.800) on layer: M1
Net VSS: dangling Wire at (114.400, 75.800) (114.400, 75.800) on layer: M1
Net VSS: dangling Wire at (2.000, 79.400) (2.000, 79.400) on layer: M1
Net VSS: dangling Wire at (114.400, 79.400) (114.400, 79.400) on layer: M1
Net VSS: dangling Wire at (2.000, 61.400) (2.000, 61.400) on layer: M1
Net VSS: dangling Wire at (114.400, 61.400) (114.400, 61.400) on layer: M1
Net VSS: dangling Wire at (2.000, 65.000) (2.000, 65.000) on layer: M1
Net VSS: dangling Wire at (114.400, 65.000) (114.400, 65.000) on layer: M1
Net VSS: dangling Wire at (2.000, 39.800) (2.000, 39.800) on layer: M1
Net VSS: dangling Wire at (114.400, 39.800) (114.400, 39.800) on layer: M1
Net VSS: dangling Wire at (2.000, 43.400) (2.000, 43.400) on layer: M1
Net VSS: dangling Wire at (114.400, 43.400) (114.400, 43.400) on layer: M1
Net VSS: dangling Wire at (2.000, 47.000) (2.000, 47.000) on layer: M1
Net VSS: dangling Wire at (114.400, 47.000) (114.400, 47.000) on layer: M1
Net VSS: dangling Wire at (2.000, 32.600) (2.000, 32.600) on layer: M1
Net VSS: dangling Wire at (114.400, 32.600) (114.400, 32.600) on layer: M1
Net VSS: dangling Wire at (2.000, 36.200) (2.000, 36.200) on layer: M1
Net VSS: dangling Wire at (114.400, 36.200) (114.400, 36.200) on layer: M1
Net VSS: dangling Wire at (2.000, 50.600) (2.000, 50.600) on layer: M1
Net VSS: dangling Wire at (114.400, 50.600) (114.400, 50.600) on layer: M1
Net VSS: dangling Wire at (2.000, 54.200) (2.000, 54.200) on layer: M1
Net VSS: dangling Wire at (114.400, 54.200) (114.400, 54.200) on layer: M1
Net VSS: dangling Wire at (2.000, 29.000) (2.000, 29.000) on layer: M1
Net VSS: dangling Wire at (114.400, 29.000) (114.400, 29.000) on layer: M1
Net VSS: dangling Wire at (2.000, 18.200) (2.000, 18.200) on layer: M1
Net VSS: dangling Wire at (114.400, 18.200) (114.400, 18.200) on layer: M1
Net VSS: dangling Wire at (2.000, 14.600) (2.000, 14.600) on layer: M1
Net VSS: dangling Wire at (114.400, 14.600) (114.400, 14.600) on layer: M1
Net VSS: dangling Wire at (2.000, 11.000) (2.000, 11.000) on layer: M1
Net VSS: dangling Wire at (114.400, 11.000) (114.400, 11.000) on layer: M1
Net VSS: dangling Wire at (2.000, 7.400) (2.000, 7.400) on layer: M1
Net VSS: dangling Wire at (114.400, 7.400) (114.400, 7.400) on layer: M1
Net VSS: dangling Wire at (2.000, 3.800) (2.000, 3.800) on layer: M1
Net VSS: dangling Wire at (114.400, 3.800) (114.400, 3.800) on layer: M1
Net VSS: dangling Wire at (2.000, 25.400) (2.000, 25.400) on layer: M1
Net VSS: dangling Wire at (114.400, 25.400) (114.400, 25.400) on layer: M1
Net VSS: dangling Wire at (2.000, 21.800) (2.000, 21.800) on layer: M1
Net VSS: dangling Wire at (114.400, 21.800) (114.400, 21.800) on layer: M1
Net VSS: dangling Wire at (2.000, 57.800) (2.000, 57.800) on layer: M1
Net VSS: dangling Wire at (114.400, 57.800) (114.400, 57.800) on layer: M1
Net VSS: dangling Wire at (94.100, 2.000) (94.100, 2.000) on layer: M4
Net VSS: dangling Wire at (94.100, 113.600) (94.100, 113.600) on layer: M4
Net VSS: dangling Wire at (110.320, 2.000) (110.320, 2.000) on layer: M4
Net VSS: dangling Wire at (110.320, 113.600) (110.320, 113.600) on layer: M4
Net VSS: dangling Wire at (61.660, 2.000) (61.660, 2.000) on layer: M4
Net VSS: dangling Wire at (61.660, 113.600) (61.660, 113.600) on layer: M4
Net VSS: dangling Wire at (77.880, 2.000) (77.880, 2.000) on layer: M4
Net VSS: dangling Wire at (77.880, 113.600) (77.880, 113.600) on layer: M4
Net VSS: dangling Wire at (45.440, 2.000) (45.440, 2.000) on layer: M4
Net VSS: dangling Wire at (45.440, 113.600) (45.440, 113.600) on layer: M4
Net VSS: dangling Wire at (29.220, 2.000) (29.220, 2.000) on layer: M4
Net VSS: dangling Wire at (29.220, 113.600) (29.220, 113.600) on layer: M4
Net VSS: dangling Wire at (13.000, 2.000) (13.000, 2.000) on layer: M4
Net VSS: dangling Wire at (13.000, 113.600) (13.000, 113.600) on layer: M4

Begin Summary
    140 Problem(s) (IMPVFC-94): The net has dangling wire(s).
    140 total info(s) created.
End Summary
