 
****************************************
Report : reference
Design : core
Version: K-2015.06-SP2
Date   : Sat Mar  8 14:34:34 2025
****************************************

Attributes:
    b - black box (unknown)
   bo - allows boundary optimization
    d - dont_touch
   mo - map_only
    h - hierarchical
    n - noncombinational
    r - removable
    s - synthetic operator
    u - contains unmapped logic

Reference          Library       Unit Area   Count    Total Area   Attributes
-----------------------------------------------------------------------------
INVD0              tcbn65gplustc
                                  1.080000       1      1.080000  
MUX2D0             tcbn65gplustc
                                  3.240000     224    725.760002  
NR2D0              tcbn65gplustc
                                  1.440000       3      4.320000  
mac_array_col8_bw8_bw_psum20_pr16
                              46039.319772       1  46039.319772  h, n
ofifo_col8_bw20               33877.439955       1  33877.439955  h, n
sfp_row                           0.000000       1      0.000000  b
sram_w8_sram_bit128_0          6406.560032       1   6406.560032  h, n
sram_w8_sram_bit128_1          6406.560032       1   6406.560032  h, n
sram_w8_sram_bit160           15996.600063       1  15996.600063  h, n
-----------------------------------------------------------------------------
Total 9 references                                  109457.639857
1
