 
****************************************
Report : area
Design : core
Version: K-2015.06-SP2
Date   : Sat Mar  8 14:34:27 2025
****************************************

Library(s) Used:

    tcbn65gplustc (File: /home/linux/ieng6/ee260bwi25/public/PDKdata/db/tcbn65gplustc.db)

Number of ports:                        19667
Number of nets:                         44597
Number of cells:                        25082
Number of combinational cells:          16859
Number of sequential cells:              8050
Number of macros/black boxes:               0
Number of buf/inv:                       1696
Number of references:                       9

Combinational area:              60793.919986
Buf/Inv area:                     1887.840075
Noncombinational area:           48663.719871
Macro/Black Box area:                0.000000
Net Interconnect area:      undefined  (Wire load has zero net area)

Total cell area:                109457.639857
Total area:                 undefined

Information: This design contains black box (unknown) components. (RPT-8)
1
