###############################################################
#  Generated by:      Cadence Innovus 15.23-s045_1
#  OS:                Linux x86_64(Host ID ieng6-ece-20.ucsd.edu)
#  Generated on:      Thu Mar 20 18:32:50 2025
#  Design:            core
#  Command:           verifyConnectivity
###############################################################
Verify Connectivity Report is created on Thu Mar 20 18:32:50 2025



Net VDD: has special routes with opens at (10.000, 278.500) (621.400, 399.380)
Net VDD: has special routes with opens at (10.000, 83.500) (621.400, 266.900)
Net VDD: has special routes with opens at (10.000, 593.035) (621.400, 593.365)
Net VDD: has special routes with opens at (10.000, 596.635) (621.400, 596.965)
Net VDD: has special routes with opens at (10.000, 600.235) (621.400, 600.565)
Net VDD: has special routes with opens at (10.000, 603.835) (621.400, 604.165)
Net VDD: has special routes with opens at (10.000, 607.435) (621.400, 607.765)
Net VDD: has special routes with opens at (10.000, 611.035) (621.400, 611.365)
Net VDD: has special routes with opens at (10.000, 614.635) (621.400, 614.965)
Net VDD: has special routes with opens at (10.000, 618.235) (621.400, 618.565)
Net VDD: has special routes with opens at (10.000, 552.840) (621.400, 554.360)
Net VDD: has special routes with opens at (10.000, 556.440) (621.400, 557.790)
Net VDD: has special routes with opens at (10.000, 560.220) (621.400, 561.380)
Net VDD: has special routes with opens at (10.000, 563.800) (621.400, 565.160)
Net VDD: has special routes with opens at (10.000, 567.405) (621.400, 568.590)
Net VDD: has special routes with opens at (10.000, 571.020) (621.400, 572.180)
Net VDD: has special routes with opens at (10.000, 574.635) (621.400, 575.780)
Net VDD: has special routes with opens at (10.000, 578.220) (621.400, 579.340)
Net VDD: has special routes with opens at (10.000, 581.820) (621.400, 582.980)
Net VDD: has special routes with opens at (10.000, 585.600) (621.400, 586.540)
Net VDD: has special routes with opens at (10.000, 589.435) (621.400, 589.765)
Net VDD: has special routes with opens at (10.000, 542.040) (621.400, 543.395)
Net VDD: has special routes with opens at (10.000, 545.640) (621.400, 547.160)
Net VDD: has special routes with opens at (10.000, 549.240) (621.400, 550.590)
Net VDD: has special routes with opens at (10.000, 538.440) (621.400, 539.960)
Net VDD: has special routes with opens at (10.000, 534.830) (621.400, 536.360)
Net VDD: has special routes with opens at (10.000, 531.240) (621.400, 532.760)
Net VDD: has special routes with opens at (10.000, 527.640) (621.400, 529.160)
Net VDD: has special routes with opens at (10.000, 524.040) (621.400, 525.560)
Net VDD: has special routes with opens at (10.000, 520.610) (621.400, 521.960)
Net VDD: has special routes with opens at (10.000, 516.840) (621.400, 518.180)
Net VDD: has special routes with opens at (10.000, 513.420) (621.400, 514.760)
Net VDD: has special routes with opens at (10.000, 473.820) (621.400, 474.980)
Net VDD: has special routes with opens at (10.000, 509.640) (621.400, 510.980)
Net VDD: has special routes with opens at (10.000, 506.220) (621.400, 507.380)
Net VDD: has special routes with opens at (10.000, 502.440) (621.400, 503.795)
Net VDD: has special routes with opens at (10.000, 499.020) (621.400, 500.360)
Net VDD: has special routes with opens at (10.000, 495.260) (621.400, 496.580)
Net VDD: has special routes with opens at (10.000, 491.640) (621.400, 493.130)
Net VDD: has special routes with opens at (10.000, 488.040) (621.400, 489.390)
Net VDD: has special routes with opens at (10.000, 484.440) (621.400, 485.800)
Net VDD: has special routes with opens at (10.000, 481.020) (621.400, 482.330)
Net VDD: has special routes with opens at (10.000, 477.420) (621.400, 478.580)
Net VDD: has special routes with opens at (10.000, 434.040) (621.400, 435.385)
Net VDD: has special routes with opens at (10.000, 437.815) (621.400, 439.160)
Net VDD: has special routes with opens at (10.000, 441.240) (621.400, 442.760)
Net VDD: has special routes with opens at (10.000, 444.840) (621.400, 446.360)
Net VDD: has special routes with opens at (10.000, 448.440) (621.400, 449.960)
Net VDD: has special routes with opens at (10.000, 452.040) (621.400, 453.380)
Net VDD: has special routes with opens at (10.000, 455.810) (621.400, 456.980)
Net VDD: has special routes with opens at (10.000, 459.410) (621.400, 460.760)
Net VDD: has special routes with opens at (10.000, 463.010) (621.400, 464.360)
Net VDD: has special routes with opens at (10.000, 466.430) (621.400, 467.800)
Net VDD: has special routes with opens at (10.000, 470.040) (621.400, 471.530)
Net VDD: has special routes with opens at (10.000, 401.630) (621.400, 402.980)
Net VDD: has special routes with opens at (10.000, 405.240) (621.400, 406.760)
Net VDD: has special routes with opens at (10.000, 409.020) (621.400, 410.180)
Net VDD: has special routes with opens at (10.000, 412.440) (621.400, 413.780)
Net VDD: has special routes with opens at (10.000, 416.220) (621.400, 417.560)
Net VDD: has special routes with opens at (10.000, 419.820) (621.400, 421.160)
Net VDD: has special routes with opens at (10.000, 423.240) (621.400, 424.760)
Net VDD: has special routes with opens at (10.000, 427.020) (621.400, 428.180)
Net VDD: has special routes with opens at (10.000, 430.440) (621.400, 431.780)
Net VDD: has special routes with opens at (10.000, 275.630) (621.400, 277.180)
Net VDD: has special routes with opens at (10.000, 268.420) (621.400, 269.980)
Net VDD: has special routes with opens at (10.000, 272.030) (621.400, 273.580)
Net VDD: has special routes with opens at (10.000, 81.220) (621.400, 82.780)
Net VDD: has special routes with opens at (10.000, 66.820) (621.400, 68.380)
Net VDD: has special routes with opens at (10.000, 70.420) (621.400, 71.980)
Net VDD: has special routes with opens at (10.000, 74.020) (621.400, 75.600)
Net VDD: has special routes with opens at (10.000, 41.620) (621.400, 43.165)
Net VDD: has special routes with opens at (10.000, 45.220) (621.400, 46.770)
Net VDD: has special routes with opens at (10.000, 48.820) (621.400, 50.380)
Net VDD: has special routes with opens at (10.000, 52.420) (621.400, 53.980)
Net VDD: has special routes with opens at (10.000, 56.020) (621.400, 57.560)
Net VDD: has special routes with opens at (10.000, 59.620) (621.400, 61.180)
Net VDD: has special routes with opens at (10.000, 63.220) (621.400, 64.780)
Net VDD: has special routes with opens at (10.000, 9.835) (621.400, 10.780)
Net VDD: has special routes with opens at (10.000, 12.820) (621.400, 14.360)
Net VDD: has special routes with opens at (10.000, 16.420) (621.400, 17.980)
Net VDD: has special routes with opens at (10.000, 20.020) (621.400, 21.560)
Net VDD: has special routes with opens at (10.000, 23.640) (621.400, 25.180)
Net VDD: has special routes with opens at (10.000, 27.240) (621.400, 28.760)
Net VDD: has special routes with opens at (10.000, 30.820) (621.400, 32.360)
Net VDD: has special routes with opens at (10.000, 34.420) (621.400, 35.980)
Net VDD: has special routes with opens at (10.000, 38.020) (621.400, 39.580)
Net VDD: has special routes with opens at (10.000, 77.620) (621.400, 79.180)
Net VDD: has special routes with opens at (10.000, 612.120) (621.400, 613.120)
Net VDD: has special routes with opens at (10.000, 587.240) (621.400, 588.240)
Net VDD: has special routes with opens at (10.000, 562.360) (621.400, 563.360)
Net VDD: has special routes with opens at (10.000, 537.480) (621.400, 538.480)
Net VDD: has special routes with opens at (10.000, 512.600) (621.400, 513.600)
Net VDD: has special routes with opens at (10.000, 487.720) (621.400, 488.720)
Net VDD: has special routes with opens at (10.000, 462.840) (621.400, 463.840)
Net VDD: has special routes with opens at (10.000, 437.960) (621.400, 438.960)
Net VDD: has special routes with opens at (10.000, 413.080) (621.400, 414.080)
Net VDD: has special routes with opens at (10.000, 64.760) (621.400, 65.760)
Net VDD: has special routes with opens at (10.000, 39.880) (621.400, 40.880)
Net VDD: has special routes with opens at (10.000, 15.000) (621.400, 16.000)
Net VDD: dangling Wire at (10.000, 398.800) (10.000, 398.800) on layer: M1
Net VDD: dangling Wire at (10.000, 395.200) (10.000, 395.200) on layer: M1
Net VDD: dangling Wire at (10.000, 388.000) (10.000, 388.000) on layer: M1
Net VDD: dangling Wire at (10.000, 391.600) (10.000, 391.600) on layer: M1
Net VDD: dangling Wire at (10.000, 384.400) (10.000, 384.400) on layer: M1
Net VDD: dangling Wire at (10.000, 380.800) (10.000, 380.800) on layer: M1
Net VDD: dangling Wire at (10.000, 377.200) (10.000, 377.200) on layer: M1
Net VDD: dangling Wire at (10.000, 373.600) (10.000, 373.600) on layer: M1
Net VDD: dangling Wire at (10.000, 370.000) (10.000, 370.000) on layer: M1
Net VDD: dangling Wire at (10.000, 366.400) (10.000, 366.400) on layer: M1
Net VDD: dangling Wire at (10.000, 362.800) (10.000, 362.800) on layer: M1
Net VDD: dangling Wire at (10.000, 359.200) (10.000, 359.200) on layer: M1
Net VDD: dangling Wire at (10.000, 355.600) (10.000, 355.600) on layer: M1
Net VDD: dangling Wire at (10.000, 319.600) (10.000, 319.600) on layer: M1
Net VDD: dangling Wire at (10.000, 323.200) (10.000, 323.200) on layer: M1
Net VDD: dangling Wire at (10.000, 326.800) (10.000, 326.800) on layer: M1
Net VDD: dangling Wire at (10.000, 330.400) (10.000, 330.400) on layer: M1
Net VDD: dangling Wire at (10.000, 334.000) (10.000, 334.000) on layer: M1
Net VDD: dangling Wire at (10.000, 337.600) (10.000, 337.600) on layer: M1
Net VDD: dangling Wire at (10.000, 341.200) (10.000, 341.200) on layer: M1
Net VDD: dangling Wire at (10.000, 316.000) (10.000, 316.000) on layer: M1
Net VDD: dangling Wire at (10.000, 352.000) (10.000, 352.000) on layer: M1
Net VDD: dangling Wire at (10.000, 348.400) (10.000, 348.400) on layer: M1
Net VDD: dangling Wire at (10.000, 344.800) (10.000, 344.800) on layer: M1
Net VDD: dangling Wire at (10.000, 593.200) (10.000, 593.200) on layer: M1
Net VDD: dangling Wire at (621.400, 593.200) (621.400, 593.200) on layer: M1
Net VDD: dangling Wire at (10.000, 596.800) (10.000, 596.800) on layer: M1
Net VDD: dangling Wire at (621.400, 596.800) (621.400, 596.800) on layer: M1
Net VDD: dangling Wire at (10.000, 600.400) (10.000, 600.400) on layer: M1
Net VDD: dangling Wire at (621.400, 600.400) (621.400, 600.400) on layer: M1
Net VDD: dangling Wire at (10.000, 604.000) (10.000, 604.000) on layer: M1
Net VDD: dangling Wire at (621.400, 604.000) (621.400, 604.000) on layer: M1
Net VDD: dangling Wire at (10.000, 607.600) (10.000, 607.600) on layer: M1
Net VDD: dangling Wire at (621.400, 607.600) (621.400, 607.600) on layer: M1
Net VDD: dangling Wire at (10.000, 611.200) (10.000, 611.200) on layer: M1
Net VDD: dangling Wire at (621.400, 611.200) (621.400, 611.200) on layer: M1
Net VDD: dangling Wire at (10.000, 614.800) (10.000, 614.800) on layer: M1
Net VDD: dangling Wire at (621.400, 614.800) (621.400, 614.800) on layer: M1
Net VDD: dangling Wire at (10.000, 618.400) (10.000, 618.400) on layer: M1
Net VDD: dangling Wire at (621.400, 618.400) (621.400, 618.400) on layer: M1
Net VDD: dangling Wire at (10.000, 553.600) (10.000, 553.600) on layer: M1
Net VDD: dangling Wire at (621.400, 553.600) (621.400, 553.600) on layer: M1
Net VDD: dangling Wire at (10.000, 557.200) (10.000, 557.200) on layer: M1
Net VDD: dangling Wire at (621.400, 557.200) (621.400, 557.200) on layer: M1
Net VDD: dangling Wire at (10.000, 560.800) (10.000, 560.800) on layer: M1
Net VDD: dangling Wire at (621.400, 560.800) (621.400, 560.800) on layer: M1
Net VDD: dangling Wire at (10.000, 564.400) (10.000, 564.400) on layer: M1
Net VDD: dangling Wire at (621.400, 564.400) (621.400, 564.400) on layer: M1
Net VDD: dangling Wire at (10.000, 568.000) (10.000, 568.000) on layer: M1
Net VDD: dangling Wire at (621.400, 568.000) (621.400, 568.000) on layer: M1
Net VDD: dangling Wire at (10.000, 571.600) (10.000, 571.600) on layer: M1
Net VDD: dangling Wire at (621.400, 571.600) (621.400, 571.600) on layer: M1
Net VDD: dangling Wire at (10.000, 575.200) (10.000, 575.200) on layer: M1
Net VDD: dangling Wire at (621.400, 575.200) (621.400, 575.200) on layer: M1
Net VDD: dangling Wire at (10.000, 578.800) (10.000, 578.800) on layer: M1
Net VDD: dangling Wire at (621.400, 578.800) (621.400, 578.800) on layer: M1
Net VDD: dangling Wire at (10.000, 582.400) (10.000, 582.400) on layer: M1
Net VDD: dangling Wire at (621.400, 582.400) (621.400, 582.400) on layer: M1
Net VDD: dangling Wire at (10.000, 586.000) (10.000, 586.000) on layer: M1
Net VDD: dangling Wire at (621.400, 586.000) (621.400, 586.000) on layer: M1
Net VDD: dangling Wire at (10.000, 589.600) (10.000, 589.600) on layer: M1
Net VDD: dangling Wire at (621.400, 589.600) (621.400, 589.600) on layer: M1
Net VDD: dangling Wire at (10.000, 542.800) (10.000, 542.800) on layer: M1
Net VDD: dangling Wire at (621.400, 542.800) (621.400, 542.800) on layer: M1
Net VDD: dangling Wire at (10.000, 546.400) (10.000, 546.400) on layer: M1
Net VDD: dangling Wire at (621.400, 546.400) (621.400, 546.400) on layer: M1
Net VDD: dangling Wire at (10.000, 550.000) (10.000, 550.000) on layer: M1
Net VDD: dangling Wire at (621.400, 550.000) (621.400, 550.000) on layer: M1
Net VDD: dangling Wire at (10.000, 539.200) (10.000, 539.200) on layer: M1
Net VDD: dangling Wire at (621.400, 539.200) (621.400, 539.200) on layer: M1
Net VDD: dangling Wire at (10.000, 535.600) (10.000, 535.600) on layer: M1
Net VDD: dangling Wire at (621.400, 535.600) (621.400, 535.600) on layer: M1
Net VDD: dangling Wire at (10.000, 532.000) (10.000, 532.000) on layer: M1
Net VDD: dangling Wire at (621.400, 532.000) (621.400, 532.000) on layer: M1
Net VDD: dangling Wire at (10.000, 528.400) (10.000, 528.400) on layer: M1
Net VDD: dangling Wire at (621.400, 528.400) (621.400, 528.400) on layer: M1
Net VDD: dangling Wire at (10.000, 524.800) (10.000, 524.800) on layer: M1
Net VDD: dangling Wire at (621.400, 524.800) (621.400, 524.800) on layer: M1
Net VDD: dangling Wire at (10.000, 521.200) (10.000, 521.200) on layer: M1
Net VDD: dangling Wire at (621.400, 521.200) (621.400, 521.200) on layer: M1
Net VDD: dangling Wire at (10.000, 517.600) (10.000, 517.600) on layer: M1
Net VDD: dangling Wire at (621.400, 517.600) (621.400, 517.600) on layer: M1
Net VDD: dangling Wire at (10.000, 514.000) (10.000, 514.000) on layer: M1
Net VDD: dangling Wire at (621.400, 514.000) (621.400, 514.000) on layer: M1
Net VDD: dangling Wire at (10.000, 474.400) (10.000, 474.400) on layer: M1
Net VDD: dangling Wire at (621.400, 474.400) (621.400, 474.400) on layer: M1
Net VDD: dangling Wire at (10.000, 510.400) (10.000, 510.400) on layer: M1
Net VDD: dangling Wire at (621.400, 510.400) (621.400, 510.400) on layer: M1
Net VDD: dangling Wire at (10.000, 506.800) (10.000, 506.800) on layer: M1
Net VDD: dangling Wire at (621.400, 506.800) (621.400, 506.800) on layer: M1
Net VDD: dangling Wire at (10.000, 503.200) (10.000, 503.200) on layer: M1
Net VDD: dangling Wire at (621.400, 503.200) (621.400, 503.200) on layer: M1
Net VDD: dangling Wire at (10.000, 499.600) (10.000, 499.600) on layer: M1
Net VDD: dangling Wire at (621.400, 499.600) (621.400, 499.600) on layer: M1
Net VDD: dangling Wire at (10.000, 496.000) (10.000, 496.000) on layer: M1
Net VDD: dangling Wire at (621.400, 496.000) (621.400, 496.000) on layer: M1
Net VDD: dangling Wire at (10.000, 492.400) (10.000, 492.400) on layer: M1
Net VDD: dangling Wire at (621.400, 492.400) (621.400, 492.400) on layer: M1
Net VDD: dangling Wire at (10.000, 488.800) (10.000, 488.800) on layer: M1
Net VDD: dangling Wire at (621.400, 488.800) (621.400, 488.800) on layer: M1
Net VDD: dangling Wire at (10.000, 485.200) (10.000, 485.200) on layer: M1
Net VDD: dangling Wire at (621.400, 485.200) (621.400, 485.200) on layer: M1
Net VDD: dangling Wire at (10.000, 481.600) (10.000, 481.600) on layer: M1
Net VDD: dangling Wire at (621.400, 481.600) (621.400, 481.600) on layer: M1
Net VDD: dangling Wire at (10.000, 478.000) (10.000, 478.000) on layer: M1
Net VDD: dangling Wire at (621.400, 478.000) (621.400, 478.000) on layer: M1
Net VDD: dangling Wire at (10.000, 434.800) (10.000, 434.800) on layer: M1
Net VDD: dangling Wire at (621.400, 434.800) (621.400, 434.800) on layer: M1
Net VDD: dangling Wire at (10.000, 438.400) (10.000, 438.400) on layer: M1
Net VDD: dangling Wire at (621.400, 438.400) (621.400, 438.400) on layer: M1
Net VDD: dangling Wire at (10.000, 442.000) (10.000, 442.000) on layer: M1
Net VDD: dangling Wire at (621.400, 442.000) (621.400, 442.000) on layer: M1
Net VDD: dangling Wire at (10.000, 445.600) (10.000, 445.600) on layer: M1
Net VDD: dangling Wire at (621.400, 445.600) (621.400, 445.600) on layer: M1
Net VDD: dangling Wire at (10.000, 449.200) (10.000, 449.200) on layer: M1
Net VDD: dangling Wire at (621.400, 449.200) (621.400, 449.200) on layer: M1
Net VDD: dangling Wire at (10.000, 452.800) (10.000, 452.800) on layer: M1
Net VDD: dangling Wire at (621.400, 452.800) (621.400, 452.800) on layer: M1
Net VDD: dangling Wire at (10.000, 456.400) (10.000, 456.400) on layer: M1
Net VDD: dangling Wire at (621.400, 456.400) (621.400, 456.400) on layer: M1
Net VDD: dangling Wire at (10.000, 460.000) (10.000, 460.000) on layer: M1
Net VDD: dangling Wire at (621.400, 460.000) (621.400, 460.000) on layer: M1
Net VDD: dangling Wire at (10.000, 463.600) (10.000, 463.600) on layer: M1
Net VDD: dangling Wire at (621.400, 463.600) (621.400, 463.600) on layer: M1
Net VDD: dangling Wire at (10.000, 467.200) (10.000, 467.200) on layer: M1
Net VDD: dangling Wire at (621.400, 467.200) (621.400, 467.200) on layer: M1
Net VDD: dangling Wire at (10.000, 470.800) (10.000, 470.800) on layer: M1
Net VDD: dangling Wire at (621.400, 470.800) (621.400, 470.800) on layer: M1
Net VDD: dangling Wire at (10.000, 402.400) (10.000, 402.400) on layer: M1
Net VDD: dangling Wire at (621.400, 402.400) (621.400, 402.400) on layer: M1
Net VDD: dangling Wire at (10.000, 406.000) (10.000, 406.000) on layer: M1
Net VDD: dangling Wire at (621.400, 406.000) (621.400, 406.000) on layer: M1
Net VDD: dangling Wire at (10.000, 409.600) (10.000, 409.600) on layer: M1
Net VDD: dangling Wire at (621.400, 409.600) (621.400, 409.600) on layer: M1
Net VDD: dangling Wire at (10.000, 413.200) (10.000, 413.200) on layer: M1
Net VDD: dangling Wire at (621.400, 413.200) (621.400, 413.200) on layer: M1
Net VDD: dangling Wire at (10.000, 416.800) (10.000, 416.800) on layer: M1
Net VDD: dangling Wire at (621.400, 416.800) (621.400, 416.800) on layer: M1
Net VDD: dangling Wire at (10.000, 420.400) (10.000, 420.400) on layer: M1
Net VDD: dangling Wire at (621.400, 420.400) (621.400, 420.400) on layer: M1
Net VDD: dangling Wire at (10.000, 424.000) (10.000, 424.000) on layer: M1
Net VDD: dangling Wire at (621.400, 424.000) (621.400, 424.000) on layer: M1
Net VDD: dangling Wire at (10.000, 427.600) (10.000, 427.600) on layer: M1
Net VDD: dangling Wire at (621.400, 427.600) (621.400, 427.600) on layer: M1
Net VDD: dangling Wire at (10.000, 431.200) (10.000, 431.200) on layer: M1
Net VDD: dangling Wire at (621.400, 431.200) (621.400, 431.200) on layer: M1
Net VDD: dangling Wire at (621.400, 398.800) (621.400, 398.800) on layer: M1
Net VDD: dangling Wire at (621.400, 395.200) (621.400, 395.200) on layer: M1
Net VDD: dangling Wire at (621.400, 355.600) (621.400, 355.600) on layer: M1
Net VDD: dangling Wire at (621.400, 359.200) (621.400, 359.200) on layer: M1
Net VDD: dangling Wire at (621.400, 391.600) (621.400, 391.600) on layer: M1
Net VDD: dangling Wire at (621.400, 388.000) (621.400, 388.000) on layer: M1
Net VDD: dangling Wire at (621.400, 384.400) (621.400, 384.400) on layer: M1
Net VDD: dangling Wire at (621.400, 380.800) (621.400, 380.800) on layer: M1
Net VDD: dangling Wire at (621.400, 377.200) (621.400, 377.200) on layer: M1
Net VDD: dangling Wire at (621.400, 373.600) (621.400, 373.600) on layer: M1
Net VDD: dangling Wire at (621.400, 370.000) (621.400, 370.000) on layer: M1
Net VDD: dangling Wire at (621.400, 316.000) (621.400, 316.000) on layer: M1
Net VDD: dangling Wire at (621.400, 326.800) (621.400, 326.800) on layer: M1
Net VDD: dangling Wire at (621.400, 334.000) (621.400, 334.000) on layer: M1
Net VDD: dangling Wire at (621.400, 337.600) (621.400, 337.600) on layer: M1
Net VDD: dangling Wire at (621.400, 348.400) (621.400, 348.400) on layer: M1
Net VDD: dangling Wire at (621.400, 352.000) (621.400, 352.000) on layer: M1
Net VDD: dangling Wire at (621.400, 344.800) (621.400, 344.800) on layer: M1
Net VDD: dangling Wire at (621.400, 341.200) (621.400, 341.200) on layer: M1
Net VDD: dangling Wire at (621.400, 251.200) (621.400, 251.200) on layer: M1
Net VDD: dangling Wire at (621.400, 247.600) (621.400, 247.600) on layer: M1
Net VDD: dangling Wire at (621.400, 244.000) (621.400, 244.000) on layer: M1
Net VDD: dangling Wire at (621.400, 265.600) (621.400, 265.600) on layer: M1
Net VDD: dangling Wire at (621.400, 233.200) (621.400, 233.200) on layer: M1
Net VDD: dangling Wire at (621.400, 229.600) (621.400, 229.600) on layer: M1
Net VDD: dangling Wire at (621.400, 226.000) (621.400, 226.000) on layer: M1
Net VDD: dangling Wire at (621.400, 222.400) (621.400, 222.400) on layer: M1
Net VDD: dangling Wire at (621.400, 218.800) (621.400, 218.800) on layer: M1
Net VDD: dangling Wire at (621.400, 211.600) (621.400, 211.600) on layer: M1
Net VDD: dangling Wire at (621.400, 208.000) (621.400, 208.000) on layer: M1
Net VDD: dangling Wire at (621.400, 204.400) (621.400, 204.400) on layer: M1
Net VDD: dangling Wire at (621.400, 197.200) (621.400, 197.200) on layer: M1
Net VDD: dangling Wire at (621.400, 190.000) (621.400, 190.000) on layer: M1
Net VDD: dangling Wire at (621.400, 186.400) (621.400, 186.400) on layer: M1
Net VDD: dangling Wire at (621.400, 182.800) (621.400, 182.800) on layer: M1
Net VDD: dangling Wire at (621.400, 175.600) (621.400, 175.600) on layer: M1
Net VDD: dangling Wire at (621.400, 172.000) (621.400, 172.000) on layer: M1
Net VDD: dangling Wire at (621.400, 168.400) (621.400, 168.400) on layer: M1
Net VDD: dangling Wire at (621.400, 164.800) (621.400, 164.800) on layer: M1
Net VDD: dangling Wire at (621.400, 139.600) (621.400, 139.600) on layer: M1
Net VDD: dangling Wire at (621.400, 136.000) (621.400, 136.000) on layer: M1
Net VDD: dangling Wire at (621.400, 128.800) (621.400, 128.800) on layer: M1
Net VDD: dangling Wire at (621.400, 121.600) (621.400, 121.600) on layer: M1
Net VDD: dangling Wire at (621.400, 118.000) (621.400, 118.000) on layer: M1
Net VDD: dangling Wire at (621.400, 154.000) (621.400, 154.000) on layer: M1
Net VDD: dangling Wire at (621.400, 150.400) (621.400, 150.400) on layer: M1
Net VDD: dangling Wire at (621.400, 146.800) (621.400, 146.800) on layer: M1
Net VDD: dangling Wire at (621.400, 114.400) (621.400, 114.400) on layer: M1
Net VDD: dangling Wire at (621.400, 110.800) (621.400, 110.800) on layer: M1
Net VDD: dangling Wire at (621.400, 107.200) (621.400, 107.200) on layer: M1
Net VDD: dangling Wire at (621.400, 103.600) (621.400, 103.600) on layer: M1
Net VDD: dangling Wire at (621.400, 100.000) (621.400, 100.000) on layer: M1
Net VDD: dangling Wire at (621.400, 96.400) (621.400, 96.400) on layer: M1
Net VDD: dangling Wire at (621.400, 92.800) (621.400, 92.800) on layer: M1
Net VDD: dangling Wire at (621.400, 89.200) (621.400, 89.200) on layer: M1
Net VDD: dangling Wire at (621.400, 85.600) (621.400, 85.600) on layer: M1
Net VDD: dangling Wire at (10.000, 312.400) (10.000, 312.400) on layer: M1
Net VDD: dangling Wire at (10.000, 308.800) (10.000, 308.800) on layer: M1
Net VDD: dangling Wire at (10.000, 305.200) (10.000, 305.200) on layer: M1
Net VDD: dangling Wire at (10.000, 301.600) (10.000, 301.600) on layer: M1
Net VDD: dangling Wire at (10.000, 298.000) (10.000, 298.000) on layer: M1
Net VDD: dangling Wire at (10.000, 294.400) (10.000, 294.400) on layer: M1
Net VDD: dangling Wire at (10.000, 290.800) (10.000, 290.800) on layer: M1
Net VDD: dangling Wire at (10.000, 287.200) (10.000, 287.200) on layer: M1
Net VDD: dangling Wire at (10.000, 283.600) (10.000, 283.600) on layer: M1
Net VDD: dangling Wire at (10.000, 280.000) (10.000, 280.000) on layer: M1
Net VDD: dangling Wire at (10.000, 251.200) (10.000, 251.200) on layer: M1
Net VDD: dangling Wire at (10.000, 247.600) (10.000, 247.600) on layer: M1
Net VDD: dangling Wire at (10.000, 244.000) (10.000, 244.000) on layer: M1
Net VDD: dangling Wire at (10.000, 240.400) (10.000, 240.400) on layer: M1
Net VDD: dangling Wire at (10.000, 236.800) (10.000, 236.800) on layer: M1
Net VDD: dangling Wire at (10.000, 215.200) (10.000, 215.200) on layer: M1
Net VDD: dangling Wire at (10.000, 211.600) (10.000, 211.600) on layer: M1
Net VDD: dangling Wire at (10.000, 208.000) (10.000, 208.000) on layer: M1
Net VDD: dangling Wire at (10.000, 204.400) (10.000, 204.400) on layer: M1
Net VDD: dangling Wire at (10.000, 200.800) (10.000, 200.800) on layer: M1
Net VDD: dangling Wire at (10.000, 197.200) (10.000, 197.200) on layer: M1
Net VDD: dangling Wire at (10.000, 233.200) (10.000, 233.200) on layer: M1
Net VDD: dangling Wire at (10.000, 229.600) (10.000, 229.600) on layer: M1
Net VDD: dangling Wire at (10.000, 226.000) (10.000, 226.000) on layer: M1
Net VDD: dangling Wire at (10.000, 222.400) (10.000, 222.400) on layer: M1
Net VDD: dangling Wire at (10.000, 218.800) (10.000, 218.800) on layer: M1
Net VDD: dangling Wire at (10.000, 172.000) (10.000, 172.000) on layer: M1
Net VDD: dangling Wire at (10.000, 193.600) (10.000, 193.600) on layer: M1
Net VDD: dangling Wire at (10.000, 190.000) (10.000, 190.000) on layer: M1
Net VDD: dangling Wire at (10.000, 186.400) (10.000, 186.400) on layer: M1
Net VDD: dangling Wire at (10.000, 182.800) (10.000, 182.800) on layer: M1
Net VDD: dangling Wire at (10.000, 179.200) (10.000, 179.200) on layer: M1
Net VDD: dangling Wire at (10.000, 175.600) (10.000, 175.600) on layer: M1
Net VDD: dangling Wire at (10.000, 168.400) (10.000, 168.400) on layer: M1
Net VDD: dangling Wire at (10.000, 164.800) (10.000, 164.800) on layer: M1
Net VDD: dangling Wire at (10.000, 161.200) (10.000, 161.200) on layer: M1
Net VDD: dangling Wire at (10.000, 157.600) (10.000, 157.600) on layer: M1
Net VDD: dangling Wire at (10.000, 132.400) (10.000, 132.400) on layer: M1
Net VDD: dangling Wire at (10.000, 136.000) (10.000, 136.000) on layer: M1
Net VDD: dangling Wire at (10.000, 139.600) (10.000, 139.600) on layer: M1
Net VDD: dangling Wire at (10.000, 143.200) (10.000, 143.200) on layer: M1
Net VDD: dangling Wire at (10.000, 146.800) (10.000, 146.800) on layer: M1
Net VDD: dangling Wire at (10.000, 150.400) (10.000, 150.400) on layer: M1
Net VDD: dangling Wire at (10.000, 154.000) (10.000, 154.000) on layer: M1
Net VDD: dangling Wire at (10.000, 276.400) (10.000, 276.400) on layer: M1
Net VDD: dangling Wire at (621.400, 283.600) (621.400, 283.600) on layer: M1
Net VDD: dangling Wire at (621.400, 290.800) (621.400, 290.800) on layer: M1
Net VDD: dangling Wire at (621.400, 308.800) (621.400, 308.800) on layer: M1
Net VDD: dangling Wire at (10.000, 254.800) (10.000, 254.800) on layer: M1
Net VDD: dangling Wire at (10.000, 258.400) (10.000, 258.400) on layer: M1
Net VDD: dangling Wire at (10.000, 262.000) (10.000, 262.000) on layer: M1
Net VDD: dangling Wire at (10.000, 265.600) (10.000, 265.600) on layer: M1
Net VDD: dangling Wire at (10.000, 269.200) (10.000, 269.200) on layer: M1
Net VDD: dangling Wire at (10.000, 272.800) (10.000, 272.800) on layer: M1
Net VDD: dangling Wire at (10.000, 128.800) (10.000, 128.800) on layer: M1
Net VDD: dangling Wire at (10.000, 125.200) (10.000, 125.200) on layer: M1
Net VDD: dangling Wire at (10.000, 121.600) (10.000, 121.600) on layer: M1
Net VDD: dangling Wire at (10.000, 118.000) (10.000, 118.000) on layer: M1
Net VDD: dangling Wire at (10.000, 82.000) (10.000, 82.000) on layer: M1
Net VDD: dangling Wire at (621.400, 82.000) (621.400, 82.000) on layer: M1
Net VDD: dangling Wire at (10.000, 85.600) (10.000, 85.600) on layer: M1
Net VDD: dangling Wire at (10.000, 89.200) (10.000, 89.200) on layer: M1
Net VDD: dangling Wire at (10.000, 114.400) (10.000, 114.400) on layer: M1
Net VDD: dangling Wire at (10.000, 110.800) (10.000, 110.800) on layer: M1
Net VDD: dangling Wire at (10.000, 107.200) (10.000, 107.200) on layer: M1
Net VDD: dangling Wire at (10.000, 103.600) (10.000, 103.600) on layer: M1
Net VDD: dangling Wire at (10.000, 100.000) (10.000, 100.000) on layer: M1
Net VDD: dangling Wire at (10.000, 96.400) (10.000, 96.400) on layer: M1
Net VDD: dangling Wire at (10.000, 92.800) (10.000, 92.800) on layer: M1
Net VDD: dangling Wire at (10.000, 67.600) (10.000, 67.600) on layer: M1
Net VDD: dangling Wire at (621.400, 67.600) (621.400, 67.600) on layer: M1
Net VDD: dangling Wire at (10.000, 71.200) (10.000, 71.200) on layer: M1
Net VDD: dangling Wire at (621.400, 71.200) (621.400, 71.200) on layer: M1
Net VDD: dangling Wire at (10.000, 74.800) (10.000, 74.800) on layer: M1
Net VDD: dangling Wire at (621.400, 74.800) (621.400, 74.800) on layer: M1
Net VDD: dangling Wire at (10.000, 42.400) (10.000, 42.400) on layer: M1
Net VDD: dangling Wire at (621.400, 42.400) (621.400, 42.400) on layer: M1
Net VDD: dangling Wire at (10.000, 46.000) (10.000, 46.000) on layer: M1
Net VDD: dangling Wire at (621.400, 46.000) (621.400, 46.000) on layer: M1
Net VDD: dangling Wire at (10.000, 49.600) (10.000, 49.600) on layer: M1
Net VDD: dangling Wire at (621.400, 49.600) (621.400, 49.600) on layer: M1
Net VDD: dangling Wire at (10.000, 53.200) (10.000, 53.200) on layer: M1
Net VDD: dangling Wire at (621.400, 53.200) (621.400, 53.200) on layer: M1
Net VDD: dangling Wire at (10.000, 56.800) (10.000, 56.800) on layer: M1
Net VDD: dangling Wire at (621.400, 56.800) (621.400, 56.800) on layer: M1
Net VDD: dangling Wire at (10.000, 60.400) (10.000, 60.400) on layer: M1
Net VDD: dangling Wire at (621.400, 60.400) (621.400, 60.400) on layer: M1
Net VDD: dangling Wire at (10.000, 64.000) (10.000, 64.000) on layer: M1
Net VDD: dangling Wire at (621.400, 64.000) (621.400, 64.000) on layer: M1
Net VDD: dangling Wire at (10.000, 10.000) (10.000, 10.000) on layer: M1
Net VDD: dangling Wire at (621.400, 10.000) (621.400, 10.000) on layer: M1
Net VDD: dangling Wire at (10.000, 13.600) (10.000, 13.600) on layer: M1
Net VDD: dangling Wire at (621.400, 13.600) (621.400, 13.600) on layer: M1
Net VDD: dangling Wire at (10.000, 17.200) (10.000, 17.200) on layer: M1
Net VDD: dangling Wire at (621.400, 17.200) (621.400, 17.200) on layer: M1
Net VDD: dangling Wire at (10.000, 20.800) (10.000, 20.800) on layer: M1
Net VDD: dangling Wire at (621.400, 20.800) (621.400, 20.800) on layer: M1
Net VDD: dangling Wire at (10.000, 24.400) (10.000, 24.400) on layer: M1
Net VDD: dangling Wire at (621.400, 24.400) (621.400, 24.400) on layer: M1
Net VDD: dangling Wire at (10.000, 28.000) (10.000, 28.000) on layer: M1
Net VDD: dangling Wire at (621.400, 28.000) (621.400, 28.000) on layer: M1
Net VDD: dangling Wire at (10.000, 31.600) (10.000, 31.600) on layer: M1
Net VDD: dangling Wire at (621.400, 31.600) (621.400, 31.600) on layer: M1
Net VDD: dangling Wire at (10.000, 35.200) (10.000, 35.200) on layer: M1
Net VDD: dangling Wire at (621.400, 35.200) (621.400, 35.200) on layer: M1
Net VDD: dangling Wire at (10.000, 38.800) (10.000, 38.800) on layer: M1
Net VDD: dangling Wire at (621.400, 38.800) (621.400, 38.800) on layer: M1
Net VDD: dangling Wire at (10.000, 78.400) (10.000, 78.400) on layer: M1
Net VDD: dangling Wire at (621.400, 78.400) (621.400, 78.400) on layer: M1
Net VDD: dangling Wire at (10.000, 612.620) (10.000, 612.620) on layer: M5
Net VDD: dangling Wire at (621.400, 612.620) (621.400, 612.620) on layer: M5
Net VDD: dangling Wire at (10.000, 587.740) (10.000, 587.740) on layer: M5
Net VDD: dangling Wire at (621.400, 587.740) (621.400, 587.740) on layer: M5
Net VDD: dangling Wire at (10.000, 562.860) (10.000, 562.860) on layer: M5
Net VDD: dangling Wire at (621.400, 562.860) (621.400, 562.860) on layer: M5
Net VDD: dangling Wire at (10.000, 537.980) (10.000, 537.980) on layer: M5
Net VDD: dangling Wire at (621.400, 537.980) (621.400, 537.980) on layer: M5
Net VDD: dangling Wire at (10.000, 513.100) (10.000, 513.100) on layer: M5
Net VDD: dangling Wire at (621.400, 513.100) (621.400, 513.100) on layer: M5
Net VDD: dangling Wire at (10.000, 488.220) (10.000, 488.220) on layer: M5
Net VDD: dangling Wire at (621.400, 488.220) (621.400, 488.220) on layer: M5
Net VDD: dangling Wire at (10.000, 463.340) (10.000, 463.340) on layer: M5
Net VDD: dangling Wire at (621.400, 463.340) (621.400, 463.340) on layer: M5
Net VDD: dangling Wire at (10.000, 438.460) (10.000, 438.460) on layer: M5
Net VDD: dangling Wire at (621.400, 438.460) (621.400, 438.460) on layer: M5
Net VDD: dangling Wire at (10.000, 413.580) (10.000, 413.580) on layer: M5
Net VDD: dangling Wire at (621.400, 413.580) (621.400, 413.580) on layer: M5
Net VDD: dangling Wire at (10.000, 388.700) (10.000, 388.700) on layer: M5
Net VDD: dangling Wire at (621.400, 388.700) (621.400, 388.700) on layer: M5
Net VDD: dangling Wire at (10.000, 363.820) (10.000, 363.820) on layer: M5
Net VDD: dangling Wire at (621.400, 363.820) (621.400, 363.820) on layer: M5
Net VDD: dangling Wire at (10.000, 338.940) (10.000, 338.940) on layer: M5
Net VDD: dangling Wire at (621.400, 338.940) (621.400, 338.940) on layer: M5
Net VDD: dangling Wire at (10.000, 314.060) (10.000, 314.060) on layer: M5
Net VDD: dangling Wire at (621.400, 314.060) (621.400, 314.060) on layer: M5
Net VDD: dangling Wire at (10.000, 289.180) (10.000, 289.180) on layer: M5
Net VDD: dangling Wire at (621.400, 289.180) (621.400, 289.180) on layer: M5
Net VDD: dangling Wire at (10.000, 264.300) (10.000, 264.300) on layer: M5
Net VDD: dangling Wire at (621.400, 264.300) (621.400, 264.300) on layer: M5
Net VDD: dangling Wire at (10.000, 239.420) (10.000, 239.420) on layer: M5
Net VDD: dangling Wire at (621.400, 239.420) (621.400, 239.420) on layer: M5
Net VDD: dangling Wire at (10.000, 214.540) (10.000, 214.540) on layer: M5
Net VDD: dangling Wire at (621.400, 214.540) (621.400, 214.540) on layer: M5
Net VDD: dangling Wire at (10.000, 189.660) (10.000, 189.660) on layer: M5
Net VDD: dangling Wire at (621.400, 189.660) (621.400, 189.660) on layer: M5
Net VDD: dangling Wire at (10.000, 164.780) (10.000, 164.780) on layer: M5
Net VDD: dangling Wire at (621.400, 164.780) (621.400, 164.780) on layer: M5
Net VDD: dangling Wire at (10.000, 139.900) (10.000, 139.900) on layer: M5
Net VDD: dangling Wire at (621.400, 139.900) (621.400, 139.900) on layer: M5
Net VDD: dangling Wire at (10.000, 115.020) (10.000, 115.020) on layer: M5
Net VDD: dangling Wire at (621.400, 115.020) (621.400, 115.020) on layer: M5
Net VDD: dangling Wire at (10.000, 90.140) (10.000, 90.140) on layer: M5
Net VDD: dangling Wire at (621.400, 90.140) (621.400, 90.140) on layer: M5
Net VDD: dangling Wire at (10.000, 65.260) (10.000, 65.260) on layer: M5
Net VDD: dangling Wire at (621.400, 65.260) (621.400, 65.260) on layer: M5
Net VDD: dangling Wire at (10.000, 40.380) (10.000, 40.380) on layer: M5
Net VDD: dangling Wire at (621.400, 40.380) (621.400, 40.380) on layer: M5
Net VDD: dangling Wire at (10.000, 15.500) (10.000, 15.500) on layer: M5
Net VDD: dangling Wire at (621.400, 15.500) (621.400, 15.500) on layer: M5
Net VSS: has special routes with opens at (10.000, 277.500) (621.400, 398.900)
Net VSS: has special routes with opens at (10.000, 82.500) (621.400, 268.105)
Net VSS: has special routes with opens at (10.000, 605.635) (621.400, 605.965)
Net VSS: has special routes with opens at (10.000, 609.235) (621.400, 609.565)
Net VSS: has special routes with opens at (10.000, 612.835) (621.400, 613.165)
Net VSS: has special routes with opens at (10.000, 616.435) (621.400, 616.765)
Net VSS: has special routes with opens at (10.000, 620.035) (621.400, 620.365)
Net VSS: has special routes with opens at (10.000, 602.035) (621.400, 602.365)
Net VSS: has special routes with opens at (10.000, 598.435) (621.400, 598.765)
Net VSS: has special routes with opens at (10.000, 594.835) (621.400, 595.165)
Net VSS: has special routes with opens at (10.000, 587.330) (621.400, 587.965)
Net VSS: has special routes with opens at (10.000, 583.600) (621.400, 584.800)
Net VSS: has special routes with opens at (10.000, 580.000) (621.400, 581.200)
Net VSS: has special routes with opens at (10.000, 576.400) (621.400, 577.600)
Net VSS: has special routes with opens at (10.000, 572.800) (621.400, 574.000)
Net VSS: has special routes with opens at (10.000, 569.200) (621.400, 570.400)
Net VSS: has special routes with opens at (10.000, 565.600) (621.400, 566.800)
Net VSS: has special routes with opens at (10.000, 562.000) (621.400, 563.200)
Net VSS: has special routes with opens at (10.000, 558.400) (621.400, 559.600)
Net VSS: has special routes with opens at (10.000, 554.800) (621.400, 556.000)
Net VSS: has special routes with opens at (10.000, 591.235) (621.400, 591.565)
Net VSS: has special routes with opens at (10.000, 533.200) (621.400, 534.490)
Net VSS: has special routes with opens at (10.000, 536.800) (621.400, 538.095)
Net VSS: has special routes with opens at (10.000, 529.600) (621.400, 530.800)
Net VSS: has special routes with opens at (10.000, 526.000) (621.400, 527.200)
Net VSS: has special routes with opens at (10.000, 522.400) (621.400, 523.695)
Net VSS: has special routes with opens at (10.000, 518.800) (621.400, 520.000)
Net VSS: has special routes with opens at (10.000, 515.200) (621.400, 516.400)
Net VSS: has special routes with opens at (10.000, 547.505) (621.400, 548.800)
Net VSS: has special routes with opens at (10.000, 544.000) (621.400, 545.200)
Net VSS: has special routes with opens at (10.000, 540.400) (621.400, 541.695)
Net VSS: has special routes with opens at (10.000, 511.600) (621.400, 512.800)
Net VSS: has special routes with opens at (10.000, 508.000) (621.400, 509.200)
Net VSS: has special routes with opens at (10.000, 504.400) (621.400, 505.600)
Net VSS: has special routes with opens at (10.000, 500.800) (621.400, 502.000)
Net VSS: has special routes with opens at (10.000, 497.200) (621.400, 498.400)
Net VSS: has special routes with opens at (10.000, 493.600) (621.400, 494.800)
Net VSS: has special routes with opens at (10.000, 490.000) (621.400, 491.295)
Net VSS: has special routes with opens at (10.000, 486.400) (621.400, 487.695)
Net VSS: has special routes with opens at (10.000, 482.800) (621.400, 484.000)
Net VSS: has special routes with opens at (10.000, 479.200) (621.400, 480.400)
Net VSS: has special routes with opens at (10.000, 475.600) (621.400, 476.800)
Net VSS: has special routes with opens at (10.000, 551.200) (621.400, 552.400)
Net VSS: has special routes with opens at (10.000, 472.000) (621.400, 473.200)
Net VSS: has special routes with opens at (10.000, 468.400) (621.400, 469.695)
Net VSS: has special routes with opens at (10.000, 464.705) (621.400, 466.095)
Net VSS: has special routes with opens at (10.000, 461.105) (621.400, 462.400)
Net VSS: has special routes with opens at (10.000, 457.600) (621.400, 458.800)
Net VSS: has special routes with opens at (10.000, 454.000) (621.400, 455.200)
Net VSS: has special routes with opens at (10.000, 450.400) (621.400, 451.600)
Net VSS: has special routes with opens at (10.000, 446.800) (621.400, 448.000)
Net VSS: has special routes with opens at (10.000, 443.200) (621.400, 444.400)
Net VSS: has special routes with opens at (10.000, 439.600) (621.400, 440.800)
Net VSS: has special routes with opens at (10.000, 436.000) (621.400, 437.200)
Net VSS: has special routes with opens at (10.000, 432.400) (621.400, 433.600)
Net VSS: has special routes with opens at (10.000, 428.800) (621.400, 430.000)
Net VSS: has special routes with opens at (10.000, 425.105) (621.400, 426.400)
Net VSS: has special routes with opens at (10.000, 421.505) (621.400, 422.800)
Net VSS: has special routes with opens at (10.000, 417.905) (621.400, 419.200)
Net VSS: has special routes with opens at (10.000, 414.400) (621.400, 415.600)
Net VSS: has special routes with opens at (10.000, 410.800) (621.400, 412.000)
Net VSS: has special routes with opens at (10.000, 407.200) (621.400, 408.400)
Net VSS: has special routes with opens at (10.000, 403.600) (621.400, 404.890)
Net VSS: has special routes with opens at (10.000, 400.000) (621.400, 401.290)
Net VSS: has special routes with opens at (10.000, 273.895) (621.400, 275.295)
Net VSS: has special routes with opens at (10.000, 270.295) (621.400, 271.705)
Net VSS: has special routes with opens at (10.000, 79.505) (621.400, 80.905)
Net VSS: has special routes with opens at (10.000, 47.095) (621.400, 48.505)
Net VSS: has special routes with opens at (10.000, 50.695) (621.400, 52.105)
Net VSS: has special routes with opens at (10.000, 54.305) (621.400, 55.705)
Net VSS: has special routes with opens at (10.000, 57.895) (621.400, 59.295)
Net VSS: has special routes with opens at (10.000, 61.505) (621.400, 62.905)
Net VSS: has special routes with opens at (10.000, 43.505) (621.400, 44.905)
Net VSS: has special routes with opens at (10.000, 39.895) (621.400, 41.305)
Net VSS: has special routes with opens at (10.000, 75.895) (621.400, 77.295)
Net VSS: has special routes with opens at (10.000, 72.305) (621.400, 73.695)
Net VSS: has special routes with opens at (10.000, 68.695) (621.400, 70.105)
Net VSS: has special routes with opens at (10.000, 65.095) (621.400, 66.505)
Net VSS: has special routes with opens at (10.000, 36.295) (621.400, 37.695)
Net VSS: has special routes with opens at (10.000, 32.695) (621.400, 34.105)
Net VSS: has special routes with opens at (10.000, 29.105) (621.400, 30.495)
Net VSS: has special routes with opens at (10.000, 25.505) (621.400, 26.895)
Net VSS: has special routes with opens at (10.000, 21.905) (621.400, 23.305)
Net VSS: has special routes with opens at (10.000, 18.305) (621.400, 19.695)
Net VSS: has special routes with opens at (10.000, 14.705) (621.400, 16.105)
Net VSS: has special routes with opens at (10.000, 11.105) (621.400, 12.495)
Net VSS: has special routes with opens at (10.000, 614.120) (621.400, 615.120)
Net VSS: has special routes with opens at (10.000, 564.360) (621.400, 565.360)
Net VSS: has special routes with opens at (10.000, 589.240) (621.400, 590.240)
Net VSS: has special routes with opens at (10.000, 514.600) (621.400, 515.600)
Net VSS: has special routes with opens at (10.000, 539.480) (621.400, 540.480)
Net VSS: has special routes with opens at (10.000, 489.720) (621.400, 490.720)
Net VSS: has special routes with opens at (10.000, 439.960) (621.400, 440.960)
Net VSS: has special routes with opens at (10.000, 464.840) (621.400, 465.840)
Net VSS: has special routes with opens at (10.000, 415.080) (621.400, 416.080)
Net VSS: has special routes with opens at (10.000, 66.760) (621.400, 67.760)
Net VSS: has special routes with opens at (10.000, 41.880) (621.400, 42.880)
Net VSS: has special routes with opens at (10.000, 17.000) (621.400, 18.000)
Net VSS: dangling Wire at (10.000, 397.000) (10.000, 397.000) on layer: M1
Net VSS: dangling Wire at (10.000, 393.400) (10.000, 393.400) on layer: M1
Net VSS: dangling Wire at (10.000, 389.800) (10.000, 389.800) on layer: M1
Net VSS: dangling Wire at (10.000, 386.200) (10.000, 386.200) on layer: M1
Net VSS: dangling Wire at (10.000, 382.600) (10.000, 382.600) on layer: M1
Net VSS: dangling Wire at (10.000, 379.000) (10.000, 379.000) on layer: M1
Net VSS: dangling Wire at (10.000, 375.400) (10.000, 375.400) on layer: M1
Net VSS: dangling Wire at (10.000, 371.800) (10.000, 371.800) on layer: M1
Net VSS: dangling Wire at (10.000, 368.200) (10.000, 368.200) on layer: M1
Net VSS: dangling Wire at (10.000, 364.600) (10.000, 364.600) on layer: M1
Net VSS: dangling Wire at (10.000, 361.000) (10.000, 361.000) on layer: M1
Net VSS: dangling Wire at (10.000, 357.400) (10.000, 357.400) on layer: M1
Net VSS: dangling Wire at (10.000, 339.400) (10.000, 339.400) on layer: M1
Net VSS: dangling Wire at (10.000, 335.800) (10.000, 335.800) on layer: M1
Net VSS: dangling Wire at (10.000, 332.200) (10.000, 332.200) on layer: M1
Net VSS: dangling Wire at (10.000, 328.600) (10.000, 328.600) on layer: M1
Net VSS: dangling Wire at (10.000, 325.000) (10.000, 325.000) on layer: M1
Net VSS: dangling Wire at (10.000, 321.400) (10.000, 321.400) on layer: M1
Net VSS: dangling Wire at (10.000, 317.800) (10.000, 317.800) on layer: M1
Net VSS: dangling Wire at (10.000, 353.800) (10.000, 353.800) on layer: M1
Net VSS: dangling Wire at (10.000, 350.200) (10.000, 350.200) on layer: M1
Net VSS: dangling Wire at (10.000, 346.600) (10.000, 346.600) on layer: M1
Net VSS: dangling Wire at (10.000, 343.000) (10.000, 343.000) on layer: M1
Net VSS: dangling Wire at (10.000, 605.800) (10.000, 605.800) on layer: M1
Net VSS: dangling Wire at (621.400, 605.800) (621.400, 605.800) on layer: M1
Net VSS: dangling Wire at (10.000, 609.400) (10.000, 609.400) on layer: M1
Net VSS: dangling Wire at (621.400, 609.400) (621.400, 609.400) on layer: M1
Net VSS: dangling Wire at (10.000, 613.000) (10.000, 613.000) on layer: M1
Net VSS: dangling Wire at (621.400, 613.000) (621.400, 613.000) on layer: M1
Net VSS: dangling Wire at (10.000, 616.600) (10.000, 616.600) on layer: M1
Net VSS: dangling Wire at (621.400, 616.600) (621.400, 616.600) on layer: M1
Net VSS: dangling Wire at (10.000, 620.200) (10.000, 620.200) on layer: M1
Net VSS: dangling Wire at (621.400, 620.200) (621.400, 620.200) on layer: M1
Net VSS: dangling Wire at (10.000, 602.200) (10.000, 602.200) on layer: M1
Net VSS: dangling Wire at (621.400, 602.200) (621.400, 602.200) on layer: M1
Net VSS: dangling Wire at (10.000, 598.600) (10.000, 598.600) on layer: M1
Net VSS: dangling Wire at (621.400, 598.600) (621.400, 598.600) on layer: M1
Net VSS: dangling Wire at (10.000, 595.000) (10.000, 595.000) on layer: M1
Net VSS: dangling Wire at (621.400, 595.000) (621.400, 595.000) on layer: M1
Net VSS: dangling Wire at (10.000, 587.800) (10.000, 587.800) on layer: M1
Net VSS: dangling Wire at (621.400, 587.800) (621.400, 587.800) on layer: M1
Net VSS: dangling Wire at (10.000, 584.200) (10.000, 584.200) on layer: M1
Net VSS: dangling Wire at (621.400, 584.200) (621.400, 584.200) on layer: M1
Net VSS: dangling Wire at (10.000, 580.600) (10.000, 580.600) on layer: M1
Net VSS: dangling Wire at (621.400, 580.600) (621.400, 580.600) on layer: M1
Net VSS: dangling Wire at (10.000, 577.000) (10.000, 577.000) on layer: M1
Net VSS: dangling Wire at (621.400, 577.000) (621.400, 577.000) on layer: M1
Net VSS: dangling Wire at (10.000, 573.400) (10.000, 573.400) on layer: M1
Net VSS: dangling Wire at (621.400, 573.400) (621.400, 573.400) on layer: M1
Net VSS: dangling Wire at (10.000, 569.800) (10.000, 569.800) on layer: M1
Net VSS: dangling Wire at (621.400, 569.800) (621.400, 569.800) on layer: M1
Net VSS: dangling Wire at (10.000, 566.200) (10.000, 566.200) on layer: M1
Net VSS: dangling Wire at (621.400, 566.200) (621.400, 566.200) on layer: M1
Net VSS: dangling Wire at (10.000, 562.600) (10.000, 562.600) on layer: M1
Net VSS: dangling Wire at (621.400, 562.600) (621.400, 562.600) on layer: M1
Net VSS: dangling Wire at (10.000, 559.000) (10.000, 559.000) on layer: M1
Net VSS: dangling Wire at (621.400, 559.000) (621.400, 559.000) on layer: M1
Net VSS: dangling Wire at (10.000, 555.400) (10.000, 555.400) on layer: M1
Net VSS: dangling Wire at (621.400, 555.400) (621.400, 555.400) on layer: M1
Net VSS: dangling Wire at (10.000, 591.400) (10.000, 591.400) on layer: M1
Net VSS: dangling Wire at (621.400, 591.400) (621.400, 591.400) on layer: M1
Net VSS: dangling Wire at (10.000, 533.800) (10.000, 533.800) on layer: M1
Net VSS: dangling Wire at (621.400, 533.800) (621.400, 533.800) on layer: M1
Net VSS: dangling Wire at (10.000, 537.400) (10.000, 537.400) on layer: M1
Net VSS: dangling Wire at (621.400, 537.400) (621.400, 537.400) on layer: M1
Net VSS: dangling Wire at (10.000, 530.200) (10.000, 530.200) on layer: M1
Net VSS: dangling Wire at (621.400, 530.200) (621.400, 530.200) on layer: M1
Net VSS: dangling Wire at (10.000, 526.600) (10.000, 526.600) on layer: M1
Net VSS: dangling Wire at (621.400, 526.600) (621.400, 526.600) on layer: M1
Net VSS: dangling Wire at (10.000, 523.000) (10.000, 523.000) on layer: M1
Net VSS: dangling Wire at (621.400, 523.000) (621.400, 523.000) on layer: M1
Net VSS: dangling Wire at (10.000, 519.400) (10.000, 519.400) on layer: M1
Net VSS: dangling Wire at (621.400, 519.400) (621.400, 519.400) on layer: M1
Net VSS: dangling Wire at (10.000, 515.800) (10.000, 515.800) on layer: M1
Net VSS: dangling Wire at (621.400, 515.800) (621.400, 515.800) on layer: M1
Net VSS: dangling Wire at (10.000, 548.200) (10.000, 548.200) on layer: M1
Net VSS: dangling Wire at (621.400, 548.200) (621.400, 548.200) on layer: M1
Net VSS: dangling Wire at (10.000, 544.600) (10.000, 544.600) on layer: M1
Net VSS: dangling Wire at (621.400, 544.600) (621.400, 544.600) on layer: M1
Net VSS: dangling Wire at (10.000, 541.000) (10.000, 541.000) on layer: M1
Net VSS: dangling Wire at (621.400, 541.000) (621.400, 541.000) on layer: M1
Net VSS: dangling Wire at (10.000, 512.200) (10.000, 512.200) on layer: M1
Net VSS: dangling Wire at (621.400, 512.200) (621.400, 512.200) on layer: M1
Net VSS: dangling Wire at (10.000, 508.600) (10.000, 508.600) on layer: M1
Net VSS: dangling Wire at (621.400, 508.600) (621.400, 508.600) on layer: M1
Net VSS: dangling Wire at (10.000, 505.000) (10.000, 505.000) on layer: M1
Net VSS: dangling Wire at (621.400, 505.000) (621.400, 505.000) on layer: M1
Net VSS: dangling Wire at (10.000, 501.400) (10.000, 501.400) on layer: M1
Net VSS: dangling Wire at (621.400, 501.400) (621.400, 501.400) on layer: M1
Net VSS: dangling Wire at (10.000, 497.800) (10.000, 497.800) on layer: M1
Net VSS: dangling Wire at (621.400, 497.800) (621.400, 497.800) on layer: M1
Net VSS: dangling Wire at (10.000, 494.200) (10.000, 494.200) on layer: M1
Net VSS: dangling Wire at (621.400, 494.200) (621.400, 494.200) on layer: M1
Net VSS: dangling Wire at (10.000, 490.600) (10.000, 490.600) on layer: M1
Net VSS: dangling Wire at (621.400, 490.600) (621.400, 490.600) on layer: M1
Net VSS: dangling Wire at (10.000, 487.000) (10.000, 487.000) on layer: M1
Net VSS: dangling Wire at (621.400, 487.000) (621.400, 487.000) on layer: M1
Net VSS: dangling Wire at (10.000, 483.400) (10.000, 483.400) on layer: M1
Net VSS: dangling Wire at (621.400, 483.400) (621.400, 483.400) on layer: M1
Net VSS: dangling Wire at (10.000, 479.800) (10.000, 479.800) on layer: M1
Net VSS: dangling Wire at (621.400, 479.800) (621.400, 479.800) on layer: M1
Net VSS: dangling Wire at (10.000, 476.200) (10.000, 476.200) on layer: M1
Net VSS: dangling Wire at (621.400, 476.200) (621.400, 476.200) on layer: M1
Net VSS: dangling Wire at (10.000, 551.800) (10.000, 551.800) on layer: M1
Net VSS: dangling Wire at (621.400, 551.800) (621.400, 551.800) on layer: M1
Net VSS: dangling Wire at (10.000, 472.600) (10.000, 472.600) on layer: M1
Net VSS: dangling Wire at (621.400, 472.600) (621.400, 472.600) on layer: M1
Net VSS: dangling Wire at (10.000, 469.000) (10.000, 469.000) on layer: M1
Net VSS: dangling Wire at (621.400, 469.000) (621.400, 469.000) on layer: M1
Net VSS: dangling Wire at (10.000, 465.400) (10.000, 465.400) on layer: M1
Net VSS: dangling Wire at (621.400, 465.400) (621.400, 465.400) on layer: M1
Net VSS: dangling Wire at (10.000, 461.800) (10.000, 461.800) on layer: M1
Net VSS: dangling Wire at (621.400, 461.800) (621.400, 461.800) on layer: M1
Net VSS: dangling Wire at (10.000, 458.200) (10.000, 458.200) on layer: M1
Net VSS: dangling Wire at (621.400, 458.200) (621.400, 458.200) on layer: M1
Net VSS: dangling Wire at (10.000, 454.600) (10.000, 454.600) on layer: M1
Net VSS: dangling Wire at (621.400, 454.600) (621.400, 454.600) on layer: M1
Net VSS: dangling Wire at (10.000, 451.000) (10.000, 451.000) on layer: M1
Net VSS: dangling Wire at (621.400, 451.000) (621.400, 451.000) on layer: M1
Net VSS: dangling Wire at (10.000, 447.400) (10.000, 447.400) on layer: M1
Net VSS: dangling Wire at (621.400, 447.400) (621.400, 447.400) on layer: M1
Net VSS: dangling Wire at (10.000, 443.800) (10.000, 443.800) on layer: M1
Net VSS: dangling Wire at (621.400, 443.800) (621.400, 443.800) on layer: M1
Net VSS: dangling Wire at (10.000, 440.200) (10.000, 440.200) on layer: M1
Net VSS: dangling Wire at (621.400, 440.200) (621.400, 440.200) on layer: M1
Net VSS: dangling Wire at (10.000, 436.600) (10.000, 436.600) on layer: M1
Net VSS: dangling Wire at (621.400, 436.600) (621.400, 436.600) on layer: M1
Net VSS: dangling Wire at (621.400, 397.000) (621.400, 397.000) on layer: M1
Net VSS: dangling Wire at (10.000, 433.000) (10.000, 433.000) on layer: M1
Net VSS: dangling Wire at (621.400, 433.000) (621.400, 433.000) on layer: M1
Net VSS: dangling Wire at (10.000, 429.400) (10.000, 429.400) on layer: M1
Net VSS: dangling Wire at (621.400, 429.400) (621.400, 429.400) on layer: M1
Net VSS: dangling Wire at (10.000, 425.800) (10.000, 425.800) on layer: M1
Net VSS: dangling Wire at (621.400, 425.800) (621.400, 425.800) on layer: M1
Net VSS: dangling Wire at (10.000, 422.200) (10.000, 422.200) on layer: M1
Net VSS: dangling Wire at (621.400, 422.200) (621.400, 422.200) on layer: M1
Net VSS: dangling Wire at (10.000, 418.600) (10.000, 418.600) on layer: M1
Net VSS: dangling Wire at (621.400, 418.600) (621.400, 418.600) on layer: M1
Net VSS: dangling Wire at (10.000, 415.000) (10.000, 415.000) on layer: M1
Net VSS: dangling Wire at (621.400, 415.000) (621.400, 415.000) on layer: M1
Net VSS: dangling Wire at (10.000, 411.400) (10.000, 411.400) on layer: M1
Net VSS: dangling Wire at (621.400, 411.400) (621.400, 411.400) on layer: M1
Net VSS: dangling Wire at (10.000, 407.800) (10.000, 407.800) on layer: M1
Net VSS: dangling Wire at (621.400, 407.800) (621.400, 407.800) on layer: M1
Net VSS: dangling Wire at (10.000, 404.200) (10.000, 404.200) on layer: M1
Net VSS: dangling Wire at (621.400, 404.200) (621.400, 404.200) on layer: M1
Net VSS: dangling Wire at (10.000, 400.600) (10.000, 400.600) on layer: M1
Net VSS: dangling Wire at (621.400, 400.600) (621.400, 400.600) on layer: M1
Net VSS: dangling Wire at (621.400, 364.600) (621.400, 364.600) on layer: M1
Net VSS: dangling Wire at (621.400, 357.400) (621.400, 357.400) on layer: M1
Net VSS: dangling Wire at (621.400, 393.400) (621.400, 393.400) on layer: M1
Net VSS: dangling Wire at (621.400, 389.800) (621.400, 389.800) on layer: M1
Net VSS: dangling Wire at (621.400, 386.200) (621.400, 386.200) on layer: M1
Net VSS: dangling Wire at (621.400, 382.600) (621.400, 382.600) on layer: M1
Net VSS: dangling Wire at (621.400, 379.000) (621.400, 379.000) on layer: M1
Net VSS: dangling Wire at (621.400, 375.400) (621.400, 375.400) on layer: M1
Net VSS: dangling Wire at (621.400, 371.800) (621.400, 371.800) on layer: M1
Net VSS: dangling Wire at (621.400, 353.800) (621.400, 353.800) on layer: M1
Net VSS: dangling Wire at (621.400, 350.200) (621.400, 350.200) on layer: M1
Net VSS: dangling Wire at (621.400, 346.600) (621.400, 346.600) on layer: M1
Net VSS: dangling Wire at (621.400, 343.000) (621.400, 343.000) on layer: M1
Net VSS: dangling Wire at (621.400, 339.400) (621.400, 339.400) on layer: M1
Net VSS: dangling Wire at (621.400, 335.800) (621.400, 335.800) on layer: M1
Net VSS: dangling Wire at (621.400, 328.600) (621.400, 328.600) on layer: M1
Net VSS: dangling Wire at (621.400, 325.000) (621.400, 325.000) on layer: M1
Net VSS: dangling Wire at (621.400, 253.000) (621.400, 253.000) on layer: M1
Net VSS: dangling Wire at (621.400, 249.400) (621.400, 249.400) on layer: M1
Net VSS: dangling Wire at (621.400, 245.800) (621.400, 245.800) on layer: M1
Net VSS: dangling Wire at (621.400, 235.000) (621.400, 235.000) on layer: M1
Net VSS: dangling Wire at (621.400, 231.400) (621.400, 231.400) on layer: M1
Net VSS: dangling Wire at (621.400, 227.800) (621.400, 227.800) on layer: M1
Net VSS: dangling Wire at (621.400, 224.200) (621.400, 224.200) on layer: M1
Net VSS: dangling Wire at (621.400, 220.600) (621.400, 220.600) on layer: M1
Net VSS: dangling Wire at (621.400, 213.400) (621.400, 213.400) on layer: M1
Net VSS: dangling Wire at (621.400, 209.800) (621.400, 209.800) on layer: M1
Net VSS: dangling Wire at (621.400, 206.200) (621.400, 206.200) on layer: M1
Net VSS: dangling Wire at (621.400, 202.600) (621.400, 202.600) on layer: M1
Net VSS: dangling Wire at (621.400, 195.400) (621.400, 195.400) on layer: M1
Net VSS: dangling Wire at (621.400, 188.200) (621.400, 188.200) on layer: M1
Net VSS: dangling Wire at (621.400, 184.600) (621.400, 184.600) on layer: M1
Net VSS: dangling Wire at (621.400, 173.800) (621.400, 173.800) on layer: M1
Net VSS: dangling Wire at (621.400, 170.200) (621.400, 170.200) on layer: M1
Net VSS: dangling Wire at (621.400, 166.600) (621.400, 166.600) on layer: M1
Net VSS: dangling Wire at (621.400, 159.400) (621.400, 159.400) on layer: M1
Net VSS: dangling Wire at (621.400, 137.800) (621.400, 137.800) on layer: M1
Net VSS: dangling Wire at (621.400, 130.600) (621.400, 130.600) on layer: M1
Net VSS: dangling Wire at (621.400, 127.000) (621.400, 127.000) on layer: M1
Net VSS: dangling Wire at (621.400, 119.800) (621.400, 119.800) on layer: M1
Net VSS: dangling Wire at (621.400, 152.200) (621.400, 152.200) on layer: M1
Net VSS: dangling Wire at (621.400, 148.600) (621.400, 148.600) on layer: M1
Net VSS: dangling Wire at (621.400, 145.000) (621.400, 145.000) on layer: M1
Net VSS: dangling Wire at (621.400, 116.200) (621.400, 116.200) on layer: M1
Net VSS: dangling Wire at (621.400, 112.600) (621.400, 112.600) on layer: M1
Net VSS: dangling Wire at (621.400, 109.000) (621.400, 109.000) on layer: M1
Net VSS: dangling Wire at (621.400, 105.400) (621.400, 105.400) on layer: M1
Net VSS: dangling Wire at (621.400, 101.800) (621.400, 101.800) on layer: M1
Net VSS: dangling Wire at (621.400, 98.200) (621.400, 98.200) on layer: M1
Net VSS: dangling Wire at (621.400, 94.600) (621.400, 94.600) on layer: M1
Net VSS: dangling Wire at (621.400, 91.000) (621.400, 91.000) on layer: M1
Net VSS: dangling Wire at (621.400, 87.400) (621.400, 87.400) on layer: M1
Net VSS: dangling Wire at (621.400, 83.800) (621.400, 83.800) on layer: M1
Net VSS: dangling Wire at (10.000, 314.200) (10.000, 314.200) on layer: M1
Net VSS: dangling Wire at (10.000, 310.600) (10.000, 310.600) on layer: M1
Net VSS: dangling Wire at (10.000, 307.000) (10.000, 307.000) on layer: M1
Net VSS: dangling Wire at (10.000, 303.400) (10.000, 303.400) on layer: M1
Net VSS: dangling Wire at (10.000, 299.800) (10.000, 299.800) on layer: M1
Net VSS: dangling Wire at (10.000, 296.200) (10.000, 296.200) on layer: M1
Net VSS: dangling Wire at (10.000, 292.600) (10.000, 292.600) on layer: M1
Net VSS: dangling Wire at (10.000, 289.000) (10.000, 289.000) on layer: M1
Net VSS: dangling Wire at (10.000, 285.400) (10.000, 285.400) on layer: M1
Net VSS: dangling Wire at (10.000, 281.800) (10.000, 281.800) on layer: M1
Net VSS: dangling Wire at (10.000, 278.200) (10.000, 278.200) on layer: M1
Net VSS: dangling Wire at (10.000, 253.000) (10.000, 253.000) on layer: M1
Net VSS: dangling Wire at (10.000, 249.400) (10.000, 249.400) on layer: M1
Net VSS: dangling Wire at (10.000, 245.800) (10.000, 245.800) on layer: M1
Net VSS: dangling Wire at (10.000, 242.200) (10.000, 242.200) on layer: M1
Net VSS: dangling Wire at (10.000, 238.600) (10.000, 238.600) on layer: M1
Net VSS: dangling Wire at (10.000, 213.400) (10.000, 213.400) on layer: M1
Net VSS: dangling Wire at (10.000, 209.800) (10.000, 209.800) on layer: M1
Net VSS: dangling Wire at (10.000, 206.200) (10.000, 206.200) on layer: M1
Net VSS: dangling Wire at (10.000, 202.600) (10.000, 202.600) on layer: M1
Net VSS: dangling Wire at (10.000, 199.000) (10.000, 199.000) on layer: M1
Net VSS: dangling Wire at (10.000, 235.000) (10.000, 235.000) on layer: M1
Net VSS: dangling Wire at (10.000, 231.400) (10.000, 231.400) on layer: M1
Net VSS: dangling Wire at (10.000, 227.800) (10.000, 227.800) on layer: M1
Net VSS: dangling Wire at (10.000, 224.200) (10.000, 224.200) on layer: M1
Net VSS: dangling Wire at (10.000, 220.600) (10.000, 220.600) on layer: M1
Net VSS: dangling Wire at (10.000, 217.000) (10.000, 217.000) on layer: M1
Net VSS: dangling Wire at (10.000, 195.400) (10.000, 195.400) on layer: M1
Net VSS: dangling Wire at (10.000, 191.800) (10.000, 191.800) on layer: M1
Net VSS: dangling Wire at (10.000, 188.200) (10.000, 188.200) on layer: M1
Net VSS: dangling Wire at (10.000, 184.600) (10.000, 184.600) on layer: M1
Net VSS: dangling Wire at (10.000, 181.000) (10.000, 181.000) on layer: M1
Net VSS: dangling Wire at (10.000, 177.400) (10.000, 177.400) on layer: M1
Net VSS: dangling Wire at (10.000, 173.800) (10.000, 173.800) on layer: M1
Net VSS: dangling Wire at (10.000, 170.200) (10.000, 170.200) on layer: M1
Net VSS: dangling Wire at (10.000, 166.600) (10.000, 166.600) on layer: M1
Net VSS: dangling Wire at (10.000, 163.000) (10.000, 163.000) on layer: M1
Net VSS: dangling Wire at (10.000, 159.400) (10.000, 159.400) on layer: M1
Net VSS: dangling Wire at (10.000, 155.800) (10.000, 155.800) on layer: M1
Net VSS: dangling Wire at (10.000, 152.200) (10.000, 152.200) on layer: M1
Net VSS: dangling Wire at (10.000, 148.600) (10.000, 148.600) on layer: M1
Net VSS: dangling Wire at (10.000, 145.000) (10.000, 145.000) on layer: M1
Net VSS: dangling Wire at (10.000, 141.400) (10.000, 141.400) on layer: M1
Net VSS: dangling Wire at (10.000, 137.800) (10.000, 137.800) on layer: M1
Net VSS: dangling Wire at (10.000, 134.200) (10.000, 134.200) on layer: M1
Net VSS: dangling Wire at (621.400, 314.200) (621.400, 314.200) on layer: M1
Net VSS: dangling Wire at (621.400, 307.000) (621.400, 307.000) on layer: M1
Net VSS: dangling Wire at (621.400, 299.800) (621.400, 299.800) on layer: M1
Net VSS: dangling Wire at (621.400, 292.600) (621.400, 292.600) on layer: M1
Net VSS: dangling Wire at (621.400, 289.000) (621.400, 289.000) on layer: M1
Net VSS: dangling Wire at (621.400, 281.800) (621.400, 281.800) on layer: M1
Net VSS: dangling Wire at (10.000, 274.600) (10.000, 274.600) on layer: M1
Net VSS: dangling Wire at (10.000, 271.000) (10.000, 271.000) on layer: M1
Net VSS: dangling Wire at (10.000, 267.400) (10.000, 267.400) on layer: M1
Net VSS: dangling Wire at (10.000, 263.800) (10.000, 263.800) on layer: M1
Net VSS: dangling Wire at (10.000, 260.200) (10.000, 260.200) on layer: M1
Net VSS: dangling Wire at (10.000, 256.600) (10.000, 256.600) on layer: M1
Net VSS: dangling Wire at (10.000, 130.600) (10.000, 130.600) on layer: M1
Net VSS: dangling Wire at (10.000, 127.000) (10.000, 127.000) on layer: M1
Net VSS: dangling Wire at (10.000, 123.400) (10.000, 123.400) on layer: M1
Net VSS: dangling Wire at (10.000, 119.800) (10.000, 119.800) on layer: M1
Net VSS: dangling Wire at (10.000, 116.200) (10.000, 116.200) on layer: M1
Net VSS: dangling Wire at (10.000, 112.600) (10.000, 112.600) on layer: M1
Net VSS: dangling Wire at (10.000, 109.000) (10.000, 109.000) on layer: M1
Net VSS: dangling Wire at (10.000, 105.400) (10.000, 105.400) on layer: M1
Net VSS: dangling Wire at (10.000, 101.800) (10.000, 101.800) on layer: M1
Net VSS: dangling Wire at (10.000, 98.200) (10.000, 98.200) on layer: M1
Net VSS: dangling Wire at (10.000, 94.600) (10.000, 94.600) on layer: M1
Net VSS: dangling Wire at (10.000, 91.000) (10.000, 91.000) on layer: M1
Net VSS: dangling Wire at (10.000, 87.400) (10.000, 87.400) on layer: M1
Net VSS: dangling Wire at (10.000, 83.800) (10.000, 83.800) on layer: M1
Net VSS: dangling Wire at (10.000, 80.200) (10.000, 80.200) on layer: M1
Net VSS: dangling Wire at (621.400, 80.200) (621.400, 80.200) on layer: M1
Net VSS: dangling Wire at (10.000, 47.800) (10.000, 47.800) on layer: M1
Net VSS: dangling Wire at (621.400, 47.800) (621.400, 47.800) on layer: M1
Net VSS: dangling Wire at (10.000, 51.400) (10.000, 51.400) on layer: M1
Net VSS: dangling Wire at (621.400, 51.400) (621.400, 51.400) on layer: M1
Net VSS: dangling Wire at (10.000, 55.000) (10.000, 55.000) on layer: M1
Net VSS: dangling Wire at (621.400, 55.000) (621.400, 55.000) on layer: M1
Net VSS: dangling Wire at (10.000, 58.600) (10.000, 58.600) on layer: M1
Net VSS: dangling Wire at (621.400, 58.600) (621.400, 58.600) on layer: M1
Net VSS: dangling Wire at (10.000, 62.200) (10.000, 62.200) on layer: M1
Net VSS: dangling Wire at (621.400, 62.200) (621.400, 62.200) on layer: M1
Net VSS: dangling Wire at (10.000, 44.200) (10.000, 44.200) on layer: M1
Net VSS: dangling Wire at (621.400, 44.200) (621.400, 44.200) on layer: M1
Net VSS: dangling Wire at (10.000, 40.600) (10.000, 40.600) on layer: M1
Net VSS: dangling Wire at (621.400, 40.600) (621.400, 40.600) on layer: M1
Net VSS: dangling Wire at (10.000, 76.600) (10.000, 76.600) on layer: M1
Net VSS: dangling Wire at (621.400, 76.600) (621.400, 76.600) on layer: M1
Net VSS: dangling Wire at (10.000, 73.000) (10.000, 73.000) on layer: M1
Net VSS: dangling Wire at (621.400, 73.000) (621.400, 73.000) on layer: M1
Net VSS: dangling Wire at (10.000, 69.400) (10.000, 69.400) on layer: M1
Net VSS: dangling Wire at (621.400, 69.400) (621.400, 69.400) on layer: M1
Net VSS: dangling Wire at (10.000, 65.800) (10.000, 65.800) on layer: M1
Net VSS: dangling Wire at (621.400, 65.800) (621.400, 65.800) on layer: M1
Net VSS: dangling Wire at (10.000, 37.000) (10.000, 37.000) on layer: M1
Net VSS: dangling Wire at (621.400, 37.000) (621.400, 37.000) on layer: M1
Net VSS: dangling Wire at (10.000, 33.400) (10.000, 33.400) on layer: M1
Net VSS: dangling Wire at (621.400, 33.400) (621.400, 33.400) on layer: M1
Net VSS: dangling Wire at (10.000, 29.800) (10.000, 29.800) on layer: M1
Net VSS: dangling Wire at (621.400, 29.800) (621.400, 29.800) on layer: M1
Net VSS: dangling Wire at (10.000, 26.200) (10.000, 26.200) on layer: M1
Net VSS: dangling Wire at (621.400, 26.200) (621.400, 26.200) on layer: M1
Net VSS: dangling Wire at (10.000, 22.600) (10.000, 22.600) on layer: M1
Net VSS: dangling Wire at (621.400, 22.600) (621.400, 22.600) on layer: M1
Net VSS: dangling Wire at (10.000, 19.000) (10.000, 19.000) on layer: M1
Net VSS: dangling Wire at (621.400, 19.000) (621.400, 19.000) on layer: M1
Net VSS: dangling Wire at (10.000, 15.400) (10.000, 15.400) on layer: M1
Net VSS: dangling Wire at (621.400, 15.400) (621.400, 15.400) on layer: M1
Net VSS: dangling Wire at (10.000, 11.800) (10.000, 11.800) on layer: M1
Net VSS: dangling Wire at (621.400, 11.800) (621.400, 11.800) on layer: M1
Net VSS: dangling Wire at (10.000, 614.620) (10.000, 614.620) on layer: M5
Net VSS: dangling Wire at (621.400, 614.620) (621.400, 614.620) on layer: M5
Net VSS: dangling Wire at (10.000, 564.860) (10.000, 564.860) on layer: M5
Net VSS: dangling Wire at (621.400, 564.860) (621.400, 564.860) on layer: M5
Net VSS: dangling Wire at (10.000, 589.740) (10.000, 589.740) on layer: M5
Net VSS: dangling Wire at (621.400, 589.740) (621.400, 589.740) on layer: M5
Net VSS: dangling Wire at (10.000, 515.100) (10.000, 515.100) on layer: M5
Net VSS: dangling Wire at (621.400, 515.100) (621.400, 515.100) on layer: M5
Net VSS: dangling Wire at (10.000, 539.980) (10.000, 539.980) on layer: M5
Net VSS: dangling Wire at (621.400, 539.980) (621.400, 539.980) on layer: M5
Net VSS: dangling Wire at (10.000, 490.220) (10.000, 490.220) on layer: M5
Net VSS: dangling Wire at (621.400, 490.220) (621.400, 490.220) on layer: M5
Net VSS: dangling Wire at (10.000, 440.460) (10.000, 440.460) on layer: M5
Net VSS: dangling Wire at (621.400, 440.460) (621.400, 440.460) on layer: M5
Net VSS: dangling Wire at (10.000, 465.340) (10.000, 465.340) on layer: M5
Net VSS: dangling Wire at (621.400, 465.340) (621.400, 465.340) on layer: M5
Net VSS: dangling Wire at (10.000, 415.580) (10.000, 415.580) on layer: M5
Net VSS: dangling Wire at (621.400, 415.580) (621.400, 415.580) on layer: M5
Net VSS: dangling Wire at (10.000, 365.820) (10.000, 365.820) on layer: M5
Net VSS: dangling Wire at (621.400, 365.820) (621.400, 365.820) on layer: M5
Net VSS: dangling Wire at (10.000, 390.700) (10.000, 390.700) on layer: M5
Net VSS: dangling Wire at (621.400, 390.700) (621.400, 390.700) on layer: M5
Net VSS: dangling Wire at (10.000, 316.060) (10.000, 316.060) on layer: M5
Net VSS: dangling Wire at (621.400, 316.060) (621.400, 316.060) on layer: M5
Net VSS: dangling Wire at (10.000, 340.940) (10.000, 340.940) on layer: M5
Net VSS: dangling Wire at (621.400, 340.940) (621.400, 340.940) on layer: M5
Net VSS: dangling Wire at (10.000, 291.180) (10.000, 291.180) on layer: M5
Net VSS: dangling Wire at (621.400, 291.180) (621.400, 291.180) on layer: M5
Net VSS: dangling Wire at (10.000, 241.420) (10.000, 241.420) on layer: M5
Net VSS: dangling Wire at (621.400, 241.420) (621.400, 241.420) on layer: M5
Net VSS: dangling Wire at (10.000, 266.300) (10.000, 266.300) on layer: M5
Net VSS: dangling Wire at (621.400, 266.300) (621.400, 266.300) on layer: M5
Net VSS: dangling Wire at (10.000, 216.540) (10.000, 216.540) on layer: M5
Net VSS: dangling Wire at (621.400, 216.540) (621.400, 216.540) on layer: M5
Net VSS: dangling Wire at (10.000, 166.780) (10.000, 166.780) on layer: M5
Net VSS: dangling Wire at (621.400, 166.780) (621.400, 166.780) on layer: M5
Net VSS: dangling Wire at (10.000, 191.660) (10.000, 191.660) on layer: M5
Net VSS: dangling Wire at (621.400, 191.660) (621.400, 191.660) on layer: M5
Net VSS: dangling Wire at (10.000, 141.900) (10.000, 141.900) on layer: M5
Net VSS: dangling Wire at (621.400, 141.900) (621.400, 141.900) on layer: M5
Net VSS: dangling Wire at (10.000, 117.020) (10.000, 117.020) on layer: M5
Net VSS: dangling Wire at (621.400, 117.020) (621.400, 117.020) on layer: M5
Net VSS: dangling Wire at (10.000, 92.140) (10.000, 92.140) on layer: M5
Net VSS: dangling Wire at (621.400, 92.140) (621.400, 92.140) on layer: M5
Net VSS: dangling Wire at (10.000, 67.260) (10.000, 67.260) on layer: M5
Net VSS: dangling Wire at (621.400, 67.260) (621.400, 67.260) on layer: M5
Net VSS: dangling Wire at (10.000, 42.380) (10.000, 42.380) on layer: M5
Net VSS: dangling Wire at (621.400, 42.380) (621.400, 42.380) on layer: M5
Net VSS: dangling Wire at (10.000, 17.500) (10.000, 17.500) on layer: M5
Net VSS: dangling Wire at (621.400, 17.500) (621.400, 17.500) on layer: M5

Begin Summary
    197 Problem(s) (IMPVFC-200): Special Wires: Pieces of the net are not connected together.
    723 Problem(s) (IMPVFC-94): The net has dangling wire(s).
    920 total info(s) created.
End Summary
