###############################################################
#  Generated by:      Cadence Innovus 15.23-s045_1
#  OS:                Linux x86_64(Host ID ieng6-ece-20.ucsd.edu)
#  Generated on:      Thu Mar 20 18:32:19 2025
#  Design:            core
#  Command:           verifyGeometry
###############################################################

SHORT: Regular Via of Net sfp_row_instance/FE_RN_3768_0 & Blockage of Cell sfp_row_instance/FE_RC_7410_0  ( M1 )
Bounds : ( 326.810, 191.200 ) ( 326.990, 191.300 )


SHORT: Regular Via of Net sfp_row_instance/FE_RN_591_0 & Blockage of Cell sfp_row_instance/FE_RC_1011_0  ( M1 )
Bounds : ( 393.810, 161.550 ) ( 394.190, 161.650 )


SHORT: Regular Via of Net sfp_row_instance/n7167 & Blockage of Cell sfp_row_instance/FE_RC_1392_0  ( M1 )
Bounds : ( 488.810, 32.800 ) ( 488.990, 32.900 )


SHORT: Regular Via of Net sfp_row_instance/n7289 & Blockage of Cell sfp_row_instance/FE_RC_2262_0  ( M1 )
Bounds : ( 506.250, 43.110 ) ( 506.350, 43.290 )


SHORT: Regular Via of Net sfp_row_instance/FE_RN_3410_0 & Blockage of Cell sfp_row_instance/FE_RC_6719_0  ( M1 )
Bounds : ( 324.050, 129.310 ) ( 324.150, 129.490 )


SHORT: Regular Via of Net sfp_row_instance/FE_RN_3189_0 & Blockage of Cell sfp_row_instance/FE_RC_6375_0  ( M1 )
Bounds : ( 324.850, 117.310 ) ( 324.950, 117.490 )


SHORT: Regular Via of Net sfp_row_instance/n6952 & Blockage of Cell sfp_row_instance/U4577  ( M1 )
Bounds : ( 445.050, 53.710 ) ( 445.150, 54.130 )


SHORT: Regular Via of Net sfp_row_instance/n8268 & Blockage of Cell sfp_row_instance/U13813  ( M1 )
Bounds : ( 434.250, 15.910 ) ( 434.350, 16.330 )


SHORT: Regular Via of Net sfp_row_instance/FE_RN_3225_0 & Blockage of Cell sfp_row_instance/FE_RC_6235_0  ( M1 )
Bounds : ( 288.010, 174.950 ) ( 288.390, 175.050 )


SHORT: Regular Via of Net sfp_row_instance/n1141 & Blockage of Cell sfp_row_instance/FE_RC_4792_0  ( M1 )
Bounds : ( 236.810, 158.100 ) ( 236.990, 158.200 )


SHORT: Regular Via of Net sfp_row_instance/n1725 & Blockage of Cell sfp_row_instance/U10538  ( M1 )
Bounds : ( 236.410, 183.995 ) ( 236.590, 184.095 )


SHORT: Regular Via of Net sfp_row_instance/n2742 & Blockage of Cell sfp_row_instance/U711  ( M1 )
Bounds : ( 235.010, 228.300 ) ( 235.190, 228.400 )


SHORT: Regular Via of Net sfp_row_instance/FE_RN_1484_0 & Blockage of Cell sfp_row_instance/FE_RC_5927_0  ( M1 )
Bounds : ( 246.850, 36.070 ) ( 246.950, 36.490 )


SHORT: Regular Via of Net sfp_row_instance/n3831 & Blockage of Cell sfp_row_instance/FE_RC_2826_0  ( M1 )
Bounds : ( 204.050, 21.670 ) ( 204.150, 22.090 )


SHORT: Regular Via of Net sfp_row_instance/n9534 & Blockage of Cell sfp_row_instance/U5173  ( M1 )
Bounds : ( 196.450, 89.810 ) ( 196.550, 90.230 )


SHORT: Regular Via of Net sfp_row_instance/n15450 & Blockage of Cell sfp_row_instance/U17003  ( M1 )
Bounds : ( 254.810, 33.900 ) ( 254.990, 34.000 )


SHORT: Regular Via of Net sfp_row_instance/n15876 & Blockage of Cell sfp_row_instance/U17069  ( M1 )
Bounds : ( 235.450, 45.270 ) ( 235.550, 45.690 )


SHORT: Regular Via of Net sfp_row_instance/n15913 & Blockage of Cell sfp_row_instance/U7632  ( M1 )
Bounds : ( 218.410, 111.995 ) ( 218.590, 112.095 )


SHORT: Regular Via of Net sfp_row_instance/n16311 & Blockage of Cell sfp_row_instance/U924  ( M1 )
Bounds : ( 200.450, 99.270 ) ( 200.550, 99.690 )


SHORT: Regular Via of Net sfp_row_instance/n16329 & Blockage of Cell sfp_row_instance/FE_RC_3162_0  ( M1 )
Bounds : ( 199.810, 131.100 ) ( 199.990, 131.200 )


SHORT: Regular Via of Net sfp_row_instance/n16467 & Blockage of Cell sfp_row_instance/FE_RC_4290_0  ( M1 )
Bounds : ( 200.250, 154.510 ) ( 200.350, 154.690 )


SHORT: Regular Via of Net sfp_row_instance/n10780 & Blockage of Cell sfp_row_instance/U15055  ( M1 )
Bounds : ( 127.210, 105.900 ) ( 127.390, 106.000 )


SHORT: Regular Via of Net sfp_row_instance/n14445 & Blockage of Cell sfp_row_instance/U10846  ( M1 )
Bounds : ( 93.650, 82.510 ) ( 93.750, 82.930 )


SHORT: Regular Via of Net sfp_row_instance/n14681 & Blockage of Cell sfp_row_instance/U4751  ( M1 )
Bounds : ( 86.050, 91.870 ) ( 86.150, 92.290 )


SHORT: Regular Via of Net sfp_row_instance/n4268 & Blockage of Cell sfp_row_instance/U3865  ( M1 )
Bounds : ( 110.050, 23.710 ) ( 110.150, 23.890 )


SHORT: Regular Via of Net sfp_row_instance/n4694 & Blockage of Cell sfp_row_instance/U8  ( M1 )
Bounds : ( 146.850, 37.870 ) ( 146.950, 38.290 )


SHORT: Regular Via of Net sfp_row_instance/n14539 & Blockage of Cell sfp_row_instance/U8317  ( M1 )
Bounds : ( 108.850, 68.110 ) ( 108.950, 68.530 )


SHORT: Regular Via of Net sfp_row_instance/n14557 & Blockage of Cell sfp_row_instance/U468  ( M1 )
Bounds : ( 129.210, 75.350 ) ( 129.390, 75.450 )



Begin Summary ...
  Cells       : 0
  SameNet     : 0
  Wiring      : 0
  Antenna     : 0
  Short       : 28
  Overlap     : 0
End Summary

  Total Violations : 28 Viols.
