*----------------------------------------------------------------------------------------
*	Innovus 15.23-s045_1 (64bit) 04/22/2016 12:32 (Linux 2.6.18-194.el5)
*	
*
* 	Date & Time:	2025-Mar-20 18:33:05 (2025-Mar-21 01:33:05 GMT)
*
*----------------------------------------------------------------------------------------
*
*	Design: core
*
*	Liberty Libraries used: 
*	        WC_VIEW: /home/linux/ieng6/ee260bwi25/public/PDKdata/lib/tcbn65gpluswc.lib
*	        WC_VIEW: ./subckt/sram_w8_160b_WC.lib
*	        WC_VIEW: ./subckt/sram_w8_64b_WC.lib
*
*	Power Domain used: 
*		Rail:        VDD 	Voltage:        0.9 
*
*       Power View : WC_VIEW
*
*       User-Defined Activity : N.A.
*
*       Activity File: N.A.
*
*       Hierarchical Global Activity: N.A.
*
*       Global Activity: N.A.
*
*       Sequential Element Activity: 0.200000
*
*       Primary Input Activity: 0.200000
*
*       Default icg ratio: N.A.
*
*       Global Comb ClockGate Ratio: N.A.
*
*	Power Units = 1mW
*
*	Time Units = 1e-09 secs 
*
*       report_power -outfile core.post_route.power.rpt
*
-----------------------------------------------------------------------------------------


Total Power 
-----------------------------------------------------------------------------------------
Total Internal Power:       28.84387245 	   54.0290%
Total Switching Power:      23.05471699 	   43.1850%
Total Leakage Power:         1.48731313 	    2.7860%
Total Power:                53.38590273 
-----------------------------------------------------------------------------------------


Group                           Internal   Switching     Leakage       Total  Percentage 
                                Power      Power         Power         Power  (%)        
-----------------------------------------------------------------------------------------
Sequential                         10.11      0.4848      0.2515       10.85       20.32 
Macro                                  0      0.1821           0      0.1821      0.3411 
IO                                     0           0    1.52e-06    1.52e-06   2.847e-06 
Combinational                      17.19       20.42       1.193       38.81        72.7 
Clock (Combinational)              1.542       1.964     0.04264       3.548       6.647 
Clock (Sequential)                     0           0           0           0           0 
-----------------------------------------------------------------------------------------
Total                              28.84       23.05       1.487       53.39         100 
-----------------------------------------------------------------------------------------


Rail                  Voltage   Internal   Switching     Leakage       Total  Percentage 
                                Power      Power         Power         Power  (%)        
-----------------------------------------------------------------------------------------
VDD                       0.9      28.84       23.05       1.487       53.39         100 


Clock                           Internal   Switching     Leakage       Total  Percentage 
                                Power      Power         Power         Power  (%)        
-----------------------------------------------------------------------------------------
clk                                1.542       1.964     0.04264       3.548       6.647 
-----------------------------------------------------------------------------------------
Total (excluding duplicates)       1.542       1.964     0.04264       3.548       6.647 
-----------------------------------------------------------------------------------------


-----------------------------------------------------------------------------------------
*	Power Distribution Summary: 
* 		Highest Average Power:         psum_mem_instance (sram_w8_160b): 	    0.1361 
* 		Highest Leakage Power: sfp_row_instance/FE_OCPC1984_n15678 (BUFFD16): 	 0.0002562 
* 		Total Cap: 	3.67553e-10 F
* 		Total instances in design: 56992
* 		Total instances in design with no power:     0
*          Total instances in design with no activity:     0
* 		Total Fillers and Decap:     0
-----------------------------------------------------------------------------------------

