###############################################################
#  Generated by:      Cadence Innovus 15.23-s045_1
#  OS:                Linux x86_64(Host ID ieng6-ece-20.ucsd.edu)
#  Generated on:      Thu Mar 20 18:32:53 2025
#  Design:            core
#  Command:           report_timing -max_paths 5 > ${design}.post_route.timing.rpt
###############################################################
Path 1: VIOLATED Setup Check with Pin sfp_row_instance/sfp_out_sign4_reg_17_/CP 
Endpoint:   sfp_row_instance/sfp_out_sign4_reg_17_/D     (^) checked with  
leading edge of 'clk'
Beginpoint: sfp_row_instance/fifo_inst_int/q15_reg_23_/Q (v) triggered by  
leading edge of 'clk'
Path Groups: {clk}
Analysis View: WC_VIEW
Other End Arrival Time          2.605
- Setup                         0.070
+ Phase Shift                   4.000
+ CPPR Adjustment               0.000
= Required Time                 6.535
- Arrival Time                  6.543
= Slack Time                   -0.008
     Clock Rise Edge                 0.000
     + Clock Network Latency (Prop)  0.789
     = Beginpoint Arrival Time       0.789
     +-----------------------------------------------------------------------------------------------------------+ 
     |                      Instance                      |     Arc      |   Cell   | Delay | Arrival | Required | 
     |                                                    |              |          |       |  Time   |   Time   | 
     |----------------------------------------------------+--------------+----------+-------+---------+----------| 
     | sfp_row_instance/fifo_inst_int/q15_reg_23_         | CP ^         |          |       |   0.789 |    0.781 | 
     | sfp_row_instance/fifo_inst_int/q15_reg_23_         | CP ^ -> Q v  | EDFQD4   | 0.136 |   0.925 |    0.917 | 
     | sfp_row_instance/fifo_inst_int/fifo_mux_16_1a/mux_ | A1 v -> ZN ^ | CKND2D4  | 0.019 |   0.944 |    0.936 | 
     | 8_1b/fifo_mux_2_1d/FE_RC_7262_0                    |              |          |       |         |          | 
     | sfp_row_instance/fifo_inst_int/fifo_mux_16_1a/mux_ | A1 ^ -> ZN v | ND2D2    | 0.023 |   0.967 |    0.959 | 
     | 8_1b/fifo_mux_2_1d/FE_RC_7261_0                    |              |          |       |         |          | 
     | sfp_row_instance/fifo_inst_int/fifo_mux_16_1a/mux_ | A1 v -> ZN ^ | ND2D2    | 0.019 |   0.986 |    0.978 | 
     | 8_1b/fifo_mux_2_1f/FE_RC_5506_0                    |              |          |       |         |          | 
     | sfp_row_instance/fifo_inst_int/fifo_mux_16_1a/mux_ | A1 ^ -> ZN v | ND2D2    | 0.022 |   1.007 |    1.000 | 
     | 8_1b/fifo_mux_2_1f/FE_RC_5505_0                    |              |          |       |         |          | 
     | sfp_row_instance/fifo_inst_int/fifo_mux_16_1a/mux_ | A1 v -> ZN ^ | CKND2D2  | 0.023 |   1.030 |    1.022 | 
     | 8_1b/fifo_mux_2_1g/FE_RC_5292_0                    |              |          |       |         |          | 
     | sfp_row_instance/fifo_inst_int/fifo_mux_16_1a/mux_ | A1 ^ -> ZN v | ND2D2    | 0.025 |   1.055 |    1.047 | 
     | 8_1b/fifo_mux_2_1g/FE_RC_5291_0                    |              |          |       |         |          | 
     | sfp_row_instance/fifo_inst_int/fifo_mux_16_1a/mux_ | A1 v -> ZN ^ | ND2D2    | 0.023 |   1.079 |    1.071 | 
     | 2_1a/FE_RC_5392_0                                  |              |          |       |         |          | 
     | sfp_row_instance/fifo_inst_int/fifo_mux_16_1a/mux_ | A1 ^ -> ZN v | ND2D3    | 0.028 |   1.107 |    1.099 | 
     | 2_1a/FE_RC_5390_0                                  |              |          |       |         |          | 
     | sfp_row_instance/FE_OCPC3749_sum_this_core_23_     | I v -> Z v   | BUFFD16  | 0.055 |   1.161 |    1.154 | 
     | sfp_row_instance/FE_RC_2060_0                      | A1 v -> ZN v | IND2D4   | 0.061 |   1.223 |    1.215 | 
     | sfp_row_instance/FE_RC_7239_0                      | A1 v -> ZN ^ | CKND2D8  | 0.034 |   1.257 |    1.249 | 
     | sfp_row_instance/FE_RC_2053_0                      | A1 ^ -> ZN v | NR3D8    | 0.026 |   1.283 |    1.276 | 
     | sfp_row_instance/FE_RC_7402_0                      | A1 v -> ZN ^ | ND2D8    | 0.027 |   1.311 |    1.303 | 
     | sfp_row_instance/FE_RC_7403_0                      | I ^ -> ZN v  | INVD12   | 0.021 |   1.332 |    1.324 | 
     | sfp_row_instance/FE_RC_7459_0                      | A1 v -> ZN ^ | ND2D8    | 0.030 |   1.362 |    1.354 | 
     | sfp_row_instance/FE_OCPC5052_n668                  | I ^ -> Z ^   | BUFFD2   | 0.066 |   1.428 |    1.420 | 
     | sfp_row_instance/U9807                             | A2 ^ -> ZN v | ND2D3    | 0.049 |   1.476 |    1.469 | 
     | sfp_row_instance/FE_RC_4661_0                      | A1 v -> ZN ^ | AOI21D2  | 0.048 |   1.525 |    1.517 | 
     | sfp_row_instance/FE_RC_637_0                       | A2 ^ -> ZN v | ND2D2    | 0.043 |   1.567 |    1.559 | 
     | sfp_row_instance/U3757                             | B v -> ZN ^  | AOI21D4  | 0.066 |   1.633 |    1.625 | 
     | sfp_row_instance/U4701                             | I ^ -> ZN v  | INVD4    | 0.038 |   1.671 |    1.663 | 
     | sfp_row_instance/U14396                            | A1 v -> ZN ^ | NR2XD4   | 0.030 |   1.701 |    1.693 | 
     | sfp_row_instance/FE_RC_1999_0                      | B1 ^ -> ZN v | IND2D4   | 0.029 |   1.730 |    1.722 | 
     | sfp_row_instance/FE_RC_1504_0                      | B v -> ZN ^  | OAI21D4  | 0.041 |   1.771 |    1.763 | 
     | sfp_row_instance/FE_RC_4160_0                      | A1 ^ -> ZN v | OAI21D2  | 0.044 |   1.815 |    1.807 | 
     | sfp_row_instance/FE_RC_4158_0                      | A1 v -> ZN ^ | ND2D2    | 0.026 |   1.841 |    1.833 | 
     | sfp_row_instance/FE_RC_4159_0                      | I ^ -> ZN v  | CKND2    | 0.026 |   1.868 |    1.860 | 
     | sfp_row_instance/U8525                             | A1 v -> ZN ^ | ND2D3    | 0.025 |   1.892 |    1.884 | 
     | sfp_row_instance/FE_RC_2032_0                      | A1 ^ -> ZN v | AOI31D4  | 0.033 |   1.925 |    1.917 | 
     | sfp_row_instance/FE_RC_2043_0                      | A1 v -> ZN ^ | OAI21D2  | 0.058 |   1.983 |    1.975 | 
     | sfp_row_instance/U1899                             | A1 ^ -> ZN v | NR2D4    | 0.033 |   2.015 |    2.008 | 
     | sfp_row_instance/FE_RC_1938_0_dup                  | B v -> ZN ^  | AOI21D4  | 0.074 |   2.089 |    2.082 | 
     | sfp_row_instance/U1864                             | A1 ^ -> ZN v | ND2D4    | 0.048 |   2.138 |    2.130 | 
     | sfp_row_instance/FE_RC_6665_0                      | A1 v -> ZN ^ | ND2D4    | 0.025 |   2.163 |    2.155 | 
     | sfp_row_instance/U1834                             | A2 ^ -> ZN v | NR2D3    | 0.021 |   2.184 |    2.177 | 
     | sfp_row_instance/FE_RC_7304_0                      | A1 v -> ZN ^ | ND2D2    | 0.025 |   2.209 |    2.201 | 
     | sfp_row_instance/FE_RC_7302_0                      | B ^ -> ZN v  | OAI21D4  | 0.066 |   2.275 |    2.267 | 
     | sfp_row_instance/U5714                             | A1 v -> ZN ^ | NR2D4    | 0.053 |   2.328 |    2.320 | 
     | sfp_row_instance/U4156                             | A1 ^ -> ZN v | OAI21D4  | 0.041 |   2.369 |    2.362 | 
     | sfp_row_instance/U4113                             | A1 v -> ZN ^ | AOI21D4  | 0.038 |   2.408 |    2.400 | 
     | sfp_row_instance/U8521                             | A1 ^ -> ZN v | OAI21D2  | 0.034 |   2.442 |    2.434 | 
     | sfp_row_instance/FE_RC_321_0                       | A1 v -> ZN ^ | ND2D2    | 0.024 |   2.466 |    2.458 | 
     | sfp_row_instance/FE_RC_319_0                       | A1 ^ -> ZN v | ND2D2    | 0.024 |   2.489 |    2.482 | 
     | sfp_row_instance/FE_RC_3809_0                      | A1 v -> ZN ^ | ND2D2    | 0.021 |   2.510 |    2.502 | 
     | sfp_row_instance/FE_RC_6908_0                      | A1 ^ -> ZN v | ND2D2    | 0.035 |   2.545 |    2.538 | 
     | sfp_row_instance/U1762                             | A1 v -> ZN ^ | ND2D3    | 0.033 |   2.578 |    2.571 | 
     | sfp_row_instance/U3596                             | A2 ^ -> ZN v | NR2XD4   | 0.038 |   2.616 |    2.608 | 
     | sfp_row_instance/FE_OCPC2650_n9076                 | I v -> Z v   | BUFFD4   | 0.049 |   2.665 |    2.657 | 
     | sfp_row_instance/FE_OCPC3504_n9076                 | I v -> Z v   | CKBD4    | 0.044 |   2.708 |    2.701 | 
     | sfp_row_instance/U4159                             | A1 v -> ZN ^ | AOI22D2  | 0.057 |   2.765 |    2.758 | 
     | sfp_row_instance/U1711                             | A1 ^ -> ZN v | CKND2D4  | 0.047 |   2.812 |    2.805 | 
     | sfp_row_instance/FE_OCPC2663_n9232                 | I v -> Z v   | BUFFD4   | 0.056 |   2.868 |    2.861 | 
     | sfp_row_instance/U6511                             | A1 v -> ZN ^ | ND2D1    | 0.047 |   2.915 |    2.908 | 
     | sfp_row_instance/U10588                            | I ^ -> ZN v  | INVD1    | 0.060 |   2.976 |    2.968 | 
     | sfp_row_instance/U10667                            | A1 v -> ZN ^ | AOI21D2  | 0.040 |   3.016 |    3.009 | 
     | sfp_row_instance/U10741                            | B ^ -> ZN v  | OAI21D1  | 0.049 |   3.065 |    3.057 | 
     | sfp_row_instance/U9107                             | B v -> ZN ^  | AOI21D2  | 0.068 |   3.133 |    3.126 | 
     | sfp_row_instance/U10010                            | A1 ^ -> Z ^  | OA21D4   | 0.070 |   3.204 |    3.196 | 
     | sfp_row_instance/U1600                             | A2 ^ -> ZN v | CKND2D8  | 0.036 |   3.239 |    3.232 | 
     | sfp_row_instance/U3852                             | A1 v -> ZN ^ | ND2D8    | 0.030 |   3.269 |    3.261 | 
     | sfp_row_instance/U3367                             | A1 ^ -> ZN v | NR2D8    | 0.023 |   3.292 |    3.284 | 
     | sfp_row_instance/FE_OCPC4838_n9253                 | I v -> Z v   | BUFFD2   | 0.049 |   3.341 |    3.334 | 
     | sfp_row_instance/U14531                            | B1 v -> ZN ^ | AOI22D2  | 0.064 |   3.406 |    3.398 | 
     | sfp_row_instance/U1538                             | A1 ^ -> ZN v | ND2D4    | 0.053 |   3.458 |    3.451 | 
     | sfp_row_instance/U6485                             | A1 v -> ZN ^ | NR2D1    | 0.064 |   3.522 |    3.515 | 
     | sfp_row_instance/U7550                             | I ^ -> ZN v  | CKND1    | 0.050 |   3.573 |    3.565 | 
     | sfp_row_instance/U8506                             | A1 v -> ZN ^ | CKND2D1  | 0.041 |   3.613 |    3.606 | 
     | sfp_row_instance/U3268                             | A1 ^ -> Z ^  | OR2XD1   | 0.056 |   3.669 |    3.662 | 
     | sfp_row_instance/FE_RC_4418_0                      | A2 ^ -> ZN v | OAI21D4  | 0.036 |   3.706 |    3.698 | 
     | sfp_row_instance/FE_RC_4419_0                      | I v -> ZN ^  | CKND4    | 0.027 |   3.733 |    3.725 | 
     | sfp_row_instance/U1445                             | A2 ^ -> ZN v | ND2D8    | 0.031 |   3.764 |    3.756 | 
     | sfp_row_instance/U497                              | A1 v -> ZN ^ | ND2D8    | 0.034 |   3.797 |    3.790 | 
     | sfp_row_instance/U14565                            | A1 ^ -> ZN v | NR2D8    | 0.028 |   3.825 |    3.818 | 
     | sfp_row_instance/U14578                            | A1 v -> ZN ^ | ND2D2    | 0.028 |   3.853 |    3.846 | 
     | sfp_row_instance/FE_RC_734_0                       | B ^ -> ZN v  | OAI211D4 | 0.051 |   3.904 |    3.896 | 
     | sfp_row_instance/FE_OCPC3385_n9579                 | I v -> Z v   | BUFFD8   | 0.064 |   3.967 |    3.960 | 
     | sfp_row_instance/U3114                             | A1 v -> ZN ^ | ND2D4    | 0.024 |   3.991 |    3.983 | 
     | sfp_row_instance/U14599                            | I ^ -> ZN v  | CKND2    | 0.032 |   4.023 |    4.016 | 
     | sfp_row_instance/U14601                            | A2 v -> ZN ^ | AOI21D4  | 0.048 |   4.071 |    4.063 | 
     | sfp_row_instance/FE_RC_2815_0                      | A1 ^ -> ZN v | OAI21D4  | 0.034 |   4.105 |    4.097 | 
     | sfp_row_instance/FE_RC_2813_0                      | B v -> ZN ^  | AOI21D4  | 0.058 |   4.163 |    4.155 | 
     | sfp_row_instance/U3912                             | A1 ^ -> ZN v | OAI21D4  | 0.034 |   4.197 |    4.190 | 
     | sfp_row_instance/FE_RC_7793_0                      | A1 v -> ZN ^ | ND2D3    | 0.025 |   4.222 |    4.214 | 
     | sfp_row_instance/FE_RC_7800_0                      | A1 ^ -> ZN v | ND2D4    | 0.030 |   4.252 |    4.244 | 
     | sfp_row_instance/U9416                             | A1 v -> ZN ^ | ND2D8    | 0.031 |   4.283 |    4.276 | 
     | sfp_row_instance/FE_RC_1865_0                      | I ^ -> ZN v  | INVD2    | 0.032 |   4.315 |    4.307 | 
     | sfp_row_instance/FE_RC_1864_0                      | A1 v -> ZN ^ | AOI22D4  | 0.058 |   4.373 |    4.365 | 
     | sfp_row_instance/FE_OCPC2721_n9486                 | I ^ -> ZN v  | INVD4    | 0.029 |   4.402 |    4.394 | 
     | sfp_row_instance/FE_RC_1845_0                      | A1 v -> ZN ^ | OAI22D4  | 0.040 |   4.442 |    4.435 | 
     | sfp_row_instance/FE_RC_2808_0                      | A1 ^ -> ZN v | CKND2D2  | 0.033 |   4.475 |    4.467 | 
     | sfp_row_instance/FE_RC_2807_0                      | A1 v -> ZN ^ | CKND2D2  | 0.031 |   4.506 |    4.498 | 
     | sfp_row_instance/FE_RC_2806_0                      | A1 ^ -> ZN v | ND2D3    | 0.044 |   4.550 |    4.542 | 
     | sfp_row_instance/FE_RC_2801_0_dup1                 | B1 v -> ZN ^ | IND2D2   | 0.039 |   4.589 |    4.581 | 
     | sfp_row_instance/U6464                             | A1 ^ -> ZN v | NR2D2    | 0.022 |   4.611 |    4.603 | 
     | sfp_row_instance/U4114                             | A1 v -> ZN ^ | OAI21D2  | 0.067 |   4.678 |    4.671 | 
     | sfp_row_instance/FE_RC_2604_0                      | A1 ^ -> ZN v | AOI21D4  | 0.042 |   4.721 |    4.713 | 
     | sfp_row_instance/FE_RC_1383_0                      | A1 v -> ZN ^ | OAI21D4  | 0.042 |   4.763 |    4.755 | 
     | sfp_row_instance/FE_RC_192_0                       | A1 ^ -> ZN v | CKND2D2  | 0.029 |   4.792 |    4.784 | 
     | sfp_row_instance/FE_RC_191_0                       | A1 v -> ZN ^ | ND2D2    | 0.026 |   4.818 |    4.810 | 
     | sfp_row_instance/U9744                             | A1 ^ -> ZN v | ND2D4    | 0.047 |   4.865 |    4.857 | 
     | sfp_row_instance/FE_RC_2597_0                      | A2 v -> ZN ^ | NR2XD4   | 0.047 |   4.912 |    4.905 | 
     | sfp_row_instance/FE_RC_2598_0                      | I ^ -> ZN v  | INVD6    | 0.022 |   4.934 |    4.927 | 
     | sfp_row_instance/U1072                             | A2 v -> ZN ^ | ND2D8    | 0.030 |   4.964 |    4.957 | 
     | sfp_row_instance/U3953                             | A1 ^ -> ZN v | NR2XD4   | 0.047 |   5.011 |    5.004 | 
     | sfp_row_instance/U14848                            | A1 v -> ZN ^ | AOI22D1  | 0.098 |   5.110 |    5.102 | 
     | sfp_row_instance/U1020                             | A2 ^ -> ZN v | CKND2D3  | 0.079 |   5.188 |    5.181 | 
     | sfp_row_instance/U7496                             | A1 v -> ZN ^ | NR2D2    | 0.155 |   5.343 |    5.336 | 
     | sfp_row_instance/FE_PHC17861_n10666                | I ^ -> Z ^   | BUFFD0   | 0.083 |   5.427 |    5.419 | 
     | sfp_row_instance/FE_PHC15658_n10666                | I ^ -> Z ^   | BUFFD0   | 0.048 |   5.475 |    5.467 | 
     | sfp_row_instance/FE_PHC15242_n10666                | I ^ -> Z ^   | BUFFD0   | 0.050 |   5.525 |    5.517 | 
     | sfp_row_instance/FE_PHC15403_n10666                | I ^ -> Z ^   | BUFFD0   | 0.056 |   5.581 |    5.573 | 
     | sfp_row_instance/FE_PHC15125_n10666                | I ^ -> Z ^   | BUFFD0   | 0.055 |   5.636 |    5.628 | 
     | sfp_row_instance/FE_PHC15287_n10666                | I ^ -> Z ^   | BUFFD0   | 0.071 |   5.707 |    5.699 | 
     | sfp_row_instance/FE_PHC14899_n10666                | I ^ -> Z ^   | BUFFD4   | 0.057 |   5.764 |    5.756 | 
     | sfp_row_instance/U8474                             | A2 ^ -> ZN v | OAI21D1  | 0.038 |   5.801 |    5.793 | 
     | sfp_row_instance/U2442                             | A1 v -> ZN v | XNR2D0   | 0.088 |   5.889 |    5.882 | 
     | sfp_row_instance/U2303                             | A2 v -> ZN ^ | AOI22D2  | 0.065 |   5.954 |    5.947 | 
     | sfp_row_instance/U712                              | A1 ^ -> ZN v | CKND2D2  | 0.044 |   5.998 |    5.991 | 
     | sfp_row_instance/U15048                            | A1 v -> ZN ^ | CKND2D0  | 0.040 |   6.038 |    6.030 | 
     | sfp_row_instance/U9411                             | A2 ^ -> Z ^  | CKAN2D1  | 0.094 |   6.132 |    6.124 | 
     | sfp_row_instance/FE_RC_1952_0                      | A3 ^ -> ZN v | ND3D3    | 0.043 |   6.175 |    6.167 | 
     | sfp_row_instance/FE_RC_1649_0                      | A2 v -> ZN ^ | ND2D2    | 0.028 |   6.203 |    6.195 | 
     | sfp_row_instance/FE_RC_125_0                       | A2 ^ -> Z ^  | AN2D8    | 0.082 |   6.284 |    6.277 | 
     | sfp_row_instance/FE_RC_165_0                       | A1 ^ -> ZN ^ | IND2D4   | 0.055 |   6.339 |    6.332 | 
     | sfp_row_instance/FE_RC_164_0                       | A1 ^ -> ZN v | ND2D8    | 0.042 |   6.382 |    6.374 | 
     | sfp_row_instance/U562                              | A1 v -> ZN ^ | CKND2D8  | 0.043 |   6.425 |    6.417 | 
     | sfp_row_instance/U9685                             | A1 ^ -> ZN v | NR2D3    | 0.030 |   6.454 |    6.447 | 
     | sfp_row_instance/U9684                             | A1 v -> ZN ^ | XNR2D4   | 0.088 |   6.542 |    6.535 | 
     | sfp_row_instance/sfp_out_sign4_reg_17_             | D ^          | EDFQD1   | 0.000 |   6.543 |    6.535 | 
     +-----------------------------------------------------------------------------------------------------------+ 
Path 2: VIOLATED Setup Check with Pin sfp_row_instance/sfp_out_sign4_reg_19_/CP 
Endpoint:   sfp_row_instance/sfp_out_sign4_reg_19_/D     (^) checked with  
leading edge of 'clk'
Beginpoint: sfp_row_instance/fifo_inst_int/q15_reg_23_/Q (v) triggered by  
leading edge of 'clk'
Path Groups: {clk}
Analysis View: WC_VIEW
Other End Arrival Time          2.605
- Setup                         0.067
+ Phase Shift                   4.000
+ CPPR Adjustment               0.000
= Required Time                 6.538
- Arrival Time                  6.541
= Slack Time                   -0.003
     Clock Rise Edge                 0.000
     + Clock Network Latency (Prop)  0.789
     = Beginpoint Arrival Time       0.789
     +-----------------------------------------------------------------------------------------------------------+ 
     |                      Instance                      |     Arc      |   Cell   | Delay | Arrival | Required | 
     |                                                    |              |          |       |  Time   |   Time   | 
     |----------------------------------------------------+--------------+----------+-------+---------+----------| 
     | sfp_row_instance/fifo_inst_int/q15_reg_23_         | CP ^         |          |       |   0.789 |    0.786 | 
     | sfp_row_instance/fifo_inst_int/q15_reg_23_         | CP ^ -> Q v  | EDFQD4   | 0.136 |   0.925 |    0.922 | 
     | sfp_row_instance/fifo_inst_int/fifo_mux_16_1a/mux_ | A1 v -> ZN ^ | CKND2D4  | 0.019 |   0.944 |    0.941 | 
     | 8_1b/fifo_mux_2_1d/FE_RC_7262_0                    |              |          |       |         |          | 
     | sfp_row_instance/fifo_inst_int/fifo_mux_16_1a/mux_ | A1 ^ -> ZN v | ND2D2    | 0.023 |   0.967 |    0.964 | 
     | 8_1b/fifo_mux_2_1d/FE_RC_7261_0                    |              |          |       |         |          | 
     | sfp_row_instance/fifo_inst_int/fifo_mux_16_1a/mux_ | A1 v -> ZN ^ | ND2D2    | 0.019 |   0.986 |    0.983 | 
     | 8_1b/fifo_mux_2_1f/FE_RC_5506_0                    |              |          |       |         |          | 
     | sfp_row_instance/fifo_inst_int/fifo_mux_16_1a/mux_ | A1 ^ -> ZN v | ND2D2    | 0.022 |   1.007 |    1.004 | 
     | 8_1b/fifo_mux_2_1f/FE_RC_5505_0                    |              |          |       |         |          | 
     | sfp_row_instance/fifo_inst_int/fifo_mux_16_1a/mux_ | A1 v -> ZN ^ | CKND2D2  | 0.023 |   1.030 |    1.027 | 
     | 8_1b/fifo_mux_2_1g/FE_RC_5292_0                    |              |          |       |         |          | 
     | sfp_row_instance/fifo_inst_int/fifo_mux_16_1a/mux_ | A1 ^ -> ZN v | ND2D2    | 0.025 |   1.055 |    1.052 | 
     | 8_1b/fifo_mux_2_1g/FE_RC_5291_0                    |              |          |       |         |          | 
     | sfp_row_instance/fifo_inst_int/fifo_mux_16_1a/mux_ | A1 v -> ZN ^ | ND2D2    | 0.023 |   1.079 |    1.076 | 
     | 2_1a/FE_RC_5392_0                                  |              |          |       |         |          | 
     | sfp_row_instance/fifo_inst_int/fifo_mux_16_1a/mux_ | A1 ^ -> ZN v | ND2D3    | 0.028 |   1.107 |    1.104 | 
     | 2_1a/FE_RC_5390_0                                  |              |          |       |         |          | 
     | sfp_row_instance/FE_OCPC3749_sum_this_core_23_     | I v -> Z v   | BUFFD16  | 0.055 |   1.161 |    1.158 | 
     | sfp_row_instance/FE_RC_2060_0                      | A1 v -> ZN v | IND2D4   | 0.061 |   1.223 |    1.220 | 
     | sfp_row_instance/FE_RC_7239_0                      | A1 v -> ZN ^ | CKND2D8  | 0.034 |   1.257 |    1.254 | 
     | sfp_row_instance/FE_RC_2053_0                      | A1 ^ -> ZN v | NR3D8    | 0.026 |   1.283 |    1.280 | 
     | sfp_row_instance/FE_RC_7402_0                      | A1 v -> ZN ^ | ND2D8    | 0.027 |   1.311 |    1.308 | 
     | sfp_row_instance/FE_RC_7403_0                      | I ^ -> ZN v  | INVD12   | 0.021 |   1.332 |    1.329 | 
     | sfp_row_instance/FE_RC_7459_0                      | A1 v -> ZN ^ | ND2D8    | 0.030 |   1.362 |    1.359 | 
     | sfp_row_instance/FE_OCPC5052_n668                  | I ^ -> Z ^   | BUFFD2   | 0.066 |   1.428 |    1.425 | 
     | sfp_row_instance/U9807                             | A2 ^ -> ZN v | ND2D3    | 0.049 |   1.476 |    1.473 | 
     | sfp_row_instance/FE_RC_4661_0                      | A1 v -> ZN ^ | AOI21D2  | 0.048 |   1.525 |    1.522 | 
     | sfp_row_instance/FE_RC_637_0                       | A2 ^ -> ZN v | ND2D2    | 0.043 |   1.567 |    1.564 | 
     | sfp_row_instance/U3757                             | B v -> ZN ^  | AOI21D4  | 0.066 |   1.633 |    1.630 | 
     | sfp_row_instance/U4701                             | I ^ -> ZN v  | INVD4    | 0.038 |   1.671 |    1.668 | 
     | sfp_row_instance/U14396                            | A1 v -> ZN ^ | NR2XD4   | 0.030 |   1.701 |    1.698 | 
     | sfp_row_instance/FE_RC_1999_0                      | B1 ^ -> ZN v | IND2D4   | 0.029 |   1.730 |    1.727 | 
     | sfp_row_instance/FE_RC_1504_0                      | B v -> ZN ^  | OAI21D4  | 0.041 |   1.771 |    1.768 | 
     | sfp_row_instance/FE_RC_4160_0                      | A1 ^ -> ZN v | OAI21D2  | 0.044 |   1.815 |    1.812 | 
     | sfp_row_instance/FE_RC_4158_0                      | A1 v -> ZN ^ | ND2D2    | 0.026 |   1.841 |    1.838 | 
     | sfp_row_instance/FE_RC_4159_0                      | I ^ -> ZN v  | CKND2    | 0.026 |   1.868 |    1.865 | 
     | sfp_row_instance/U8525                             | A1 v -> ZN ^ | ND2D3    | 0.025 |   1.892 |    1.889 | 
     | sfp_row_instance/FE_RC_2032_0                      | A1 ^ -> ZN v | AOI31D4  | 0.033 |   1.925 |    1.922 | 
     | sfp_row_instance/FE_RC_2043_0                      | A1 v -> ZN ^ | OAI21D2  | 0.058 |   1.983 |    1.980 | 
     | sfp_row_instance/U1899                             | A1 ^ -> ZN v | NR2D4    | 0.033 |   2.015 |    2.012 | 
     | sfp_row_instance/FE_RC_1938_0_dup                  | B v -> ZN ^  | AOI21D4  | 0.074 |   2.089 |    2.086 | 
     | sfp_row_instance/U1864                             | A1 ^ -> ZN v | ND2D4    | 0.048 |   2.138 |    2.135 | 
     | sfp_row_instance/FE_RC_6665_0                      | A1 v -> ZN ^ | ND2D4    | 0.025 |   2.163 |    2.160 | 
     | sfp_row_instance/U1834                             | A2 ^ -> ZN v | NR2D3    | 0.021 |   2.184 |    2.181 | 
     | sfp_row_instance/FE_RC_7304_0                      | A1 v -> ZN ^ | ND2D2    | 0.025 |   2.209 |    2.206 | 
     | sfp_row_instance/FE_RC_7302_0                      | B ^ -> ZN v  | OAI21D4  | 0.066 |   2.275 |    2.272 | 
     | sfp_row_instance/U5714                             | A1 v -> ZN ^ | NR2D4    | 0.053 |   2.328 |    2.325 | 
     | sfp_row_instance/U4156                             | A1 ^ -> ZN v | OAI21D4  | 0.041 |   2.369 |    2.366 | 
     | sfp_row_instance/U4113                             | A1 v -> ZN ^ | AOI21D4  | 0.038 |   2.408 |    2.405 | 
     | sfp_row_instance/U8521                             | A1 ^ -> ZN v | OAI21D2  | 0.034 |   2.442 |    2.439 | 
     | sfp_row_instance/FE_RC_321_0                       | A1 v -> ZN ^ | ND2D2    | 0.024 |   2.466 |    2.463 | 
     | sfp_row_instance/FE_RC_319_0                       | A1 ^ -> ZN v | ND2D2    | 0.024 |   2.489 |    2.486 | 
     | sfp_row_instance/FE_RC_3809_0                      | A1 v -> ZN ^ | ND2D2    | 0.021 |   2.510 |    2.507 | 
     | sfp_row_instance/FE_RC_6908_0                      | A1 ^ -> ZN v | ND2D2    | 0.035 |   2.545 |    2.543 | 
     | sfp_row_instance/U1762                             | A1 v -> ZN ^ | ND2D3    | 0.033 |   2.578 |    2.575 | 
     | sfp_row_instance/U3596                             | A2 ^ -> ZN v | NR2XD4   | 0.038 |   2.616 |    2.613 | 
     | sfp_row_instance/FE_OCPC2650_n9076                 | I v -> Z v   | BUFFD4   | 0.049 |   2.665 |    2.662 | 
     | sfp_row_instance/FE_OCPC3504_n9076                 | I v -> Z v   | CKBD4    | 0.044 |   2.708 |    2.705 | 
     | sfp_row_instance/U4159                             | A1 v -> ZN ^ | AOI22D2  | 0.057 |   2.765 |    2.762 | 
     | sfp_row_instance/U1711                             | A1 ^ -> ZN v | CKND2D4  | 0.047 |   2.812 |    2.809 | 
     | sfp_row_instance/FE_OCPC2663_n9232                 | I v -> Z v   | BUFFD4   | 0.056 |   2.868 |    2.865 | 
     | sfp_row_instance/U6511                             | A1 v -> ZN ^ | ND2D1    | 0.047 |   2.915 |    2.913 | 
     | sfp_row_instance/U10588                            | I ^ -> ZN v  | INVD1    | 0.060 |   2.976 |    2.973 | 
     | sfp_row_instance/U10667                            | A1 v -> ZN ^ | AOI21D2  | 0.040 |   3.016 |    3.013 | 
     | sfp_row_instance/U10741                            | B ^ -> ZN v  | OAI21D1  | 0.049 |   3.065 |    3.062 | 
     | sfp_row_instance/U9107                             | B v -> ZN ^  | AOI21D2  | 0.068 |   3.133 |    3.131 | 
     | sfp_row_instance/U10010                            | A1 ^ -> Z ^  | OA21D4   | 0.070 |   3.204 |    3.201 | 
     | sfp_row_instance/U1600                             | A2 ^ -> ZN v | CKND2D8  | 0.036 |   3.239 |    3.236 | 
     | sfp_row_instance/U3852                             | A1 v -> ZN ^ | ND2D8    | 0.030 |   3.269 |    3.266 | 
     | sfp_row_instance/U3367                             | A1 ^ -> ZN v | NR2D8    | 0.023 |   3.292 |    3.289 | 
     | sfp_row_instance/FE_OCPC4838_n9253                 | I v -> Z v   | BUFFD2   | 0.049 |   3.341 |    3.338 | 
     | sfp_row_instance/U14531                            | B1 v -> ZN ^ | AOI22D2  | 0.064 |   3.406 |    3.403 | 
     | sfp_row_instance/U1538                             | A1 ^ -> ZN v | ND2D4    | 0.053 |   3.458 |    3.455 | 
     | sfp_row_instance/U6485                             | A1 v -> ZN ^ | NR2D1    | 0.064 |   3.522 |    3.519 | 
     | sfp_row_instance/U7550                             | I ^ -> ZN v  | CKND1    | 0.050 |   3.573 |    3.570 | 
     | sfp_row_instance/U8506                             | A1 v -> ZN ^ | CKND2D1  | 0.041 |   3.613 |    3.610 | 
     | sfp_row_instance/U3268                             | A1 ^ -> Z ^  | OR2XD1   | 0.056 |   3.669 |    3.666 | 
     | sfp_row_instance/FE_RC_4418_0                      | A2 ^ -> ZN v | OAI21D4  | 0.036 |   3.706 |    3.703 | 
     | sfp_row_instance/FE_RC_4419_0                      | I v -> ZN ^  | CKND4    | 0.027 |   3.733 |    3.730 | 
     | sfp_row_instance/U1445                             | A2 ^ -> ZN v | ND2D8    | 0.031 |   3.764 |    3.761 | 
     | sfp_row_instance/U497                              | A1 v -> ZN ^ | ND2D8    | 0.034 |   3.797 |    3.795 | 
     | sfp_row_instance/U14565                            | A1 ^ -> ZN v | NR2D8    | 0.028 |   3.825 |    3.822 | 
     | sfp_row_instance/U14578                            | A1 v -> ZN ^ | ND2D2    | 0.028 |   3.853 |    3.850 | 
     | sfp_row_instance/FE_RC_734_0                       | B ^ -> ZN v  | OAI211D4 | 0.051 |   3.904 |    3.901 | 
     | sfp_row_instance/FE_OCPC3385_n9579                 | I v -> Z v   | BUFFD8   | 0.064 |   3.967 |    3.964 | 
     | sfp_row_instance/U3114                             | A1 v -> ZN ^ | ND2D4    | 0.024 |   3.991 |    3.988 | 
     | sfp_row_instance/U14599                            | I ^ -> ZN v  | CKND2    | 0.032 |   4.023 |    4.020 | 
     | sfp_row_instance/U14601                            | A2 v -> ZN ^ | AOI21D4  | 0.048 |   4.071 |    4.068 | 
     | sfp_row_instance/FE_RC_2815_0                      | A1 ^ -> ZN v | OAI21D4  | 0.034 |   4.105 |    4.102 | 
     | sfp_row_instance/FE_RC_2813_0                      | B v -> ZN ^  | AOI21D4  | 0.058 |   4.163 |    4.160 | 
     | sfp_row_instance/U3912                             | A1 ^ -> ZN v | OAI21D4  | 0.034 |   4.197 |    4.194 | 
     | sfp_row_instance/FE_RC_7793_0                      | A1 v -> ZN ^ | ND2D3    | 0.025 |   4.222 |    4.219 | 
     | sfp_row_instance/FE_RC_7800_0                      | A1 ^ -> ZN v | ND2D4    | 0.030 |   4.252 |    4.249 | 
     | sfp_row_instance/U9416                             | A1 v -> ZN ^ | ND2D8    | 0.031 |   4.283 |    4.280 | 
     | sfp_row_instance/FE_RC_1865_0                      | I ^ -> ZN v  | INVD2    | 0.032 |   4.315 |    4.312 | 
     | sfp_row_instance/FE_RC_1864_0                      | A1 v -> ZN ^ | AOI22D4  | 0.058 |   4.373 |    4.370 | 
     | sfp_row_instance/FE_OCPC2721_n9486                 | I ^ -> ZN v  | INVD4    | 0.029 |   4.402 |    4.399 | 
     | sfp_row_instance/FE_RC_1845_0                      | A1 v -> ZN ^ | OAI22D4  | 0.040 |   4.442 |    4.439 | 
     | sfp_row_instance/FE_RC_2808_0                      | A1 ^ -> ZN v | CKND2D2  | 0.033 |   4.475 |    4.472 | 
     | sfp_row_instance/FE_RC_2807_0                      | A1 v -> ZN ^ | CKND2D2  | 0.031 |   4.506 |    4.503 | 
     | sfp_row_instance/FE_RC_2806_0                      | A1 ^ -> ZN v | ND2D3    | 0.044 |   4.550 |    4.547 | 
     | sfp_row_instance/FE_RC_2801_0_dup1                 | B1 v -> ZN ^ | IND2D2   | 0.039 |   4.589 |    4.586 | 
     | sfp_row_instance/U6464                             | A1 ^ -> ZN v | NR2D2    | 0.022 |   4.611 |    4.608 | 
     | sfp_row_instance/U4114                             | A1 v -> ZN ^ | OAI21D2  | 0.067 |   4.678 |    4.676 | 
     | sfp_row_instance/FE_RC_2604_0                      | A1 ^ -> ZN v | AOI21D4  | 0.042 |   4.721 |    4.718 | 
     | sfp_row_instance/FE_RC_1383_0                      | A1 v -> ZN ^ | OAI21D4  | 0.042 |   4.763 |    4.760 | 
     | sfp_row_instance/FE_RC_192_0                       | A1 ^ -> ZN v | CKND2D2  | 0.029 |   4.792 |    4.789 | 
     | sfp_row_instance/FE_RC_191_0                       | A1 v -> ZN ^ | ND2D2    | 0.026 |   4.818 |    4.815 | 
     | sfp_row_instance/U9744                             | A1 ^ -> ZN v | ND2D4    | 0.047 |   4.865 |    4.862 | 
     | sfp_row_instance/FE_RC_2597_0                      | A2 v -> ZN ^ | NR2XD4   | 0.047 |   4.912 |    4.909 | 
     | sfp_row_instance/FE_RC_2598_0                      | I ^ -> ZN v  | INVD6    | 0.022 |   4.934 |    4.931 | 
     | sfp_row_instance/U1072                             | A2 v -> ZN ^ | ND2D8    | 0.030 |   4.964 |    4.961 | 
     | sfp_row_instance/U3953                             | A1 ^ -> ZN v | NR2XD4   | 0.047 |   5.011 |    5.009 | 
     | sfp_row_instance/U14848                            | A1 v -> ZN ^ | AOI22D1  | 0.098 |   5.110 |    5.107 | 
     | sfp_row_instance/U1020                             | A2 ^ -> ZN v | CKND2D3  | 0.079 |   5.188 |    5.186 | 
     | sfp_row_instance/U7496                             | A1 v -> ZN ^ | NR2D2    | 0.155 |   5.343 |    5.340 | 
     | sfp_row_instance/FE_PHC17861_n10666                | I ^ -> Z ^   | BUFFD0   | 0.083 |   5.427 |    5.424 | 
     | sfp_row_instance/FE_PHC15658_n10666                | I ^ -> Z ^   | BUFFD0   | 0.048 |   5.475 |    5.472 | 
     | sfp_row_instance/FE_PHC15242_n10666                | I ^ -> Z ^   | BUFFD0   | 0.050 |   5.525 |    5.522 | 
     | sfp_row_instance/FE_PHC15403_n10666                | I ^ -> Z ^   | BUFFD0   | 0.056 |   5.581 |    5.578 | 
     | sfp_row_instance/FE_PHC15125_n10666                | I ^ -> Z ^   | BUFFD0   | 0.055 |   5.636 |    5.633 | 
     | sfp_row_instance/FE_PHC15287_n10666                | I ^ -> Z ^   | BUFFD0   | 0.071 |   5.707 |    5.704 | 
     | sfp_row_instance/FE_PHC14899_n10666                | I ^ -> Z ^   | BUFFD4   | 0.057 |   5.764 |    5.761 | 
     | sfp_row_instance/U8474                             | A2 ^ -> ZN v | OAI21D1  | 0.038 |   5.801 |    5.798 | 
     | sfp_row_instance/U2442                             | A1 v -> ZN v | XNR2D0   | 0.088 |   5.889 |    5.886 | 
     | sfp_row_instance/U2303                             | A2 v -> ZN ^ | AOI22D2  | 0.065 |   5.954 |    5.952 | 
     | sfp_row_instance/U712                              | A1 ^ -> ZN v | CKND2D2  | 0.044 |   5.998 |    5.995 | 
     | sfp_row_instance/FE_PHC17895_n10781                | I v -> Z v   | CKBD0    | 0.055 |   6.053 |    6.050 | 
     | sfp_row_instance/U694                              | I v -> ZN ^  | CKND0    | 0.057 |   6.110 |    6.107 | 
     | sfp_row_instance/U9788                             | B ^ -> ZN v  | OAI21D4  | 0.055 |   6.165 |    6.162 | 
     | sfp_row_instance/FE_OCPC2720_n16733                | I v -> ZN ^  | CKND2    | 0.022 |   6.187 |    6.184 | 
     | sfp_row_instance/FE_RC_126_0                       | A1 ^ -> ZN v | ND2D2    | 0.026 |   6.213 |    6.210 | 
     | sfp_row_instance/FE_RC_125_0                       | A1 v -> Z v  | AN2D8    | 0.062 |   6.275 |    6.272 | 
     | sfp_row_instance/FE_RC_165_0                       | A1 v -> ZN v | IND2D4   | 0.064 |   6.339 |    6.336 | 
     | sfp_row_instance/FE_RC_164_0                       | A1 v -> ZN ^ | ND2D8    | 0.036 |   6.375 |    6.372 | 
     | sfp_row_instance/U562                              | A1 ^ -> ZN v | CKND2D8  | 0.041 |   6.416 |    6.413 | 
     | sfp_row_instance/U9689                             | A1 v -> ZN ^ | NR2D4    | 0.046 |   6.462 |    6.459 | 
     | sfp_row_instance/FE_RC_1887_0                      | B1 ^ -> ZN v | IND2D1   | 0.048 |   6.510 |    6.507 | 
     | sfp_row_instance/FE_RC_1883_0                      | A1 v -> ZN ^ | ND2D3    | 0.031 |   6.540 |    6.538 | 
     | sfp_row_instance/sfp_out_sign4_reg_19_             | D ^          | EDFQD1   | 0.000 |   6.541 |    6.538 | 
     +-----------------------------------------------------------------------------------------------------------+ 
Path 3: VIOLATED Setup Check with Pin sfp_row_instance/sfp_out_sign2_reg_10_/CP 
Endpoint:   sfp_row_instance/sfp_out_sign2_reg_10_/D     (^) checked with  
leading edge of 'clk'
Beginpoint: sfp_row_instance/fifo_inst_int/q15_reg_23_/Q (v) triggered by  
leading edge of 'clk'
Path Groups: {clk}
Analysis View: WC_VIEW
Other End Arrival Time          2.302
- Setup                         0.072
+ Phase Shift                   4.000
+ CPPR Adjustment               0.000
= Required Time                 6.231
- Arrival Time                  6.233
= Slack Time                   -0.003
     Clock Rise Edge                 0.000
     + Clock Network Latency (Prop)  0.789
     = Beginpoint Arrival Time       0.789
     +-----------------------------------------------------------------------------------------------------------+ 
     |                      Instance                      |     Arc      |   Cell   | Delay | Arrival | Required | 
     |                                                    |              |          |       |  Time   |   Time   | 
     |----------------------------------------------------+--------------+----------+-------+---------+----------| 
     | sfp_row_instance/fifo_inst_int/q15_reg_23_         | CP ^         |          |       |   0.789 |    0.786 | 
     | sfp_row_instance/fifo_inst_int/q15_reg_23_         | CP ^ -> Q v  | EDFQD4   | 0.136 |   0.925 |    0.922 | 
     | sfp_row_instance/fifo_inst_int/fifo_mux_16_1a/mux_ | A1 v -> ZN ^ | CKND2D4  | 0.019 |   0.944 |    0.941 | 
     | 8_1b/fifo_mux_2_1d/FE_RC_7262_0                    |              |          |       |         |          | 
     | sfp_row_instance/fifo_inst_int/fifo_mux_16_1a/mux_ | A1 ^ -> ZN v | ND2D2    | 0.023 |   0.967 |    0.964 | 
     | 8_1b/fifo_mux_2_1d/FE_RC_7261_0                    |              |          |       |         |          | 
     | sfp_row_instance/fifo_inst_int/fifo_mux_16_1a/mux_ | A1 v -> ZN ^ | ND2D2    | 0.019 |   0.986 |    0.983 | 
     | 8_1b/fifo_mux_2_1f/FE_RC_5506_0                    |              |          |       |         |          | 
     | sfp_row_instance/fifo_inst_int/fifo_mux_16_1a/mux_ | A1 ^ -> ZN v | ND2D2    | 0.022 |   1.007 |    1.004 | 
     | 8_1b/fifo_mux_2_1f/FE_RC_5505_0                    |              |          |       |         |          | 
     | sfp_row_instance/fifo_inst_int/fifo_mux_16_1a/mux_ | A1 v -> ZN ^ | CKND2D2  | 0.023 |   1.030 |    1.027 | 
     | 8_1b/fifo_mux_2_1g/FE_RC_5292_0                    |              |          |       |         |          | 
     | sfp_row_instance/fifo_inst_int/fifo_mux_16_1a/mux_ | A1 ^ -> ZN v | ND2D2    | 0.025 |   1.055 |    1.052 | 
     | 8_1b/fifo_mux_2_1g/FE_RC_5291_0                    |              |          |       |         |          | 
     | sfp_row_instance/fifo_inst_int/fifo_mux_16_1a/mux_ | A1 v -> ZN ^ | ND2D2    | 0.023 |   1.079 |    1.076 | 
     | 2_1a/FE_RC_5392_0                                  |              |          |       |         |          | 
     | sfp_row_instance/fifo_inst_int/fifo_mux_16_1a/mux_ | A1 ^ -> ZN v | ND2D3    | 0.028 |   1.107 |    1.104 | 
     | 2_1a/FE_RC_5390_0                                  |              |          |       |         |          | 
     | sfp_row_instance/FE_OCPC3749_sum_this_core_23_     | I v -> Z v   | BUFFD16  | 0.055 |   1.161 |    1.159 | 
     | sfp_row_instance/FE_RC_2060_0                      | A1 v -> ZN v | IND2D4   | 0.061 |   1.223 |    1.220 | 
     | sfp_row_instance/FE_RC_7239_0                      | A1 v -> ZN ^ | CKND2D8  | 0.034 |   1.257 |    1.254 | 
     | sfp_row_instance/FE_RC_2053_0                      | A1 ^ -> ZN v | NR3D8    | 0.026 |   1.283 |    1.280 | 
     | sfp_row_instance/FE_RC_7402_0                      | A1 v -> ZN ^ | ND2D8    | 0.027 |   1.311 |    1.308 | 
     | sfp_row_instance/FE_RC_7403_0                      | I ^ -> ZN v  | INVD12   | 0.021 |   1.332 |    1.329 | 
     | sfp_row_instance/FE_RC_7459_0                      | A1 v -> ZN ^ | ND2D8    | 0.030 |   1.362 |    1.359 | 
     | sfp_row_instance/FE_RC_7182_0                      | A1 ^ -> ZN v | CKND2D2  | 0.031 |   1.392 |    1.390 | 
     | sfp_row_instance/FE_RC_7181_0                      | A2 v -> ZN ^ | NR2XD2   | 0.036 |   1.429 |    1.426 | 
     | sfp_row_instance/FE_RC_2248_0                      | I ^ -> ZN v  | INVD4    | 0.023 |   1.452 |    1.449 | 
     | sfp_row_instance/U477                              | A1 v -> ZN ^ | NR2XD2   | 0.022 |   1.474 |    1.471 | 
     | sfp_row_instance/U1978                             | A2 ^ -> ZN v | ND2D2    | 0.033 |   1.507 |    1.504 | 
     | sfp_row_instance/U1975                             | A2 v -> ZN ^ | ND2D4    | 0.034 |   1.542 |    1.539 | 
     | sfp_row_instance/FE_OCPC2043_n14756                | I ^ -> Z ^   | BUFFD2   | 0.050 |   1.591 |    1.589 | 
     | sfp_row_instance/U8607                             | A1 ^ -> ZN v | NR2XD2   | 0.026 |   1.617 |    1.614 | 
     | sfp_row_instance/FE_RC_7467_0                      | B v -> ZN ^  | AOI21D4  | 0.060 |   1.677 |    1.674 | 
     | sfp_row_instance/FE_OCPC3280_n14763                | I ^ -> ZN v  | INVD2    | 0.028 |   1.705 |    1.702 | 
     | sfp_row_instance/FE_RC_2820_0                      | A1 v -> ZN ^ | OAI22D4  | 0.062 |   1.767 |    1.764 | 
     | sfp_row_instance/FE_OCPC4347_n14798                | I ^ -> ZN v  | INVD1    | 0.061 |   1.828 |    1.825 | 
     | sfp_row_instance/FE_RC_4125_0                      | A1 v -> ZN ^ | AOI22D2  | 0.050 |   1.878 |    1.875 | 
     | sfp_row_instance/U9178                             | A1 ^ -> ZN v | ND2D2    | 0.035 |   1.912 |    1.909 | 
     | sfp_row_instance/U9176                             | A1 v -> ZN ^ | ND2D2    | 0.022 |   1.934 |    1.932 | 
     | sfp_row_instance/U9432                             | A1 ^ -> ZN v | ND2D2    | 0.030 |   1.964 |    1.962 | 
     | sfp_row_instance/U4143                             | A1 v -> ZN ^ | ND3D4    | 0.030 |   1.995 |    1.992 | 
     | sfp_row_instance/U9431                             | A2 ^ -> ZN v | ND2D8    | 0.045 |   2.040 |    2.037 | 
     | sfp_row_instance/U1884                             | A1 v -> Z v  | AN2D4    | 0.045 |   2.085 |    2.082 | 
     | sfp_row_instance/U3688                             | A2 v -> ZN ^ | NR2XD2   | 0.041 |   2.126 |    2.123 | 
     | sfp_row_instance/U3681_dup                         | A1 ^ -> ZN v | CKND2D3  | 0.040 |   2.166 |    2.163 | 
     | sfp_row_instance/FE_RC_1092_0_dup                  | A1 v -> ZN ^ | OAI21D4  | 0.073 |   2.239 |    2.236 | 
     | sfp_row_instance/U6625                             | A1 ^ -> ZN v | NR2D4    | 0.030 |   2.269 |    2.266 | 
     | sfp_row_instance/U16775                            | A1 v -> ZN ^ | OAI21D4  | 0.049 |   2.318 |    2.315 | 
     | sfp_row_instance/U367                              | A1 ^ -> ZN v | AOI21D4  | 0.031 |   2.349 |    2.346 | 
     | sfp_row_instance/FE_RC_6720_0                      | A1 v -> ZN ^ | OAI21D2  | 0.040 |   2.389 |    2.386 | 
     | sfp_row_instance/FE_RC_409_0                       | B1 ^ -> ZN v | IND2D2   | 0.034 |   2.423 |    2.420 | 
     | sfp_row_instance/FE_RC_408_0                       | A1 v -> ZN ^ | ND2D2    | 0.025 |   2.448 |    2.446 | 
     | sfp_row_instance/U3610                             | A1 ^ -> ZN v | CKND2D4  | 0.032 |   2.480 |    2.477 | 
     | sfp_row_instance/U4039                             | A2 v -> ZN ^ | NR2XD4   | 0.041 |   2.521 |    2.519 | 
     | sfp_row_instance/U3914                             | A1 ^ -> ZN v | NR2D8    | 0.022 |   2.543 |    2.541 | 
     | sfp_row_instance/FE_OCPC3282_n17040                | I v -> ZN ^  | INVD6    | 0.027 |   2.571 |    2.568 | 
     | sfp_row_instance/U4197_dup                         | A1 ^ -> ZN v | NR2D4    | 0.019 |   2.590 |    2.587 | 
     | sfp_row_instance/FE_RC_5498_0                      | A1 v -> ZN ^ | AOI22D4  | 0.046 |   2.635 |    2.633 | 
     | sfp_row_instance/FE_RC_5497_0                      | A2 ^ -> ZN v | ND2D4    | 0.048 |   2.683 |    2.680 | 
     | sfp_row_instance/U8602                             | A1 v -> Z v  | OR2D4    | 0.076 |   2.759 |    2.756 | 
     | sfp_row_instance/FE_RC_3738_0                      | A1 v -> ZN ^ | AOI21D4  | 0.039 |   2.798 |    2.795 | 
     | sfp_row_instance/FE_RC_2517_0                      | B ^ -> ZN v  | OAI21D4  | 0.041 |   2.840 |    2.837 | 
     | sfp_row_instance/FE_RC_2518_0                      | I v -> ZN ^  | CKND4    | 0.021 |   2.860 |    2.858 | 
     | sfp_row_instance/FE_RC_2478_0                      | A2 ^ -> ZN v | ND2D4    | 0.030 |   2.890 |    2.888 | 
     | sfp_row_instance/U80                               | A1 v -> ZN ^ | ND2D4    | 0.023 |   2.914 |    2.911 | 
     | sfp_row_instance/U3439                             | A1 ^ -> ZN v | ND3D4    | 0.046 |   2.960 |    2.957 | 
     | sfp_row_instance/U1652                             | A1 v -> ZN ^ | ND2D2    | 0.030 |   2.989 |    2.986 | 
     | sfp_row_instance/U1641                             | A1 ^ -> ZN v | ND3D3    | 0.051 |   3.041 |    3.038 | 
     | sfp_row_instance/U3409                             | A1 v -> ZN ^ | ND2D4    | 0.035 |   3.075 |    3.072 | 
     | sfp_row_instance/U3408                             | A1 ^ -> ZN v | CKND2D1  | 0.037 |   3.112 |    3.109 | 
     | sfp_row_instance/FE_RC_270_0                       | A2 v -> ZN ^ | CKND2D2  | 0.042 |   3.154 |    3.151 | 
     | sfp_row_instance/FE_RC_1198_0                      | B1 ^ -> ZN v | IND2D1   | 0.040 |   3.194 |    3.191 | 
     | sfp_row_instance/FE_RC_4686_0                      | A2 v -> ZN ^ | CKND2D2  | 0.034 |   3.227 |    3.225 | 
     | sfp_row_instance/FE_RC_6032_0                      | B ^ -> ZN v  | IOA21D2  | 0.031 |   3.259 |    3.256 | 
     | sfp_row_instance/U4018                             | I v -> ZN ^  | CKND2    | 0.026 |   3.285 |    3.282 | 
     | sfp_row_instance/U1537                             | A1 ^ -> ZN v | ND2D4    | 0.028 |   3.313 |    3.310 | 
     | sfp_row_instance/U3320                             | A1 v -> ZN ^ | CKND2D8  | 0.053 |   3.366 |    3.364 | 
     | sfp_row_instance/U4021                             | A1 ^ -> ZN v | NR2D8    | 0.020 |   3.386 |    3.384 | 
     | sfp_row_instance/U4141                             | A1 v -> ZN ^ | OAI21D4  | 0.057 |   3.443 |    3.440 | 
     | sfp_row_instance/FE_RC_5647_0                      | A1 ^ -> ZN v | AOI21D4  | 0.039 |   3.482 |    3.479 | 
     | sfp_row_instance/FE_RC_79_0                        | A1 v -> ZN ^ | OAI21D4  | 0.050 |   3.532 |    3.529 | 
     | sfp_row_instance/FE_RC_3158_0                      | A2 ^ -> ZN v | OAI211D4 | 0.051 |   3.583 |    3.580 | 
     | sfp_row_instance/FE_RC_1742_0                      | A1 v -> ZN ^ | NR2XD3   | 0.039 |   3.622 |    3.620 | 
     | sfp_row_instance/FE_RC_1743_0                      | I ^ -> ZN v  | INVD6    | 0.028 |   3.651 |    3.648 | 
     | sfp_row_instance/FE_RC_1439_0                      | A2 v -> ZN ^ | ND2D8    | 0.028 |   3.679 |    3.676 | 
     | sfp_row_instance/U16915                            | A1 ^ -> ZN v | NR2XD8   | 0.032 |   3.711 |    3.708 | 
     | sfp_row_instance/FE_RC_1785_0                      | B1 v -> ZN ^ | AOI22D4  | 0.066 |   3.777 |    3.774 | 
     | sfp_row_instance/FE_RC_4120_0                      | A1 ^ -> ZN v | ND2D8    | 0.058 |   3.835 |    3.832 | 
     | sfp_row_instance/U10045                            | A1 v -> Z v  | OR2D4    | 0.073 |   3.908 |    3.906 | 
     | sfp_row_instance/U4194                             | A1 v -> ZN ^ | AOI21D4  | 0.040 |   3.948 |    3.945 | 
     | sfp_row_instance/FE_RC_6807_0                      | A2 ^ -> ZN v | OAI21D4  | 0.038 |   3.986 |    3.983 | 
     | sfp_row_instance/FE_RC_7492_0                      | B v -> ZN ^  | AOI21D4  | 0.059 |   4.044 |    4.041 | 
     | sfp_row_instance/U17003                            | A1 ^ -> ZN v | OAI21D4  | 0.031 |   4.075 |    4.073 | 
     | sfp_row_instance/FE_RC_244_0                       | A1 v -> ZN ^ | ND2D2    | 0.021 |   4.096 |    4.093 | 
     | sfp_row_instance/FE_RC_243_0                       | A1 ^ -> ZN v | ND2D2    | 0.023 |   4.119 |    4.117 | 
     | sfp_row_instance/FE_RC_203_0                       | A1 v -> ZN ^ | ND2D2    | 0.029 |   4.148 |    4.145 | 
     | sfp_row_instance/FE_RC_139_0                       | A1 ^ -> ZN v | ND2D4    | 0.037 |   4.185 |    4.183 | 
     | sfp_row_instance/FE_RC_2772_0                      | B1 v -> ZN ^ | IND2D4   | 0.034 |   4.220 |    4.217 | 
     | sfp_row_instance/FE_RC_2773_0                      | I ^ -> ZN v  | INVD8    | 0.026 |   4.245 |    4.243 | 
     | sfp_row_instance/U9430                             | A2 v -> ZN ^ | NR2XD8   | 0.040 |   4.285 |    4.282 | 
     | sfp_row_instance/FE_OCPC2761_n16808                | I ^ -> ZN v  | INVD8    | 0.025 |   4.310 |    4.308 | 
     | sfp_row_instance/U8574_dup                         | A1 v -> ZN ^ | NR2D8    | 0.050 |   4.360 |    4.357 | 
     | sfp_row_instance/FE_RC_4324_0                      | A1 ^ -> ZN v | AOI22D4  | 0.048 |   4.408 |    4.406 | 
     | sfp_row_instance/U17028                            | A2 v -> ZN ^ | ND2D8    | 0.043 |   4.451 |    4.448 | 
     | sfp_row_instance/U4100                             | A1 ^ -> ZN v | NR2XD4   | 0.029 |   4.480 |    4.477 | 
     | sfp_row_instance/U4014                             | A2 v -> ZN ^ | OAI21D4  | 0.058 |   4.538 |    4.535 | 
     | sfp_row_instance/U3992                             | B ^ -> ZN v  | AOI21D4  | 0.031 |   4.568 |    4.566 | 
     | sfp_row_instance/U3970                             | A1 v -> ZN ^ | OAI21D4  | 0.044 |   4.613 |    4.610 | 
     | sfp_row_instance/U4258                             | A1 ^ -> ZN v | AOI21D4  | 0.035 |   4.648 |    4.645 | 
     | sfp_row_instance/FE_RC_2884_0                      | A1 v -> ZN ^ | OAI21D4  | 0.040 |   4.688 |    4.685 | 
     | sfp_row_instance/FE_RC_6071_0                      | B1 ^ -> ZN v | IND2D4   | 0.036 |   4.724 |    4.721 | 
     | sfp_row_instance/FE_RC_4294_0                      | A1 v -> ZN ^ | CKND2D8  | 0.031 |   4.755 |    4.753 | 
     | sfp_row_instance/FE_RC_2635_0_dup                  | A1 ^ -> ZN v | OAI21D4  | 0.028 |   4.784 |    4.781 | 
     | sfp_row_instance/FE_RC_6805_0                      | B1 v -> ZN ^ | IND3D4   | 0.048 |   4.831 |    4.829 | 
     | sfp_row_instance/U9429                             | A1 ^ -> ZN v | ND2D8    | 0.051 |   4.883 |    4.880 | 
     | sfp_row_instance/U993                              | A1 v -> ZN ^ | NR2D8    | 0.087 |   4.969 |    4.966 | 
     | sfp_row_instance/FE_OCPC4353_n16024                | I ^ -> ZN v  | INVD1    | 0.038 |   5.007 |    5.005 | 
     | sfp_row_instance/FE_RC_6250_0                      | B1 v -> ZN ^ | INR2XD1  | 0.032 |   5.040 |    5.037 | 
     | sfp_row_instance/FE_RC_6249_0                      | A1 ^ -> ZN v | NR2D2    | 0.024 |   5.063 |    5.060 | 
     | sfp_row_instance/FE_RC_3645_0                      | B v -> ZN ^  | OAI21D4  | 0.043 |   5.106 |    5.103 | 
     | sfp_row_instance/U862                              | A1 ^ -> ZN v | NR2D4    | 0.030 |   5.136 |    5.133 | 
     | sfp_row_instance/FE_RC_1018_0                      | A1 v -> ZN ^ | OAI21D4  | 0.049 |   5.185 |    5.183 | 
     | sfp_row_instance/U815                              | A1 ^ -> ZN v | AOI21D4  | 0.040 |   5.225 |    5.222 | 
     | sfp_row_instance/U2432                             | A1 v -> ZN v | IND2D4   | 0.056 |   5.281 |    5.278 | 
     | sfp_row_instance/U2418                             | A1 v -> ZN ^ | ND2D4    | 0.022 |   5.303 |    5.300 | 
     | sfp_row_instance/FE_RC_83_0                        | A1 ^ -> ZN v | ND2D4    | 0.023 |   5.326 |    5.323 | 
     | sfp_row_instance/FE_RC_82_0                        | A1 v -> ZN ^ | ND2D4    | 0.024 |   5.350 |    5.347 | 
     | sfp_row_instance/U5479                             | A1 ^ -> ZN v | ND2D8    | 0.042 |   5.392 |    5.389 | 
     | sfp_row_instance/U2339                             | A1 v -> ZN ^ | NR2XD4   | 0.040 |   5.432 |    5.430 | 
     | sfp_row_instance/FE_OCPC2098_n16521                | I ^ -> ZN v  | INVD6    | 0.024 |   5.457 |    5.454 | 
     | sfp_row_instance/FE_RC_130_0_dup                   | A1 v -> ZN ^ | ND2D8    | 0.023 |   5.480 |    5.477 | 
     | sfp_row_instance/FE_OFC1866_n16803                 | I ^ -> ZN v  | INVD12   | 0.022 |   5.501 |    5.498 | 
     | sfp_row_instance/U12_dup                           | A1 v -> ZN ^ | NR2D8    | 0.077 |   5.578 |    5.576 | 
     | sfp_row_instance/U17320                            | B1 ^ -> ZN v | AOI22D2  | 0.071 |   5.649 |    5.646 | 
     | sfp_row_instance/U2213                             | A1 v -> ZN ^ | ND2D4    | 0.044 |   5.693 |    5.690 | 
     | sfp_row_instance/U8566                             | A1 ^ -> ZN v | CKND2D4  | 0.022 |   5.715 |    5.712 | 
     | sfp_row_instance/FE_RC_7512_0                      | A2 v -> ZN ^ | OAI21D2  | 0.055 |   5.771 |    5.768 | 
     | sfp_row_instance/FE_RC_3418_0                      | A1 ^ -> ZN v | AOI21D2  | 0.043 |   5.814 |    5.811 | 
     | sfp_row_instance/U4070                             | B v -> ZN ^  | OAI21D4  | 0.037 |   5.851 |    5.848 | 
     | sfp_row_instance/U490                              | A1 ^ -> ZN v | AOI21D4  | 0.035 |   5.886 |    5.883 | 
     | sfp_row_instance/U17420                            | A1 v -> ZN ^ | OAI21D4  | 0.046 |   5.932 |    5.929 | 
     | sfp_row_instance/FE_OCPC1997_n16802                | I ^ -> Z ^   | BUFFD12  | 0.059 |   5.991 |    5.988 | 
     | sfp_row_instance/FE_RC_6235_0                      | A1 ^ -> ZN v | NR2XD4   | 0.024 |   6.015 |    6.012 | 
     | sfp_row_instance/FE_RC_6236_0                      | I v -> ZN ^  | INVD6    | 0.025 |   6.040 |    6.037 | 
     | sfp_row_instance/FE_RC_1407_0                      | A1 ^ -> ZN v | ND2D8    | 0.041 |   6.081 |    6.078 | 
     | sfp_row_instance/FE_OCPC4663_n17124                | I v -> ZN ^  | CKND6    | 0.040 |   6.121 |    6.118 | 
     | sfp_row_instance/U9474                             | A1 ^ -> ZN v | NR2XD4   | 0.029 |   6.151 |    6.148 | 
     | sfp_row_instance/U9713                             | I v -> ZN ^  | CKND2    | 0.025 |   6.176 |    6.173 | 
     | sfp_row_instance/U9712                             | A1 ^ -> ZN v | NR2D2    | 0.017 |   6.193 |    6.190 | 
     | sfp_row_instance/FE_RC_4305_0                      | A1 v -> ZN ^ | OAI21D2  | 0.041 |   6.233 |    6.231 | 
     | sfp_row_instance/sfp_out_sign2_reg_10_             | D ^          | EDFQD1   | 0.000 |   6.233 |    6.231 | 
     +-----------------------------------------------------------------------------------------------------------+ 
Path 4: VIOLATED Setup Check with Pin sfp_row_instance/sfp_out_sign2_reg_11_/CP 
Endpoint:   sfp_row_instance/sfp_out_sign2_reg_11_/D     (^) checked with  
leading edge of 'clk'
Beginpoint: sfp_row_instance/fifo_inst_int/q15_reg_23_/Q (v) triggered by  
leading edge of 'clk'
Path Groups: {clk}
Analysis View: WC_VIEW
Other End Arrival Time          2.303
- Setup                         0.066
+ Phase Shift                   4.000
+ CPPR Adjustment               0.000
= Required Time                 6.237
- Arrival Time                  6.238
= Slack Time                   -0.002
     Clock Rise Edge                 0.000
     + Clock Network Latency (Prop)  0.789
     = Beginpoint Arrival Time       0.789
     +-----------------------------------------------------------------------------------------------------------+ 
     |                      Instance                      |     Arc      |   Cell   | Delay | Arrival | Required | 
     |                                                    |              |          |       |  Time   |   Time   | 
     |----------------------------------------------------+--------------+----------+-------+---------+----------| 
     | sfp_row_instance/fifo_inst_int/q15_reg_23_         | CP ^         |          |       |   0.789 |    0.787 | 
     | sfp_row_instance/fifo_inst_int/q15_reg_23_         | CP ^ -> Q v  | EDFQD4   | 0.136 |   0.925 |    0.923 | 
     | sfp_row_instance/fifo_inst_int/fifo_mux_16_1a/mux_ | A1 v -> ZN ^ | CKND2D4  | 0.019 |   0.944 |    0.942 | 
     | 8_1b/fifo_mux_2_1d/FE_RC_7262_0                    |              |          |       |         |          | 
     | sfp_row_instance/fifo_inst_int/fifo_mux_16_1a/mux_ | A1 ^ -> ZN v | ND2D2    | 0.023 |   0.967 |    0.965 | 
     | 8_1b/fifo_mux_2_1d/FE_RC_7261_0                    |              |          |       |         |          | 
     | sfp_row_instance/fifo_inst_int/fifo_mux_16_1a/mux_ | A1 v -> ZN ^ | ND2D2    | 0.019 |   0.986 |    0.984 | 
     | 8_1b/fifo_mux_2_1f/FE_RC_5506_0                    |              |          |       |         |          | 
     | sfp_row_instance/fifo_inst_int/fifo_mux_16_1a/mux_ | A1 ^ -> ZN v | ND2D2    | 0.022 |   1.007 |    1.006 | 
     | 8_1b/fifo_mux_2_1f/FE_RC_5505_0                    |              |          |       |         |          | 
     | sfp_row_instance/fifo_inst_int/fifo_mux_16_1a/mux_ | A1 v -> ZN ^ | CKND2D2  | 0.023 |   1.030 |    1.028 | 
     | 8_1b/fifo_mux_2_1g/FE_RC_5292_0                    |              |          |       |         |          | 
     | sfp_row_instance/fifo_inst_int/fifo_mux_16_1a/mux_ | A1 ^ -> ZN v | ND2D2    | 0.025 |   1.055 |    1.053 | 
     | 8_1b/fifo_mux_2_1g/FE_RC_5291_0                    |              |          |       |         |          | 
     | sfp_row_instance/fifo_inst_int/fifo_mux_16_1a/mux_ | A1 v -> ZN ^ | ND2D2    | 0.023 |   1.079 |    1.077 | 
     | 2_1a/FE_RC_5392_0                                  |              |          |       |         |          | 
     | sfp_row_instance/fifo_inst_int/fifo_mux_16_1a/mux_ | A1 ^ -> ZN v | ND2D3    | 0.028 |   1.107 |    1.105 | 
     | 2_1a/FE_RC_5390_0                                  |              |          |       |         |          | 
     | sfp_row_instance/FE_OCPC3749_sum_this_core_23_     | I v -> Z v   | BUFFD16  | 0.055 |   1.161 |    1.160 | 
     | sfp_row_instance/FE_RC_2060_0                      | A1 v -> ZN v | IND2D4   | 0.061 |   1.223 |    1.221 | 
     | sfp_row_instance/FE_RC_7239_0                      | A1 v -> ZN ^ | CKND2D8  | 0.034 |   1.257 |    1.255 | 
     | sfp_row_instance/FE_RC_2053_0                      | A1 ^ -> ZN v | NR3D8    | 0.026 |   1.283 |    1.282 | 
     | sfp_row_instance/FE_RC_7402_0                      | A1 v -> ZN ^ | ND2D8    | 0.027 |   1.311 |    1.309 | 
     | sfp_row_instance/FE_RC_7403_0                      | I ^ -> ZN v  | INVD12   | 0.021 |   1.332 |    1.330 | 
     | sfp_row_instance/FE_RC_7459_0                      | A1 v -> ZN ^ | ND2D8    | 0.030 |   1.362 |    1.360 | 
     | sfp_row_instance/FE_RC_7182_0                      | A1 ^ -> ZN v | CKND2D2  | 0.031 |   1.392 |    1.391 | 
     | sfp_row_instance/FE_RC_7181_0                      | A2 v -> ZN ^ | NR2XD2   | 0.036 |   1.429 |    1.427 | 
     | sfp_row_instance/FE_RC_2248_0                      | I ^ -> ZN v  | INVD4    | 0.023 |   1.452 |    1.450 | 
     | sfp_row_instance/U477                              | A1 v -> ZN ^ | NR2XD2   | 0.022 |   1.474 |    1.473 | 
     | sfp_row_instance/U1978                             | A2 ^ -> ZN v | ND2D2    | 0.033 |   1.507 |    1.506 | 
     | sfp_row_instance/U1975                             | A2 v -> ZN ^ | ND2D4    | 0.034 |   1.542 |    1.540 | 
     | sfp_row_instance/FE_OCPC2043_n14756                | I ^ -> Z ^   | BUFFD2   | 0.050 |   1.591 |    1.590 | 
     | sfp_row_instance/U8607                             | A1 ^ -> ZN v | NR2XD2   | 0.026 |   1.617 |    1.615 | 
     | sfp_row_instance/FE_RC_7467_0                      | B v -> ZN ^  | AOI21D4  | 0.060 |   1.677 |    1.675 | 
     | sfp_row_instance/FE_OCPC3280_n14763                | I ^ -> ZN v  | INVD2    | 0.028 |   1.705 |    1.703 | 
     | sfp_row_instance/FE_RC_2820_0                      | A1 v -> ZN ^ | OAI22D4  | 0.062 |   1.767 |    1.765 | 
     | sfp_row_instance/FE_OCPC4347_n14798                | I ^ -> ZN v  | INVD1    | 0.061 |   1.828 |    1.826 | 
     | sfp_row_instance/FE_RC_4125_0                      | A1 v -> ZN ^ | AOI22D2  | 0.050 |   1.878 |    1.876 | 
     | sfp_row_instance/U9178                             | A1 ^ -> ZN v | ND2D2    | 0.035 |   1.912 |    1.911 | 
     | sfp_row_instance/U9176                             | A1 v -> ZN ^ | ND2D2    | 0.022 |   1.934 |    1.933 | 
     | sfp_row_instance/U9432                             | A1 ^ -> ZN v | ND2D2    | 0.030 |   1.964 |    1.963 | 
     | sfp_row_instance/U4143                             | A1 v -> ZN ^ | ND3D4    | 0.030 |   1.995 |    1.993 | 
     | sfp_row_instance/U9431                             | A2 ^ -> ZN v | ND2D8    | 0.045 |   2.040 |    2.038 | 
     | sfp_row_instance/U1884                             | A1 v -> Z v  | AN2D4    | 0.045 |   2.085 |    2.084 | 
     | sfp_row_instance/U3688                             | A2 v -> ZN ^ | NR2XD2   | 0.041 |   2.126 |    2.124 | 
     | sfp_row_instance/U3681_dup                         | A1 ^ -> ZN v | CKND2D3  | 0.040 |   2.166 |    2.165 | 
     | sfp_row_instance/FE_RC_1092_0_dup                  | A1 v -> ZN ^ | OAI21D4  | 0.073 |   2.239 |    2.238 | 
     | sfp_row_instance/U6625                             | A1 ^ -> ZN v | NR2D4    | 0.030 |   2.269 |    2.268 | 
     | sfp_row_instance/U16775                            | A1 v -> ZN ^ | OAI21D4  | 0.049 |   2.318 |    2.316 | 
     | sfp_row_instance/U367                              | A1 ^ -> ZN v | AOI21D4  | 0.031 |   2.349 |    2.348 | 
     | sfp_row_instance/FE_RC_6720_0                      | A1 v -> ZN ^ | OAI21D2  | 0.040 |   2.389 |    2.388 | 
     | sfp_row_instance/FE_RC_409_0                       | B1 ^ -> ZN v | IND2D2   | 0.034 |   2.423 |    2.422 | 
     | sfp_row_instance/FE_RC_408_0                       | A1 v -> ZN ^ | ND2D2    | 0.025 |   2.448 |    2.447 | 
     | sfp_row_instance/U3610                             | A1 ^ -> ZN v | CKND2D4  | 0.032 |   2.480 |    2.479 | 
     | sfp_row_instance/U4039                             | A2 v -> ZN ^ | NR2XD4   | 0.041 |   2.521 |    2.520 | 
     | sfp_row_instance/U3914                             | A1 ^ -> ZN v | NR2D8    | 0.022 |   2.543 |    2.542 | 
     | sfp_row_instance/FE_OCPC3282_n17040                | I v -> ZN ^  | INVD6    | 0.027 |   2.571 |    2.569 | 
     | sfp_row_instance/U4197_dup                         | A1 ^ -> ZN v | NR2D4    | 0.019 |   2.590 |    2.588 | 
     | sfp_row_instance/FE_RC_5498_0                      | A1 v -> ZN ^ | AOI22D4  | 0.046 |   2.635 |    2.634 | 
     | sfp_row_instance/FE_RC_5497_0                      | A2 ^ -> ZN v | ND2D4    | 0.048 |   2.683 |    2.682 | 
     | sfp_row_instance/U8602                             | A1 v -> Z v  | OR2D4    | 0.076 |   2.759 |    2.758 | 
     | sfp_row_instance/FE_RC_3738_0                      | A1 v -> ZN ^ | AOI21D4  | 0.039 |   2.798 |    2.797 | 
     | sfp_row_instance/FE_RC_2517_0                      | B ^ -> ZN v  | OAI21D4  | 0.041 |   2.840 |    2.838 | 
     | sfp_row_instance/FE_RC_2518_0                      | I v -> ZN ^  | CKND4    | 0.021 |   2.860 |    2.859 | 
     | sfp_row_instance/FE_RC_2478_0                      | A2 ^ -> ZN v | ND2D4    | 0.030 |   2.890 |    2.889 | 
     | sfp_row_instance/U80                               | A1 v -> ZN ^ | ND2D4    | 0.023 |   2.914 |    2.912 | 
     | sfp_row_instance/U3439                             | A1 ^ -> ZN v | ND3D4    | 0.046 |   2.960 |    2.958 | 
     | sfp_row_instance/U1652                             | A1 v -> ZN ^ | ND2D2    | 0.030 |   2.989 |    2.988 | 
     | sfp_row_instance/U1641                             | A1 ^ -> ZN v | ND3D3    | 0.051 |   3.041 |    3.039 | 
     | sfp_row_instance/U3409                             | A1 v -> ZN ^ | ND2D4    | 0.035 |   3.075 |    3.074 | 
     | sfp_row_instance/U3408                             | A1 ^ -> ZN v | CKND2D1  | 0.037 |   3.112 |    3.111 | 
     | sfp_row_instance/FE_RC_270_0                       | A2 v -> ZN ^ | CKND2D2  | 0.042 |   3.154 |    3.153 | 
     | sfp_row_instance/FE_RC_1198_0                      | B1 ^ -> ZN v | IND2D1   | 0.040 |   3.194 |    3.192 | 
     | sfp_row_instance/FE_RC_4686_0                      | A2 v -> ZN ^ | CKND2D2  | 0.034 |   3.227 |    3.226 | 
     | sfp_row_instance/FE_RC_6032_0                      | B ^ -> ZN v  | IOA21D2  | 0.031 |   3.259 |    3.257 | 
     | sfp_row_instance/U4018                             | I v -> ZN ^  | CKND2    | 0.026 |   3.285 |    3.284 | 
     | sfp_row_instance/U1537                             | A1 ^ -> ZN v | ND2D4    | 0.028 |   3.313 |    3.312 | 
     | sfp_row_instance/U3320                             | A1 v -> ZN ^ | CKND2D8  | 0.053 |   3.366 |    3.365 | 
     | sfp_row_instance/U4021                             | A1 ^ -> ZN v | NR2D8    | 0.020 |   3.386 |    3.385 | 
     | sfp_row_instance/U4141                             | A1 v -> ZN ^ | OAI21D4  | 0.057 |   3.443 |    3.442 | 
     | sfp_row_instance/FE_RC_5647_0                      | A1 ^ -> ZN v | AOI21D4  | 0.039 |   3.482 |    3.480 | 
     | sfp_row_instance/FE_RC_79_0                        | A1 v -> ZN ^ | OAI21D4  | 0.050 |   3.532 |    3.531 | 
     | sfp_row_instance/FE_RC_3158_0                      | A2 ^ -> ZN v | OAI211D4 | 0.051 |   3.583 |    3.582 | 
     | sfp_row_instance/FE_RC_1742_0                      | A1 v -> ZN ^ | NR2XD3   | 0.039 |   3.622 |    3.621 | 
     | sfp_row_instance/FE_RC_1743_0                      | I ^ -> ZN v  | INVD6    | 0.028 |   3.651 |    3.649 | 
     | sfp_row_instance/FE_RC_1439_0                      | A2 v -> ZN ^ | ND2D8    | 0.028 |   3.679 |    3.678 | 
     | sfp_row_instance/U16915                            | A1 ^ -> ZN v | NR2XD8   | 0.032 |   3.711 |    3.709 | 
     | sfp_row_instance/FE_RC_1785_0                      | B1 v -> ZN ^ | AOI22D4  | 0.066 |   3.777 |    3.775 | 
     | sfp_row_instance/FE_RC_4120_0                      | A1 ^ -> ZN v | ND2D8    | 0.058 |   3.835 |    3.834 | 
     | sfp_row_instance/U10045                            | A1 v -> Z v  | OR2D4    | 0.073 |   3.908 |    3.907 | 
     | sfp_row_instance/U4194                             | A1 v -> ZN ^ | AOI21D4  | 0.040 |   3.948 |    3.946 | 
     | sfp_row_instance/FE_RC_6807_0                      | A2 ^ -> ZN v | OAI21D4  | 0.038 |   3.986 |    3.984 | 
     | sfp_row_instance/FE_RC_7492_0                      | B v -> ZN ^  | AOI21D4  | 0.059 |   4.044 |    4.043 | 
     | sfp_row_instance/U17003                            | A1 ^ -> ZN v | OAI21D4  | 0.031 |   4.075 |    4.074 | 
     | sfp_row_instance/FE_RC_244_0                       | A1 v -> ZN ^ | ND2D2    | 0.021 |   4.096 |    4.095 | 
     | sfp_row_instance/FE_RC_243_0                       | A1 ^ -> ZN v | ND2D2    | 0.023 |   4.119 |    4.118 | 
     | sfp_row_instance/FE_RC_203_0                       | A1 v -> ZN ^ | ND2D2    | 0.029 |   4.148 |    4.147 | 
     | sfp_row_instance/FE_RC_139_0                       | A1 ^ -> ZN v | ND2D4    | 0.037 |   4.185 |    4.184 | 
     | sfp_row_instance/FE_RC_2772_0                      | B1 v -> ZN ^ | IND2D4   | 0.034 |   4.220 |    4.218 | 
     | sfp_row_instance/FE_RC_2773_0                      | I ^ -> ZN v  | INVD8    | 0.026 |   4.245 |    4.244 | 
     | sfp_row_instance/U9430                             | A2 v -> ZN ^ | NR2XD8   | 0.040 |   4.285 |    4.284 | 
     | sfp_row_instance/FE_OCPC2761_n16808                | I ^ -> ZN v  | INVD8    | 0.025 |   4.310 |    4.309 | 
     | sfp_row_instance/U8574_dup                         | A1 v -> ZN ^ | NR2D8    | 0.050 |   4.360 |    4.359 | 
     | sfp_row_instance/FE_RC_4324_0                      | A1 ^ -> ZN v | AOI22D4  | 0.048 |   4.408 |    4.407 | 
     | sfp_row_instance/U17028                            | A2 v -> ZN ^ | ND2D8    | 0.043 |   4.451 |    4.450 | 
     | sfp_row_instance/U4100                             | A1 ^ -> ZN v | NR2XD4   | 0.029 |   4.480 |    4.479 | 
     | sfp_row_instance/U4014                             | A2 v -> ZN ^ | OAI21D4  | 0.058 |   4.538 |    4.536 | 
     | sfp_row_instance/U3992                             | B ^ -> ZN v  | AOI21D4  | 0.031 |   4.568 |    4.567 | 
     | sfp_row_instance/U3970                             | A1 v -> ZN ^ | OAI21D4  | 0.044 |   4.613 |    4.611 | 
     | sfp_row_instance/U4258                             | A1 ^ -> ZN v | AOI21D4  | 0.035 |   4.648 |    4.646 | 
     | sfp_row_instance/FE_RC_2884_0                      | A1 v -> ZN ^ | OAI21D4  | 0.040 |   4.688 |    4.687 | 
     | sfp_row_instance/FE_RC_6071_0                      | B1 ^ -> ZN v | IND2D4   | 0.036 |   4.724 |    4.723 | 
     | sfp_row_instance/FE_RC_4294_0                      | A1 v -> ZN ^ | CKND2D8  | 0.031 |   4.755 |    4.754 | 
     | sfp_row_instance/FE_RC_2635_0_dup                  | A1 ^ -> ZN v | OAI21D4  | 0.028 |   4.784 |    4.782 | 
     | sfp_row_instance/FE_RC_6805_0                      | B1 v -> ZN ^ | IND3D4   | 0.048 |   4.831 |    4.830 | 
     | sfp_row_instance/U9429                             | A1 ^ -> ZN v | ND2D8    | 0.051 |   4.883 |    4.881 | 
     | sfp_row_instance/U993                              | A1 v -> ZN ^ | NR2D8    | 0.087 |   4.969 |    4.968 | 
     | sfp_row_instance/FE_OCPC4353_n16024                | I ^ -> ZN v  | INVD1    | 0.038 |   5.007 |    5.006 | 
     | sfp_row_instance/FE_RC_6250_0                      | B1 v -> ZN ^ | INR2XD1  | 0.032 |   5.040 |    5.038 | 
     | sfp_row_instance/FE_RC_6249_0                      | A1 ^ -> ZN v | NR2D2    | 0.024 |   5.063 |    5.062 | 
     | sfp_row_instance/FE_RC_3645_0                      | B v -> ZN ^  | OAI21D4  | 0.043 |   5.106 |    5.105 | 
     | sfp_row_instance/U862                              | A1 ^ -> ZN v | NR2D4    | 0.030 |   5.136 |    5.134 | 
     | sfp_row_instance/FE_RC_1018_0                      | A1 v -> ZN ^ | OAI21D4  | 0.049 |   5.185 |    5.184 | 
     | sfp_row_instance/U815                              | A1 ^ -> ZN v | AOI21D4  | 0.040 |   5.225 |    5.224 | 
     | sfp_row_instance/U2432                             | A1 v -> ZN v | IND2D4   | 0.056 |   5.281 |    5.280 | 
     | sfp_row_instance/U2418                             | A1 v -> ZN ^ | ND2D4    | 0.022 |   5.303 |    5.301 | 
     | sfp_row_instance/FE_RC_83_0                        | A1 ^ -> ZN v | ND2D4    | 0.023 |   5.326 |    5.324 | 
     | sfp_row_instance/FE_RC_82_0                        | A1 v -> ZN ^ | ND2D4    | 0.024 |   5.350 |    5.349 | 
     | sfp_row_instance/U5479                             | A1 ^ -> ZN v | ND2D8    | 0.042 |   5.392 |    5.391 | 
     | sfp_row_instance/FE_OCPC3264_n16804                | I v -> Z v   | BUFFD8   | 0.060 |   5.453 |    5.451 | 
     | sfp_row_instance/FE_OCPC2082_n16804                | I v -> ZN ^  | CKND8    | 0.032 |   5.485 |    5.483 | 
     | sfp_row_instance/U2276                             | A2 ^ -> ZN v | NR2XD8   | 0.050 |   5.535 |    5.533 | 
     | sfp_row_instance/U17349                            | B1 v -> ZN ^ | AOI22D4  | 0.064 |   5.599 |    5.598 | 
     | sfp_row_instance/U2220                             | A1 ^ -> ZN v | CKND2D4  | 0.041 |   5.640 |    5.639 | 
     | sfp_row_instance/U4644                             | A1 v -> ZN ^ | NR2XD1   | 0.044 |   5.685 |    5.683 | 
     | sfp_row_instance/FE_RC_4433_0                      | A2 ^ -> ZN v | OAI21D4  | 0.045 |   5.730 |    5.729 | 
     | sfp_row_instance/FE_RC_3418_0                      | B v -> ZN ^  | AOI21D2  | 0.070 |   5.800 |    5.799 | 
     | sfp_row_instance/U4070                             | B ^ -> ZN v  | OAI21D4  | 0.056 |   5.856 |    5.854 | 
     | sfp_row_instance/U490                              | A1 v -> ZN ^ | AOI21D4  | 0.039 |   5.895 |    5.894 | 
     | sfp_row_instance/U17420                            | A1 ^ -> ZN v | OAI21D4  | 0.038 |   5.933 |    5.932 | 
     | sfp_row_instance/FE_OCPC1997_n16802                | I v -> Z v   | BUFFD12  | 0.066 |   5.999 |    5.998 | 
     | sfp_row_instance/FE_RC_6235_0                      | A1 v -> ZN ^ | NR2XD4   | 0.028 |   6.027 |    6.026 | 
     | sfp_row_instance/FE_RC_6236_0                      | I ^ -> ZN v  | INVD6    | 0.020 |   6.047 |    6.045 | 
     | sfp_row_instance/FE_RC_1407_0                      | A1 v -> ZN ^ | ND2D8    | 0.030 |   6.077 |    6.075 | 
     | sfp_row_instance/FE_OCPC4663_n17124                | I ^ -> ZN v  | CKND6    | 0.035 |   6.112 |    6.110 | 
     | sfp_row_instance/U9474                             | A1 v -> ZN ^ | NR2XD4   | 0.034 |   6.146 |    6.144 | 
     | sfp_row_instance/U9716                             | A1 ^ -> ZN v | ND2D2    | 0.028 |   6.173 |    6.172 | 
     | sfp_row_instance/FE_RC_7548_0                      | I v -> ZN ^  | CKND2    | 0.020 |   6.194 |    6.192 | 
     | sfp_row_instance/FE_RC_7547_0                      | A1 ^ -> ZN v | CKND2D2  | 0.022 |   6.216 |    6.214 | 
     | sfp_row_instance/FE_RC_7546_0                      | A1 v -> ZN ^ | ND2D2    | 0.022 |   6.238 |    6.237 | 
     | sfp_row_instance/sfp_out_sign2_reg_11_             | D ^          | EDFQD1   | 0.000 |   6.238 |    6.237 | 
     +-----------------------------------------------------------------------------------------------------------+ 
Path 5: MET Setup Check with Pin sfp_row_instance/sfp_out_sign2_reg_16_/CP 
Endpoint:   sfp_row_instance/sfp_out_sign2_reg_16_/D     (^) checked with  
leading edge of 'clk'
Beginpoint: sfp_row_instance/fifo_inst_int/q15_reg_23_/Q (v) triggered by  
leading edge of 'clk'
Path Groups: {clk}
Analysis View: WC_VIEW
Other End Arrival Time          2.302
- Setup                         0.064
+ Phase Shift                   4.000
+ CPPR Adjustment               0.000
= Required Time                 6.238
- Arrival Time                  6.236
= Slack Time                    0.002
     Clock Rise Edge                 0.000
     + Clock Network Latency (Prop)  0.789
     = Beginpoint Arrival Time       0.789
     +-----------------------------------------------------------------------------------------------------------+ 
     |                      Instance                      |     Arc      |   Cell   | Delay | Arrival | Required | 
     |                                                    |              |          |       |  Time   |   Time   | 
     |----------------------------------------------------+--------------+----------+-------+---------+----------| 
     | sfp_row_instance/fifo_inst_int/q15_reg_23_         | CP ^         |          |       |   0.789 |    0.791 | 
     | sfp_row_instance/fifo_inst_int/q15_reg_23_         | CP ^ -> Q v  | EDFQD4   | 0.136 |   0.925 |    0.927 | 
     | sfp_row_instance/fifo_inst_int/fifo_mux_16_1a/mux_ | A1 v -> ZN ^ | CKND2D4  | 0.019 |   0.944 |    0.946 | 
     | 8_1b/fifo_mux_2_1d/FE_RC_7262_0                    |              |          |       |         |          | 
     | sfp_row_instance/fifo_inst_int/fifo_mux_16_1a/mux_ | A1 ^ -> ZN v | ND2D2    | 0.023 |   0.967 |    0.968 | 
     | 8_1b/fifo_mux_2_1d/FE_RC_7261_0                    |              |          |       |         |          | 
     | sfp_row_instance/fifo_inst_int/fifo_mux_16_1a/mux_ | A1 v -> ZN ^ | ND2D2    | 0.019 |   0.986 |    0.987 | 
     | 8_1b/fifo_mux_2_1f/FE_RC_5506_0                    |              |          |       |         |          | 
     | sfp_row_instance/fifo_inst_int/fifo_mux_16_1a/mux_ | A1 ^ -> ZN v | ND2D2    | 0.022 |   1.007 |    1.009 | 
     | 8_1b/fifo_mux_2_1f/FE_RC_5505_0                    |              |          |       |         |          | 
     | sfp_row_instance/fifo_inst_int/fifo_mux_16_1a/mux_ | A1 v -> ZN ^ | CKND2D2  | 0.023 |   1.030 |    1.032 | 
     | 8_1b/fifo_mux_2_1g/FE_RC_5292_0                    |              |          |       |         |          | 
     | sfp_row_instance/fifo_inst_int/fifo_mux_16_1a/mux_ | A1 ^ -> ZN v | ND2D2    | 0.025 |   1.055 |    1.057 | 
     | 8_1b/fifo_mux_2_1g/FE_RC_5291_0                    |              |          |       |         |          | 
     | sfp_row_instance/fifo_inst_int/fifo_mux_16_1a/mux_ | A1 v -> ZN ^ | ND2D2    | 0.023 |   1.079 |    1.080 | 
     | 2_1a/FE_RC_5392_0                                  |              |          |       |         |          | 
     | sfp_row_instance/fifo_inst_int/fifo_mux_16_1a/mux_ | A1 ^ -> ZN v | ND2D3    | 0.028 |   1.107 |    1.108 | 
     | 2_1a/FE_RC_5390_0                                  |              |          |       |         |          | 
     | sfp_row_instance/FE_OCPC3749_sum_this_core_23_     | I v -> Z v   | BUFFD16  | 0.055 |   1.161 |    1.163 | 
     | sfp_row_instance/FE_RC_2060_0                      | A1 v -> ZN v | IND2D4   | 0.061 |   1.223 |    1.224 | 
     | sfp_row_instance/FE_RC_7239_0                      | A1 v -> ZN ^ | CKND2D8  | 0.034 |   1.257 |    1.258 | 
     | sfp_row_instance/FE_RC_2053_0                      | A1 ^ -> ZN v | NR3D8    | 0.026 |   1.283 |    1.285 | 
     | sfp_row_instance/FE_RC_7402_0                      | A1 v -> ZN ^ | ND2D8    | 0.027 |   1.311 |    1.312 | 
     | sfp_row_instance/FE_RC_7403_0                      | I ^ -> ZN v  | INVD12   | 0.021 |   1.332 |    1.334 | 
     | sfp_row_instance/FE_RC_7459_0                      | A1 v -> ZN ^ | ND2D8    | 0.030 |   1.362 |    1.363 | 
     | sfp_row_instance/FE_RC_7182_0                      | A1 ^ -> ZN v | CKND2D2  | 0.031 |   1.392 |    1.394 | 
     | sfp_row_instance/FE_RC_7181_0                      | A2 v -> ZN ^ | NR2XD2   | 0.036 |   1.429 |    1.430 | 
     | sfp_row_instance/FE_RC_2248_0                      | I ^ -> ZN v  | INVD4    | 0.023 |   1.452 |    1.454 | 
     | sfp_row_instance/U477                              | A1 v -> ZN ^ | NR2XD2   | 0.022 |   1.474 |    1.476 | 
     | sfp_row_instance/U1978                             | A2 ^ -> ZN v | ND2D2    | 0.033 |   1.507 |    1.509 | 
     | sfp_row_instance/U1975                             | A2 v -> ZN ^ | ND2D4    | 0.034 |   1.542 |    1.543 | 
     | sfp_row_instance/FE_OCPC2043_n14756                | I ^ -> Z ^   | BUFFD2   | 0.050 |   1.591 |    1.593 | 
     | sfp_row_instance/U8607                             | A1 ^ -> ZN v | NR2XD2   | 0.026 |   1.617 |    1.619 | 
     | sfp_row_instance/FE_RC_7467_0                      | B v -> ZN ^  | AOI21D4  | 0.060 |   1.677 |    1.678 | 
     | sfp_row_instance/FE_OCPC3280_n14763                | I ^ -> ZN v  | INVD2    | 0.028 |   1.705 |    1.706 | 
     | sfp_row_instance/FE_RC_2820_0                      | A1 v -> ZN ^ | OAI22D4  | 0.062 |   1.767 |    1.768 | 
     | sfp_row_instance/FE_OCPC4347_n14798                | I ^ -> ZN v  | INVD1    | 0.061 |   1.828 |    1.829 | 
     | sfp_row_instance/FE_RC_4125_0                      | A1 v -> ZN ^ | AOI22D2  | 0.050 |   1.878 |    1.879 | 
     | sfp_row_instance/U9178                             | A1 ^ -> ZN v | ND2D2    | 0.035 |   1.912 |    1.914 | 
     | sfp_row_instance/U9176                             | A1 v -> ZN ^ | ND2D2    | 0.022 |   1.934 |    1.936 | 
     | sfp_row_instance/U9432                             | A1 ^ -> ZN v | ND2D2    | 0.030 |   1.964 |    1.966 | 
     | sfp_row_instance/U4143                             | A1 v -> ZN ^ | ND3D4    | 0.030 |   1.995 |    1.996 | 
     | sfp_row_instance/U9431                             | A2 ^ -> ZN v | ND2D8    | 0.045 |   2.040 |    2.042 | 
     | sfp_row_instance/U1884                             | A1 v -> Z v  | AN2D4    | 0.045 |   2.085 |    2.087 | 
     | sfp_row_instance/U3688                             | A2 v -> ZN ^ | NR2XD2   | 0.041 |   2.126 |    2.127 | 
     | sfp_row_instance/U3681_dup                         | A1 ^ -> ZN v | CKND2D3  | 0.040 |   2.166 |    2.168 | 
     | sfp_row_instance/FE_RC_1092_0_dup                  | A1 v -> ZN ^ | OAI21D4  | 0.073 |   2.239 |    2.241 | 
     | sfp_row_instance/U6625                             | A1 ^ -> ZN v | NR2D4    | 0.030 |   2.269 |    2.271 | 
     | sfp_row_instance/U16775                            | A1 v -> ZN ^ | OAI21D4  | 0.049 |   2.318 |    2.320 | 
     | sfp_row_instance/U367                              | A1 ^ -> ZN v | AOI21D4  | 0.031 |   2.349 |    2.351 | 
     | sfp_row_instance/FE_RC_6720_0                      | A1 v -> ZN ^ | OAI21D2  | 0.040 |   2.389 |    2.391 | 
     | sfp_row_instance/FE_RC_409_0                       | B1 ^ -> ZN v | IND2D2   | 0.034 |   2.423 |    2.425 | 
     | sfp_row_instance/FE_RC_408_0                       | A1 v -> ZN ^ | ND2D2    | 0.025 |   2.448 |    2.450 | 
     | sfp_row_instance/U3610                             | A1 ^ -> ZN v | CKND2D4  | 0.032 |   2.480 |    2.482 | 
     | sfp_row_instance/U4039                             | A2 v -> ZN ^ | NR2XD4   | 0.041 |   2.521 |    2.523 | 
     | sfp_row_instance/U3914                             | A1 ^ -> ZN v | NR2D8    | 0.022 |   2.543 |    2.545 | 
     | sfp_row_instance/FE_OCPC3282_n17040                | I v -> ZN ^  | INVD6    | 0.027 |   2.571 |    2.572 | 
     | sfp_row_instance/U4197_dup                         | A1 ^ -> ZN v | NR2D4    | 0.019 |   2.590 |    2.591 | 
     | sfp_row_instance/FE_RC_5498_0                      | A1 v -> ZN ^ | AOI22D4  | 0.046 |   2.635 |    2.637 | 
     | sfp_row_instance/FE_RC_5497_0                      | A2 ^ -> ZN v | ND2D4    | 0.048 |   2.683 |    2.685 | 
     | sfp_row_instance/U8602                             | A1 v -> Z v  | OR2D4    | 0.076 |   2.759 |    2.761 | 
     | sfp_row_instance/FE_RC_3738_0                      | A1 v -> ZN ^ | AOI21D4  | 0.039 |   2.798 |    2.800 | 
     | sfp_row_instance/FE_RC_2517_0                      | B ^ -> ZN v  | OAI21D4  | 0.041 |   2.840 |    2.841 | 
     | sfp_row_instance/FE_RC_2518_0                      | I v -> ZN ^  | CKND4    | 0.021 |   2.860 |    2.862 | 
     | sfp_row_instance/FE_RC_2478_0                      | A2 ^ -> ZN v | ND2D4    | 0.030 |   2.890 |    2.892 | 
     | sfp_row_instance/U80                               | A1 v -> ZN ^ | ND2D4    | 0.023 |   2.914 |    2.915 | 
     | sfp_row_instance/U3439                             | A1 ^ -> ZN v | ND3D4    | 0.046 |   2.960 |    2.961 | 
     | sfp_row_instance/U1652                             | A1 v -> ZN ^ | ND2D2    | 0.030 |   2.989 |    2.991 | 
     | sfp_row_instance/U1641                             | A1 ^ -> ZN v | ND3D3    | 0.051 |   3.041 |    3.042 | 
     | sfp_row_instance/U3409                             | A1 v -> ZN ^ | ND2D4    | 0.035 |   3.075 |    3.077 | 
     | sfp_row_instance/U3408                             | A1 ^ -> ZN v | CKND2D1  | 0.037 |   3.112 |    3.114 | 
     | sfp_row_instance/FE_RC_270_0                       | A2 v -> ZN ^ | CKND2D2  | 0.042 |   3.154 |    3.156 | 
     | sfp_row_instance/FE_RC_1198_0                      | B1 ^ -> ZN v | IND2D1   | 0.040 |   3.194 |    3.195 | 
     | sfp_row_instance/FE_RC_4686_0                      | A2 v -> ZN ^ | CKND2D2  | 0.034 |   3.227 |    3.229 | 
     | sfp_row_instance/FE_RC_6032_0                      | B ^ -> ZN v  | IOA21D2  | 0.031 |   3.259 |    3.260 | 
     | sfp_row_instance/U4018                             | I v -> ZN ^  | CKND2    | 0.026 |   3.285 |    3.287 | 
     | sfp_row_instance/U1537                             | A1 ^ -> ZN v | ND2D4    | 0.028 |   3.313 |    3.315 | 
     | sfp_row_instance/U3320                             | A1 v -> ZN ^ | CKND2D8  | 0.053 |   3.366 |    3.368 | 
     | sfp_row_instance/U4021                             | A1 ^ -> ZN v | NR2D8    | 0.020 |   3.386 |    3.388 | 
     | sfp_row_instance/U4141                             | A1 v -> ZN ^ | OAI21D4  | 0.057 |   3.443 |    3.445 | 
     | sfp_row_instance/FE_RC_5647_0                      | A1 ^ -> ZN v | AOI21D4  | 0.039 |   3.482 |    3.483 | 
     | sfp_row_instance/FE_RC_79_0                        | A1 v -> ZN ^ | OAI21D4  | 0.050 |   3.532 |    3.534 | 
     | sfp_row_instance/FE_RC_3158_0                      | A2 ^ -> ZN v | OAI211D4 | 0.051 |   3.583 |    3.585 | 
     | sfp_row_instance/FE_RC_1742_0                      | A1 v -> ZN ^ | NR2XD3   | 0.039 |   3.622 |    3.624 | 
     | sfp_row_instance/FE_RC_1743_0                      | I ^ -> ZN v  | INVD6    | 0.028 |   3.651 |    3.652 | 
     | sfp_row_instance/FE_RC_1439_0                      | A2 v -> ZN ^ | ND2D8    | 0.028 |   3.679 |    3.681 | 
     | sfp_row_instance/U16915                            | A1 ^ -> ZN v | NR2XD8   | 0.032 |   3.711 |    3.712 | 
     | sfp_row_instance/FE_RC_1785_0                      | B1 v -> ZN ^ | AOI22D4  | 0.066 |   3.777 |    3.778 | 
     | sfp_row_instance/FE_RC_4120_0                      | A1 ^ -> ZN v | ND2D8    | 0.058 |   3.835 |    3.837 | 
     | sfp_row_instance/U10045                            | A1 v -> Z v  | OR2D4    | 0.073 |   3.908 |    3.910 | 
     | sfp_row_instance/U4194                             | A1 v -> ZN ^ | AOI21D4  | 0.040 |   3.948 |    3.950 | 
     | sfp_row_instance/FE_RC_6807_0                      | A2 ^ -> ZN v | OAI21D4  | 0.038 |   3.986 |    3.987 | 
     | sfp_row_instance/FE_RC_7492_0                      | B v -> ZN ^  | AOI21D4  | 0.059 |   4.044 |    4.046 | 
     | sfp_row_instance/U17003                            | A1 ^ -> ZN v | OAI21D4  | 0.031 |   4.075 |    4.077 | 
     | sfp_row_instance/FE_RC_244_0                       | A1 v -> ZN ^ | ND2D2    | 0.021 |   4.096 |    4.098 | 
     | sfp_row_instance/FE_RC_243_0                       | A1 ^ -> ZN v | ND2D2    | 0.023 |   4.119 |    4.121 | 
     | sfp_row_instance/FE_RC_203_0                       | A1 v -> ZN ^ | ND2D2    | 0.029 |   4.148 |    4.150 | 
     | sfp_row_instance/FE_RC_139_0                       | A1 ^ -> ZN v | ND2D4    | 0.037 |   4.185 |    4.187 | 
     | sfp_row_instance/FE_RC_2772_0                      | B1 v -> ZN ^ | IND2D4   | 0.034 |   4.220 |    4.221 | 
     | sfp_row_instance/FE_RC_2773_0                      | I ^ -> ZN v  | INVD8    | 0.026 |   4.245 |    4.247 | 
     | sfp_row_instance/U9430                             | A2 v -> ZN ^ | NR2XD8   | 0.040 |   4.285 |    4.287 | 
     | sfp_row_instance/FE_OCPC2761_n16808                | I ^ -> ZN v  | INVD8    | 0.025 |   4.310 |    4.312 | 
     | sfp_row_instance/U8574_dup                         | A1 v -> ZN ^ | NR2D8    | 0.050 |   4.360 |    4.362 | 
     | sfp_row_instance/FE_RC_4324_0                      | A1 ^ -> ZN v | AOI22D4  | 0.048 |   4.408 |    4.410 | 
     | sfp_row_instance/U17028                            | A2 v -> ZN ^ | ND2D8    | 0.043 |   4.451 |    4.453 | 
     | sfp_row_instance/U4100                             | A1 ^ -> ZN v | NR2XD4   | 0.029 |   4.480 |    4.482 | 
     | sfp_row_instance/U4014                             | A2 v -> ZN ^ | OAI21D4  | 0.058 |   4.538 |    4.539 | 
     | sfp_row_instance/U3992                             | B ^ -> ZN v  | AOI21D4  | 0.031 |   4.568 |    4.570 | 
     | sfp_row_instance/U3970                             | A1 v -> ZN ^ | OAI21D4  | 0.044 |   4.613 |    4.614 | 
     | sfp_row_instance/U4258                             | A1 ^ -> ZN v | AOI21D4  | 0.035 |   4.648 |    4.650 | 
     | sfp_row_instance/FE_RC_2884_0                      | A1 v -> ZN ^ | OAI21D4  | 0.040 |   4.688 |    4.690 | 
     | sfp_row_instance/FE_RC_6071_0                      | B1 ^ -> ZN v | IND2D4   | 0.036 |   4.724 |    4.726 | 
     | sfp_row_instance/FE_RC_4294_0                      | A1 v -> ZN ^ | CKND2D8  | 0.031 |   4.755 |    4.757 | 
     | sfp_row_instance/FE_RC_2635_0_dup                  | A1 ^ -> ZN v | OAI21D4  | 0.028 |   4.784 |    4.785 | 
     | sfp_row_instance/FE_RC_6805_0                      | B1 v -> ZN ^ | IND3D4   | 0.048 |   4.831 |    4.833 | 
     | sfp_row_instance/U9429                             | A1 ^ -> ZN v | ND2D8    | 0.051 |   4.883 |    4.884 | 
     | sfp_row_instance/U993                              | A1 v -> ZN ^ | NR2D8    | 0.087 |   4.969 |    4.971 | 
     | sfp_row_instance/FE_OCPC4353_n16024                | I ^ -> ZN v  | INVD1    | 0.038 |   5.007 |    5.009 | 
     | sfp_row_instance/FE_RC_6250_0                      | B1 v -> ZN ^ | INR2XD1  | 0.032 |   5.040 |    5.041 | 
     | sfp_row_instance/FE_RC_6249_0                      | A1 ^ -> ZN v | NR2D2    | 0.024 |   5.063 |    5.065 | 
     | sfp_row_instance/FE_RC_3645_0                      | B v -> ZN ^  | OAI21D4  | 0.043 |   5.106 |    5.108 | 
     | sfp_row_instance/U862                              | A1 ^ -> ZN v | NR2D4    | 0.030 |   5.136 |    5.138 | 
     | sfp_row_instance/FE_RC_1018_0                      | A1 v -> ZN ^ | OAI21D4  | 0.049 |   5.185 |    5.187 | 
     | sfp_row_instance/U815                              | A1 ^ -> ZN v | AOI21D4  | 0.040 |   5.225 |    5.227 | 
     | sfp_row_instance/U2432                             | A1 v -> ZN v | IND2D4   | 0.056 |   5.281 |    5.283 | 
     | sfp_row_instance/U2418                             | A1 v -> ZN ^ | ND2D4    | 0.022 |   5.303 |    5.304 | 
     | sfp_row_instance/FE_RC_83_0                        | A1 ^ -> ZN v | ND2D4    | 0.023 |   5.326 |    5.327 | 
     | sfp_row_instance/FE_RC_82_0                        | A1 v -> ZN ^ | ND2D4    | 0.024 |   5.350 |    5.352 | 
     | sfp_row_instance/U5479                             | A1 ^ -> ZN v | ND2D8    | 0.042 |   5.392 |    5.394 | 
     | sfp_row_instance/FE_OCPC3264_n16804                | I v -> Z v   | BUFFD8   | 0.060 |   5.453 |    5.454 | 
     | sfp_row_instance/FE_OCPC2082_n16804                | I v -> ZN ^  | CKND8    | 0.032 |   5.485 |    5.487 | 
     | sfp_row_instance/U2276                             | A2 ^ -> ZN v | NR2XD8   | 0.050 |   5.535 |    5.537 | 
     | sfp_row_instance/FE_RC_1045_0                      | B1 v -> ZN ^ | AOI22D2  | 0.079 |   5.613 |    5.615 | 
     | sfp_row_instance/U2204                             | A1 ^ -> ZN v | ND2D4    | 0.056 |   5.670 |    5.672 | 
     | sfp_row_instance/U2201                             | A1 v -> ZN ^ | NR2XD0   | 0.056 |   5.726 |    5.728 | 
     | sfp_row_instance/U9131                             | A1 ^ -> ZN v | OAI21D1  | 0.043 |   5.770 |    5.771 | 
     | sfp_row_instance/FE_RC_5976_0                      | A1 v -> ZN ^ | AOI21D1  | 0.069 |   5.838 |    5.840 | 
     | sfp_row_instance/U9423                             | A1 ^ -> ZN v | OAI21D2  | 0.055 |   5.893 |    5.895 | 
     | sfp_row_instance/U9421                             | B v -> ZN ^  | AOI21D4  | 0.053 |   5.947 |    5.948 | 
     | sfp_row_instance/U10051                            | A1 ^ -> Z ^  | OA21D4   | 0.058 |   6.005 |    6.006 | 
     | sfp_row_instance/FE_RC_964_0                       | A2 ^ -> ZN v | CKND2D4  | 0.030 |   6.035 |    6.036 | 
     | sfp_row_instance/FE_RC_963_0                       | A1 v -> ZN ^ | ND2D8    | 0.035 |   6.069 |    6.071 | 
     | sfp_row_instance/FE_RC_1365_0                      | A1 ^ -> ZN v | ND2D8    | 0.058 |   6.127 |    6.128 | 
     | sfp_row_instance/FE_RC_7489_0                      | B1 v -> ZN ^ | INR2XD1  | 0.054 |   6.181 |    6.183 | 
     | sfp_row_instance/FE_RC_7487_0                      | A2 ^ -> ZN v | CKND2D2  | 0.033 |   6.214 |    6.216 | 
     | sfp_row_instance/FE_RC_7486_0                      | A2 v -> ZN ^ | ND2D2    | 0.022 |   6.236 |    6.238 | 
     | sfp_row_instance/sfp_out_sign2_reg_16_             | D ^          | EDFQD1   | 0.000 |   6.236 |    6.238 | 
     +-----------------------------------------------------------------------------------------------------------+ 

