 
****************************************
Report : area
Design : sram_w8
Version: K-2015.06-SP2
Date   : Sat Mar  8 15:53:16 2025
****************************************

Library(s) Used:

    tcbn65gplustc (File: /home/linux/ieng6/ee260bwi25/public/PDKdata/db/tcbn65gplustc.db)

Number of ports:                          263
Number of nets:                          1993
Number of cells:                         1858
Number of combinational cells:            706
Number of sequential cells:              1152
Number of macros/black boxes:               0
Number of buf/inv:                         45
Number of references:                      15

Combinational area:               1718.279992
Buf/Inv area:                       64.080003
Noncombinational area:           10782.719604
Macro/Black Box area:                0.000000
Net Interconnect area:      undefined  (Wire load has zero net area)

Total cell area:                 12500.999596
Total area:                 undefined
1
