 
****************************************
Report : reference
Design : sram_w8
Version: K-2015.06-SP2
Date   : Sat Mar  8 14:36:57 2025
****************************************

Attributes:
    b - black box (unknown)
   bo - allows boundary optimization
    d - dont_touch
   mo - map_only
    h - hierarchical
    n - noncombinational
    r - removable
    s - synthetic operator
    u - contains unmapped logic

Reference          Library       Unit Area   Count    Total Area   Attributes
-----------------------------------------------------------------------------
AOI22D0            tcbn65gplustc
                                  2.520000     512   1290.239990  
BUFFD0             tcbn65gplustc
                                  1.440000      16     23.040001  
BUFFD1             tcbn65gplustc
                                  1.440000      27     38.880002  
CKBD1              tcbn65gplustc
                                  1.440000       5      7.200000  
CKND2D0            tcbn65gplustc
                                  1.440000       2      2.880000  
EDFQD1             tcbn65gplustc
                                  9.360000    1152  10782.719604  n
IND2D0             tcbn65gplustc
                                  2.160000       1      2.160000  
INR2XD0            tcbn65gplustc
                                  2.160000       8     17.280001  
INR3D0             tcbn65gplustc
                                  2.520000       1      2.520000  
INVD0              tcbn65gplustc
                                  1.080000       2      2.160000  
ND4D0              tcbn65gplustc
                                  2.520000     128    322.559998  
NR2D0              tcbn65gplustc
                                  1.440000       3      4.320000  
NR2XD0             tcbn65gplustc
                                  1.440000       3      4.320000  
NR3D0              tcbn65gplustc
                                  2.160000       1      2.160000  
NR3D1              tcbn65gplustc
                                  3.240000       1      3.240000  
OR3D0              tcbn65gplustc
                                  2.520000       1      2.520000  
-----------------------------------------------------------------------------
Total 16 references                                 12508.199596
1
