 
****************************************
Report : reference
Design : sram_w8
Version: K-2015.06-SP2
Date   : Sat Mar 15 19:11:16 2025
****************************************

Attributes:
    b - black box (unknown)
   bo - allows boundary optimization
    d - dont_touch
   mo - map_only
    h - hierarchical
    n - noncombinational
    r - removable
    s - synthetic operator
    u - contains unmapped logic

Reference          Library       Unit Area   Count    Total Area   Attributes
-----------------------------------------------------------------------------
AOI22D0            tcbn65gpluswc
                                  2.520000     512   1290.239990  
BUFFD1             tcbn65gpluswc
                                  1.440000       1      1.440000  
BUFFD3             tcbn65gpluswc
                                  2.520000       6     15.120000  
CKBD1              tcbn65gpluswc
                                  1.440000       1      1.440000  
CKBD2              tcbn65gpluswc
                                  2.160000       4      8.640000  
CKBD3              tcbn65gpluswc
                                  2.520000       3      7.560000  
CKND2D0            tcbn65gpluswc
                                  1.440000       2      2.880000  
EDFQD1             tcbn65gpluswc
                                  9.360000    1152  10782.719604  n
IND2D0             tcbn65gpluswc
                                  2.160000       1      2.160000  
INR2D1             tcbn65gpluswc
                                  2.160000       7     15.120001  
INR2XD0            tcbn65gpluswc
                                  2.160000       1      2.160000  
INR3D0             tcbn65gpluswc
                                  2.520000       1      2.520000  
INVD0              tcbn65gpluswc
                                  1.080000       2      2.160000  
ND4D0              tcbn65gpluswc
                                  2.520000     128    322.559998  
NR2D1              tcbn65gpluswc
                                  1.440000       3      4.320000  
NR2D3              tcbn65gpluswc
                                  3.240000       2      6.480000  
NR2XD0             tcbn65gpluswc
                                  1.440000       1      1.440000  
NR3D0              tcbn65gpluswc
                                  2.160000       2      4.320000  
OR3D1              tcbn65gpluswc
                                  2.520000       1      2.520000  
-----------------------------------------------------------------------------
Total 19 references                                 12475.799594
1
